03:13:20.789 [main                     ] DEBUG Logger               - Configured Logger
03:13:20.822 [main                     ] DEBUG GameApplication      - Logging settings
Title: Simulador de Restaurante
Version: 1.0
Width: 2000
Height: 1000
Fullscreen: false
Intro: false
Profiling: false
Single step:false
App Mode: DEVELOPER
Menu Key: ESCAPE
Stage Style: DECORATED
Scene Factory: class com.almasb.fxgl.app.scene.SceneFactory

03:13:21.654 [JavaFX Application Thread] DEBUG FXGLApplication      - Initializing FXGL
03:13:21.660 [JavaFX Application Thread] INFO  Engine               - FXGL-17.2 (20.08.2022 16.50) on WINDOWS (J:17.0.5 FX:18)
03:13:21.661 [JavaFX Application Thread] DEBUG Engine               - JRE Vendor Name: Oracle Corporation
03:13:21.661 [JavaFX Application Thread] DEBUG Engine               - Running on OS: Windows 11 version 10.0
03:13:21.661 [JavaFX Application Thread] DEBUG Engine               - Architecture: amd64
03:13:21.661 [JavaFX Application Thread] INFO  Engine               - Source code and latest versions at: https://github.com/AlmasB/FXGL
03:13:21.661 [JavaFX Application Thread] INFO  Engine               -       Ask questions and discuss at: https://github.com/AlmasB/FXGL/discussions
03:13:21.661 [JavaFX Application Thread] INFO  Engine               -              Join the FXGL chat at: https://gitter.im/AlmasB/FXGL
03:13:21.794 [JavaFX Application Thread] DEBUG PrimaryStageWindow   - Creating a JavaFX scene
03:13:21.795 [JavaFX Application Thread] DEBUG PrimaryStageWindow   - Target size > screen size
03:13:21.849 [JavaFX Application Thread] DEBUG PrimaryStageWindow   - Target settings size: 2000.0 x 1000.0
03:13:21.850 [JavaFX Application Thread] DEBUG PrimaryStageWindow   - Scaled scene size:    1895.0 x 960.0
03:13:21.850 [JavaFX Application Thread] DEBUG PrimaryStageWindow   - Scaled ratio: (0.9475, 0.96)
03:13:21.851 [JavaFX Application Thread] DEBUG PrimaryStageWindow   - Set initial scene to FXGLStartupScene
03:13:21.860 [JavaFX Application Thread] DEBUG PrimaryStageWindow   - Opening main window
03:13:21.972 [JavaFX Application Thread] DEBUG PrimaryStageWindow   - Window border size: (16.0, 39.0)
03:13:21.972 [JavaFX Application Thread] DEBUG PrimaryStageWindow   - Scaled size: 1895.0 x 960.0
03:13:21.972 [JavaFX Application Thread] DEBUG PrimaryStageWindow   - Scaled ratio: (0.9475, 0.96)
03:13:21.972 [JavaFX Application Thread] DEBUG PrimaryStageWindow   - Scene size: 1895.0 x 960.0
03:13:21.972 [JavaFX Application Thread] DEBUG PrimaryStageWindow   - Stage size: 1911.0 x 999.0
03:13:21.983 [FXGL Background Thread 1 ] DEBUG Engine               - Initializing environment variables
03:13:22.021 [FXGL Background Thread 1 ] DEBUG FXGLAssetLoaderServi - User app class for loading assets: class org.example.Main
03:13:22.021 [FXGL Background Thread 1 ] DEBUG GameApplicationServi - Applying CSS: fxgl_dark.css
03:13:22.022 [FXGL Background Thread 1 ] DEBUG FXGLAssetLoaderServi - Loading from file system: jar:file:/C:/Users/deskr/.m2/repository/com/github/almasb/fxgl/17.2/fxgl-17.2.jar!/fxglassets/ui/css/fxgl_dark.css
03:13:22.076 [FXGL Background Thread 1 ] DEBUG GameApplicationServi - Initializing application scenes
03:13:22.127 [FXGL Background Thread 1 ] DEBUG GameWorld            - Game world initialized
03:13:22.190 [FXGL Background Thread 1 ] DEBUG PhysicsWorld         - Physics world initialized: appHeight=1000, physics.ppm=50.0
03:13:22.190 [FXGL Background Thread 1 ] DEBUG PhysicsWorld         - Using strategy: BRUTE_FORCE
03:13:22.194 [FXGL Background Thread 1 ] DEBUG GameScene            - Game scene initialized: 2000x1000
03:13:22.213 [FXGL Background Thread 1 ] DEBUG FXGL.DefaultMenu     - createMenuBodyGameMenu()
03:13:22.232 [FXGL Background Thread 1 ] DEBUG FXGL.DefaultMenu     - createOptionsMenu()
03:13:22.249 [FXGL Background Thread 1 ] DEBUG FXGLAssetLoaderServi - Loading from file system: jar:file:/C:/Users/deskr/.m2/repository/com/github/almasb/fxgl/17.2/fxgl-17.2.jar!/fxglassets/textures/particles/smoke.png
03:13:22.376 [FXGL Background Thread 1 ] DEBUG FXGLAssetLoaderServi - Loading from file system: jar:file:/C:/Users/deskr/.m2/repository/com/github/almasb/fxgl/17.2/fxgl-17.2.jar!/fxglassets/textures/particles/trace_horizontal.png
03:13:22.404 [FXGL Background Thread 1 ] DEBUG GameApplicationServi - Application scenes initialized
03:13:22.418 [FXGL Background Thread 1 ] DEBUG SystemBundleService  - Loading FXGL system data
03:13:22.425 [FXGL Background Thread 1 ] DEBUG FileSystemAccess     - Reading from: C:\Users\deskr\OneDrive\Documentos\7 cuatrimestre\Programacion Concurrente\fxl Simulador\system\fxgl.bundle
03:13:22.434 [FXGL Background Thread 1 ] DEBUG SystemBundleService  - Bundle FXGL: {}
03:13:22.434 [FXGL Background Thread 1 ] DEBUG UpdaterService       - Checking for updates
03:13:22.439 [FXGL Background Thread 4 ] DEBUG FXGLApplication      - Loading fonts
03:13:22.439 [FXGL Background Thread 4 ] DEBUG FXGLAssetLoaderServi - Loading from file system: jar:file:/C:/Users/deskr/.m2/repository/com/github/almasb/fxgl/17.2/fxgl-17.2.jar!/fxglassets/ui/fonts/VarelaRound-Regular.ttf
03:13:22.439 [FXGL Background Thread 1 ] DEBUG FXGLApplication      - Loading default localization
03:13:22.440 [FXGL Background Thread 1 ] DEBUG FXGLAssetLoaderServi - Loading from file system: jar:file:/C:/Users/deskr/.m2/repository/com/github/almasb/fxgl/17.2/fxgl-17.2.jar!/fxglassets/languages/english.lang
03:13:22.470 [FXGL Background Thread 1 ] INFO  FXGLApplication      - FXGL initialization took: 0.487 sec
03:13:22.471 [JavaFX Application Thread] DEBUG FXGLAssetLoaderServi - Loading from file system: jar:file:/C:/Users/deskr/.m2/repository/com/github/almasb/fxgl/17.2/fxgl-17.2.jar!/fxglassets/textures/fxgl_icon.png
03:13:22.505 [JavaFX Application Thread] DEBUG FXGLAssetLoaderServi - Loading from file system: jar:file:/C:/Users/deskr/.m2/repository/com/github/almasb/fxgl/17.2/fxgl-17.2.jar!/fxglassets/textures/fxgl_default_cursor.png
03:13:22.512 [FXGL Background Thread 4 ] DEBUG FXGLAssetLoaderServi - Loading from file system: jar:file:/C:/Users/deskr/.m2/repository/com/github/almasb/fxgl/17.2/fxgl-17.2.jar!/fxglassets/ui/fonts/Abel-Regular.ttf
03:13:22.517 [FXGL Background Thread 4 ] DEBUG FXGLAssetLoaderServi - Loading from file system: jar:file:/C:/Users/deskr/.m2/repository/com/github/almasb/fxgl/17.2/fxgl-17.2.jar!/fxglassets/ui/fonts/TerminalLandMono-Regular.otf
03:13:22.523 [FXGL Background Thread 4 ] DEBUG FXGLAssetLoaderServi - Loading from file system: jar:file:/C:/Users/deskr/.m2/repository/com/github/almasb/fxgl/17.2/fxgl-17.2.jar!/fxglassets/ui/fonts/Courier-Prime.ttf
03:13:22.523 [JavaFX Application Thread] DEBUG Input                - Registered new binding: Screenshot - CTRL+8
03:13:22.524 [JavaFX Application Thread] DEBUG Input                - Registered new binding: System info dump - CTRL+9
03:13:22.524 [JavaFX Application Thread] DEBUG Input                - Registered new binding: Restart - CTRL+R
03:13:22.525 [JavaFX Application Thread] DEBUG Input                - Registered new binding: Toggle Debug Camera - CTRL+7
03:13:22.529 [JavaFX Application Thread] DEBUG LoopRunner           - Starting loop
03:13:22.529 [JavaFX Application Thread] DEBUG LoopRunner           - Initializing JavaFX AnimationTimerLoop
03:13:22.533 [JavaFX Application Thread] DEBUG GameApplicationServi - Starting new game
03:13:22.533 [JavaFX Application Thread] DEBUG Input                - Clearing active input actions
03:13:22.548 [JavaFX Application Thread] DEBUG GameApplicationServi - Removing overlay from FXGLStartupScene and adding to FXGLLoadingScene
03:13:22.549 [JavaFX Application Thread] DEBUG PrimaryStageWindow   - FXGLStartupScene -> FXGLLoadingScene
03:13:22.549 [JavaFX Application Thread] DEBUG GameApplicationServi - Clearing previous game
03:13:22.549 [JavaFX Application Thread] DEBUG GameScene            - Clearing game scene
03:13:22.549 [JavaFX Application Thread] DEBUG GameWorld            - Clearing game world
03:13:22.549 [JavaFX Application Thread] DEBUG PhysicsWorld         - Clearing physics world
03:13:22.552 [JavaFX Application Thread] DEBUG FXGLApplication      - Registering font factories with UI factory
03:13:22.552 [FXGL Background Thread 4 ] DEBUG FXGLApplication      - Initializing game
03:13:22.557 [FXGL Background Thread 4 ] DEBUG FXGLAssetLoaderServi - Loading from file system: file:/C:/Users/deskr/OneDrive/Documentos/7%20cuatrimestre/Programacion%20Concurrente/fxl%20Simulador/target/classes/assets/textures/fondo.png
03:13:22.579 [FXGL Background Thread 4 ] DEBUG FXGLAssetLoaderServi - Loading from file system: file:/C:/Users/deskr/OneDrive/Documentos/7%20cuatrimestre/Programacion%20Concurrente/fxl%20Simulador/target/classes/assets/textures/recepcionista.png
03:13:22.603 [FXGL Background Thread 4 ] DEBUG FXGLAssetLoaderServi - Loading from file system: file:/C:/Users/deskr/OneDrive/Documentos/7%20cuatrimestre/Programacion%20Concurrente/fxl%20Simulador/target/classes/assets/textures/chef.png
03:13:22.620 [FXGL Background Thread 4 ] DEBUG FXGLAssetLoaderServi - Loading from file system: file:/C:/Users/deskr/OneDrive/Documentos/7%20cuatrimestre/Programacion%20Concurrente/fxl%20Simulador/target/classes/assets/textures/mesa.png
03:13:22.667 [FXGL Background Thread 4 ] DEBUG FXGLAssetLoaderServi - Loading from file system: file:/C:/Users/deskr/OneDrive/Documentos/7%20cuatrimestre/Programacion%20Concurrente/fxl%20Simulador/target/classes/assets/textures/mesera.png
03:13:22.689 [FXGL Background Thread 4 ] DEBUG FXGLAssetLoaderServi - Loading from file system: file:/C:/Users/deskr/OneDrive/Documentos/7%20cuatrimestre/Programacion%20Concurrente/fxl%20Simulador/target/classes/assets/textures/cliente.png
03:13:22.736 [FXGL Background Thread 4 ] INFO  FXGLApplication      - Game initialization took: 0.183 sec
03:13:22.758 [JavaFX Application Thread] DEBUG Input                - Clearing active input actions
03:13:22.778 [JavaFX Application Thread] DEBUG GameApplicationServi - Removing overlay from FXGLLoadingScene and adding to GameScene
03:13:22.779 [JavaFX Application Thread] DEBUG PrimaryStageWindow   - FXGLLoadingScene -> GameScene
03:13:23.303 [FXGL Background Thread 2 ] INFO  UpdaterService       - Your current version:  17.2
03:13:23.303 [FXGL Background Thread 2 ] INFO  UpdaterService       - Latest stable version: 21.1
03:13:25.440 [FXGL Background Thread 3 ] DEBUG Engine               - Logging environment variables
03:13:25.440 [FXGL Background Thread 3 ] DEBUG Engine               - achievements: []
03:13:25.441 [FXGL Background Thread 3 ] DEBUG Engine               - actualHeight: 960.0
03:13:25.441 [FXGL Background Thread 3 ] DEBUG Engine               - actualHeightProperty: ReadOnlyDoubleProperty [value: 960.0]
03:13:25.441 [FXGL Background Thread 3 ] DEBUG Engine               - actualWidth: 1895.0
03:13:25.441 [FXGL Background Thread 3 ] DEBUG Engine               - actualWidthProperty: ReadOnlyDoubleProperty [value: 1895.0]
03:13:25.441 [FXGL Background Thread 3 ] DEBUG Engine               - appIcon: fxgl_icon.png
03:13:25.441 [FXGL Background Thread 3 ] DEBUG Engine               - applicationMode: DEVELOPER
03:13:25.441 [FXGL Background Thread 3 ] DEBUG Engine               - cSSList: [fxgl_dark.css]
03:13:25.441 [FXGL Background Thread 3 ] DEBUG Engine               - collisionDetectionStrategy: BRUTE_FORCE
03:13:25.441 [FXGL Background Thread 3 ] DEBUG Engine               - configClass: Optional.empty
03:13:25.441 [FXGL Background Thread 3 ] DEBUG Engine               - credits: []
03:13:25.442 [FXGL Background Thread 3 ] DEBUG Engine               - defaultCursor: CursorInfo(imageName=fxgl_default_cursor.png, hotspotX=7.0, hotspotY=6.0)
03:13:25.442 [FXGL Background Thread 3 ] DEBUG Engine               - devBBoxColorProperty: ObjectProperty [value: 0xff0000ff]
03:13:25.442 [FXGL Background Thread 3 ] DEBUG Engine               - devEnableDebugCameraProperty: BooleanProperty [value: false]
03:13:25.442 [FXGL Background Thread 3 ] DEBUG Engine               - devSensorColorProperty: ObjectProperty [value: 0xffff00ff]
03:13:25.442 [FXGL Background Thread 3 ] DEBUG Engine               - devShowBBoxProperty: BooleanProperty [value: false]
03:13:25.442 [FXGL Background Thread 3 ] DEBUG Engine               - devShowPositionProperty: BooleanProperty [value: false]
03:13:25.442 [FXGL Background Thread 3 ] DEBUG Engine               - enabledMenuItems: []
03:13:25.442 [FXGL Background Thread 3 ] DEBUG Engine               - engineServices: [class com.almasb.fxgl.app.services.FXGLAssetLoaderService, class com.almasb.fxgl.app.FXGLApplication$GameApplicationService, class com.almasb.fxgl.app.services.FXGLDialogService, class com.almasb.fxgl.app.services.IOTaskExecutorService, class com.almasb.fxgl.io.FileSystemService, class com.almasb.fxgl.localization.LocalizationService, class com.almasb.fxgl.app.services.SystemBundleService, class com.almasb.fxgl.profile.SaveLoadService, class com.almasb.fxgl.ui.FXGLUIFactoryServiceProvider, class com.almasb.fxgl.ui.FXGLDialogFactoryServiceProvider, class com.almasb.fxgl.audio.AudioPlayer, class com.almasb.fxgl.notification.impl.NotificationServiceProvider, class com.almasb.fxgl.achievement.AchievementService, class com.almasb.fxgl.cutscene.CutsceneService, class com.almasb.fxgl.minigames.MiniGameService, class com.almasb.fxgl.net.NetService, class com.almasb.fxgl.app.services.UpdaterService, class com.almasb.fxgl.dev.DevService]
03:13:25.443 [FXGL Background Thread 3 ] DEBUG Engine               - fontGame: Abel-Regular.ttf
03:13:25.443 [FXGL Background Thread 3 ] DEBUG Engine               - fontMono: TerminalLandMono-Regular.otf
03:13:25.443 [FXGL Background Thread 3 ] DEBUG Engine               - fontText: Courier-Prime.ttf
03:13:25.443 [FXGL Background Thread 3 ] DEBUG Engine               - fontUI: VarelaRound-Regular.ttf
03:13:25.443 [FXGL Background Thread 3 ] DEBUG Engine               - fullScreen: BooleanProperty [value: false]
03:13:25.443 [FXGL Background Thread 3 ] DEBUG Engine               - gameDifficulty: MEDIUM
03:13:25.443 [FXGL Background Thread 3 ] DEBUG Engine               - gameDifficultyProperty: ObjectProperty [value: MEDIUM]
03:13:25.443 [FXGL Background Thread 3 ] DEBUG Engine               - globalMusicVolume: 0.5
03:13:25.443 [FXGL Background Thread 3 ] DEBUG Engine               - globalMusicVolumeProperty: DoubleProperty [value: 0.5]
03:13:25.443 [FXGL Background Thread 3 ] DEBUG Engine               - globalSoundVolume: 0.5
03:13:25.443 [FXGL Background Thread 3 ] DEBUG Engine               - globalSoundVolumeProperty: DoubleProperty [value: 0.5]
03:13:25.443 [FXGL Background Thread 3 ] DEBUG Engine               - height: 1000
03:13:25.443 [FXGL Background Thread 3 ] DEBUG Engine               - is3D: false
03:13:25.443 [FXGL Background Thread 3 ] DEBUG Engine               - isAndroid: false
03:13:25.443 [FXGL Background Thread 3 ] DEBUG Engine               - isBrowser: false
03:13:25.444 [FXGL Background Thread 3 ] DEBUG Engine               - isClickFeedbackEnabled: false
03:13:25.444 [FXGL Background Thread 3 ] DEBUG Engine               - isCloseConfirmation: false
03:13:25.444 [FXGL Background Thread 3 ] DEBUG Engine               - isDesktop: true
03:13:25.444 [FXGL Background Thread 3 ] DEBUG Engine               - isDeveloperMenuEnabled: false
03:13:25.444 [FXGL Background Thread 3 ] DEBUG Engine               - isEmbedded: false
03:13:25.444 [FXGL Background Thread 3 ] DEBUG Engine               - isEntityPreloadEnabled: true
03:13:25.444 [FXGL Background Thread 3 ] DEBUG Engine               - isExperimentalTiledLargeMap: false
03:13:25.444 [FXGL Background Thread 3 ] DEBUG Engine               - isFileSystemWriteAllowed: true
03:13:25.444 [FXGL Background Thread 3 ] DEBUG Engine               - isFullScreenAllowed: false
03:13:25.444 [FXGL Background Thread 3 ] DEBUG Engine               - isFullScreenFromStart: false
03:13:25.444 [FXGL Background Thread 3 ] DEBUG Engine               - isGameMenuEnabled: true
03:13:25.444 [FXGL Background Thread 3 ] DEBUG Engine               - isIOS: false
03:13:25.444 [FXGL Background Thread 3 ] DEBUG Engine               - isIntroEnabled: false
03:13:25.444 [FXGL Background Thread 3 ] DEBUG Engine               - isLinux: false
03:13:25.444 [FXGL Background Thread 3 ] DEBUG Engine               - isMac: false
03:13:25.445 [FXGL Background Thread 3 ] DEBUG Engine               - isMainMenuEnabled: false
03:13:25.445 [FXGL Background Thread 3 ] DEBUG Engine               - isManualResizeEnabled: false
03:13:25.445 [FXGL Background Thread 3 ] DEBUG Engine               - isMobile: false
03:13:25.445 [FXGL Background Thread 3 ] DEBUG Engine               - isNative: false
03:13:25.445 [FXGL Background Thread 3 ] DEBUG Engine               - isPauseMusicWhenMinimized: true
03:13:25.445 [FXGL Background Thread 3 ] DEBUG Engine               - isPreserveResizeRatio: false
03:13:25.445 [FXGL Background Thread 3 ] DEBUG Engine               - isProfilingEnabled: false
03:13:25.445 [FXGL Background Thread 3 ] DEBUG Engine               - isScaleAffectedOnResize: true
03:13:25.446 [FXGL Background Thread 3 ] DEBUG Engine               - isSingleStep: false
03:13:25.446 [FXGL Background Thread 3 ] DEBUG Engine               - isUserProfileEnabled: false
03:13:25.446 [FXGL Background Thread 3 ] DEBUG Engine               - isWindows: true
03:13:25.446 [FXGL Background Thread 3 ] DEBUG Engine               - language: ObjectProperty [value: ENGLISH]
03:13:25.446 [FXGL Background Thread 3 ] DEBUG Engine               - menuKey: ESCAPE
03:13:25.446 [FXGL Background Thread 3 ] DEBUG Engine               - mouseSensitivity: 0.2
03:13:25.446 [FXGL Background Thread 3 ] DEBUG Engine               - notificationViewClass: class com.almasb.fxgl.notification.view.XboxNotificationView
03:13:25.446 [FXGL Background Thread 3 ] DEBUG Engine               - pixelsPerMeter: 50.0
03:13:25.446 [FXGL Background Thread 3 ] DEBUG Engine               - platform: WINDOWS
03:13:25.446 [FXGL Background Thread 3 ] DEBUG Engine               - prefHeightProperty: ReadOnlyDoubleProperty [value: 1000.0]
03:13:25.446 [FXGL Background Thread 3 ] DEBUG Engine               - prefWidthProperty: ReadOnlyDoubleProperty [value: 2000.0]
03:13:25.446 [FXGL Background Thread 3 ] DEBUG Engine               - profileDir: profiles/
03:13:25.446 [FXGL Background Thread 3 ] DEBUG Engine               - profileName: StringProperty [value: DEFAULT]
03:13:25.446 [FXGL Background Thread 3 ] DEBUG Engine               - randomSeed: -1
03:13:25.447 [FXGL Background Thread 3 ] DEBUG Engine               - runtimeInfo: RuntimeInfo(platform=WINDOWS, version=17.2, build=20.08.2022 16.50)
03:13:25.447 [FXGL Background Thread 3 ] DEBUG Engine               - saveFileExt: sav
03:13:25.447 [FXGL Background Thread 3 ] DEBUG Engine               - scaledHeightProp$fxgl: DoubleProperty [bound, value: 960.0]
03:13:25.447 [FXGL Background Thread 3 ] DEBUG Engine               - scaledWidthProp$fxgl: DoubleProperty [bound, value: 1895.0]
03:13:25.447 [FXGL Background Thread 3 ] DEBUG Engine               - sceneFactory: com.almasb.fxgl.app.scene.SceneFactory@7398a578
03:13:25.447 [FXGL Background Thread 3 ] DEBUG Engine               - secondsIn24h: 60
03:13:25.447 [FXGL Background Thread 3 ] DEBUG Engine               - soundMenuBack: menu/back.wav
03:13:25.448 [FXGL Background Thread 3 ] DEBUG Engine               - soundMenuPress: menu/press.wav
03:13:25.448 [FXGL Background Thread 3 ] DEBUG Engine               - soundMenuSelect: menu/select.wav
03:13:25.448 [FXGL Background Thread 3 ] DEBUG Engine               - soundNotification: core/notification.wav
03:13:25.448 [FXGL Background Thread 3 ] DEBUG Engine               - stageStyle: DECORATED
03:13:25.448 [FXGL Background Thread 3 ] DEBUG Engine               - supportedLanguages: [ENGLISH, FRENCH, GERMAN, HUNGARIAN, RUSSIAN]
03:13:25.448 [FXGL Background Thread 3 ] DEBUG Engine               - ticksPerSecond: -1
03:13:25.448 [FXGL Background Thread 3 ] DEBUG Engine               - title: Simulador de Restaurante
03:13:25.448 [FXGL Background Thread 3 ] DEBUG Engine               - urlGithub: https://github.com/AlmasB/FXGL
03:13:25.448 [FXGL Background Thread 3 ] DEBUG Engine               - urlLeaderboard: http://fxgl-top.herokuapp.com/
03:13:25.448 [FXGL Background Thread 3 ] DEBUG Engine               - urlPOM: https://raw.githubusercontent.com/AlmasB/FXGL/release/README.md
03:13:25.448 [FXGL Background Thread 3 ] DEBUG Engine               - userAppClass: class org.example.Main
03:13:25.448 [FXGL Background Thread 3 ] DEBUG Engine               - version: 1.0
03:13:25.448 [FXGL Background Thread 3 ] DEBUG Engine               - versionCheckDays: 7
03:13:25.448 [FXGL Background Thread 3 ] DEBUG Engine               - width: 2000
03:13:25.448 [FXGL Background Thread 3 ] DEBUG Engine               - Logging services
03:13:25.449 [FXGL Background Thread 3 ] DEBUG Engine               - class com.almasb.fxgl.app.services.FXGLAssetLoaderService
03:13:25.449 [FXGL Background Thread 3 ] DEBUG Engine               - class com.almasb.fxgl.app.FXGLApplication$GameApplicationService
03:13:25.449 [FXGL Background Thread 3 ] DEBUG Engine               - class com.almasb.fxgl.app.services.FXGLDialogService
03:13:25.449 [FXGL Background Thread 3 ] DEBUG Engine               - class com.almasb.fxgl.app.services.IOTaskExecutorService
03:13:25.449 [FXGL Background Thread 3 ] DEBUG Engine               - class com.almasb.fxgl.io.FileSystemService
03:13:25.449 [FXGL Background Thread 3 ] DEBUG Engine               - class com.almasb.fxgl.localization.LocalizationService
03:13:25.449 [FXGL Background Thread 3 ] DEBUG Engine               - class com.almasb.fxgl.app.services.SystemBundleService
03:13:25.449 [FXGL Background Thread 3 ] DEBUG Engine               - class com.almasb.fxgl.profile.SaveLoadService
03:13:25.449 [FXGL Background Thread 3 ] DEBUG Engine               - class com.almasb.fxgl.ui.FXGLUIFactoryServiceProvider
03:13:25.449 [FXGL Background Thread 3 ] DEBUG Engine               - class com.almasb.fxgl.ui.FXGLDialogFactoryServiceProvider
03:13:25.449 [FXGL Background Thread 3 ] DEBUG Engine               - class com.almasb.fxgl.audio.AudioPlayer
03:13:25.449 [FXGL Background Thread 3 ] DEBUG Engine               - class com.almasb.fxgl.notification.impl.NotificationServiceProvider
03:13:25.449 [FXGL Background Thread 3 ] DEBUG Engine               - class com.almasb.fxgl.achievement.AchievementService
03:13:25.449 [FXGL Background Thread 3 ] DEBUG Engine               - class com.almasb.fxgl.cutscene.CutsceneService
03:13:25.449 [FXGL Background Thread 3 ] DEBUG Engine               - class com.almasb.fxgl.minigames.MiniGameService
03:13:25.449 [FXGL Background Thread 3 ] DEBUG Engine               - class com.almasb.fxgl.net.NetService
03:13:25.449 [FXGL Background Thread 3 ] DEBUG Engine               - class com.almasb.fxgl.app.services.UpdaterService
03:13:25.449 [FXGL Background Thread 3 ] DEBUG Engine               - class com.almasb.fxgl.dev.DevService
03:13:28.755 [pool-3-thread-1          ] INFO  LoggerDepuracionFXGL - Comensal lleg贸 a la mesa
03:13:33.468 [pool-4-thread-1          ] INFO  LoggerDepuracionFXGL - Comensal lleg贸 a la mesa
03:13:37.762 [pool-6-thread-1          ] INFO  LoggerDepuracionFXGL - Comensal lleg贸 a la mesa
03:13:38.782 [pool-5-thread-1          ] INFO  LoggerDepuracionFXGL - Comensal lleg贸 a la mesa
03:14:29.819 [JavaFX Application Thread] DEBUG FXGLApplication      - Exiting FXGL
03:14:29.819 [JavaFX Application Thread] DEBUG LoopRunner           - Stopping loop
03:14:29.819 [JavaFX Application Thread] DEBUG SystemBundleService  - Saving FXGL system data
03:14:29.827 [JavaFX Application Thread] DEBUG FileSystemAccess     - Writing to: C:\Users\deskr\OneDrive\Documentos\7 cuatrimestre\Programacion Concurrente\fxl Simulador\system\fxgl.bundle
03:14:29.829 [JavaFX Application Thread] DEBUG Async                - Shutting down background threads
03:14:29.830 [JavaFX Application Thread] DEBUG PrimaryStageWindow   - Closing main window
03:14:29.857 [JavaFX Application Thread] DEBUG Logger               - Closing Logger
