23:30:40.024 [main                     ] DEBUG Logger               - Configured Logger
23:30:40.068 [main                     ] DEBUG GameApplication      - Logging settings
Title: Simulador de Restaurante
Version: 1.0
Width: 2000
Height: 1000
Fullscreen: false
Intro: false
Profiling: false
Single step:false
App Mode: DEVELOPER
Menu Key: ESCAPE
Stage Style: DECORATED
Scene Factory: class com.almasb.fxgl.app.scene.SceneFactory

23:30:40.605 [JavaFX Application Thread] DEBUG FXGLApplication      - Initializing FXGL
23:30:40.613 [JavaFX Application Thread] INFO  Engine               - FXGL-17.2 (20.08.2022 16.50) on WINDOWS (J:17.0.12 FX:18)
23:30:40.614 [JavaFX Application Thread] DEBUG Engine               - JRE Vendor Name: Oracle Corporation
23:30:40.614 [JavaFX Application Thread] DEBUG Engine               - Running on OS: Windows 11 version 10.0
23:30:40.614 [JavaFX Application Thread] DEBUG Engine               - Architecture: amd64
23:30:40.614 [JavaFX Application Thread] INFO  Engine               - Source code and latest versions at: https://github.com/AlmasB/FXGL
23:30:40.614 [JavaFX Application Thread] INFO  Engine               -       Ask questions and discuss at: https://github.com/AlmasB/FXGL/discussions
23:30:40.614 [JavaFX Application Thread] INFO  Engine               -              Join the FXGL chat at: https://gitter.im/AlmasB/FXGL
23:30:40.735 [JavaFX Application Thread] DEBUG PrimaryStageWindow   - Creating a JavaFX scene
23:30:40.735 [JavaFX Application Thread] DEBUG PrimaryStageWindow   - Target size > screen size
23:30:40.791 [JavaFX Application Thread] DEBUG PrimaryStageWindow   - Target settings size: 2000.0 x 1000.0
23:30:40.791 [JavaFX Application Thread] DEBUG PrimaryStageWindow   - Scaled scene size:    1511.0 x 768.0
23:30:40.791 [JavaFX Application Thread] DEBUG PrimaryStageWindow   - Scaled ratio: (0.7555, 0.768)
23:30:40.792 [JavaFX Application Thread] DEBUG PrimaryStageWindow   - Set initial scene to FXGLStartupScene
23:30:40.802 [JavaFX Application Thread] DEBUG PrimaryStageWindow   - Opening main window
23:30:40.930 [JavaFX Application Thread] DEBUG PrimaryStageWindow   - Window border size: (14.5999755859375, 37.5999755859375)
23:30:40.930 [JavaFX Application Thread] DEBUG PrimaryStageWindow   - Scaled size: 1511.0 x 768.0
23:30:40.930 [JavaFX Application Thread] DEBUG PrimaryStageWindow   - Scaled ratio: (0.7555, 0.768)
23:30:40.930 [JavaFX Application Thread] DEBUG PrimaryStageWindow   - Scene size: 1511.0 x 768.0
23:30:40.930 [JavaFX Application Thread] DEBUG PrimaryStageWindow   - Stage size: 1525.5999755859375 x 805.5999755859375
23:30:40.945 [FXGL Background Thread 1 ] DEBUG Engine               - Initializing environment variables
23:30:41.012 [FXGL Background Thread 1 ] DEBUG FXGLAssetLoaderServi - User app class for loading assets: class org.example.Main
23:30:41.013 [FXGL Background Thread 1 ] DEBUG GameApplicationServi - Applying CSS: fxgl_dark.css
23:30:41.017 [FXGL Background Thread 1 ] DEBUG FXGLAssetLoaderServi - Loading from file system: jar:file:/C:/Users/gerso/.m2/repository/com/github/almasb/fxgl/17.2/fxgl-17.2.jar!/fxglassets/ui/css/fxgl_dark.css
23:30:41.093 [FXGL Background Thread 1 ] DEBUG GameApplicationServi - Initializing application scenes
23:30:41.181 [FXGL Background Thread 1 ] DEBUG GameWorld            - Game world initialized
23:30:41.289 [FXGL Background Thread 1 ] DEBUG PhysicsWorld         - Physics world initialized: appHeight=1000, physics.ppm=50.0
23:30:41.289 [FXGL Background Thread 1 ] DEBUG PhysicsWorld         - Using strategy: BRUTE_FORCE
23:30:41.299 [FXGL Background Thread 1 ] DEBUG GameScene            - Game scene initialized: 2000x1000
23:30:41.328 [FXGL Background Thread 1 ] DEBUG FXGL.DefaultMenu     - createMenuBodyGameMenu()
23:30:41.354 [FXGL Background Thread 1 ] DEBUG FXGL.DefaultMenu     - createOptionsMenu()
23:30:41.368 [FXGL Background Thread 1 ] DEBUG FXGLAssetLoaderServi - Loading from file system: jar:file:/C:/Users/gerso/.m2/repository/com/github/almasb/fxgl/17.2/fxgl-17.2.jar!/fxglassets/textures/particles/smoke.png
23:30:41.489 [FXGL Background Thread 1 ] DEBUG FXGLAssetLoaderServi - Loading from file system: jar:file:/C:/Users/gerso/.m2/repository/com/github/almasb/fxgl/17.2/fxgl-17.2.jar!/fxglassets/textures/particles/trace_horizontal.png
23:30:41.529 [FXGL Background Thread 1 ] DEBUG GameApplicationServi - Application scenes initialized
23:30:41.556 [FXGL Background Thread 1 ] DEBUG SystemBundleService  - Loading FXGL system data
23:30:41.562 [FXGL Background Thread 1 ] DEBUG FileSystemAccess     - Reading from: C:\Users\gerso\OneDrive\Documentos\Cuatrimestre 7\Concurrente\Java\Simulador_Restaurante\system\fxgl.bundle
23:30:41.570 [FXGL Background Thread 1 ] DEBUG SystemBundleService  - Bundle FXGL: {}
23:30:41.570 [FXGL Background Thread 1 ] DEBUG UpdaterService       - Checking for updates
23:30:41.577 [FXGL Background Thread 4 ] DEBUG FXGLApplication      - Loading fonts
23:30:41.578 [FXGL Background Thread 4 ] DEBUG FXGLAssetLoaderServi - Loading from file system: jar:file:/C:/Users/gerso/.m2/repository/com/github/almasb/fxgl/17.2/fxgl-17.2.jar!/fxglassets/ui/fonts/VarelaRound-Regular.ttf
23:30:41.578 [FXGL Background Thread 1 ] DEBUG FXGLApplication      - Loading default localization
23:30:41.579 [FXGL Background Thread 1 ] DEBUG FXGLAssetLoaderServi - Loading from file system: jar:file:/C:/Users/gerso/.m2/repository/com/github/almasb/fxgl/17.2/fxgl-17.2.jar!/fxglassets/languages/english.lang
23:30:41.620 [FXGL Background Thread 1 ] INFO  FXGLApplication      - FXGL initialization took: 0.675 sec
23:30:41.623 [JavaFX Application Thread] DEBUG FXGLAssetLoaderServi - Loading from file system: jar:file:/C:/Users/gerso/.m2/repository/com/github/almasb/fxgl/17.2/fxgl-17.2.jar!/fxglassets/textures/fxgl_icon.png
23:30:41.647 [JavaFX Application Thread] DEBUG FXGLAssetLoaderServi - Loading from file system: jar:file:/C:/Users/gerso/.m2/repository/com/github/almasb/fxgl/17.2/fxgl-17.2.jar!/fxglassets/textures/fxgl_default_cursor.png
23:30:41.666 [JavaFX Application Thread] DEBUG Input                - Registered new binding: Screenshot - CTRL+8
23:30:41.667 [JavaFX Application Thread] DEBUG Input                - Registered new binding: System info dump - CTRL+9
23:30:41.668 [JavaFX Application Thread] DEBUG Input                - Registered new binding: Restart - CTRL+R
23:30:41.670 [JavaFX Application Thread] DEBUG Input                - Registered new binding: Toggle Debug Camera - CTRL+7
23:30:41.674 [JavaFX Application Thread] DEBUG LoopRunner           - Starting loop
23:30:41.675 [JavaFX Application Thread] DEBUG LoopRunner           - Initializing JavaFX AnimationTimerLoop
23:30:41.677 [FXGL Background Thread 4 ] DEBUG FXGLAssetLoaderServi - Loading from file system: jar:file:/C:/Users/gerso/.m2/repository/com/github/almasb/fxgl/17.2/fxgl-17.2.jar!/fxglassets/ui/fonts/Abel-Regular.ttf
23:30:41.677 [JavaFX Application Thread] DEBUG GameApplicationServi - Starting new game
23:30:41.678 [JavaFX Application Thread] DEBUG Input                - Clearing active input actions
23:30:41.684 [FXGL Background Thread 4 ] DEBUG FXGLAssetLoaderServi - Loading from file system: jar:file:/C:/Users/gerso/.m2/repository/com/github/almasb/fxgl/17.2/fxgl-17.2.jar!/fxglassets/ui/fonts/TerminalLandMono-Regular.otf
23:30:41.690 [FXGL Background Thread 4 ] DEBUG FXGLAssetLoaderServi - Loading from file system: jar:file:/C:/Users/gerso/.m2/repository/com/github/almasb/fxgl/17.2/fxgl-17.2.jar!/fxglassets/ui/fonts/Courier-Prime.ttf
23:30:41.692 [JavaFX Application Thread] DEBUG GameApplicationServi - Removing overlay from FXGLStartupScene and adding to FXGLLoadingScene
23:30:41.694 [JavaFX Application Thread] DEBUG PrimaryStageWindow   - FXGLStartupScene -> FXGLLoadingScene
23:30:41.694 [JavaFX Application Thread] DEBUG GameApplicationServi - Clearing previous game
23:30:41.694 [JavaFX Application Thread] DEBUG GameScene            - Clearing game scene
23:30:41.694 [JavaFX Application Thread] DEBUG GameWorld            - Clearing game world
23:30:41.694 [JavaFX Application Thread] DEBUG PhysicsWorld         - Clearing physics world
23:30:41.697 [FXGL Background Thread 1 ] DEBUG FXGLApplication      - Initializing game
23:30:41.702 [FXGL Background Thread 1 ] DEBUG FXGLAssetLoaderServi - Loading from file system: file:/C:/Users/gerso/OneDrive/Documentos/Cuatrimestre%207/Concurrente/Java/Simulador_Restaurante/target/classes/assets/textures/fondo.png
23:30:41.728 [FXGL Background Thread 1 ] DEBUG FXGLAssetLoaderServi - Loading from file system: file:/C:/Users/gerso/OneDrive/Documentos/Cuatrimestre%207/Concurrente/Java/Simulador_Restaurante/target/classes/assets/textures/recepcionista.png
23:30:41.752 [FXGL Background Thread 1 ] DEBUG FXGLAssetLoaderServi - Loading from file system: file:/C:/Users/gerso/OneDrive/Documentos/Cuatrimestre%207/Concurrente/Java/Simulador_Restaurante/target/classes/assets/textures/chef.png
23:30:41.762 [JavaFX Application Thread] DEBUG FXGLApplication      - Registering font factories with UI factory
23:30:41.764 [FXGL Background Thread 1 ] DEBUG FXGLAssetLoaderServi - Loading from file system: file:/C:/Users/gerso/OneDrive/Documentos/Cuatrimestre%207/Concurrente/Java/Simulador_Restaurante/target/classes/assets/textures/mesera.png
23:30:41.777 [FXGL Background Thread 1 ] DEBUG FXGLAssetLoaderServi - Loading from file system: file:/C:/Users/gerso/OneDrive/Documentos/Cuatrimestre%207/Concurrente/Java/Simulador_Restaurante/target/classes/assets/textures/mesa.png
23:30:41.820 [FXGL Background Thread 1 ] DEBUG FXGLAssetLoaderServi - Loading from file system: file:/C:/Users/gerso/OneDrive/Documentos/Cuatrimestre%207/Concurrente/Java/Simulador_Restaurante/target/classes/assets/textures/cliente.png
23:30:41.863 [FXGL Background Thread 1 ] INFO  FXGLApplication      - Game initialization took: 0.166 sec
23:30:41.886 [JavaFX Application Thread] DEBUG Input                - Clearing active input actions
23:30:41.902 [JavaFX Application Thread] DEBUG GameApplicationServi - Removing overlay from FXGLLoadingScene and adding to GameScene
23:30:41.903 [JavaFX Application Thread] DEBUG PrimaryStageWindow   - FXGLLoadingScene -> GameScene
23:30:42.296 [FXGL Background Thread 2 ] INFO  UpdaterService       - Your current version:  17.2
23:30:42.296 [FXGL Background Thread 2 ] INFO  UpdaterService       - Latest stable version: 21.1
23:30:44.572 [JavaFX Application Thread] DEBUG FXGLApplication      - Exiting FXGL
23:30:44.572 [JavaFX Application Thread] DEBUG LoopRunner           - Stopping loop
23:30:44.572 [JavaFX Application Thread] DEBUG SystemBundleService  - Saving FXGL system data
23:30:44.574 [JavaFX Application Thread] DEBUG FileSystemAccess     - Writing to: C:\Users\gerso\OneDrive\Documentos\Cuatrimestre 7\Concurrente\Java\Simulador_Restaurante\system\fxgl.bundle
23:30:44.575 [FXGL Background Thread 3 ] DEBUG Engine               - Logging environment variables
23:30:44.575 [FXGL Background Thread 3 ] DEBUG Engine               - achievements: []
23:30:44.575 [FXGL Background Thread 3 ] DEBUG Engine               - actualHeight: 768.0
23:30:44.575 [FXGL Background Thread 3 ] DEBUG Engine               - actualHeightProperty: ReadOnlyDoubleProperty [value: 768.0]
23:30:44.575 [FXGL Background Thread 3 ] DEBUG Engine               - actualWidth: 1511.0
23:30:44.575 [FXGL Background Thread 3 ] DEBUG Engine               - actualWidthProperty: ReadOnlyDoubleProperty [value: 1511.0]
23:30:44.575 [FXGL Background Thread 3 ] DEBUG Engine               - appIcon: fxgl_icon.png
23:30:44.575 [FXGL Background Thread 3 ] DEBUG Engine               - applicationMode: DEVELOPER
23:30:44.576 [FXGL Background Thread 3 ] DEBUG Engine               - cSSList: [fxgl_dark.css]
23:30:44.576 [JavaFX Application Thread] DEBUG Async                - Shutting down background threads
23:30:44.576 [FXGL Background Thread 3 ] DEBUG Engine               - collisionDetectionStrategy: BRUTE_FORCE
23:30:44.576 [FXGL Background Thread 3 ] DEBUG Engine               - configClass: Optional.empty
23:30:44.576 [FXGL Background Thread 3 ] DEBUG Engine               - credits: []
23:30:44.576 [JavaFX Application Thread] DEBUG PrimaryStageWindow   - Closing main window
23:30:44.576 [FXGL Background Thread 3 ] DEBUG Engine               - defaultCursor: CursorInfo(imageName=fxgl_default_cursor.png, hotspotX=7.0, hotspotY=6.0)
23:30:44.576 [FXGL Background Thread 3 ] DEBUG Engine               - devBBoxColorProperty: ObjectProperty [value: 0xff0000ff]
23:30:44.576 [FXGL Background Thread 3 ] DEBUG Engine               - devEnableDebugCameraProperty: BooleanProperty [value: false]
23:30:44.576 [FXGL Background Thread 3 ] DEBUG Engine               - devSensorColorProperty: ObjectProperty [value: 0xffff00ff]
23:30:44.576 [FXGL Background Thread 3 ] DEBUG Engine               - devShowBBoxProperty: BooleanProperty [value: false]
23:30:44.576 [FXGL Background Thread 3 ] DEBUG Engine               - devShowPositionProperty: BooleanProperty [value: false]
23:30:44.576 [FXGL Background Thread 3 ] DEBUG Engine               - enabledMenuItems: []
23:30:44.577 [FXGL Background Thread 3 ] DEBUG Engine               - engineServices: [class com.almasb.fxgl.app.services.FXGLAssetLoaderService, class com.almasb.fxgl.app.FXGLApplication$GameApplicationService, class com.almasb.fxgl.app.services.FXGLDialogService, class com.almasb.fxgl.app.services.IOTaskExecutorService, class com.almasb.fxgl.io.FileSystemService, class com.almasb.fxgl.localization.LocalizationService, class com.almasb.fxgl.app.services.SystemBundleService, class com.almasb.fxgl.profile.SaveLoadService, class com.almasb.fxgl.ui.FXGLUIFactoryServiceProvider, class com.almasb.fxgl.ui.FXGLDialogFactoryServiceProvider, class com.almasb.fxgl.audio.AudioPlayer, class com.almasb.fxgl.notification.impl.NotificationServiceProvider, class com.almasb.fxgl.achievement.AchievementService, class com.almasb.fxgl.cutscene.CutsceneService, class com.almasb.fxgl.minigames.MiniGameService, class com.almasb.fxgl.net.NetService, class com.almasb.fxgl.app.services.UpdaterService, class com.almasb.fxgl.dev.DevService]
23:30:44.577 [FXGL Background Thread 3 ] DEBUG Engine               - fontGame: Abel-Regular.ttf
23:30:44.577 [FXGL Background Thread 3 ] DEBUG Engine               - fontMono: TerminalLandMono-Regular.otf
23:30:44.577 [FXGL Background Thread 3 ] DEBUG Engine               - fontText: Courier-Prime.ttf
23:30:44.577 [FXGL Background Thread 3 ] DEBUG Engine               - fontUI: VarelaRound-Regular.ttf
23:30:44.577 [FXGL Background Thread 3 ] DEBUG Engine               - fullScreen: BooleanProperty [value: false]
23:30:44.577 [FXGL Background Thread 3 ] DEBUG Engine               - gameDifficulty: MEDIUM
23:30:44.577 [FXGL Background Thread 3 ] DEBUG Engine               - gameDifficultyProperty: ObjectProperty [value: MEDIUM]
23:30:44.577 [FXGL Background Thread 3 ] DEBUG Engine               - globalMusicVolume: 0.5
23:30:44.577 [FXGL Background Thread 3 ] DEBUG Engine               - globalMusicVolumeProperty: DoubleProperty [value: 0.5]
23:30:44.577 [FXGL Background Thread 3 ] DEBUG Engine               - globalSoundVolume: 0.5
23:30:44.577 [FXGL Background Thread 3 ] DEBUG Engine               - globalSoundVolumeProperty: DoubleProperty [value: 0.5]
23:30:44.577 [FXGL Background Thread 3 ] DEBUG Engine               - height: 1000
23:30:44.577 [FXGL Background Thread 3 ] DEBUG Engine               - is3D: false
23:30:44.577 [FXGL Background Thread 3 ] DEBUG Engine               - isAndroid: false
23:30:44.577 [FXGL Background Thread 3 ] DEBUG Engine               - isBrowser: false
23:30:44.577 [FXGL Background Thread 3 ] DEBUG Engine               - isClickFeedbackEnabled: false
23:30:44.577 [FXGL Background Thread 3 ] DEBUG Engine               - isCloseConfirmation: false
23:30:44.578 [FXGL Background Thread 3 ] DEBUG Engine               - isDesktop: true
23:30:44.578 [FXGL Background Thread 3 ] DEBUG Engine               - isDeveloperMenuEnabled: false
23:30:44.578 [FXGL Background Thread 3 ] DEBUG Engine               - isEmbedded: false
23:30:44.578 [FXGL Background Thread 3 ] DEBUG Engine               - isEntityPreloadEnabled: true
23:30:44.578 [FXGL Background Thread 3 ] DEBUG Engine               - isExperimentalTiledLargeMap: false
23:30:44.578 [FXGL Background Thread 3 ] DEBUG Engine               - isFileSystemWriteAllowed: true
23:30:44.578 [FXGL Background Thread 3 ] DEBUG Engine               - isFullScreenAllowed: false
23:30:44.578 [FXGL Background Thread 3 ] DEBUG Engine               - isFullScreenFromStart: false
23:30:44.578 [FXGL Background Thread 3 ] DEBUG Engine               - isGameMenuEnabled: true
23:30:44.578 [FXGL Background Thread 3 ] DEBUG Engine               - isIOS: false
23:30:44.578 [FXGL Background Thread 3 ] DEBUG Engine               - isIntroEnabled: false
23:30:44.578 [FXGL Background Thread 3 ] DEBUG Engine               - isLinux: false
23:30:44.578 [FXGL Background Thread 3 ] DEBUG Engine               - isMac: false
23:30:44.578 [FXGL Background Thread 3 ] DEBUG Engine               - isMainMenuEnabled: false
23:30:44.578 [FXGL Background Thread 3 ] DEBUG Engine               - isManualResizeEnabled: false
23:30:44.578 [FXGL Background Thread 3 ] DEBUG Engine               - isMobile: false
23:30:44.579 [FXGL Background Thread 3 ] DEBUG Engine               - isNative: false
23:30:44.579 [FXGL Background Thread 3 ] DEBUG Engine               - isPauseMusicWhenMinimized: true
23:30:44.579 [FXGL Background Thread 3 ] DEBUG Engine               - isPreserveResizeRatio: false
23:30:44.579 [FXGL Background Thread 3 ] DEBUG Engine               - isProfilingEnabled: false
23:30:44.579 [FXGL Background Thread 3 ] DEBUG Engine               - isScaleAffectedOnResize: true
23:30:44.579 [FXGL Background Thread 3 ] DEBUG Engine               - isSingleStep: false
23:30:44.580 [FXGL Background Thread 3 ] DEBUG Engine               - isUserProfileEnabled: false
23:30:44.580 [FXGL Background Thread 3 ] DEBUG Engine               - isWindows: true
23:30:44.580 [FXGL Background Thread 3 ] DEBUG Engine               - language: ObjectProperty [value: ENGLISH]
23:30:44.582 [FXGL Background Thread 3 ] DEBUG Engine               - menuKey: ESCAPE
23:30:44.582 [FXGL Background Thread 3 ] DEBUG Engine               - mouseSensitivity: 0.2
23:30:44.582 [FXGL Background Thread 3 ] DEBUG Engine               - notificationViewClass: class com.almasb.fxgl.notification.view.XboxNotificationView
23:30:44.582 [FXGL Background Thread 3 ] DEBUG Engine               - pixelsPerMeter: 50.0
23:30:44.583 [FXGL Background Thread 3 ] DEBUG Engine               - platform: WINDOWS
23:30:44.583 [FXGL Background Thread 3 ] DEBUG Engine               - prefHeightProperty: ReadOnlyDoubleProperty [value: 1000.0]
23:30:44.583 [FXGL Background Thread 3 ] DEBUG Engine               - prefWidthProperty: ReadOnlyDoubleProperty [value: 2000.0]
23:30:44.583 [FXGL Background Thread 3 ] DEBUG Engine               - profileDir: profiles/
23:30:44.584 [FXGL Background Thread 3 ] DEBUG Engine               - profileName: StringProperty [value: DEFAULT]
23:30:44.584 [FXGL Background Thread 3 ] DEBUG Engine               - randomSeed: -1
23:30:44.584 [FXGL Background Thread 3 ] DEBUG Engine               - runtimeInfo: RuntimeInfo(platform=WINDOWS, version=17.2, build=20.08.2022 16.50)
23:30:44.584 [FXGL Background Thread 3 ] DEBUG Engine               - saveFileExt: sav
23:30:44.585 [FXGL Background Thread 3 ] DEBUG Engine               - scaledHeightProp$fxgl: DoubleProperty [bound, value: 768.0]
23:30:44.585 [FXGL Background Thread 3 ] DEBUG Engine               - scaledWidthProp$fxgl: DoubleProperty [bound, value: 1511.0]
23:30:44.585 [FXGL Background Thread 3 ] DEBUG Engine               - sceneFactory: com.almasb.fxgl.app.scene.SceneFactory@13a8173c
23:30:44.585 [FXGL Background Thread 3 ] DEBUG Engine               - secondsIn24h: 60
23:30:44.585 [FXGL Background Thread 3 ] DEBUG Engine               - soundMenuBack: menu/back.wav
23:30:44.585 [FXGL Background Thread 3 ] DEBUG Engine               - soundMenuPress: menu/press.wav
23:30:44.585 [FXGL Background Thread 3 ] DEBUG Engine               - soundMenuSelect: menu/select.wav
23:30:44.585 [FXGL Background Thread 3 ] DEBUG Engine               - soundNotification: core/notification.wav
23:30:44.585 [FXGL Background Thread 3 ] DEBUG Engine               - stageStyle: DECORATED
23:30:44.585 [FXGL Background Thread 3 ] DEBUG Engine               - supportedLanguages: [ENGLISH, FRENCH, GERMAN, HUNGARIAN, RUSSIAN]
23:30:44.585 [FXGL Background Thread 3 ] DEBUG Engine               - ticksPerSecond: -1
23:30:44.585 [FXGL Background Thread 3 ] DEBUG Engine               - title: Simulador de Restaurante
23:30:44.585 [FXGL Background Thread 3 ] DEBUG Engine               - urlGithub: https://github.com/AlmasB/FXGL
23:30:44.585 [FXGL Background Thread 3 ] DEBUG Engine               - urlLeaderboard: http://fxgl-top.herokuapp.com/
23:30:44.586 [FXGL Background Thread 3 ] DEBUG Engine               - urlPOM: https://raw.githubusercontent.com/AlmasB/FXGL/release/README.md
23:30:44.586 [FXGL Background Thread 3 ] DEBUG Engine               - userAppClass: class org.example.Main
23:30:44.586 [FXGL Background Thread 3 ] DEBUG Engine               - version: 1.0
23:30:44.586 [FXGL Background Thread 3 ] DEBUG Engine               - versionCheckDays: 7
23:30:44.586 [FXGL Background Thread 3 ] DEBUG Engine               - width: 2000
23:30:44.586 [FXGL Background Thread 3 ] DEBUG Engine               - Logging services
23:30:44.586 [FXGL Background Thread 3 ] DEBUG Engine               - class com.almasb.fxgl.app.services.FXGLAssetLoaderService
23:30:44.586 [FXGL Background Thread 3 ] DEBUG Engine               - class com.almasb.fxgl.app.FXGLApplication$GameApplicationService
23:30:44.586 [FXGL Background Thread 3 ] DEBUG Engine               - class com.almasb.fxgl.app.services.FXGLDialogService
23:30:44.586 [FXGL Background Thread 3 ] DEBUG Engine               - class com.almasb.fxgl.app.services.IOTaskExecutorService
23:30:44.586 [FXGL Background Thread 3 ] DEBUG Engine               - class com.almasb.fxgl.io.FileSystemService
23:30:44.586 [FXGL Background Thread 3 ] DEBUG Engine               - class com.almasb.fxgl.localization.LocalizationService
23:30:44.586 [FXGL Background Thread 3 ] DEBUG Engine               - class com.almasb.fxgl.app.services.SystemBundleService
23:30:44.586 [FXGL Background Thread 3 ] DEBUG Engine               - class com.almasb.fxgl.profile.SaveLoadService
23:30:44.586 [FXGL Background Thread 3 ] DEBUG Engine               - class com.almasb.fxgl.ui.FXGLUIFactoryServiceProvider
23:30:44.586 [FXGL Background Thread 3 ] DEBUG Engine               - class com.almasb.fxgl.ui.FXGLDialogFactoryServiceProvider
23:30:44.588 [FXGL Background Thread 3 ] DEBUG Engine               - class com.almasb.fxgl.audio.AudioPlayer
23:30:44.593 [JavaFX Application Thread] DEBUG Logger               - Closing Logger
23:30:44.593 [FXGL Background Thread 3 ] DEBUG Engine               - class com.almasb.fxgl.notification.impl.NotificationServiceProvider
23:30:44.595 [FXGL Background Thread 3 ] DEBUG Engine               - class com.almasb.fxgl.achievement.AchievementService
23:30:44.595 [FXGL Background Thread 3 ] DEBUG Engine               - class com.almasb.fxgl.cutscene.CutsceneService
23:30:44.595 [FXGL Background Thread 3 ] DEBUG Engine               - class com.almasb.fxgl.minigames.MiniGameService
23:30:44.595 [FXGL Background Thread 3 ] DEBUG Engine               - class com.almasb.fxgl.net.NetService
23:30:44.595 [FXGL Background Thread 3 ] DEBUG Engine               - class com.almasb.fxgl.app.services.UpdaterService
23:30:44.596 [FXGL Background Thread 3 ] DEBUG Engine               - class com.almasb.fxgl.dev.DevService
