00:56:28.683 [main                     ] DEBUG Logger               - Configured Logger
00:56:28.713 [main                     ] DEBUG GameApplication      - Logging settings
Title: Simulador de Restaurante
Version: 1.0
Width: 2000
Height: 1000
Fullscreen: false
Intro: false
Profiling: false
Single step:false
App Mode: DEVELOPER
Menu Key: ESCAPE
Stage Style: DECORATED
Scene Factory: class com.almasb.fxgl.app.scene.SceneFactory

00:56:29.486 [JavaFX Application Thread] DEBUG FXGLApplication      - Initializing FXGL
00:56:29.496 [JavaFX Application Thread] INFO  Engine               - FXGL-17.2 (20.08.2022 16.50) on WINDOWS (J:17.0.12 FX:18)
00:56:29.496 [JavaFX Application Thread] DEBUG Engine               - JRE Vendor Name: Oracle Corporation
00:56:29.497 [JavaFX Application Thread] DEBUG Engine               - Running on OS: Windows 11 version 10.0
00:56:29.497 [JavaFX Application Thread] DEBUG Engine               - Architecture: amd64
00:56:29.497 [JavaFX Application Thread] INFO  Engine               - Source code and latest versions at: https://github.com/AlmasB/FXGL
00:56:29.497 [JavaFX Application Thread] INFO  Engine               -       Ask questions and discuss at: https://github.com/AlmasB/FXGL/discussions
00:56:29.498 [JavaFX Application Thread] INFO  Engine               -              Join the FXGL chat at: https://gitter.im/AlmasB/FXGL
00:56:29.657 [JavaFX Application Thread] DEBUG PrimaryStageWindow   - Creating a JavaFX scene
00:56:29.658 [JavaFX Application Thread] DEBUG PrimaryStageWindow   - Target size > screen size
00:56:29.721 [JavaFX Application Thread] DEBUG PrimaryStageWindow   - Target settings size: 2000.0 x 1000.0
00:56:29.721 [JavaFX Application Thread] DEBUG PrimaryStageWindow   - Scaled scene size:    1511.0 x 768.0
00:56:29.721 [JavaFX Application Thread] DEBUG PrimaryStageWindow   - Scaled ratio: (0.7555, 0.768)
00:56:29.723 [JavaFX Application Thread] DEBUG PrimaryStageWindow   - Set initial scene to FXGLStartupScene
00:56:29.734 [JavaFX Application Thread] DEBUG PrimaryStageWindow   - Opening main window
00:56:29.847 [JavaFX Application Thread] DEBUG PrimaryStageWindow   - Window border size: (14.5999755859375, 37.5999755859375)
00:56:29.847 [JavaFX Application Thread] DEBUG PrimaryStageWindow   - Scaled size: 1511.0 x 768.0
00:56:29.848 [JavaFX Application Thread] DEBUG PrimaryStageWindow   - Scaled ratio: (0.7555, 0.768)
00:56:29.848 [JavaFX Application Thread] DEBUG PrimaryStageWindow   - Scene size: 1511.0 x 768.0
00:56:29.848 [JavaFX Application Thread] DEBUG PrimaryStageWindow   - Stage size: 1525.5999755859375 x 805.5999755859375
00:56:29.864 [FXGL Background Thread 1 ] DEBUG Engine               - Initializing environment variables
00:56:29.950 [FXGL Background Thread 1 ] DEBUG FXGLAssetLoaderServi - User app class for loading assets: class org.example.Main
00:56:29.950 [FXGL Background Thread 1 ] DEBUG GameApplicationServi - Applying CSS: fxgl_dark.css
00:56:29.952 [FXGL Background Thread 1 ] DEBUG FXGLAssetLoaderServi - Loading from file system: jar:file:/C:/Users/gerso/.m2/repository/com/github/almasb/fxgl/17.2/fxgl-17.2.jar!/fxglassets/ui/css/fxgl_dark.css
00:56:30.051 [FXGL Background Thread 1 ] DEBUG GameApplicationServi - Initializing application scenes
00:56:30.141 [FXGL Background Thread 1 ] DEBUG GameWorld            - Game world initialized
00:56:30.255 [FXGL Background Thread 1 ] DEBUG PhysicsWorld         - Physics world initialized: appHeight=1000, physics.ppm=50.0
00:56:30.256 [FXGL Background Thread 1 ] DEBUG PhysicsWorld         - Using strategy: BRUTE_FORCE
00:56:30.266 [FXGL Background Thread 1 ] DEBUG GameScene            - Game scene initialized: 2000x1000
00:56:30.291 [FXGL Background Thread 1 ] DEBUG FXGL.DefaultMenu     - createMenuBodyGameMenu()
00:56:30.317 [FXGL Background Thread 1 ] DEBUG FXGL.DefaultMenu     - createOptionsMenu()
00:56:30.335 [FXGL Background Thread 1 ] DEBUG FXGLAssetLoaderServi - Loading from file system: jar:file:/C:/Users/gerso/.m2/repository/com/github/almasb/fxgl/17.2/fxgl-17.2.jar!/fxglassets/textures/particles/smoke.png
00:56:30.493 [FXGL Background Thread 1 ] DEBUG FXGLAssetLoaderServi - Loading from file system: jar:file:/C:/Users/gerso/.m2/repository/com/github/almasb/fxgl/17.2/fxgl-17.2.jar!/fxglassets/textures/particles/trace_horizontal.png
00:56:30.539 [FXGL Background Thread 1 ] DEBUG GameApplicationServi - Application scenes initialized
00:56:30.562 [FXGL Background Thread 1 ] DEBUG SystemBundleService  - Loading FXGL system data
00:56:30.576 [FXGL Background Thread 1 ] DEBUG FileSystemAccess     - Reading from: C:\Users\gerso\OneDrive\Documentos\Cuatrimestre 7\Concurrente\Java\Simulador_Restaurante\system\fxgl.bundle
00:56:30.593 [FXGL Background Thread 1 ] DEBUG SystemBundleService  - Bundle FXGL: {}
00:56:30.594 [FXGL Background Thread 1 ] DEBUG UpdaterService       - Checking for updates
00:56:30.604 [FXGL Background Thread 4 ] DEBUG FXGLApplication      - Loading fonts
00:56:30.605 [FXGL Background Thread 4 ] DEBUG FXGLAssetLoaderServi - Loading from file system: jar:file:/C:/Users/gerso/.m2/repository/com/github/almasb/fxgl/17.2/fxgl-17.2.jar!/fxglassets/ui/fonts/VarelaRound-Regular.ttf
00:56:30.605 [FXGL Background Thread 1 ] DEBUG FXGLApplication      - Loading default localization
00:56:30.606 [FXGL Background Thread 1 ] DEBUG FXGLAssetLoaderServi - Loading from file system: jar:file:/C:/Users/gerso/.m2/repository/com/github/almasb/fxgl/17.2/fxgl-17.2.jar!/fxglassets/languages/english.lang
00:56:30.640 [FXGL Background Thread 1 ] INFO  FXGLApplication      - FXGL initialization took: 0.776 sec
00:56:30.642 [JavaFX Application Thread] DEBUG FXGLAssetLoaderServi - Loading from file system: jar:file:/C:/Users/gerso/.m2/repository/com/github/almasb/fxgl/17.2/fxgl-17.2.jar!/fxglassets/textures/fxgl_icon.png
00:56:30.661 [JavaFX Application Thread] DEBUG FXGLAssetLoaderServi - Loading from file system: jar:file:/C:/Users/gerso/.m2/repository/com/github/almasb/fxgl/17.2/fxgl-17.2.jar!/fxglassets/textures/fxgl_default_cursor.png
00:56:30.675 [JavaFX Application Thread] DEBUG Input                - Registered new binding: Screenshot - CTRL+8
00:56:30.677 [JavaFX Application Thread] DEBUG Input                - Registered new binding: System info dump - CTRL+9
00:56:30.678 [JavaFX Application Thread] DEBUG Input                - Registered new binding: Restart - CTRL+R
00:56:30.679 [JavaFX Application Thread] DEBUG Input                - Registered new binding: Toggle Debug Camera - CTRL+7
00:56:30.683 [JavaFX Application Thread] DEBUG LoopRunner           - Starting loop
00:56:30.684 [JavaFX Application Thread] DEBUG LoopRunner           - Initializing JavaFX AnimationTimerLoop
00:56:30.687 [JavaFX Application Thread] DEBUG GameApplicationServi - Starting new game
00:56:30.688 [JavaFX Application Thread] DEBUG Input                - Clearing active input actions
00:56:30.702 [JavaFX Application Thread] DEBUG GameApplicationServi - Removing overlay from FXGLStartupScene and adding to FXGLLoadingScene
00:56:30.703 [JavaFX Application Thread] DEBUG PrimaryStageWindow   - FXGLStartupScene -> FXGLLoadingScene
00:56:30.703 [JavaFX Application Thread] DEBUG GameApplicationServi - Clearing previous game
00:56:30.704 [JavaFX Application Thread] DEBUG GameScene            - Clearing game scene
00:56:30.704 [JavaFX Application Thread] DEBUG GameWorld            - Clearing game world
00:56:30.704 [JavaFX Application Thread] DEBUG PhysicsWorld         - Clearing physics world
00:56:30.706 [FXGL Background Thread 1 ] DEBUG FXGLApplication      - Initializing game
00:56:30.708 [FXGL Background Thread 4 ] DEBUG FXGLAssetLoaderServi - Loading from file system: jar:file:/C:/Users/gerso/.m2/repository/com/github/almasb/fxgl/17.2/fxgl-17.2.jar!/fxglassets/ui/fonts/Abel-Regular.ttf
00:56:30.709 [FXGL Background Thread 1 ] DEBUG FXGLAssetLoaderServi - Loading from file system: file:/C:/Users/gerso/OneDrive/Documentos/Cuatrimestre%207/Concurrente/Java/Simulador_Restaurante/target/classes/assets/textures/fondo.png
00:56:30.717 [FXGL Background Thread 4 ] DEBUG FXGLAssetLoaderServi - Loading from file system: jar:file:/C:/Users/gerso/.m2/repository/com/github/almasb/fxgl/17.2/fxgl-17.2.jar!/fxglassets/ui/fonts/TerminalLandMono-Regular.otf
00:56:30.725 [FXGL Background Thread 4 ] DEBUG FXGLAssetLoaderServi - Loading from file system: jar:file:/C:/Users/gerso/.m2/repository/com/github/almasb/fxgl/17.2/fxgl-17.2.jar!/fxglassets/ui/fonts/Courier-Prime.ttf
00:56:30.734 [FXGL Background Thread 1 ] DEBUG FXGLAssetLoaderServi - Loading from file system: file:/C:/Users/gerso/OneDrive/Documentos/Cuatrimestre%207/Concurrente/Java/Simulador_Restaurante/target/classes/assets/textures/recepcionista.png
00:56:30.763 [FXGL Background Thread 1 ] DEBUG FXGLAssetLoaderServi - Loading from file system: file:/C:/Users/gerso/OneDrive/Documentos/Cuatrimestre%207/Concurrente/Java/Simulador_Restaurante/target/classes/assets/textures/cliente.png
00:56:30.775 [FXGL Background Thread 1 ] DEBUG FXGLAssetLoaderServi - Loading from file system: file:/C:/Users/gerso/OneDrive/Documentos/Cuatrimestre%207/Concurrente/Java/Simulador_Restaurante/target/classes/assets/textures/mesa.png
00:56:30.776 [JavaFX Application Thread] DEBUG FXGLApplication      - Registering font factories with UI factory
00:56:30.800 [FXGL Background Thread 1 ] INFO  FXGLApplication      - Game initialization took: 0.093 sec
00:56:30.872 [JavaFX Application Thread] DEBUG Input                - Clearing active input actions
00:56:30.881 [JavaFX Application Thread] DEBUG GameApplicationServi - Removing overlay from FXGLLoadingScene and adding to GameScene
00:56:30.882 [JavaFX Application Thread] DEBUG PrimaryStageWindow   - FXGLLoadingScene -> GameScene
00:56:31.318 [FXGL Background Thread 2 ] INFO  UpdaterService       - Your current version:  17.2
00:56:31.318 [FXGL Background Thread 2 ] INFO  UpdaterService       - Latest stable version: 21.1
00:56:33.600 [FXGL Background Thread 3 ] DEBUG Engine               - Logging environment variables
00:56:33.600 [FXGL Background Thread 3 ] DEBUG Engine               - achievements: []
00:56:33.600 [FXGL Background Thread 3 ] DEBUG Engine               - actualHeight: 768.0
00:56:33.601 [FXGL Background Thread 3 ] DEBUG Engine               - actualHeightProperty: ReadOnlyDoubleProperty [value: 768.0]
00:56:33.601 [FXGL Background Thread 3 ] DEBUG Engine               - actualWidth: 1511.0
00:56:33.601 [FXGL Background Thread 3 ] DEBUG Engine               - actualWidthProperty: ReadOnlyDoubleProperty [value: 1511.0]
00:56:33.601 [FXGL Background Thread 3 ] DEBUG Engine               - appIcon: fxgl_icon.png
00:56:33.601 [FXGL Background Thread 3 ] DEBUG Engine               - applicationMode: DEVELOPER
00:56:33.601 [FXGL Background Thread 3 ] DEBUG Engine               - cSSList: [fxgl_dark.css]
00:56:33.601 [FXGL Background Thread 3 ] DEBUG Engine               - collisionDetectionStrategy: BRUTE_FORCE
00:56:33.601 [FXGL Background Thread 3 ] DEBUG Engine               - configClass: Optional.empty
00:56:33.601 [FXGL Background Thread 3 ] DEBUG Engine               - credits: []
00:56:33.601 [FXGL Background Thread 3 ] DEBUG Engine               - defaultCursor: CursorInfo(imageName=fxgl_default_cursor.png, hotspotX=7.0, hotspotY=6.0)
00:56:33.601 [FXGL Background Thread 3 ] DEBUG Engine               - devBBoxColorProperty: ObjectProperty [value: 0xff0000ff]
00:56:33.601 [FXGL Background Thread 3 ] DEBUG Engine               - devEnableDebugCameraProperty: BooleanProperty [value: false]
00:56:33.602 [FXGL Background Thread 3 ] DEBUG Engine               - devSensorColorProperty: ObjectProperty [value: 0xffff00ff]
00:56:33.602 [FXGL Background Thread 3 ] DEBUG Engine               - devShowBBoxProperty: BooleanProperty [value: false]
00:56:33.602 [FXGL Background Thread 3 ] DEBUG Engine               - devShowPositionProperty: BooleanProperty [value: false]
00:56:33.602 [FXGL Background Thread 3 ] DEBUG Engine               - enabledMenuItems: []
00:56:33.602 [FXGL Background Thread 3 ] DEBUG Engine               - engineServices: [class com.almasb.fxgl.app.services.FXGLAssetLoaderService, class com.almasb.fxgl.app.FXGLApplication$GameApplicationService, class com.almasb.fxgl.app.services.FXGLDialogService, class com.almasb.fxgl.app.services.IOTaskExecutorService, class com.almasb.fxgl.io.FileSystemService, class com.almasb.fxgl.localization.LocalizationService, class com.almasb.fxgl.app.services.SystemBundleService, class com.almasb.fxgl.profile.SaveLoadService, class com.almasb.fxgl.ui.FXGLUIFactoryServiceProvider, class com.almasb.fxgl.ui.FXGLDialogFactoryServiceProvider, class com.almasb.fxgl.audio.AudioPlayer, class com.almasb.fxgl.notification.impl.NotificationServiceProvider, class com.almasb.fxgl.achievement.AchievementService, class com.almasb.fxgl.cutscene.CutsceneService, class com.almasb.fxgl.minigames.MiniGameService, class com.almasb.fxgl.net.NetService, class com.almasb.fxgl.app.services.UpdaterService, class com.almasb.fxgl.dev.DevService]
00:56:33.602 [FXGL Background Thread 3 ] DEBUG Engine               - fontGame: Abel-Regular.ttf
00:56:33.602 [FXGL Background Thread 3 ] DEBUG Engine               - fontMono: TerminalLandMono-Regular.otf
00:56:33.602 [FXGL Background Thread 3 ] DEBUG Engine               - fontText: Courier-Prime.ttf
00:56:33.602 [FXGL Background Thread 3 ] DEBUG Engine               - fontUI: VarelaRound-Regular.ttf
00:56:33.602 [FXGL Background Thread 3 ] DEBUG Engine               - fullScreen: BooleanProperty [value: false]
00:56:33.602 [FXGL Background Thread 3 ] DEBUG Engine               - gameDifficulty: MEDIUM
00:56:33.602 [FXGL Background Thread 3 ] DEBUG Engine               - gameDifficultyProperty: ObjectProperty [value: MEDIUM]
00:56:33.602 [FXGL Background Thread 3 ] DEBUG Engine               - globalMusicVolume: 0.5
00:56:33.602 [FXGL Background Thread 3 ] DEBUG Engine               - globalMusicVolumeProperty: DoubleProperty [value: 0.5]
00:56:33.602 [FXGL Background Thread 3 ] DEBUG Engine               - globalSoundVolume: 0.5
00:56:33.602 [FXGL Background Thread 3 ] DEBUG Engine               - globalSoundVolumeProperty: DoubleProperty [value: 0.5]
00:56:33.602 [FXGL Background Thread 3 ] DEBUG Engine               - height: 1000
00:56:33.602 [FXGL Background Thread 3 ] DEBUG Engine               - is3D: false
00:56:33.602 [FXGL Background Thread 3 ] DEBUG Engine               - isAndroid: false
00:56:33.602 [FXGL Background Thread 3 ] DEBUG Engine               - isBrowser: false
00:56:33.603 [FXGL Background Thread 3 ] DEBUG Engine               - isClickFeedbackEnabled: false
00:56:33.603 [FXGL Background Thread 3 ] DEBUG Engine               - isCloseConfirmation: false
00:56:33.603 [FXGL Background Thread 3 ] DEBUG Engine               - isDesktop: true
00:56:33.603 [FXGL Background Thread 3 ] DEBUG Engine               - isDeveloperMenuEnabled: false
00:56:33.603 [FXGL Background Thread 3 ] DEBUG Engine               - isEmbedded: false
00:56:33.603 [FXGL Background Thread 3 ] DEBUG Engine               - isEntityPreloadEnabled: true
00:56:33.603 [FXGL Background Thread 3 ] DEBUG Engine               - isExperimentalTiledLargeMap: false
00:56:33.603 [FXGL Background Thread 3 ] DEBUG Engine               - isFileSystemWriteAllowed: true
00:56:33.603 [FXGL Background Thread 3 ] DEBUG Engine               - isFullScreenAllowed: false
00:56:33.603 [FXGL Background Thread 3 ] DEBUG Engine               - isFullScreenFromStart: false
00:56:33.603 [FXGL Background Thread 3 ] DEBUG Engine               - isGameMenuEnabled: true
00:56:33.603 [FXGL Background Thread 3 ] DEBUG Engine               - isIOS: false
00:56:33.603 [FXGL Background Thread 3 ] DEBUG Engine               - isIntroEnabled: false
00:56:33.603 [FXGL Background Thread 3 ] DEBUG Engine               - isLinux: false
00:56:33.603 [FXGL Background Thread 3 ] DEBUG Engine               - isMac: false
00:56:33.603 [FXGL Background Thread 3 ] DEBUG Engine               - isMainMenuEnabled: false
00:56:33.603 [FXGL Background Thread 3 ] DEBUG Engine               - isManualResizeEnabled: false
00:56:33.603 [FXGL Background Thread 3 ] DEBUG Engine               - isMobile: false
00:56:33.603 [FXGL Background Thread 3 ] DEBUG Engine               - isNative: false
00:56:33.603 [FXGL Background Thread 3 ] DEBUG Engine               - isPauseMusicWhenMinimized: true
00:56:33.603 [FXGL Background Thread 3 ] DEBUG Engine               - isPreserveResizeRatio: false
00:56:33.603 [FXGL Background Thread 3 ] DEBUG Engine               - isProfilingEnabled: false
00:56:33.604 [FXGL Background Thread 3 ] DEBUG Engine               - isScaleAffectedOnResize: true
00:56:33.604 [FXGL Background Thread 3 ] DEBUG Engine               - isSingleStep: false
00:56:33.604 [FXGL Background Thread 3 ] DEBUG Engine               - isUserProfileEnabled: false
00:56:33.604 [FXGL Background Thread 3 ] DEBUG Engine               - isWindows: true
00:56:33.604 [FXGL Background Thread 3 ] DEBUG Engine               - language: ObjectProperty [value: ENGLISH]
00:56:33.604 [FXGL Background Thread 3 ] DEBUG Engine               - menuKey: ESCAPE
00:56:33.604 [FXGL Background Thread 3 ] DEBUG Engine               - mouseSensitivity: 0.2
00:56:33.604 [FXGL Background Thread 3 ] DEBUG Engine               - notificationViewClass: class com.almasb.fxgl.notification.view.XboxNotificationView
00:56:33.604 [FXGL Background Thread 3 ] DEBUG Engine               - pixelsPerMeter: 50.0
00:56:33.604 [FXGL Background Thread 3 ] DEBUG Engine               - platform: WINDOWS
00:56:33.604 [FXGL Background Thread 3 ] DEBUG Engine               - prefHeightProperty: ReadOnlyDoubleProperty [value: 1000.0]
00:56:33.604 [FXGL Background Thread 3 ] DEBUG Engine               - prefWidthProperty: ReadOnlyDoubleProperty [value: 2000.0]
00:56:33.604 [FXGL Background Thread 3 ] DEBUG Engine               - profileDir: profiles/
00:56:33.604 [FXGL Background Thread 3 ] DEBUG Engine               - profileName: StringProperty [value: DEFAULT]
00:56:33.604 [FXGL Background Thread 3 ] DEBUG Engine               - randomSeed: -1
00:56:33.604 [FXGL Background Thread 3 ] DEBUG Engine               - runtimeInfo: RuntimeInfo(platform=WINDOWS, version=17.2, build=20.08.2022 16.50)
00:56:33.604 [FXGL Background Thread 3 ] DEBUG Engine               - saveFileExt: sav
00:56:33.604 [FXGL Background Thread 3 ] DEBUG Engine               - scaledHeightProp$fxgl: DoubleProperty [bound, value: 768.0]
00:56:33.604 [FXGL Background Thread 3 ] DEBUG Engine               - scaledWidthProp$fxgl: DoubleProperty [bound, value: 1511.0]
00:56:33.605 [FXGL Background Thread 3 ] DEBUG Engine               - sceneFactory: com.almasb.fxgl.app.scene.SceneFactory@12af33d8
00:56:33.605 [FXGL Background Thread 3 ] DEBUG Engine               - secondsIn24h: 60
00:56:33.605 [FXGL Background Thread 3 ] DEBUG Engine               - soundMenuBack: menu/back.wav
00:56:33.605 [FXGL Background Thread 3 ] DEBUG Engine               - soundMenuPress: menu/press.wav
00:56:33.605 [FXGL Background Thread 3 ] DEBUG Engine               - soundMenuSelect: menu/select.wav
00:56:33.605 [FXGL Background Thread 3 ] DEBUG Engine               - soundNotification: core/notification.wav
00:56:33.605 [FXGL Background Thread 3 ] DEBUG Engine               - stageStyle: DECORATED
00:56:33.605 [FXGL Background Thread 3 ] DEBUG Engine               - supportedLanguages: [ENGLISH, FRENCH, GERMAN, HUNGARIAN, RUSSIAN]
00:56:33.605 [FXGL Background Thread 3 ] DEBUG Engine               - ticksPerSecond: -1
00:56:33.605 [FXGL Background Thread 3 ] DEBUG Engine               - title: Simulador de Restaurante
00:56:33.605 [FXGL Background Thread 3 ] DEBUG Engine               - urlGithub: https://github.com/AlmasB/FXGL
00:56:33.605 [FXGL Background Thread 3 ] DEBUG Engine               - urlLeaderboard: http://fxgl-top.herokuapp.com/
00:56:33.605 [FXGL Background Thread 3 ] DEBUG Engine               - urlPOM: https://raw.githubusercontent.com/AlmasB/FXGL/release/README.md
00:56:33.605 [FXGL Background Thread 3 ] DEBUG Engine               - userAppClass: class org.example.Main
00:56:33.605 [FXGL Background Thread 3 ] DEBUG Engine               - version: 1.0
00:56:33.605 [FXGL Background Thread 3 ] DEBUG Engine               - versionCheckDays: 7
00:56:33.605 [FXGL Background Thread 3 ] DEBUG Engine               - width: 2000
00:56:33.605 [FXGL Background Thread 3 ] DEBUG Engine               - Logging services
00:56:33.605 [FXGL Background Thread 3 ] DEBUG Engine               - class com.almasb.fxgl.app.services.FXGLAssetLoaderService
00:56:33.605 [FXGL Background Thread 3 ] DEBUG Engine               - class com.almasb.fxgl.app.FXGLApplication$GameApplicationService
00:56:33.605 [FXGL Background Thread 3 ] DEBUG Engine               - class com.almasb.fxgl.app.services.FXGLDialogService
00:56:33.605 [FXGL Background Thread 3 ] DEBUG Engine               - class com.almasb.fxgl.app.services.IOTaskExecutorService
00:56:33.605 [FXGL Background Thread 3 ] DEBUG Engine               - class com.almasb.fxgl.io.FileSystemService
00:56:33.605 [FXGL Background Thread 3 ] DEBUG Engine               - class com.almasb.fxgl.localization.LocalizationService
00:56:33.605 [FXGL Background Thread 3 ] DEBUG Engine               - class com.almasb.fxgl.app.services.SystemBundleService
00:56:33.605 [FXGL Background Thread 3 ] DEBUG Engine               - class com.almasb.fxgl.profile.SaveLoadService
00:56:33.605 [FXGL Background Thread 3 ] DEBUG Engine               - class com.almasb.fxgl.ui.FXGLUIFactoryServiceProvider
00:56:33.606 [FXGL Background Thread 3 ] DEBUG Engine               - class com.almasb.fxgl.ui.FXGLDialogFactoryServiceProvider
00:56:33.606 [FXGL Background Thread 3 ] DEBUG Engine               - class com.almasb.fxgl.audio.AudioPlayer
00:56:33.606 [FXGL Background Thread 3 ] DEBUG Engine               - class com.almasb.fxgl.notification.impl.NotificationServiceProvider
00:56:33.606 [FXGL Background Thread 3 ] DEBUG Engine               - class com.almasb.fxgl.achievement.AchievementService
00:56:33.606 [FXGL Background Thread 3 ] DEBUG Engine               - class com.almasb.fxgl.cutscene.CutsceneService
00:56:33.606 [FXGL Background Thread 3 ] DEBUG Engine               - class com.almasb.fxgl.minigames.MiniGameService
00:56:33.606 [FXGL Background Thread 3 ] DEBUG Engine               - class com.almasb.fxgl.net.NetService
00:56:33.606 [FXGL Background Thread 3 ] DEBUG Engine               - class com.almasb.fxgl.app.services.UpdaterService
00:56:33.606 [FXGL Background Thread 3 ] DEBUG Engine               - class com.almasb.fxgl.dev.DevService
00:56:37.405 [JavaFX Application Thread] DEBUG FXGLApplication      - Exiting FXGL
00:56:37.405 [JavaFX Application Thread] DEBUG LoopRunner           - Stopping loop
00:56:37.405 [JavaFX Application Thread] DEBUG SystemBundleService  - Saving FXGL system data
00:56:37.444 [JavaFX Application Thread] DEBUG FileSystemAccess     - Writing to: C:\Users\gerso\OneDrive\Documentos\Cuatrimestre 7\Concurrente\Java\Simulador_Restaurante\system\fxgl.bundle
00:56:37.446 [JavaFX Application Thread] DEBUG Async                - Shutting down background threads
00:56:37.446 [JavaFX Application Thread] DEBUG PrimaryStageWindow   - Closing main window
00:56:37.468 [JavaFX Application Thread] DEBUG Logger               - Closing Logger
