04:01:47.119 [main                     ] DEBUG Logger               - Configured Logger
04:01:47.160 [main                     ] DEBUG GameApplication      - Logging settings
Title: Simulador de Restaurante
Version: 1.0
Width: 2000
Height: 1000
Fullscreen: false
Intro: false
Profiling: false
Single step:false
App Mode: DEVELOPER
Menu Key: ESCAPE
Stage Style: DECORATED
Scene Factory: class com.almasb.fxgl.app.scene.SceneFactory

04:01:48.280 [JavaFX Application Thread] DEBUG FXGLApplication      - Initializing FXGL
04:01:48.287 [JavaFX Application Thread] INFO  Engine               - FXGL-17.2 (20.08.2022 16.50) on WINDOWS (J:17.0.5 FX:18)
04:01:48.287 [JavaFX Application Thread] DEBUG Engine               - JRE Vendor Name: Oracle Corporation
04:01:48.287 [JavaFX Application Thread] DEBUG Engine               - Running on OS: Windows 11 version 10.0
04:01:48.288 [JavaFX Application Thread] DEBUG Engine               - Architecture: amd64
04:01:48.288 [JavaFX Application Thread] INFO  Engine               - Source code and latest versions at: https://github.com/AlmasB/FXGL
04:01:48.288 [JavaFX Application Thread] INFO  Engine               -       Ask questions and discuss at: https://github.com/AlmasB/FXGL/discussions
04:01:48.288 [JavaFX Application Thread] INFO  Engine               -              Join the FXGL chat at: https://gitter.im/AlmasB/FXGL
04:01:48.452 [JavaFX Application Thread] DEBUG PrimaryStageWindow   - Creating a JavaFX scene
04:01:48.452 [JavaFX Application Thread] DEBUG PrimaryStageWindow   - Target size > screen size
04:01:48.528 [JavaFX Application Thread] DEBUG PrimaryStageWindow   - Target settings size: 2000.0 x 1000.0
04:01:48.528 [JavaFX Application Thread] DEBUG PrimaryStageWindow   - Scaled scene size:    1895.0 x 960.0
04:01:48.529 [JavaFX Application Thread] DEBUG PrimaryStageWindow   - Scaled ratio: (0.9475, 0.96)
04:01:48.530 [JavaFX Application Thread] DEBUG PrimaryStageWindow   - Set initial scene to FXGLStartupScene
04:01:48.540 [JavaFX Application Thread] DEBUG PrimaryStageWindow   - Opening main window
04:01:48.691 [JavaFX Application Thread] DEBUG PrimaryStageWindow   - Window border size: (16.0, 39.0)
04:01:48.692 [JavaFX Application Thread] DEBUG PrimaryStageWindow   - Scaled size: 1895.0 x 960.0
04:01:48.692 [JavaFX Application Thread] DEBUG PrimaryStageWindow   - Scaled ratio: (0.9475, 0.96)
04:01:48.692 [JavaFX Application Thread] DEBUG PrimaryStageWindow   - Scene size: 1895.0 x 960.0
04:01:48.693 [JavaFX Application Thread] DEBUG PrimaryStageWindow   - Stage size: 1911.0 x 999.0
04:01:48.707 [FXGL Background Thread 1 ] DEBUG Engine               - Initializing environment variables
04:01:48.767 [FXGL Background Thread 1 ] DEBUG FXGLAssetLoaderServi - User app class for loading assets: class org.example.Main
04:01:48.768 [FXGL Background Thread 1 ] DEBUG GameApplicationServi - Applying CSS: fxgl_dark.css
04:01:48.771 [FXGL Background Thread 1 ] DEBUG FXGLAssetLoaderServi - Loading from file system: jar:file:/C:/Users/deskr/.m2/repository/com/github/almasb/fxgl/17.2/fxgl-17.2.jar!/fxglassets/ui/css/fxgl_dark.css
04:01:48.851 [FXGL Background Thread 1 ] DEBUG GameApplicationServi - Initializing application scenes
04:01:48.926 [FXGL Background Thread 1 ] DEBUG GameWorld            - Game world initialized
04:01:49.032 [FXGL Background Thread 1 ] DEBUG PhysicsWorld         - Physics world initialized: appHeight=1000, physics.ppm=50.0
04:01:49.033 [FXGL Background Thread 1 ] DEBUG PhysicsWorld         - Using strategy: BRUTE_FORCE
04:01:49.037 [FXGL Background Thread 1 ] DEBUG GameScene            - Game scene initialized: 2000x1000
04:01:49.057 [FXGL Background Thread 1 ] DEBUG FXGL.DefaultMenu     - createMenuBodyGameMenu()
04:01:49.081 [FXGL Background Thread 1 ] DEBUG FXGL.DefaultMenu     - createOptionsMenu()
04:01:49.097 [FXGL Background Thread 1 ] DEBUG FXGLAssetLoaderServi - Loading from file system: jar:file:/C:/Users/deskr/.m2/repository/com/github/almasb/fxgl/17.2/fxgl-17.2.jar!/fxglassets/textures/particles/smoke.png
04:01:49.224 [FXGL Background Thread 1 ] DEBUG FXGLAssetLoaderServi - Loading from file system: jar:file:/C:/Users/deskr/.m2/repository/com/github/almasb/fxgl/17.2/fxgl-17.2.jar!/fxglassets/textures/particles/trace_horizontal.png
04:01:49.263 [FXGL Background Thread 1 ] DEBUG GameApplicationServi - Application scenes initialized
04:01:49.287 [FXGL Background Thread 1 ] DEBUG SystemBundleService  - Loading FXGL system data
04:01:49.298 [FXGL Background Thread 1 ] DEBUG FileSystemAccess     - Reading from: C:\Users\deskr\OneDrive\Documentos\7 cuatrimestre\Programacion Concurrente\fxl Simulador\system\fxgl.bundle
04:01:49.320 [FXGL Background Thread 1 ] DEBUG SystemBundleService  - Bundle FXGL: {}
04:01:49.320 [FXGL Background Thread 1 ] DEBUG UpdaterService       - Checking for updates
04:01:49.328 [FXGL Background Thread 4 ] DEBUG FXGLApplication      - Loading fonts
04:01:49.329 [FXGL Background Thread 1 ] DEBUG FXGLApplication      - Loading default localization
04:01:49.329 [FXGL Background Thread 4 ] DEBUG FXGLAssetLoaderServi - Loading from file system: jar:file:/C:/Users/deskr/.m2/repository/com/github/almasb/fxgl/17.2/fxgl-17.2.jar!/fxglassets/ui/fonts/VarelaRound-Regular.ttf
04:01:49.329 [FXGL Background Thread 1 ] DEBUG FXGLAssetLoaderServi - Loading from file system: jar:file:/C:/Users/deskr/.m2/repository/com/github/almasb/fxgl/17.2/fxgl-17.2.jar!/fxglassets/languages/english.lang
04:01:49.369 [FXGL Background Thread 1 ] INFO  FXGLApplication      - FXGL initialization took: 0.662 sec
04:01:49.373 [JavaFX Application Thread] DEBUG FXGLAssetLoaderServi - Loading from file system: jar:file:/C:/Users/deskr/.m2/repository/com/github/almasb/fxgl/17.2/fxgl-17.2.jar!/fxglassets/textures/fxgl_icon.png
04:01:49.406 [JavaFX Application Thread] DEBUG FXGLAssetLoaderServi - Loading from file system: jar:file:/C:/Users/deskr/.m2/repository/com/github/almasb/fxgl/17.2/fxgl-17.2.jar!/fxglassets/textures/fxgl_default_cursor.png
04:01:49.427 [JavaFX Application Thread] DEBUG Input                - Registered new binding: Screenshot - CTRL+8
04:01:49.428 [JavaFX Application Thread] DEBUG Input                - Registered new binding: System info dump - CTRL+9
04:01:49.429 [JavaFX Application Thread] DEBUG Input                - Registered new binding: Restart - CTRL+R
04:01:49.429 [JavaFX Application Thread] DEBUG Input                - Registered new binding: Toggle Debug Camera - CTRL+7
04:01:49.432 [JavaFX Application Thread] DEBUG LoopRunner           - Starting loop
04:01:49.432 [JavaFX Application Thread] DEBUG LoopRunner           - Initializing JavaFX AnimationTimerLoop
04:01:49.471 [JavaFX Application Thread] DEBUG GameApplicationServi - Starting new game
04:01:49.472 [JavaFX Application Thread] DEBUG Input                - Clearing active input actions
04:01:49.473 [FXGL Background Thread 4 ] DEBUG FXGLAssetLoaderServi - Loading from file system: jar:file:/C:/Users/deskr/.m2/repository/com/github/almasb/fxgl/17.2/fxgl-17.2.jar!/fxglassets/ui/fonts/Abel-Regular.ttf
04:01:49.491 [JavaFX Application Thread] DEBUG GameApplicationServi - Removing overlay from FXGLStartupScene and adding to FXGLLoadingScene
04:01:49.492 [JavaFX Application Thread] DEBUG PrimaryStageWindow   - FXGLStartupScene -> FXGLLoadingScene
04:01:49.492 [JavaFX Application Thread] DEBUG GameApplicationServi - Clearing previous game
04:01:49.492 [JavaFX Application Thread] DEBUG GameScene            - Clearing game scene
04:01:49.492 [JavaFX Application Thread] DEBUG GameWorld            - Clearing game world
04:01:49.493 [JavaFX Application Thread] DEBUG PhysicsWorld         - Clearing physics world
04:01:49.496 [FXGL Background Thread 1 ] DEBUG FXGLApplication      - Initializing game
04:01:49.512 [FXGL Background Thread 4 ] DEBUG FXGLAssetLoaderServi - Loading from file system: jar:file:/C:/Users/deskr/.m2/repository/com/github/almasb/fxgl/17.2/fxgl-17.2.jar!/fxglassets/ui/fonts/TerminalLandMono-Regular.otf
04:01:49.514 [FXGL Background Thread 1 ] DEBUG FXGLAssetLoaderServi - Loading from file system: file:/C:/Users/deskr/OneDrive/Documentos/7%20cuatrimestre/Programacion%20Concurrente/fxl%20Simulador/target/classes/assets/textures/fondo.png
04:01:49.610 [FXGL Background Thread 4 ] DEBUG FXGLAssetLoaderServi - Loading from file system: jar:file:/C:/Users/deskr/.m2/repository/com/github/almasb/fxgl/17.2/fxgl-17.2.jar!/fxglassets/ui/fonts/Courier-Prime.ttf
04:01:49.672 [FXGL Background Thread 1 ] DEBUG FXGLAssetLoaderServi - Loading from file system: file:/C:/Users/deskr/OneDrive/Documentos/7%20cuatrimestre/Programacion%20Concurrente/fxl%20Simulador/target/classes/assets/textures/recepcionista.png
04:01:49.808 [JavaFX Application Thread] DEBUG FXGLApplication      - Registering font factories with UI factory
04:01:49.879 [FXGL Background Thread 1 ] DEBUG FXGLAssetLoaderServi - Loading from file system: file:/C:/Users/deskr/OneDrive/Documentos/7%20cuatrimestre/Programacion%20Concurrente/fxl%20Simulador/target/classes/assets/textures/chef.png
04:01:49.983 [FXGL Background Thread 1 ] DEBUG FXGLAssetLoaderServi - Loading from file system: file:/C:/Users/deskr/OneDrive/Documentos/7%20cuatrimestre/Programacion%20Concurrente/fxl%20Simulador/target/classes/assets/textures/mesera.png
04:01:50.296 [FXGL Background Thread 1 ] DEBUG FXGLAssetLoaderServi - Loading from file system: file:/C:/Users/deskr/OneDrive/Documentos/7%20cuatrimestre/Programacion%20Concurrente/fxl%20Simulador/target/classes/assets/textures/mesa.png
04:01:50.529 [FXGL Background Thread 1 ] DEBUG FXGLAssetLoaderServi - Loading from file system: file:/C:/Users/deskr/OneDrive/Documentos/7%20cuatrimestre/Programacion%20Concurrente/fxl%20Simulador/target/classes/assets/textures/cliente.png
04:01:50.550 [pool-2-thread-1          ] INFO  LoggerDepuracionFXGL - Mesa 0 asignada al comensal Comensal1por pattern
04:01:50.561 [FXGL Background Thread 1 ] INFO  FXGLApplication      - Game initialization took: 1.066 sec
04:01:50.608 [JavaFX Application Thread] DEBUG LoopRunner           - Pausing loop
04:01:50.906 [JavaFX Application Thread] DEBUG Input                - Clearing active input actions
04:01:50.920 [JavaFX Application Thread] DEBUG GameApplicationServi - Removing overlay from FXGLLoadingScene and adding to GameScene
04:01:50.920 [JavaFX Application Thread] DEBUG PrimaryStageWindow   - FXGLLoadingScene -> GameScene
04:01:51.223 [FXGL Background Thread 2 ] INFO  UpdaterService       - Your current version:  17.2
04:01:51.225 [FXGL Background Thread 2 ] INFO  UpdaterService       - Latest stable version: 21.1
04:01:51.552 [pool-2-thread-1          ] INFO  LoggerDepuracionFXGL - Mesa 1 asignada al comensal Comensal2por pattern
04:01:52.326 [FXGL Background Thread 3 ] DEBUG Engine               - Logging environment variables
04:01:52.327 [FXGL Background Thread 3 ] DEBUG Engine               - achievements: []
04:01:52.327 [FXGL Background Thread 3 ] DEBUG Engine               - actualHeight: 960.0
04:01:52.327 [FXGL Background Thread 3 ] DEBUG Engine               - actualHeightProperty: ReadOnlyDoubleProperty [value: 960.0]
04:01:52.327 [FXGL Background Thread 3 ] DEBUG Engine               - actualWidth: 1895.0
04:01:52.328 [FXGL Background Thread 3 ] DEBUG Engine               - actualWidthProperty: ReadOnlyDoubleProperty [value: 1895.0]
04:01:52.328 [FXGL Background Thread 3 ] DEBUG Engine               - appIcon: fxgl_icon.png
04:01:52.328 [FXGL Background Thread 3 ] DEBUG Engine               - applicationMode: DEVELOPER
04:01:52.328 [FXGL Background Thread 3 ] DEBUG Engine               - cSSList: [fxgl_dark.css]
04:01:52.328 [FXGL Background Thread 3 ] DEBUG Engine               - collisionDetectionStrategy: BRUTE_FORCE
04:01:52.328 [FXGL Background Thread 3 ] DEBUG Engine               - configClass: Optional.empty
04:01:52.328 [FXGL Background Thread 3 ] DEBUG Engine               - credits: []
04:01:52.328 [FXGL Background Thread 3 ] DEBUG Engine               - defaultCursor: CursorInfo(imageName=fxgl_default_cursor.png, hotspotX=7.0, hotspotY=6.0)
04:01:52.328 [FXGL Background Thread 3 ] DEBUG Engine               - devBBoxColorProperty: ObjectProperty [value: 0xff0000ff]
04:01:52.329 [FXGL Background Thread 3 ] DEBUG Engine               - devEnableDebugCameraProperty: BooleanProperty [value: false]
04:01:52.329 [FXGL Background Thread 3 ] DEBUG Engine               - devSensorColorProperty: ObjectProperty [value: 0xffff00ff]
04:01:52.329 [FXGL Background Thread 3 ] DEBUG Engine               - devShowBBoxProperty: BooleanProperty [value: false]
04:01:52.329 [FXGL Background Thread 3 ] DEBUG Engine               - devShowPositionProperty: BooleanProperty [value: false]
04:01:52.329 [FXGL Background Thread 3 ] DEBUG Engine               - enabledMenuItems: []
04:01:52.329 [FXGL Background Thread 3 ] DEBUG Engine               - engineServices: [class com.almasb.fxgl.app.services.FXGLAssetLoaderService, class com.almasb.fxgl.app.FXGLApplication$GameApplicationService, class com.almasb.fxgl.app.services.FXGLDialogService, class com.almasb.fxgl.app.services.IOTaskExecutorService, class com.almasb.fxgl.io.FileSystemService, class com.almasb.fxgl.localization.LocalizationService, class com.almasb.fxgl.app.services.SystemBundleService, class com.almasb.fxgl.profile.SaveLoadService, class com.almasb.fxgl.ui.FXGLUIFactoryServiceProvider, class com.almasb.fxgl.ui.FXGLDialogFactoryServiceProvider, class com.almasb.fxgl.audio.AudioPlayer, class com.almasb.fxgl.notification.impl.NotificationServiceProvider, class com.almasb.fxgl.achievement.AchievementService, class com.almasb.fxgl.cutscene.CutsceneService, class com.almasb.fxgl.minigames.MiniGameService, class com.almasb.fxgl.net.NetService, class com.almasb.fxgl.app.services.UpdaterService, class com.almasb.fxgl.dev.DevService]
04:01:52.329 [FXGL Background Thread 3 ] DEBUG Engine               - fontGame: Abel-Regular.ttf
04:01:52.329 [FXGL Background Thread 3 ] DEBUG Engine               - fontMono: TerminalLandMono-Regular.otf
04:01:52.329 [FXGL Background Thread 3 ] DEBUG Engine               - fontText: Courier-Prime.ttf
04:01:52.329 [FXGL Background Thread 3 ] DEBUG Engine               - fontUI: VarelaRound-Regular.ttf
04:01:52.329 [FXGL Background Thread 3 ] DEBUG Engine               - fullScreen: BooleanProperty [value: false]
04:01:52.329 [FXGL Background Thread 3 ] DEBUG Engine               - gameDifficulty: MEDIUM
04:01:52.329 [FXGL Background Thread 3 ] DEBUG Engine               - gameDifficultyProperty: ObjectProperty [value: MEDIUM]
04:01:52.329 [FXGL Background Thread 3 ] DEBUG Engine               - globalMusicVolume: 0.5
04:01:52.329 [FXGL Background Thread 3 ] DEBUG Engine               - globalMusicVolumeProperty: DoubleProperty [value: 0.5]
04:01:52.329 [FXGL Background Thread 3 ] DEBUG Engine               - globalSoundVolume: 0.5
04:01:52.329 [FXGL Background Thread 3 ] DEBUG Engine               - globalSoundVolumeProperty: DoubleProperty [value: 0.5]
04:01:52.330 [FXGL Background Thread 3 ] DEBUG Engine               - height: 1000
04:01:52.330 [FXGL Background Thread 3 ] DEBUG Engine               - is3D: false
04:01:52.330 [FXGL Background Thread 3 ] DEBUG Engine               - isAndroid: false
04:01:52.330 [FXGL Background Thread 3 ] DEBUG Engine               - isBrowser: false
04:01:52.330 [FXGL Background Thread 3 ] DEBUG Engine               - isClickFeedbackEnabled: false
04:01:52.330 [FXGL Background Thread 3 ] DEBUG Engine               - isCloseConfirmation: false
04:01:52.330 [FXGL Background Thread 3 ] DEBUG Engine               - isDesktop: true
04:01:52.330 [FXGL Background Thread 3 ] DEBUG Engine               - isDeveloperMenuEnabled: false
04:01:52.330 [FXGL Background Thread 3 ] DEBUG Engine               - isEmbedded: false
04:01:52.330 [FXGL Background Thread 3 ] DEBUG Engine               - isEntityPreloadEnabled: true
04:01:52.330 [FXGL Background Thread 3 ] DEBUG Engine               - isExperimentalTiledLargeMap: false
04:01:52.330 [FXGL Background Thread 3 ] DEBUG Engine               - isFileSystemWriteAllowed: true
04:01:52.330 [FXGL Background Thread 3 ] DEBUG Engine               - isFullScreenAllowed: false
04:01:52.330 [FXGL Background Thread 3 ] DEBUG Engine               - isFullScreenFromStart: false
04:01:52.330 [FXGL Background Thread 3 ] DEBUG Engine               - isGameMenuEnabled: true
04:01:52.330 [FXGL Background Thread 3 ] DEBUG Engine               - isIOS: false
04:01:52.330 [FXGL Background Thread 3 ] DEBUG Engine               - isIntroEnabled: false
04:01:52.331 [FXGL Background Thread 3 ] DEBUG Engine               - isLinux: false
04:01:52.331 [FXGL Background Thread 3 ] DEBUG Engine               - isMac: false
04:01:52.331 [FXGL Background Thread 3 ] DEBUG Engine               - isMainMenuEnabled: false
04:01:52.331 [FXGL Background Thread 3 ] DEBUG Engine               - isManualResizeEnabled: false
04:01:52.331 [FXGL Background Thread 3 ] DEBUG Engine               - isMobile: false
04:01:52.331 [FXGL Background Thread 3 ] DEBUG Engine               - isNative: false
04:01:52.331 [FXGL Background Thread 3 ] DEBUG Engine               - isPauseMusicWhenMinimized: true
04:01:52.331 [FXGL Background Thread 3 ] DEBUG Engine               - isPreserveResizeRatio: false
04:01:52.331 [FXGL Background Thread 3 ] DEBUG Engine               - isProfilingEnabled: false
04:01:52.331 [FXGL Background Thread 3 ] DEBUG Engine               - isScaleAffectedOnResize: true
04:01:52.331 [FXGL Background Thread 3 ] DEBUG Engine               - isSingleStep: false
04:01:52.331 [FXGL Background Thread 3 ] DEBUG Engine               - isUserProfileEnabled: false
04:01:52.331 [FXGL Background Thread 3 ] DEBUG Engine               - isWindows: true
04:01:52.331 [FXGL Background Thread 3 ] DEBUG Engine               - language: ObjectProperty [value: ENGLISH]
04:01:52.331 [FXGL Background Thread 3 ] DEBUG Engine               - menuKey: ESCAPE
04:01:52.331 [FXGL Background Thread 3 ] DEBUG Engine               - mouseSensitivity: 0.2
04:01:52.331 [FXGL Background Thread 3 ] DEBUG Engine               - notificationViewClass: class com.almasb.fxgl.notification.view.XboxNotificationView
04:01:52.331 [FXGL Background Thread 3 ] DEBUG Engine               - pixelsPerMeter: 50.0
04:01:52.331 [FXGL Background Thread 3 ] DEBUG Engine               - platform: WINDOWS
04:01:52.331 [FXGL Background Thread 3 ] DEBUG Engine               - prefHeightProperty: ReadOnlyDoubleProperty [value: 1000.0]
04:01:52.332 [FXGL Background Thread 3 ] DEBUG Engine               - prefWidthProperty: ReadOnlyDoubleProperty [value: 2000.0]
04:01:52.332 [FXGL Background Thread 3 ] DEBUG Engine               - profileDir: profiles/
04:01:52.332 [FXGL Background Thread 3 ] DEBUG Engine               - profileName: StringProperty [value: DEFAULT]
04:01:52.332 [FXGL Background Thread 3 ] DEBUG Engine               - randomSeed: -1
04:01:52.332 [FXGL Background Thread 3 ] DEBUG Engine               - runtimeInfo: RuntimeInfo(platform=WINDOWS, version=17.2, build=20.08.2022 16.50)
04:01:52.332 [FXGL Background Thread 3 ] DEBUG Engine               - saveFileExt: sav
04:01:52.332 [FXGL Background Thread 3 ] DEBUG Engine               - scaledHeightProp$fxgl: DoubleProperty [bound, value: 960.0]
04:01:52.332 [FXGL Background Thread 3 ] DEBUG Engine               - scaledWidthProp$fxgl: DoubleProperty [bound, value: 1895.0]
04:01:52.332 [FXGL Background Thread 3 ] DEBUG Engine               - sceneFactory: com.almasb.fxgl.app.scene.SceneFactory@70c5cbb4
04:01:52.332 [FXGL Background Thread 3 ] DEBUG Engine               - secondsIn24h: 60
04:01:52.332 [FXGL Background Thread 3 ] DEBUG Engine               - soundMenuBack: menu/back.wav
04:01:52.332 [FXGL Background Thread 3 ] DEBUG Engine               - soundMenuPress: menu/press.wav
04:01:52.332 [FXGL Background Thread 3 ] DEBUG Engine               - soundMenuSelect: menu/select.wav
04:01:52.332 [FXGL Background Thread 3 ] DEBUG Engine               - soundNotification: core/notification.wav
04:01:52.332 [FXGL Background Thread 3 ] DEBUG Engine               - stageStyle: DECORATED
04:01:52.333 [FXGL Background Thread 3 ] DEBUG Engine               - supportedLanguages: [ENGLISH, FRENCH, GERMAN, HUNGARIAN, RUSSIAN]
04:01:52.333 [FXGL Background Thread 3 ] DEBUG Engine               - ticksPerSecond: -1
04:01:52.333 [FXGL Background Thread 3 ] DEBUG Engine               - title: Simulador de Restaurante
04:01:52.333 [FXGL Background Thread 3 ] DEBUG Engine               - urlGithub: https://github.com/AlmasB/FXGL
04:01:52.333 [FXGL Background Thread 3 ] DEBUG Engine               - urlLeaderboard: http://fxgl-top.herokuapp.com/
04:01:52.333 [FXGL Background Thread 3 ] DEBUG Engine               - urlPOM: https://raw.githubusercontent.com/AlmasB/FXGL/release/README.md
04:01:52.333 [FXGL Background Thread 3 ] DEBUG Engine               - userAppClass: class org.example.Main
04:01:52.333 [FXGL Background Thread 3 ] DEBUG Engine               - version: 1.0
04:01:52.333 [FXGL Background Thread 3 ] DEBUG Engine               - versionCheckDays: 7
04:01:52.333 [FXGL Background Thread 3 ] DEBUG Engine               - width: 2000
04:01:52.333 [FXGL Background Thread 3 ] DEBUG Engine               - Logging services
04:01:52.333 [FXGL Background Thread 3 ] DEBUG Engine               - class com.almasb.fxgl.app.services.FXGLAssetLoaderService
04:01:52.333 [FXGL Background Thread 3 ] DEBUG Engine               - class com.almasb.fxgl.app.FXGLApplication$GameApplicationService
04:01:52.333 [FXGL Background Thread 3 ] DEBUG Engine               - class com.almasb.fxgl.app.services.FXGLDialogService
04:01:52.333 [FXGL Background Thread 3 ] DEBUG Engine               - class com.almasb.fxgl.app.services.IOTaskExecutorService
04:01:52.333 [FXGL Background Thread 3 ] DEBUG Engine               - class com.almasb.fxgl.io.FileSystemService
04:01:52.333 [FXGL Background Thread 3 ] DEBUG Engine               - class com.almasb.fxgl.localization.LocalizationService
04:01:52.333 [FXGL Background Thread 3 ] DEBUG Engine               - class com.almasb.fxgl.app.services.SystemBundleService
04:01:52.333 [FXGL Background Thread 3 ] DEBUG Engine               - class com.almasb.fxgl.profile.SaveLoadService
04:01:52.333 [FXGL Background Thread 3 ] DEBUG Engine               - class com.almasb.fxgl.ui.FXGLUIFactoryServiceProvider
04:01:52.333 [FXGL Background Thread 3 ] DEBUG Engine               - class com.almasb.fxgl.ui.FXGLDialogFactoryServiceProvider
04:01:52.333 [FXGL Background Thread 3 ] DEBUG Engine               - class com.almasb.fxgl.audio.AudioPlayer
04:01:52.333 [FXGL Background Thread 3 ] DEBUG Engine               - class com.almasb.fxgl.notification.impl.NotificationServiceProvider
04:01:52.334 [FXGL Background Thread 3 ] DEBUG Engine               - class com.almasb.fxgl.achievement.AchievementService
04:01:52.334 [FXGL Background Thread 3 ] DEBUG Engine               - class com.almasb.fxgl.cutscene.CutsceneService
04:01:52.334 [FXGL Background Thread 3 ] DEBUG Engine               - class com.almasb.fxgl.minigames.MiniGameService
04:01:52.334 [FXGL Background Thread 3 ] DEBUG Engine               - class com.almasb.fxgl.net.NetService
04:01:52.334 [FXGL Background Thread 3 ] DEBUG Engine               - class com.almasb.fxgl.app.services.UpdaterService
04:01:52.334 [FXGL Background Thread 3 ] DEBUG Engine               - class com.almasb.fxgl.dev.DevService
04:01:52.553 [pool-2-thread-1          ] INFO  LoggerDepuracionFXGL - Mesa 2 asignada al comensal Comensal3por pattern
04:01:53.555 [pool-2-thread-1          ] INFO  LoggerDepuracionFXGL - Mesa 3 asignada al comensal Comensal4por pattern
04:01:54.555 [pool-2-thread-1          ] INFO  LoggerDepuracionFXGL - Mesa 4 asignada al comensal Comensal5por pattern
04:01:55.563 [pool-2-thread-1          ] INFO  LoggerDepuracionFXGL - Mesa 5 asignada al comensal Comensal6por pattern
04:01:56.577 [pool-2-thread-1          ] INFO  LoggerDepuracionFXGL - Mesa 6 asignada al comensal Comensal7por pattern
04:01:57.587 [pool-2-thread-1          ] INFO  LoggerDepuracionFXGL - Mesa 7 asignada al comensal Comensal8por pattern
04:02:07.755 [JavaFX Application Thread] DEBUG LoopRunner           - Resuming loop
04:02:10.228 [JavaFX Application Thread] DEBUG FXGLApplication      - Exiting FXGL
04:02:10.228 [JavaFX Application Thread] DEBUG LoopRunner           - Stopping loop
04:02:10.228 [JavaFX Application Thread] DEBUG SystemBundleService  - Saving FXGL system data
04:02:10.232 [JavaFX Application Thread] DEBUG FileSystemAccess     - Writing to: C:\Users\deskr\OneDrive\Documentos\7 cuatrimestre\Programacion Concurrente\fxl Simulador\system\fxgl.bundle
04:02:10.234 [JavaFX Application Thread] DEBUG Async                - Shutting down background threads
04:02:10.234 [JavaFX Application Thread] DEBUG PrimaryStageWindow   - Closing main window
04:02:10.248 [JavaFX Application Thread] DEBUG Logger               - Closing Logger
