07:59:47.472 [main                     ] DEBUG Logger               - Configured Logger
07:59:47.514 [main                     ] DEBUG GameApplication      - Logging settings
Title: Simulador de Restaurante
Version: 1.0
Width: 2000
Height: 1000
Fullscreen: false
Intro: false
Profiling: false
Single step:false
App Mode: DEVELOPER
Menu Key: ESCAPE
Stage Style: DECORATED
Scene Factory: class com.almasb.fxgl.app.scene.SceneFactory

07:59:48.098 [JavaFX Application Thread] DEBUG FXGLApplication      - Initializing FXGL
07:59:48.107 [JavaFX Application Thread] INFO  Engine               - FXGL-17.2 (20.08.2022 16.50) on WINDOWS (J:17.0.12 FX:18)
07:59:48.107 [JavaFX Application Thread] DEBUG Engine               - JRE Vendor Name: Oracle Corporation
07:59:48.108 [JavaFX Application Thread] DEBUG Engine               - Running on OS: Windows 11 version 10.0
07:59:48.108 [JavaFX Application Thread] DEBUG Engine               - Architecture: amd64
07:59:48.108 [JavaFX Application Thread] INFO  Engine               - Source code and latest versions at: https://github.com/AlmasB/FXGL
07:59:48.108 [JavaFX Application Thread] INFO  Engine               -       Ask questions and discuss at: https://github.com/AlmasB/FXGL/discussions
07:59:48.108 [JavaFX Application Thread] INFO  Engine               -              Join the FXGL chat at: https://gitter.im/AlmasB/FXGL
07:59:48.237 [JavaFX Application Thread] DEBUG PrimaryStageWindow   - Creating a JavaFX scene
07:59:48.237 [JavaFX Application Thread] DEBUG PrimaryStageWindow   - Target size > screen size
07:59:48.284 [JavaFX Application Thread] DEBUG PrimaryStageWindow   - Target settings size: 2000.0 x 1000.0
07:59:48.285 [JavaFX Application Thread] DEBUG PrimaryStageWindow   - Scaled scene size:    1511.0 x 768.0
07:59:48.285 [JavaFX Application Thread] DEBUG PrimaryStageWindow   - Scaled ratio: (0.7555, 0.768)
07:59:48.287 [JavaFX Application Thread] DEBUG PrimaryStageWindow   - Set initial scene to FXGLStartupScene
07:59:48.296 [JavaFX Application Thread] DEBUG PrimaryStageWindow   - Opening main window
07:59:48.433 [JavaFX Application Thread] DEBUG PrimaryStageWindow   - Window border size: (14.5999755859375, 37.5999755859375)
07:59:48.433 [JavaFX Application Thread] DEBUG PrimaryStageWindow   - Scaled size: 1511.0 x 768.0
07:59:48.434 [JavaFX Application Thread] DEBUG PrimaryStageWindow   - Scaled ratio: (0.7555, 0.768)
07:59:48.434 [JavaFX Application Thread] DEBUG PrimaryStageWindow   - Scene size: 1511.0 x 768.0
07:59:48.434 [JavaFX Application Thread] DEBUG PrimaryStageWindow   - Stage size: 1525.5999755859375 x 805.5999755859375
07:59:48.457 [FXGL Background Thread 1 ] DEBUG Engine               - Initializing environment variables
07:59:48.530 [FXGL Background Thread 1 ] DEBUG FXGLAssetLoaderServi - User app class for loading assets: class org.example.Main
07:59:48.530 [FXGL Background Thread 1 ] DEBUG GameApplicationServi - Applying CSS: fxgl_dark.css
07:59:48.532 [FXGL Background Thread 1 ] DEBUG FXGLAssetLoaderServi - Loading from file system: jar:file:/C:/Users/gerso/.m2/repository/com/github/almasb/fxgl/17.2/fxgl-17.2.jar!/fxglassets/ui/css/fxgl_dark.css
07:59:48.607 [FXGL Background Thread 1 ] DEBUG GameApplicationServi - Initializing application scenes
07:59:48.687 [FXGL Background Thread 1 ] DEBUG GameWorld            - Game world initialized
07:59:48.798 [FXGL Background Thread 1 ] DEBUG PhysicsWorld         - Physics world initialized: appHeight=1000, physics.ppm=50.0
07:59:48.799 [FXGL Background Thread 1 ] DEBUG PhysicsWorld         - Using strategy: BRUTE_FORCE
07:59:48.809 [FXGL Background Thread 1 ] DEBUG GameScene            - Game scene initialized: 2000x1000
07:59:48.836 [FXGL Background Thread 1 ] DEBUG FXGL.DefaultMenu     - createMenuBodyGameMenu()
07:59:48.863 [FXGL Background Thread 1 ] DEBUG FXGL.DefaultMenu     - createOptionsMenu()
07:59:48.883 [FXGL Background Thread 1 ] DEBUG FXGLAssetLoaderServi - Loading from file system: jar:file:/C:/Users/gerso/.m2/repository/com/github/almasb/fxgl/17.2/fxgl-17.2.jar!/fxglassets/textures/particles/smoke.png
07:59:49.019 [FXGL Background Thread 1 ] DEBUG FXGLAssetLoaderServi - Loading from file system: jar:file:/C:/Users/gerso/.m2/repository/com/github/almasb/fxgl/17.2/fxgl-17.2.jar!/fxglassets/textures/particles/trace_horizontal.png
07:59:49.066 [FXGL Background Thread 1 ] DEBUG GameApplicationServi - Application scenes initialized
07:59:49.100 [FXGL Background Thread 1 ] DEBUG SystemBundleService  - Loading FXGL system data
07:59:49.113 [FXGL Background Thread 1 ] DEBUG FileSystemAccess     - Reading from: C:\Users\gerso\OneDrive\Documentos\Cuatrimestre 7\Concurrente\Java\Simulador_Restaurante\system\fxgl.bundle
07:59:49.133 [FXGL Background Thread 1 ] DEBUG SystemBundleService  - Bundle FXGL: {}
07:59:49.134 [FXGL Background Thread 1 ] DEBUG UpdaterService       - Checking for updates
07:59:49.150 [FXGL Background Thread 1 ] DEBUG FXGLApplication      - Loading default localization
07:59:49.152 [FXGL Background Thread 1 ] DEBUG FXGLAssetLoaderServi - Loading from file system: jar:file:/C:/Users/gerso/.m2/repository/com/github/almasb/fxgl/17.2/fxgl-17.2.jar!/fxglassets/languages/english.lang
07:59:49.151 [FXGL Background Thread 4 ] DEBUG FXGLApplication      - Loading fonts
07:59:49.154 [FXGL Background Thread 4 ] DEBUG FXGLAssetLoaderServi - Loading from file system: jar:file:/C:/Users/gerso/.m2/repository/com/github/almasb/fxgl/17.2/fxgl-17.2.jar!/fxglassets/ui/fonts/VarelaRound-Regular.ttf
07:59:49.199 [FXGL Background Thread 1 ] INFO  FXGLApplication      - FXGL initialization took: 0.742 sec
07:59:49.202 [JavaFX Application Thread] DEBUG FXGLAssetLoaderServi - Loading from file system: jar:file:/C:/Users/gerso/.m2/repository/com/github/almasb/fxgl/17.2/fxgl-17.2.jar!/fxglassets/textures/fxgl_icon.png
07:59:49.230 [JavaFX Application Thread] DEBUG FXGLAssetLoaderServi - Loading from file system: jar:file:/C:/Users/gerso/.m2/repository/com/github/almasb/fxgl/17.2/fxgl-17.2.jar!/fxglassets/textures/fxgl_default_cursor.png
07:59:49.247 [JavaFX Application Thread] DEBUG Input                - Registered new binding: Screenshot - CTRL+8
07:59:49.248 [JavaFX Application Thread] DEBUG Input                - Registered new binding: System info dump - CTRL+9
07:59:49.249 [JavaFX Application Thread] DEBUG Input                - Registered new binding: Restart - CTRL+R
07:59:49.252 [JavaFX Application Thread] DEBUG Input                - Registered new binding: Toggle Debug Camera - CTRL+7
07:59:49.259 [JavaFX Application Thread] DEBUG LoopRunner           - Starting loop
07:59:49.259 [JavaFX Application Thread] DEBUG LoopRunner           - Initializing JavaFX AnimationTimerLoop
07:59:49.263 [JavaFX Application Thread] DEBUG GameApplicationServi - Starting new game
07:59:49.264 [JavaFX Application Thread] DEBUG Input                - Clearing active input actions
07:59:49.290 [JavaFX Application Thread] DEBUG GameApplicationServi - Removing overlay from FXGLStartupScene and adding to FXGLLoadingScene
07:59:49.294 [JavaFX Application Thread] DEBUG PrimaryStageWindow   - FXGLStartupScene -> FXGLLoadingScene
07:59:49.294 [JavaFX Application Thread] DEBUG GameApplicationServi - Clearing previous game
07:59:49.294 [JavaFX Application Thread] DEBUG GameScene            - Clearing game scene
07:59:49.294 [JavaFX Application Thread] DEBUG GameWorld            - Clearing game world
07:59:49.295 [JavaFX Application Thread] DEBUG PhysicsWorld         - Clearing physics world
07:59:49.300 [FXGL Background Thread 1 ] DEBUG FXGLApplication      - Initializing game
07:59:49.304 [FXGL Background Thread 1 ] DEBUG FXGLAssetLoaderServi - Loading from file system: file:/C:/Users/gerso/OneDrive/Documentos/Cuatrimestre%207/Concurrente/Java/Simulador_Restaurante/target/classes/assets/textures/fondo.png
07:59:49.335 [FXGL Background Thread 1 ] DEBUG FXGLAssetLoaderServi - Loading from file system: file:/C:/Users/gerso/OneDrive/Documentos/Cuatrimestre%207/Concurrente/Java/Simulador_Restaurante/target/classes/assets/textures/recepcionista.png
07:59:49.361 [FXGL Background Thread 1 ] DEBUG FXGLAssetLoaderServi - Loading from file system: file:/C:/Users/gerso/OneDrive/Documentos/Cuatrimestre%207/Concurrente/Java/Simulador_Restaurante/target/classes/assets/textures/chef.png
07:59:49.375 [FXGL Background Thread 1 ] DEBUG FXGLAssetLoaderServi - Loading from file system: file:/C:/Users/gerso/OneDrive/Documentos/Cuatrimestre%207/Concurrente/Java/Simulador_Restaurante/target/classes/assets/textures/mesera.png
07:59:49.401 [FXGL Background Thread 1 ] DEBUG FXGLAssetLoaderServi - Loading from file system: file:/C:/Users/gerso/OneDrive/Documentos/Cuatrimestre%207/Concurrente/Java/Simulador_Restaurante/target/classes/assets/textures/mesa.png
07:59:49.449 [FXGL Background Thread 1 ] DEBUG FXGLAssetLoaderServi - Loading from file system: file:/C:/Users/gerso/OneDrive/Documentos/Cuatrimestre%207/Concurrente/Java/Simulador_Restaurante/target/classes/assets/textures/cliente.png
07:59:49.499 [FXGL Background Thread 1 ] INFO  FXGLApplication      - Game initialization took: 0.199 sec
07:59:49.511 [JavaFX Application Thread] DEBUG Input                - Clearing active input actions
07:59:49.526 [JavaFX Application Thread] DEBUG GameApplicationServi - Removing overlay from FXGLLoadingScene and adding to GameScene
07:59:49.527 [JavaFX Application Thread] DEBUG PrimaryStageWindow   - FXGLLoadingScene -> GameScene
07:59:50.035 [FXGL Background Thread 4 ] DEBUG FXGLAssetLoaderServi - Loading from file system: jar:file:/C:/Users/gerso/.m2/repository/com/github/almasb/fxgl/17.2/fxgl-17.2.jar!/fxglassets/ui/fonts/Abel-Regular.ttf
07:59:50.047 [FXGL Background Thread 4 ] DEBUG FXGLAssetLoaderServi - Loading from file system: jar:file:/C:/Users/gerso/.m2/repository/com/github/almasb/fxgl/17.2/fxgl-17.2.jar!/fxglassets/ui/fonts/TerminalLandMono-Regular.otf
07:59:50.058 [FXGL Background Thread 4 ] DEBUG FXGLAssetLoaderServi - Loading from file system: jar:file:/C:/Users/gerso/.m2/repository/com/github/almasb/fxgl/17.2/fxgl-17.2.jar!/fxglassets/ui/fonts/Courier-Prime.ttf
07:59:50.077 [JavaFX Application Thread] DEBUG FXGLApplication      - Registering font factories with UI factory
07:59:50.476 [FXGL Background Thread 2 ] INFO  UpdaterService       - Your current version:  17.2
07:59:50.477 [FXGL Background Thread 2 ] INFO  UpdaterService       - Latest stable version: 21.1
07:59:52.142 [FXGL Background Thread 3 ] DEBUG Engine               - Logging environment variables
07:59:52.142 [FXGL Background Thread 3 ] DEBUG Engine               - achievements: []
07:59:52.143 [FXGL Background Thread 3 ] DEBUG Engine               - actualHeight: 768.0
07:59:52.143 [FXGL Background Thread 3 ] DEBUG Engine               - actualHeightProperty: ReadOnlyDoubleProperty [value: 768.0]
07:59:52.143 [FXGL Background Thread 3 ] DEBUG Engine               - actualWidth: 1511.0
07:59:52.143 [FXGL Background Thread 3 ] DEBUG Engine               - actualWidthProperty: ReadOnlyDoubleProperty [value: 1511.0]
07:59:52.143 [FXGL Background Thread 3 ] DEBUG Engine               - appIcon: fxgl_icon.png
07:59:52.143 [FXGL Background Thread 3 ] DEBUG Engine               - applicationMode: DEVELOPER
07:59:52.143 [FXGL Background Thread 3 ] DEBUG Engine               - cSSList: [fxgl_dark.css]
07:59:52.143 [FXGL Background Thread 3 ] DEBUG Engine               - collisionDetectionStrategy: BRUTE_FORCE
07:59:52.143 [FXGL Background Thread 3 ] DEBUG Engine               - configClass: Optional.empty
07:59:52.143 [FXGL Background Thread 3 ] DEBUG Engine               - credits: []
07:59:52.144 [FXGL Background Thread 3 ] DEBUG Engine               - defaultCursor: CursorInfo(imageName=fxgl_default_cursor.png, hotspotX=7.0, hotspotY=6.0)
07:59:52.144 [FXGL Background Thread 3 ] DEBUG Engine               - devBBoxColorProperty: ObjectProperty [value: 0xff0000ff]
07:59:52.144 [FXGL Background Thread 3 ] DEBUG Engine               - devEnableDebugCameraProperty: BooleanProperty [value: false]
07:59:52.145 [FXGL Background Thread 3 ] DEBUG Engine               - devSensorColorProperty: ObjectProperty [value: 0xffff00ff]
07:59:52.145 [FXGL Background Thread 3 ] DEBUG Engine               - devShowBBoxProperty: BooleanProperty [value: false]
07:59:52.145 [FXGL Background Thread 3 ] DEBUG Engine               - devShowPositionProperty: BooleanProperty [value: false]
07:59:52.145 [FXGL Background Thread 3 ] DEBUG Engine               - enabledMenuItems: []
07:59:52.145 [FXGL Background Thread 3 ] DEBUG Engine               - engineServices: [class com.almasb.fxgl.app.services.FXGLAssetLoaderService, class com.almasb.fxgl.app.FXGLApplication$GameApplicationService, class com.almasb.fxgl.app.services.FXGLDialogService, class com.almasb.fxgl.app.services.IOTaskExecutorService, class com.almasb.fxgl.io.FileSystemService, class com.almasb.fxgl.localization.LocalizationService, class com.almasb.fxgl.app.services.SystemBundleService, class com.almasb.fxgl.profile.SaveLoadService, class com.almasb.fxgl.ui.FXGLUIFactoryServiceProvider, class com.almasb.fxgl.ui.FXGLDialogFactoryServiceProvider, class com.almasb.fxgl.audio.AudioPlayer, class com.almasb.fxgl.notification.impl.NotificationServiceProvider, class com.almasb.fxgl.achievement.AchievementService, class com.almasb.fxgl.cutscene.CutsceneService, class com.almasb.fxgl.minigames.MiniGameService, class com.almasb.fxgl.net.NetService, class com.almasb.fxgl.app.services.UpdaterService, class com.almasb.fxgl.dev.DevService]
07:59:52.145 [FXGL Background Thread 3 ] DEBUG Engine               - fontGame: Abel-Regular.ttf
07:59:52.145 [FXGL Background Thread 3 ] DEBUG Engine               - fontMono: TerminalLandMono-Regular.otf
07:59:52.145 [FXGL Background Thread 3 ] DEBUG Engine               - fontText: Courier-Prime.ttf
07:59:52.145 [FXGL Background Thread 3 ] DEBUG Engine               - fontUI: VarelaRound-Regular.ttf
07:59:52.145 [FXGL Background Thread 3 ] DEBUG Engine               - fullScreen: BooleanProperty [value: false]
07:59:52.145 [FXGL Background Thread 3 ] DEBUG Engine               - gameDifficulty: MEDIUM
07:59:52.145 [FXGL Background Thread 3 ] DEBUG Engine               - gameDifficultyProperty: ObjectProperty [value: MEDIUM]
07:59:52.145 [FXGL Background Thread 3 ] DEBUG Engine               - globalMusicVolume: 0.5
07:59:52.145 [FXGL Background Thread 3 ] DEBUG Engine               - globalMusicVolumeProperty: DoubleProperty [value: 0.5]
07:59:52.145 [FXGL Background Thread 3 ] DEBUG Engine               - globalSoundVolume: 0.5
07:59:52.145 [FXGL Background Thread 3 ] DEBUG Engine               - globalSoundVolumeProperty: DoubleProperty [value: 0.5]
07:59:52.146 [FXGL Background Thread 3 ] DEBUG Engine               - height: 1000
07:59:52.146 [FXGL Background Thread 3 ] DEBUG Engine               - is3D: false
07:59:52.146 [FXGL Background Thread 3 ] DEBUG Engine               - isAndroid: false
07:59:52.146 [FXGL Background Thread 3 ] DEBUG Engine               - isBrowser: false
07:59:52.146 [FXGL Background Thread 3 ] DEBUG Engine               - isClickFeedbackEnabled: false
07:59:52.146 [FXGL Background Thread 3 ] DEBUG Engine               - isCloseConfirmation: false
07:59:52.146 [FXGL Background Thread 3 ] DEBUG Engine               - isDesktop: true
07:59:52.146 [FXGL Background Thread 3 ] DEBUG Engine               - isDeveloperMenuEnabled: false
07:59:52.146 [FXGL Background Thread 3 ] DEBUG Engine               - isEmbedded: false
07:59:52.146 [FXGL Background Thread 3 ] DEBUG Engine               - isEntityPreloadEnabled: true
07:59:52.146 [FXGL Background Thread 3 ] DEBUG Engine               - isExperimentalTiledLargeMap: false
07:59:52.146 [FXGL Background Thread 3 ] DEBUG Engine               - isFileSystemWriteAllowed: true
07:59:52.146 [FXGL Background Thread 3 ] DEBUG Engine               - isFullScreenAllowed: false
07:59:52.146 [FXGL Background Thread 3 ] DEBUG Engine               - isFullScreenFromStart: false
07:59:52.146 [FXGL Background Thread 3 ] DEBUG Engine               - isGameMenuEnabled: true
07:59:52.146 [FXGL Background Thread 3 ] DEBUG Engine               - isIOS: false
07:59:52.146 [FXGL Background Thread 3 ] DEBUG Engine               - isIntroEnabled: false
07:59:52.146 [FXGL Background Thread 3 ] DEBUG Engine               - isLinux: false
07:59:52.146 [FXGL Background Thread 3 ] DEBUG Engine               - isMac: false
07:59:52.147 [FXGL Background Thread 3 ] DEBUG Engine               - isMainMenuEnabled: false
07:59:52.147 [FXGL Background Thread 3 ] DEBUG Engine               - isManualResizeEnabled: false
07:59:52.147 [FXGL Background Thread 3 ] DEBUG Engine               - isMobile: false
07:59:52.147 [FXGL Background Thread 3 ] DEBUG Engine               - isNative: false
07:59:52.147 [FXGL Background Thread 3 ] DEBUG Engine               - isPauseMusicWhenMinimized: true
07:59:52.147 [FXGL Background Thread 3 ] DEBUG Engine               - isPreserveResizeRatio: false
07:59:52.147 [FXGL Background Thread 3 ] DEBUG Engine               - isProfilingEnabled: false
07:59:52.147 [FXGL Background Thread 3 ] DEBUG Engine               - isScaleAffectedOnResize: true
07:59:52.147 [FXGL Background Thread 3 ] DEBUG Engine               - isSingleStep: false
07:59:52.147 [FXGL Background Thread 3 ] DEBUG Engine               - isUserProfileEnabled: false
07:59:52.147 [FXGL Background Thread 3 ] DEBUG Engine               - isWindows: true
07:59:52.147 [FXGL Background Thread 3 ] DEBUG Engine               - language: ObjectProperty [value: ENGLISH]
07:59:52.147 [FXGL Background Thread 3 ] DEBUG Engine               - menuKey: ESCAPE
07:59:52.147 [FXGL Background Thread 3 ] DEBUG Engine               - mouseSensitivity: 0.2
07:59:52.147 [FXGL Background Thread 3 ] DEBUG Engine               - notificationViewClass: class com.almasb.fxgl.notification.view.XboxNotificationView
07:59:52.147 [FXGL Background Thread 3 ] DEBUG Engine               - pixelsPerMeter: 50.0
07:59:52.147 [FXGL Background Thread 3 ] DEBUG Engine               - platform: WINDOWS
07:59:52.147 [FXGL Background Thread 3 ] DEBUG Engine               - prefHeightProperty: ReadOnlyDoubleProperty [value: 1000.0]
07:59:52.147 [FXGL Background Thread 3 ] DEBUG Engine               - prefWidthProperty: ReadOnlyDoubleProperty [value: 2000.0]
07:59:52.147 [FXGL Background Thread 3 ] DEBUG Engine               - profileDir: profiles/
07:59:52.148 [FXGL Background Thread 3 ] DEBUG Engine               - profileName: StringProperty [value: DEFAULT]
07:59:52.148 [FXGL Background Thread 3 ] DEBUG Engine               - randomSeed: -1
07:59:52.148 [FXGL Background Thread 3 ] DEBUG Engine               - runtimeInfo: RuntimeInfo(platform=WINDOWS, version=17.2, build=20.08.2022 16.50)
07:59:52.148 [FXGL Background Thread 3 ] DEBUG Engine               - saveFileExt: sav
07:59:52.148 [FXGL Background Thread 3 ] DEBUG Engine               - scaledHeightProp$fxgl: DoubleProperty [bound, value: 768.0]
07:59:52.148 [FXGL Background Thread 3 ] DEBUG Engine               - scaledWidthProp$fxgl: DoubleProperty [bound, value: 1511.0]
07:59:52.148 [FXGL Background Thread 3 ] DEBUG Engine               - sceneFactory: com.almasb.fxgl.app.scene.SceneFactory@788b0f01
07:59:52.148 [FXGL Background Thread 3 ] DEBUG Engine               - secondsIn24h: 60
07:59:52.148 [FXGL Background Thread 3 ] DEBUG Engine               - soundMenuBack: menu/back.wav
07:59:52.148 [FXGL Background Thread 3 ] DEBUG Engine               - soundMenuPress: menu/press.wav
07:59:52.148 [FXGL Background Thread 3 ] DEBUG Engine               - soundMenuSelect: menu/select.wav
07:59:52.148 [FXGL Background Thread 3 ] DEBUG Engine               - soundNotification: core/notification.wav
07:59:52.148 [FXGL Background Thread 3 ] DEBUG Engine               - stageStyle: DECORATED
07:59:52.148 [FXGL Background Thread 3 ] DEBUG Engine               - supportedLanguages: [ENGLISH, FRENCH, GERMAN, HUNGARIAN, RUSSIAN]
07:59:52.148 [FXGL Background Thread 3 ] DEBUG Engine               - ticksPerSecond: -1
07:59:52.148 [FXGL Background Thread 3 ] DEBUG Engine               - title: Simulador de Restaurante
07:59:52.148 [FXGL Background Thread 3 ] DEBUG Engine               - urlGithub: https://github.com/AlmasB/FXGL
07:59:52.148 [FXGL Background Thread 3 ] DEBUG Engine               - urlLeaderboard: http://fxgl-top.herokuapp.com/
07:59:52.149 [FXGL Background Thread 3 ] DEBUG Engine               - urlPOM: https://raw.githubusercontent.com/AlmasB/FXGL/release/README.md
07:59:52.149 [FXGL Background Thread 3 ] DEBUG Engine               - userAppClass: class org.example.Main
07:59:52.149 [FXGL Background Thread 3 ] DEBUG Engine               - version: 1.0
07:59:52.149 [FXGL Background Thread 3 ] DEBUG Engine               - versionCheckDays: 7
07:59:52.149 [FXGL Background Thread 3 ] DEBUG Engine               - width: 2000
07:59:52.149 [FXGL Background Thread 3 ] DEBUG Engine               - Logging services
07:59:52.149 [FXGL Background Thread 3 ] DEBUG Engine               - class com.almasb.fxgl.app.services.FXGLAssetLoaderService
07:59:52.149 [FXGL Background Thread 3 ] DEBUG Engine               - class com.almasb.fxgl.app.FXGLApplication$GameApplicationService
07:59:52.149 [FXGL Background Thread 3 ] DEBUG Engine               - class com.almasb.fxgl.app.services.FXGLDialogService
07:59:52.149 [FXGL Background Thread 3 ] DEBUG Engine               - class com.almasb.fxgl.app.services.IOTaskExecutorService
07:59:52.149 [FXGL Background Thread 3 ] DEBUG Engine               - class com.almasb.fxgl.io.FileSystemService
07:59:52.149 [FXGL Background Thread 3 ] DEBUG Engine               - class com.almasb.fxgl.localization.LocalizationService
07:59:52.149 [FXGL Background Thread 3 ] DEBUG Engine               - class com.almasb.fxgl.app.services.SystemBundleService
07:59:52.149 [FXGL Background Thread 3 ] DEBUG Engine               - class com.almasb.fxgl.profile.SaveLoadService
07:59:52.149 [FXGL Background Thread 3 ] DEBUG Engine               - class com.almasb.fxgl.ui.FXGLUIFactoryServiceProvider
07:59:52.149 [FXGL Background Thread 3 ] DEBUG Engine               - class com.almasb.fxgl.ui.FXGLDialogFactoryServiceProvider
07:59:52.149 [FXGL Background Thread 3 ] DEBUG Engine               - class com.almasb.fxgl.audio.AudioPlayer
07:59:52.149 [FXGL Background Thread 3 ] DEBUG Engine               - class com.almasb.fxgl.notification.impl.NotificationServiceProvider
07:59:52.149 [FXGL Background Thread 3 ] DEBUG Engine               - class com.almasb.fxgl.achievement.AchievementService
07:59:52.149 [FXGL Background Thread 3 ] DEBUG Engine               - class com.almasb.fxgl.cutscene.CutsceneService
07:59:52.149 [FXGL Background Thread 3 ] DEBUG Engine               - class com.almasb.fxgl.minigames.MiniGameService
07:59:52.149 [FXGL Background Thread 3 ] DEBUG Engine               - class com.almasb.fxgl.net.NetService
07:59:52.149 [FXGL Background Thread 3 ] DEBUG Engine               - class com.almasb.fxgl.app.services.UpdaterService
07:59:52.149 [FXGL Background Thread 3 ] DEBUG Engine               - class com.almasb.fxgl.dev.DevService
08:00:03.846 [JavaFX Application Thread] DEBUG FXGLApplication      - Exiting FXGL
08:00:03.846 [JavaFX Application Thread] DEBUG LoopRunner           - Stopping loop
08:00:03.846 [JavaFX Application Thread] DEBUG SystemBundleService  - Saving FXGL system data
08:00:03.848 [JavaFX Application Thread] DEBUG FileSystemAccess     - Writing to: C:\Users\gerso\OneDrive\Documentos\Cuatrimestre 7\Concurrente\Java\Simulador_Restaurante\system\fxgl.bundle
08:00:03.849 [JavaFX Application Thread] DEBUG Async                - Shutting down background threads
08:00:03.849 [JavaFX Application Thread] DEBUG PrimaryStageWindow   - Closing main window
08:00:03.876 [JavaFX Application Thread] DEBUG Logger               - Closing Logger
