01:55:27.689 [main                     ] DEBUG Logger               - Configured Logger
01:55:27.716 [main                     ] DEBUG GameApplication      - Logging settings
Title: Simulador de Restaurante
Version: 1.0
Width: 2000
Height: 1000
Fullscreen: false
Intro: false
Profiling: false
Single step:false
App Mode: DEVELOPER
Menu Key: ESCAPE
Stage Style: DECORATED
Scene Factory: class com.almasb.fxgl.app.scene.SceneFactory

01:55:28.196 [JavaFX Application Thread] DEBUG FXGLApplication      - Initializing FXGL
01:55:28.202 [JavaFX Application Thread] INFO  Engine               - FXGL-17.2 (20.08.2022 16.50) on WINDOWS (J:17.0.12 FX:18)
01:55:28.202 [JavaFX Application Thread] DEBUG Engine               - JRE Vendor Name: Oracle Corporation
01:55:28.202 [JavaFX Application Thread] DEBUG Engine               - Running on OS: Windows 11 version 10.0
01:55:28.203 [JavaFX Application Thread] DEBUG Engine               - Architecture: amd64
01:55:28.203 [JavaFX Application Thread] INFO  Engine               - Source code and latest versions at: https://github.com/AlmasB/FXGL
01:55:28.203 [JavaFX Application Thread] INFO  Engine               -       Ask questions and discuss at: https://github.com/AlmasB/FXGL/discussions
01:55:28.203 [JavaFX Application Thread] INFO  Engine               -              Join the FXGL chat at: https://gitter.im/AlmasB/FXGL
01:55:28.318 [JavaFX Application Thread] DEBUG PrimaryStageWindow   - Creating a JavaFX scene
01:55:28.318 [JavaFX Application Thread] DEBUG PrimaryStageWindow   - Target size > screen size
01:55:28.360 [JavaFX Application Thread] DEBUG PrimaryStageWindow   - Target settings size: 2000.0 x 1000.0
01:55:28.361 [JavaFX Application Thread] DEBUG PrimaryStageWindow   - Scaled scene size:    1511.0 x 768.0
01:55:28.361 [JavaFX Application Thread] DEBUG PrimaryStageWindow   - Scaled ratio: (0.7555, 0.768)
01:55:28.363 [JavaFX Application Thread] DEBUG PrimaryStageWindow   - Set initial scene to FXGLStartupScene
01:55:28.370 [JavaFX Application Thread] DEBUG PrimaryStageWindow   - Opening main window
01:55:28.473 [JavaFX Application Thread] DEBUG PrimaryStageWindow   - Window border size: (14.5999755859375, 37.5999755859375)
01:55:28.473 [JavaFX Application Thread] DEBUG PrimaryStageWindow   - Scaled size: 1511.0 x 768.0
01:55:28.474 [JavaFX Application Thread] DEBUG PrimaryStageWindow   - Scaled ratio: (0.7555, 0.768)
01:55:28.474 [JavaFX Application Thread] DEBUG PrimaryStageWindow   - Scene size: 1511.0 x 768.0
01:55:28.474 [JavaFX Application Thread] DEBUG PrimaryStageWindow   - Stage size: 1525.5999755859375 x 805.5999755859375
01:55:28.488 [FXGL Background Thread 1 ] DEBUG Engine               - Initializing environment variables
01:55:28.552 [FXGL Background Thread 1 ] DEBUG FXGLAssetLoaderServi - User app class for loading assets: class org.example.Main
01:55:28.552 [FXGL Background Thread 1 ] DEBUG GameApplicationServi - Applying CSS: fxgl_dark.css
01:55:28.554 [FXGL Background Thread 1 ] DEBUG FXGLAssetLoaderServi - Loading from file system: jar:file:/C:/Users/gerso/.m2/repository/com/github/almasb/fxgl/17.2/fxgl-17.2.jar!/fxglassets/ui/css/fxgl_dark.css
01:55:28.624 [FXGL Background Thread 1 ] DEBUG GameApplicationServi - Initializing application scenes
01:55:28.705 [FXGL Background Thread 1 ] DEBUG GameWorld            - Game world initialized
01:55:28.802 [FXGL Background Thread 1 ] DEBUG PhysicsWorld         - Physics world initialized: appHeight=1000, physics.ppm=50.0
01:55:28.803 [FXGL Background Thread 1 ] DEBUG PhysicsWorld         - Using strategy: BRUTE_FORCE
01:55:28.813 [FXGL Background Thread 1 ] DEBUG GameScene            - Game scene initialized: 2000x1000
01:55:28.839 [FXGL Background Thread 1 ] DEBUG FXGL.DefaultMenu     - createMenuBodyGameMenu()
01:55:28.861 [FXGL Background Thread 1 ] DEBUG FXGL.DefaultMenu     - createOptionsMenu()
01:55:28.875 [FXGL Background Thread 1 ] DEBUG FXGLAssetLoaderServi - Loading from file system: jar:file:/C:/Users/gerso/.m2/repository/com/github/almasb/fxgl/17.2/fxgl-17.2.jar!/fxglassets/textures/particles/smoke.png
01:55:28.972 [FXGL Background Thread 1 ] DEBUG FXGLAssetLoaderServi - Loading from file system: jar:file:/C:/Users/gerso/.m2/repository/com/github/almasb/fxgl/17.2/fxgl-17.2.jar!/fxglassets/textures/particles/trace_horizontal.png
01:55:28.994 [FXGL Background Thread 1 ] DEBUG GameApplicationServi - Application scenes initialized
01:55:29.007 [FXGL Background Thread 1 ] DEBUG SystemBundleService  - Loading FXGL system data
01:55:29.013 [FXGL Background Thread 1 ] DEBUG FileSystemAccess     - Reading from: C:\Users\gerso\OneDrive\Documentos\Cuatrimestre 7\Concurrente\Java\Simulador_Restaurante\system\fxgl.bundle
01:55:29.020 [FXGL Background Thread 1 ] DEBUG SystemBundleService  - Bundle FXGL: {}
01:55:29.020 [FXGL Background Thread 1 ] DEBUG UpdaterService       - Checking for updates
01:55:29.026 [FXGL Background Thread 4 ] DEBUG FXGLApplication      - Loading fonts
01:55:29.026 [FXGL Background Thread 4 ] DEBUG FXGLAssetLoaderServi - Loading from file system: jar:file:/C:/Users/gerso/.m2/repository/com/github/almasb/fxgl/17.2/fxgl-17.2.jar!/fxglassets/ui/fonts/VarelaRound-Regular.ttf
01:55:29.026 [FXGL Background Thread 1 ] DEBUG FXGLApplication      - Loading default localization
01:55:29.027 [FXGL Background Thread 1 ] DEBUG FXGLAssetLoaderServi - Loading from file system: jar:file:/C:/Users/gerso/.m2/repository/com/github/almasb/fxgl/17.2/fxgl-17.2.jar!/fxglassets/languages/english.lang
01:55:29.049 [FXGL Background Thread 1 ] INFO  FXGLApplication      - FXGL initialization took: 0.560 sec
01:55:29.050 [JavaFX Application Thread] DEBUG FXGLAssetLoaderServi - Loading from file system: jar:file:/C:/Users/gerso/.m2/repository/com/github/almasb/fxgl/17.2/fxgl-17.2.jar!/fxglassets/textures/fxgl_icon.png
01:55:29.071 [JavaFX Application Thread] DEBUG FXGLAssetLoaderServi - Loading from file system: jar:file:/C:/Users/gerso/.m2/repository/com/github/almasb/fxgl/17.2/fxgl-17.2.jar!/fxglassets/textures/fxgl_default_cursor.png
01:55:29.086 [JavaFX Application Thread] DEBUG Input                - Registered new binding: Screenshot - CTRL+8
01:55:29.087 [JavaFX Application Thread] DEBUG Input                - Registered new binding: System info dump - CTRL+9
01:55:29.088 [JavaFX Application Thread] DEBUG Input                - Registered new binding: Restart - CTRL+R
01:55:29.089 [JavaFX Application Thread] DEBUG Input                - Registered new binding: Toggle Debug Camera - CTRL+7
01:55:29.095 [JavaFX Application Thread] DEBUG LoopRunner           - Starting loop
01:55:29.095 [JavaFX Application Thread] DEBUG LoopRunner           - Initializing JavaFX AnimationTimerLoop
01:55:29.098 [JavaFX Application Thread] DEBUG GameApplicationServi - Starting new game
01:55:29.099 [JavaFX Application Thread] DEBUG Input                - Clearing active input actions
01:55:29.111 [JavaFX Application Thread] DEBUG GameApplicationServi - Removing overlay from FXGLStartupScene and adding to FXGLLoadingScene
01:55:29.111 [JavaFX Application Thread] DEBUG PrimaryStageWindow   - FXGLStartupScene -> FXGLLoadingScene
01:55:29.112 [JavaFX Application Thread] DEBUG GameApplicationServi - Clearing previous game
01:55:29.112 [JavaFX Application Thread] DEBUG GameScene            - Clearing game scene
01:55:29.112 [JavaFX Application Thread] DEBUG GameWorld            - Clearing game world
01:55:29.112 [JavaFX Application Thread] DEBUG PhysicsWorld         - Clearing physics world
01:55:29.114 [FXGL Background Thread 1 ] DEBUG FXGLApplication      - Initializing game
01:55:29.117 [FXGL Background Thread 1 ] DEBUG FXGLAssetLoaderServi - Loading from file system: file:/C:/Users/gerso/OneDrive/Documentos/Cuatrimestre%207/Concurrente/Java/Simulador_Restaurante/target/classes/assets/textures/fondo.png
01:55:29.133 [FXGL Background Thread 4 ] DEBUG FXGLAssetLoaderServi - Loading from file system: jar:file:/C:/Users/gerso/.m2/repository/com/github/almasb/fxgl/17.2/fxgl-17.2.jar!/fxglassets/ui/fonts/Abel-Regular.ttf
01:55:29.138 [FXGL Background Thread 1 ] DEBUG FXGLAssetLoaderServi - Loading from file system: file:/C:/Users/gerso/OneDrive/Documentos/Cuatrimestre%207/Concurrente/Java/Simulador_Restaurante/target/classes/assets/textures/recepcionista.png
01:55:29.140 [FXGL Background Thread 4 ] DEBUG FXGLAssetLoaderServi - Loading from file system: jar:file:/C:/Users/gerso/.m2/repository/com/github/almasb/fxgl/17.2/fxgl-17.2.jar!/fxglassets/ui/fonts/TerminalLandMono-Regular.otf
01:55:29.148 [FXGL Background Thread 4 ] DEBUG FXGLAssetLoaderServi - Loading from file system: jar:file:/C:/Users/gerso/.m2/repository/com/github/almasb/fxgl/17.2/fxgl-17.2.jar!/fxglassets/ui/fonts/Courier-Prime.ttf
01:55:29.160 [FXGL Background Thread 1 ] DEBUG FXGLAssetLoaderServi - Loading from file system: file:/C:/Users/gerso/OneDrive/Documentos/Cuatrimestre%207/Concurrente/Java/Simulador_Restaurante/target/classes/assets/textures/cliente.png
01:55:29.171 [FXGL Background Thread 1 ] DEBUG FXGLAssetLoaderServi - Loading from file system: file:/C:/Users/gerso/OneDrive/Documentos/Cuatrimestre%207/Concurrente/Java/Simulador_Restaurante/target/classes/assets/textures/chef.png
01:55:29.176 [JavaFX Application Thread] DEBUG FXGLApplication      - Registering font factories with UI factory
01:55:29.180 [FXGL Background Thread 1 ] DEBUG FXGLAssetLoaderServi - Loading from file system: file:/C:/Users/gerso/OneDrive/Documentos/Cuatrimestre%207/Concurrente/Java/Simulador_Restaurante/target/classes/assets/textures/mesera.png
01:55:29.190 [FXGL Background Thread 1 ] DEBUG FXGLAssetLoaderServi - Loading from file system: file:/C:/Users/gerso/OneDrive/Documentos/Cuatrimestre%207/Concurrente/Java/Simulador_Restaurante/target/classes/assets/textures/mesa.png
01:55:29.211 [FXGL Background Thread 1 ] INFO  FXGLApplication      - Game initialization took: 0.098 sec
01:55:29.256 [JavaFX Application Thread] DEBUG Input                - Clearing active input actions
01:55:29.264 [JavaFX Application Thread] DEBUG GameApplicationServi - Removing overlay from FXGLLoadingScene and adding to GameScene
01:55:29.264 [JavaFX Application Thread] DEBUG PrimaryStageWindow   - FXGLLoadingScene -> GameScene
01:55:29.586 [FXGL Background Thread 2 ] INFO  UpdaterService       - Your current version:  17.2
01:55:29.586 [FXGL Background Thread 2 ] INFO  UpdaterService       - Latest stable version: 21.1
01:55:32.024 [FXGL Background Thread 3 ] DEBUG Engine               - Logging environment variables
01:55:32.025 [FXGL Background Thread 3 ] DEBUG Engine               - achievements: []
01:55:32.025 [FXGL Background Thread 3 ] DEBUG Engine               - actualHeight: 768.0
01:55:32.025 [FXGL Background Thread 3 ] DEBUG Engine               - actualHeightProperty: ReadOnlyDoubleProperty [value: 768.0]
01:55:32.025 [FXGL Background Thread 3 ] DEBUG Engine               - actualWidth: 1511.0
01:55:32.025 [FXGL Background Thread 3 ] DEBUG Engine               - actualWidthProperty: ReadOnlyDoubleProperty [value: 1511.0]
01:55:32.025 [FXGL Background Thread 3 ] DEBUG Engine               - appIcon: fxgl_icon.png
01:55:32.025 [FXGL Background Thread 3 ] DEBUG Engine               - applicationMode: DEVELOPER
01:55:32.025 [FXGL Background Thread 3 ] DEBUG Engine               - cSSList: [fxgl_dark.css]
01:55:32.025 [FXGL Background Thread 3 ] DEBUG Engine               - collisionDetectionStrategy: BRUTE_FORCE
01:55:32.025 [FXGL Background Thread 3 ] DEBUG Engine               - configClass: Optional.empty
01:55:32.025 [FXGL Background Thread 3 ] DEBUG Engine               - credits: []
01:55:32.026 [FXGL Background Thread 3 ] DEBUG Engine               - defaultCursor: CursorInfo(imageName=fxgl_default_cursor.png, hotspotX=7.0, hotspotY=6.0)
01:55:32.026 [FXGL Background Thread 3 ] DEBUG Engine               - devBBoxColorProperty: ObjectProperty [value: 0xff0000ff]
01:55:32.026 [FXGL Background Thread 3 ] DEBUG Engine               - devEnableDebugCameraProperty: BooleanProperty [value: false]
01:55:32.026 [FXGL Background Thread 3 ] DEBUG Engine               - devSensorColorProperty: ObjectProperty [value: 0xffff00ff]
01:55:32.026 [FXGL Background Thread 3 ] DEBUG Engine               - devShowBBoxProperty: BooleanProperty [value: false]
01:55:32.026 [FXGL Background Thread 3 ] DEBUG Engine               - devShowPositionProperty: BooleanProperty [value: false]
01:55:32.026 [FXGL Background Thread 3 ] DEBUG Engine               - enabledMenuItems: []
01:55:32.026 [FXGL Background Thread 3 ] DEBUG Engine               - engineServices: [class com.almasb.fxgl.app.services.FXGLAssetLoaderService, class com.almasb.fxgl.app.FXGLApplication$GameApplicationService, class com.almasb.fxgl.app.services.FXGLDialogService, class com.almasb.fxgl.app.services.IOTaskExecutorService, class com.almasb.fxgl.io.FileSystemService, class com.almasb.fxgl.localization.LocalizationService, class com.almasb.fxgl.app.services.SystemBundleService, class com.almasb.fxgl.profile.SaveLoadService, class com.almasb.fxgl.ui.FXGLUIFactoryServiceProvider, class com.almasb.fxgl.ui.FXGLDialogFactoryServiceProvider, class com.almasb.fxgl.audio.AudioPlayer, class com.almasb.fxgl.notification.impl.NotificationServiceProvider, class com.almasb.fxgl.achievement.AchievementService, class com.almasb.fxgl.cutscene.CutsceneService, class com.almasb.fxgl.minigames.MiniGameService, class com.almasb.fxgl.net.NetService, class com.almasb.fxgl.app.services.UpdaterService, class com.almasb.fxgl.dev.DevService]
01:55:32.026 [FXGL Background Thread 3 ] DEBUG Engine               - fontGame: Abel-Regular.ttf
01:55:32.026 [FXGL Background Thread 3 ] DEBUG Engine               - fontMono: TerminalLandMono-Regular.otf
01:55:32.026 [FXGL Background Thread 3 ] DEBUG Engine               - fontText: Courier-Prime.ttf
01:55:32.026 [FXGL Background Thread 3 ] DEBUG Engine               - fontUI: VarelaRound-Regular.ttf
01:55:32.026 [FXGL Background Thread 3 ] DEBUG Engine               - fullScreen: BooleanProperty [value: false]
01:55:32.026 [FXGL Background Thread 3 ] DEBUG Engine               - gameDifficulty: MEDIUM
01:55:32.026 [FXGL Background Thread 3 ] DEBUG Engine               - gameDifficultyProperty: ObjectProperty [value: MEDIUM]
01:55:32.026 [FXGL Background Thread 3 ] DEBUG Engine               - globalMusicVolume: 0.5
01:55:32.026 [FXGL Background Thread 3 ] DEBUG Engine               - globalMusicVolumeProperty: DoubleProperty [value: 0.5]
01:55:32.027 [FXGL Background Thread 3 ] DEBUG Engine               - globalSoundVolume: 0.5
01:55:32.027 [FXGL Background Thread 3 ] DEBUG Engine               - globalSoundVolumeProperty: DoubleProperty [value: 0.5]
01:55:32.027 [FXGL Background Thread 3 ] DEBUG Engine               - height: 1000
01:55:32.027 [FXGL Background Thread 3 ] DEBUG Engine               - is3D: false
01:55:32.027 [FXGL Background Thread 3 ] DEBUG Engine               - isAndroid: false
01:55:32.027 [FXGL Background Thread 3 ] DEBUG Engine               - isBrowser: false
01:55:32.027 [FXGL Background Thread 3 ] DEBUG Engine               - isClickFeedbackEnabled: false
01:55:32.027 [FXGL Background Thread 3 ] DEBUG Engine               - isCloseConfirmation: false
01:55:32.027 [FXGL Background Thread 3 ] DEBUG Engine               - isDesktop: true
01:55:32.027 [FXGL Background Thread 3 ] DEBUG Engine               - isDeveloperMenuEnabled: false
01:55:32.027 [FXGL Background Thread 3 ] DEBUG Engine               - isEmbedded: false
01:55:32.027 [FXGL Background Thread 3 ] DEBUG Engine               - isEntityPreloadEnabled: true
01:55:32.027 [FXGL Background Thread 3 ] DEBUG Engine               - isExperimentalTiledLargeMap: false
01:55:32.027 [FXGL Background Thread 3 ] DEBUG Engine               - isFileSystemWriteAllowed: true
01:55:32.027 [FXGL Background Thread 3 ] DEBUG Engine               - isFullScreenAllowed: false
01:55:32.027 [FXGL Background Thread 3 ] DEBUG Engine               - isFullScreenFromStart: false
01:55:32.027 [FXGL Background Thread 3 ] DEBUG Engine               - isGameMenuEnabled: true
01:55:32.027 [FXGL Background Thread 3 ] DEBUG Engine               - isIOS: false
01:55:32.027 [FXGL Background Thread 3 ] DEBUG Engine               - isIntroEnabled: false
01:55:32.027 [FXGL Background Thread 3 ] DEBUG Engine               - isLinux: false
01:55:32.027 [FXGL Background Thread 3 ] DEBUG Engine               - isMac: false
01:55:32.027 [FXGL Background Thread 3 ] DEBUG Engine               - isMainMenuEnabled: false
01:55:32.027 [FXGL Background Thread 3 ] DEBUG Engine               - isManualResizeEnabled: false
01:55:32.028 [FXGL Background Thread 3 ] DEBUG Engine               - isMobile: false
01:55:32.028 [FXGL Background Thread 3 ] DEBUG Engine               - isNative: false
01:55:32.028 [FXGL Background Thread 3 ] DEBUG Engine               - isPauseMusicWhenMinimized: true
01:55:32.028 [FXGL Background Thread 3 ] DEBUG Engine               - isPreserveResizeRatio: false
01:55:32.028 [FXGL Background Thread 3 ] DEBUG Engine               - isProfilingEnabled: false
01:55:32.028 [FXGL Background Thread 3 ] DEBUG Engine               - isScaleAffectedOnResize: true
01:55:32.028 [FXGL Background Thread 3 ] DEBUG Engine               - isSingleStep: false
01:55:32.028 [FXGL Background Thread 3 ] DEBUG Engine               - isUserProfileEnabled: false
01:55:32.028 [FXGL Background Thread 3 ] DEBUG Engine               - isWindows: true
01:55:32.028 [FXGL Background Thread 3 ] DEBUG Engine               - language: ObjectProperty [value: ENGLISH]
01:55:32.028 [FXGL Background Thread 3 ] DEBUG Engine               - menuKey: ESCAPE
01:55:32.028 [FXGL Background Thread 3 ] DEBUG Engine               - mouseSensitivity: 0.2
01:55:32.028 [FXGL Background Thread 3 ] DEBUG Engine               - notificationViewClass: class com.almasb.fxgl.notification.view.XboxNotificationView
01:55:32.028 [FXGL Background Thread 3 ] DEBUG Engine               - pixelsPerMeter: 50.0
01:55:32.028 [FXGL Background Thread 3 ] DEBUG Engine               - platform: WINDOWS
01:55:32.028 [FXGL Background Thread 3 ] DEBUG Engine               - prefHeightProperty: ReadOnlyDoubleProperty [value: 1000.0]
01:55:32.028 [FXGL Background Thread 3 ] DEBUG Engine               - prefWidthProperty: ReadOnlyDoubleProperty [value: 2000.0]
01:55:32.028 [FXGL Background Thread 3 ] DEBUG Engine               - profileDir: profiles/
01:55:32.028 [FXGL Background Thread 3 ] DEBUG Engine               - profileName: StringProperty [value: DEFAULT]
01:55:32.028 [FXGL Background Thread 3 ] DEBUG Engine               - randomSeed: -1
01:55:32.029 [FXGL Background Thread 3 ] DEBUG Engine               - runtimeInfo: RuntimeInfo(platform=WINDOWS, version=17.2, build=20.08.2022 16.50)
01:55:32.029 [FXGL Background Thread 3 ] DEBUG Engine               - saveFileExt: sav
01:55:32.029 [FXGL Background Thread 3 ] DEBUG Engine               - scaledHeightProp$fxgl: DoubleProperty [bound, value: 768.0]
01:55:32.029 [FXGL Background Thread 3 ] DEBUG Engine               - scaledWidthProp$fxgl: DoubleProperty [bound, value: 1511.0]
01:55:32.029 [FXGL Background Thread 3 ] DEBUG Engine               - sceneFactory: com.almasb.fxgl.app.scene.SceneFactory@e5db6d9
01:55:32.029 [FXGL Background Thread 3 ] DEBUG Engine               - secondsIn24h: 60
01:55:32.029 [FXGL Background Thread 3 ] DEBUG Engine               - soundMenuBack: menu/back.wav
01:55:32.029 [FXGL Background Thread 3 ] DEBUG Engine               - soundMenuPress: menu/press.wav
01:55:32.029 [FXGL Background Thread 3 ] DEBUG Engine               - soundMenuSelect: menu/select.wav
01:55:32.029 [FXGL Background Thread 3 ] DEBUG Engine               - soundNotification: core/notification.wav
01:55:32.029 [FXGL Background Thread 3 ] DEBUG Engine               - stageStyle: DECORATED
01:55:32.029 [FXGL Background Thread 3 ] DEBUG Engine               - supportedLanguages: [ENGLISH, FRENCH, GERMAN, HUNGARIAN, RUSSIAN]
01:55:32.029 [FXGL Background Thread 3 ] DEBUG Engine               - ticksPerSecond: -1
01:55:32.029 [FXGL Background Thread 3 ] DEBUG Engine               - title: Simulador de Restaurante
01:55:32.029 [FXGL Background Thread 3 ] DEBUG Engine               - urlGithub: https://github.com/AlmasB/FXGL
01:55:32.029 [FXGL Background Thread 3 ] DEBUG Engine               - urlLeaderboard: http://fxgl-top.herokuapp.com/
01:55:32.029 [FXGL Background Thread 3 ] DEBUG Engine               - urlPOM: https://raw.githubusercontent.com/AlmasB/FXGL/release/README.md
01:55:32.029 [FXGL Background Thread 3 ] DEBUG Engine               - userAppClass: class org.example.Main
01:55:32.029 [FXGL Background Thread 3 ] DEBUG Engine               - version: 1.0
01:55:32.029 [FXGL Background Thread 3 ] DEBUG Engine               - versionCheckDays: 7
01:55:32.029 [FXGL Background Thread 3 ] DEBUG Engine               - width: 2000
01:55:32.029 [FXGL Background Thread 3 ] DEBUG Engine               - Logging services
01:55:32.029 [FXGL Background Thread 3 ] DEBUG Engine               - class com.almasb.fxgl.app.services.FXGLAssetLoaderService
01:55:32.029 [FXGL Background Thread 3 ] DEBUG Engine               - class com.almasb.fxgl.app.FXGLApplication$GameApplicationService
01:55:32.029 [FXGL Background Thread 3 ] DEBUG Engine               - class com.almasb.fxgl.app.services.FXGLDialogService
01:55:32.029 [FXGL Background Thread 3 ] DEBUG Engine               - class com.almasb.fxgl.app.services.IOTaskExecutorService
01:55:32.029 [FXGL Background Thread 3 ] DEBUG Engine               - class com.almasb.fxgl.io.FileSystemService
01:55:32.030 [FXGL Background Thread 3 ] DEBUG Engine               - class com.almasb.fxgl.localization.LocalizationService
01:55:32.030 [FXGL Background Thread 3 ] DEBUG Engine               - class com.almasb.fxgl.app.services.SystemBundleService
01:55:32.030 [FXGL Background Thread 3 ] DEBUG Engine               - class com.almasb.fxgl.profile.SaveLoadService
01:55:32.030 [FXGL Background Thread 3 ] DEBUG Engine               - class com.almasb.fxgl.ui.FXGLUIFactoryServiceProvider
01:55:32.030 [FXGL Background Thread 3 ] DEBUG Engine               - class com.almasb.fxgl.ui.FXGLDialogFactoryServiceProvider
01:55:32.030 [FXGL Background Thread 3 ] DEBUG Engine               - class com.almasb.fxgl.audio.AudioPlayer
01:55:32.030 [FXGL Background Thread 3 ] DEBUG Engine               - class com.almasb.fxgl.notification.impl.NotificationServiceProvider
01:55:32.030 [FXGL Background Thread 3 ] DEBUG Engine               - class com.almasb.fxgl.achievement.AchievementService
01:55:32.030 [FXGL Background Thread 3 ] DEBUG Engine               - class com.almasb.fxgl.cutscene.CutsceneService
01:55:32.030 [FXGL Background Thread 3 ] DEBUG Engine               - class com.almasb.fxgl.minigames.MiniGameService
01:55:32.030 [FXGL Background Thread 3 ] DEBUG Engine               - class com.almasb.fxgl.net.NetService
01:55:32.030 [FXGL Background Thread 3 ] DEBUG Engine               - class com.almasb.fxgl.app.services.UpdaterService
01:55:32.030 [FXGL Background Thread 3 ] DEBUG Engine               - class com.almasb.fxgl.dev.DevService
01:57:01.179 [JavaFX Application Thread] DEBUG FXGLApplication      - Exiting FXGL
01:57:01.179 [JavaFX Application Thread] DEBUG LoopRunner           - Stopping loop
01:57:01.179 [JavaFX Application Thread] DEBUG SystemBundleService  - Saving FXGL system data
01:57:01.181 [JavaFX Application Thread] DEBUG FileSystemAccess     - Writing to: C:\Users\gerso\OneDrive\Documentos\Cuatrimestre 7\Concurrente\Java\Simulador_Restaurante\system\fxgl.bundle
01:57:01.183 [JavaFX Application Thread] DEBUG Async                - Shutting down background threads
01:57:01.183 [JavaFX Application Thread] DEBUG PrimaryStageWindow   - Closing main window
01:57:01.200 [JavaFX Application Thread] DEBUG Logger               - Closing Logger
