21:41:17.773 [main                     ] DEBUG Logger               - Configured Logger
21:41:17.803 [main                     ] DEBUG GameApplication      - Logging settings
Title: Simulador de Restaurante
Version: 1.0
Width: 2000
Height: 1000
Fullscreen: false
Intro: false
Profiling: false
Single step:false
App Mode: DEVELOPER
Menu Key: ESCAPE
Stage Style: DECORATED
Scene Factory: class com.almasb.fxgl.app.scene.SceneFactory

21:41:18.611 [JavaFX Application Thread] DEBUG FXGLApplication      - Initializing FXGL
21:41:18.617 [JavaFX Application Thread] INFO  Engine               - FXGL-17.2 (20.08.2022 16.50) on WINDOWS (J:17.0.5 FX:18)
21:41:18.618 [JavaFX Application Thread] DEBUG Engine               - JRE Vendor Name: Oracle Corporation
21:41:18.618 [JavaFX Application Thread] DEBUG Engine               - Running on OS: Windows 11 version 10.0
21:41:18.619 [JavaFX Application Thread] DEBUG Engine               - Architecture: amd64
21:41:18.619 [JavaFX Application Thread] INFO  Engine               - Source code and latest versions at: https://github.com/AlmasB/FXGL
21:41:18.619 [JavaFX Application Thread] INFO  Engine               -       Ask questions and discuss at: https://github.com/AlmasB/FXGL/discussions
21:41:18.619 [JavaFX Application Thread] INFO  Engine               -              Join the FXGL chat at: https://gitter.im/AlmasB/FXGL
21:41:18.754 [JavaFX Application Thread] DEBUG PrimaryStageWindow   - Creating a JavaFX scene
21:41:18.754 [JavaFX Application Thread] DEBUG PrimaryStageWindow   - Target size > screen size
21:41:18.812 [JavaFX Application Thread] DEBUG PrimaryStageWindow   - Target settings size: 2000.0 x 1000.0
21:41:18.812 [JavaFX Application Thread] DEBUG PrimaryStageWindow   - Scaled scene size:    1895.0 x 960.0
21:41:18.813 [JavaFX Application Thread] DEBUG PrimaryStageWindow   - Scaled ratio: (0.9475, 0.96)
21:41:18.814 [JavaFX Application Thread] DEBUG PrimaryStageWindow   - Set initial scene to FXGLStartupScene
21:41:18.822 [JavaFX Application Thread] DEBUG PrimaryStageWindow   - Opening main window
21:41:18.938 [JavaFX Application Thread] DEBUG PrimaryStageWindow   - Window border size: (16.0, 39.0)
21:41:18.939 [JavaFX Application Thread] DEBUG PrimaryStageWindow   - Scaled size: 1895.0 x 960.0
21:41:18.939 [JavaFX Application Thread] DEBUG PrimaryStageWindow   - Scaled ratio: (0.9475, 0.96)
21:41:18.939 [JavaFX Application Thread] DEBUG PrimaryStageWindow   - Scene size: 1895.0 x 960.0
21:41:18.940 [JavaFX Application Thread] DEBUG PrimaryStageWindow   - Stage size: 1911.0 x 999.0
21:41:18.951 [FXGL Background Thread 1 ] DEBUG Engine               - Initializing environment variables
21:41:18.996 [FXGL Background Thread 1 ] DEBUG FXGLAssetLoaderServi - User app class for loading assets: class org.example.Main
21:41:18.996 [FXGL Background Thread 1 ] DEBUG GameApplicationServi - Applying CSS: fxgl_dark.css
21:41:18.999 [FXGL Background Thread 1 ] DEBUG FXGLAssetLoaderServi - Loading from file system: jar:file:/C:/Users/deskr/.m2/repository/com/github/almasb/fxgl/17.2/fxgl-17.2.jar!/fxglassets/ui/css/fxgl_dark.css
21:41:19.046 [FXGL Background Thread 1 ] DEBUG GameApplicationServi - Initializing application scenes
21:41:19.097 [FXGL Background Thread 1 ] DEBUG GameWorld            - Game world initialized
21:41:19.153 [FXGL Background Thread 1 ] DEBUG PhysicsWorld         - Physics world initialized: appHeight=1000, physics.ppm=50.0
21:41:19.153 [FXGL Background Thread 1 ] DEBUG PhysicsWorld         - Using strategy: BRUTE_FORCE
21:41:19.157 [FXGL Background Thread 1 ] DEBUG GameScene            - Game scene initialized: 2000x1000
21:41:19.173 [FXGL Background Thread 1 ] DEBUG FXGL.DefaultMenu     - createMenuBodyGameMenu()
21:41:19.191 [FXGL Background Thread 1 ] DEBUG FXGL.DefaultMenu     - createOptionsMenu()
21:41:19.207 [FXGL Background Thread 1 ] DEBUG FXGLAssetLoaderServi - Loading from file system: jar:file:/C:/Users/deskr/.m2/repository/com/github/almasb/fxgl/17.2/fxgl-17.2.jar!/fxglassets/textures/particles/smoke.png
21:41:19.313 [FXGL Background Thread 1 ] DEBUG FXGLAssetLoaderServi - Loading from file system: jar:file:/C:/Users/deskr/.m2/repository/com/github/almasb/fxgl/17.2/fxgl-17.2.jar!/fxglassets/textures/particles/trace_horizontal.png
21:41:19.336 [FXGL Background Thread 1 ] DEBUG GameApplicationServi - Application scenes initialized
21:41:19.350 [FXGL Background Thread 1 ] DEBUG SystemBundleService  - Loading FXGL system data
21:41:19.357 [FXGL Background Thread 1 ] DEBUG FileSystemAccess     - Reading from: C:\Users\deskr\OneDrive\Documentos\7 cuatrimestre\Programacion Concurrente\fxl Simulador\system\fxgl.bundle
21:41:19.366 [FXGL Background Thread 1 ] DEBUG SystemBundleService  - Bundle FXGL: {}
21:41:19.367 [FXGL Background Thread 1 ] DEBUG UpdaterService       - Checking for updates
21:41:19.373 [FXGL Background Thread 4 ] DEBUG FXGLApplication      - Loading fonts
21:41:19.374 [FXGL Background Thread 4 ] DEBUG FXGLAssetLoaderServi - Loading from file system: jar:file:/C:/Users/deskr/.m2/repository/com/github/almasb/fxgl/17.2/fxgl-17.2.jar!/fxglassets/ui/fonts/VarelaRound-Regular.ttf
21:41:19.374 [FXGL Background Thread 1 ] DEBUG FXGLApplication      - Loading default localization
21:41:19.374 [FXGL Background Thread 1 ] DEBUG FXGLAssetLoaderServi - Loading from file system: jar:file:/C:/Users/deskr/.m2/repository/com/github/almasb/fxgl/17.2/fxgl-17.2.jar!/fxglassets/languages/english.lang
21:41:19.398 [FXGL Background Thread 1 ] INFO  FXGLApplication      - FXGL initialization took: 0.446 sec
21:41:19.400 [JavaFX Application Thread] DEBUG FXGLAssetLoaderServi - Loading from file system: jar:file:/C:/Users/deskr/.m2/repository/com/github/almasb/fxgl/17.2/fxgl-17.2.jar!/fxglassets/textures/fxgl_icon.png
21:41:19.421 [JavaFX Application Thread] DEBUG FXGLAssetLoaderServi - Loading from file system: jar:file:/C:/Users/deskr/.m2/repository/com/github/almasb/fxgl/17.2/fxgl-17.2.jar!/fxglassets/textures/fxgl_default_cursor.png
21:41:19.441 [JavaFX Application Thread] DEBUG Input                - Registered new binding: Screenshot - CTRL+8
21:41:19.442 [JavaFX Application Thread] DEBUG Input                - Registered new binding: System info dump - CTRL+9
21:41:19.442 [JavaFX Application Thread] DEBUG Input                - Registered new binding: Restart - CTRL+R
21:41:19.444 [JavaFX Application Thread] DEBUG Input                - Registered new binding: Toggle Debug Camera - CTRL+7
21:41:19.447 [JavaFX Application Thread] DEBUG LoopRunner           - Starting loop
21:41:19.447 [JavaFX Application Thread] DEBUG LoopRunner           - Initializing JavaFX AnimationTimerLoop
21:41:19.450 [JavaFX Application Thread] DEBUG GameApplicationServi - Starting new game
21:41:19.451 [JavaFX Application Thread] DEBUG Input                - Clearing active input actions
21:41:19.457 [FXGL Background Thread 4 ] DEBUG FXGLAssetLoaderServi - Loading from file system: jar:file:/C:/Users/deskr/.m2/repository/com/github/almasb/fxgl/17.2/fxgl-17.2.jar!/fxglassets/ui/fonts/TerminalLandMono-Regular.otf
21:41:19.463 [JavaFX Application Thread] DEBUG GameApplicationServi - Removing overlay from FXGLStartupScene and adding to FXGLLoadingScene
21:41:19.464 [JavaFX Application Thread] DEBUG PrimaryStageWindow   - FXGLStartupScene -> FXGLLoadingScene
21:41:19.464 [JavaFX Application Thread] DEBUG GameApplicationServi - Clearing previous game
21:41:19.464 [JavaFX Application Thread] DEBUG GameScene            - Clearing game scene
21:41:19.464 [JavaFX Application Thread] DEBUG GameWorld            - Clearing game world
21:41:19.464 [JavaFX Application Thread] DEBUG PhysicsWorld         - Clearing physics world
21:41:19.467 [FXGL Background Thread 1 ] DEBUG FXGLApplication      - Initializing game
21:41:19.469 [FXGL Background Thread 1 ] DEBUG FXGLAssetLoaderServi - Loading from file system: file:/C:/Users/deskr/OneDrive/Documentos/7%20cuatrimestre/Programacion%20Concurrente/fxl%20Simulador/target/classes/assets/textures/fondo.png
21:41:19.469 [FXGL Background Thread 4 ] DEBUG FXGLAssetLoaderServi - Loading from file system: jar:file:/C:/Users/deskr/.m2/repository/com/github/almasb/fxgl/17.2/fxgl-17.2.jar!/fxglassets/ui/fonts/Courier-Prime.ttf
21:41:19.524 [JavaFX Application Thread] DEBUG FXGLApplication      - Registering font factories with UI factory
21:41:19.527 [JavaFX Application Thread] DEBUG LoopRunner           - Stopping loop
21:41:19.530 [JavaFX Application Thread] FATAL FXGLApplication      - Uncaught Exception:
java.lang.RuntimeException: Initialization failed
	at com.almasb.fxgl.app.FXGLApplication$InitAppTask.failed(FXGLApplication.kt:343)
	at javafx.concurrent.Task.setState(Task.java:710)
	at javafx.concurrent.Task$TaskCallable.lambda$call$2(Task.java:1456)
	at com.sun.javafx.application.PlatformImpl.lambda$runLater$10(PlatformImpl.java:457)
	at java.base/java.security.AccessController.doPrivileged(AccessController.java:399)
	at com.sun.javafx.application.PlatformImpl.lambda$runLater$11(PlatformImpl.java:456)
	at com.sun.glass.ui.InvokeLaterDispatcher$Future.run(InvokeLaterDispatcher.java:96)
	at com.sun.glass.ui.win.WinApplication._runLoop(Native Method)
	at com.sun.glass.ui.win.WinApplication.lambda$runLoop$3(WinApplication.java:184)
	at java.base/java.lang.Thread.run(Thread.java:833)
Caused by: java.lang.IllegalStateException: Not on FX application thread; currentThread = FXGL Background Thread 1
	at com.sun.javafx.tk.Toolkit.checkFxUserThread(Toolkit.java:297)
	at com.sun.javafx.tk.quantum.QuantumToolkit.checkFxUserThread(QuantumToolkit.java:458)
	at javafx.scene.Parent$3.onProposedChange(Parent.java:474)
	at com.sun.javafx.collections.VetoableListDecorator.add(VetoableListDecorator.java:205)
	at com.almasb.fxgl.notification.impl.NotificationServiceProvider.showFirstNotification(NotificationServiceProvider.kt:108)
	at com.almasb.fxgl.notification.impl.NotificationServiceProvider.pushNotification(NotificationServiceProvider.kt:77)
	at com.almasb.fxgl.notification.impl.NotificationServiceProvider.pushNotification(NotificationServiceProvider.kt:68)
	at org.example.controllers.ManagerController.initController(ManagerController.java:14)
	at org.example.config.InitGame.runGame(InitGame.java:27)
	at org.example.Main.initGame(Main.java:20)
	at com.almasb.fxgl.app.FXGLApplication$InitAppTask.initGame(FXGLApplication.kt:339)
	at com.almasb.fxgl.app.FXGLApplication$InitAppTask.call(FXGLApplication.kt:319)
	at com.almasb.fxgl.app.FXGLApplication$InitAppTask.call(FXGLApplication.kt:311)
	at javafx.concurrent.Task$TaskCallable.call(Task.java:1426)
	at java.base/java.util.concurrent.FutureTask.run(FutureTask.java:264)
	at java.base/java.util.concurrent.Executors$RunnableAdapter.call(Executors.java:539)
	at java.base/java.util.concurrent.FutureTask.run(FutureTask.java:264)
	at java.base/java.util.concurrent.ThreadPoolExecutor.runWorker(ThreadPoolExecutor.java:1136)
	at java.base/java.util.concurrent.ThreadPoolExecutor$Worker.run(ThreadPoolExecutor.java:635)
	... 1 more

21:41:19.530 [JavaFX Application Thread] FATAL FXGLApplication      - Application will now exit
21:41:19.558 [JavaFX Application Thread] DEBUG PrimaryStageWindow   - Push state: ErrorSubScene
21:41:19.559 [JavaFX Application Thread] DEBUG Input                - Clearing active input actions
21:41:19.567 [JavaFX Application Thread] DEBUG GameApplicationServi - Removing overlay from FXGLLoadingScene and adding to ErrorSubScene
21:41:19.568 [JavaFX Application Thread] DEBUG PrimaryStageWindow   - FXGLLoadingScene -> ErrorSubScene
21:41:20.341 [FXGL Background Thread 2 ] INFO  UpdaterService       - Your current version:  17.2
21:41:20.341 [FXGL Background Thread 2 ] INFO  UpdaterService       - Latest stable version: 21.1
21:41:22.372 [FXGL Background Thread 3 ] DEBUG Engine               - Logging environment variables
21:41:22.373 [FXGL Background Thread 3 ] DEBUG Engine               - achievements: []
21:41:22.373 [FXGL Background Thread 3 ] DEBUG Engine               - actualHeight: 960.0
21:41:22.373 [FXGL Background Thread 3 ] DEBUG Engine               - actualHeightProperty: ReadOnlyDoubleProperty [value: 960.0]
21:41:22.373 [FXGL Background Thread 3 ] DEBUG Engine               - actualWidth: 1895.0
21:41:22.373 [FXGL Background Thread 3 ] DEBUG Engine               - actualWidthProperty: ReadOnlyDoubleProperty [value: 1895.0]
21:41:22.373 [FXGL Background Thread 3 ] DEBUG Engine               - appIcon: fxgl_icon.png
21:41:22.374 [FXGL Background Thread 3 ] DEBUG Engine               - applicationMode: DEVELOPER
21:41:22.374 [FXGL Background Thread 3 ] DEBUG Engine               - cSSList: [fxgl_dark.css]
21:41:22.374 [FXGL Background Thread 3 ] DEBUG Engine               - collisionDetectionStrategy: BRUTE_FORCE
21:41:22.374 [FXGL Background Thread 3 ] DEBUG Engine               - configClass: Optional.empty
21:41:22.374 [FXGL Background Thread 3 ] DEBUG Engine               - credits: []
21:41:22.374 [FXGL Background Thread 3 ] DEBUG Engine               - defaultCursor: CursorInfo(imageName=fxgl_default_cursor.png, hotspotX=7.0, hotspotY=6.0)
21:41:22.375 [FXGL Background Thread 3 ] DEBUG Engine               - devBBoxColorProperty: ObjectProperty [value: 0xff0000ff]
21:41:22.375 [FXGL Background Thread 3 ] DEBUG Engine               - devEnableDebugCameraProperty: BooleanProperty [value: false]
21:41:22.375 [FXGL Background Thread 3 ] DEBUG Engine               - devSensorColorProperty: ObjectProperty [value: 0xffff00ff]
21:41:22.375 [FXGL Background Thread 3 ] DEBUG Engine               - devShowBBoxProperty: BooleanProperty [value: false]
21:41:22.375 [FXGL Background Thread 3 ] DEBUG Engine               - devShowPositionProperty: BooleanProperty [value: false]
21:41:22.376 [FXGL Background Thread 3 ] DEBUG Engine               - enabledMenuItems: []
21:41:22.376 [FXGL Background Thread 3 ] DEBUG Engine               - engineServices: [class com.almasb.fxgl.app.services.FXGLAssetLoaderService, class com.almasb.fxgl.app.FXGLApplication$GameApplicationService, class com.almasb.fxgl.app.services.FXGLDialogService, class com.almasb.fxgl.app.services.IOTaskExecutorService, class com.almasb.fxgl.io.FileSystemService, class com.almasb.fxgl.localization.LocalizationService, class com.almasb.fxgl.app.services.SystemBundleService, class com.almasb.fxgl.profile.SaveLoadService, class com.almasb.fxgl.ui.FXGLUIFactoryServiceProvider, class com.almasb.fxgl.ui.FXGLDialogFactoryServiceProvider, class com.almasb.fxgl.audio.AudioPlayer, class com.almasb.fxgl.notification.impl.NotificationServiceProvider, class com.almasb.fxgl.achievement.AchievementService, class com.almasb.fxgl.cutscene.CutsceneService, class com.almasb.fxgl.minigames.MiniGameService, class com.almasb.fxgl.net.NetService, class com.almasb.fxgl.app.services.UpdaterService, class com.almasb.fxgl.dev.DevService]
21:41:22.376 [FXGL Background Thread 3 ] DEBUG Engine               - fontGame: Abel-Regular.ttf
21:41:22.376 [FXGL Background Thread 3 ] DEBUG Engine               - fontMono: TerminalLandMono-Regular.otf
21:41:22.376 [FXGL Background Thread 3 ] DEBUG Engine               - fontText: Courier-Prime.ttf
21:41:22.376 [FXGL Background Thread 3 ] DEBUG Engine               - fontUI: VarelaRound-Regular.ttf
21:41:22.376 [FXGL Background Thread 3 ] DEBUG Engine               - fullScreen: BooleanProperty [value: false]
21:41:22.376 [FXGL Background Thread 3 ] DEBUG Engine               - gameDifficulty: MEDIUM
21:41:22.376 [FXGL Background Thread 3 ] DEBUG Engine               - gameDifficultyProperty: ObjectProperty [value: MEDIUM]
21:41:22.376 [FXGL Background Thread 3 ] DEBUG Engine               - globalMusicVolume: 0.5
21:41:22.376 [FXGL Background Thread 3 ] DEBUG Engine               - globalMusicVolumeProperty: DoubleProperty [value: 0.5]
21:41:22.376 [FXGL Background Thread 3 ] DEBUG Engine               - globalSoundVolume: 0.5
21:41:22.376 [FXGL Background Thread 3 ] DEBUG Engine               - globalSoundVolumeProperty: DoubleProperty [value: 0.5]
21:41:22.377 [FXGL Background Thread 3 ] DEBUG Engine               - height: 1000
21:41:22.377 [FXGL Background Thread 3 ] DEBUG Engine               - is3D: false
21:41:22.377 [FXGL Background Thread 3 ] DEBUG Engine               - isAndroid: false
21:41:22.377 [FXGL Background Thread 3 ] DEBUG Engine               - isBrowser: false
21:41:22.377 [FXGL Background Thread 3 ] DEBUG Engine               - isClickFeedbackEnabled: false
21:41:22.377 [FXGL Background Thread 3 ] DEBUG Engine               - isCloseConfirmation: false
21:41:22.377 [FXGL Background Thread 3 ] DEBUG Engine               - isDesktop: true
21:41:22.377 [FXGL Background Thread 3 ] DEBUG Engine               - isDeveloperMenuEnabled: false
21:41:22.377 [FXGL Background Thread 3 ] DEBUG Engine               - isEmbedded: false
21:41:22.377 [FXGL Background Thread 3 ] DEBUG Engine               - isEntityPreloadEnabled: true
21:41:22.377 [FXGL Background Thread 3 ] DEBUG Engine               - isExperimentalTiledLargeMap: false
21:41:22.377 [FXGL Background Thread 3 ] DEBUG Engine               - isFileSystemWriteAllowed: true
21:41:22.377 [FXGL Background Thread 3 ] DEBUG Engine               - isFullScreenAllowed: false
21:41:22.377 [FXGL Background Thread 3 ] DEBUG Engine               - isFullScreenFromStart: false
21:41:22.378 [FXGL Background Thread 3 ] DEBUG Engine               - isGameMenuEnabled: true
21:41:22.378 [FXGL Background Thread 3 ] DEBUG Engine               - isIOS: false
21:41:22.378 [FXGL Background Thread 3 ] DEBUG Engine               - isIntroEnabled: false
21:41:22.378 [FXGL Background Thread 3 ] DEBUG Engine               - isLinux: false
21:41:22.378 [FXGL Background Thread 3 ] DEBUG Engine               - isMac: false
21:41:22.378 [FXGL Background Thread 3 ] DEBUG Engine               - isMainMenuEnabled: false
21:41:22.378 [FXGL Background Thread 3 ] DEBUG Engine               - isManualResizeEnabled: false
21:41:22.378 [FXGL Background Thread 3 ] DEBUG Engine               - isMobile: false
21:41:22.378 [FXGL Background Thread 3 ] DEBUG Engine               - isNative: false
21:41:22.378 [FXGL Background Thread 3 ] DEBUG Engine               - isPauseMusicWhenMinimized: true
21:41:22.378 [FXGL Background Thread 3 ] DEBUG Engine               - isPreserveResizeRatio: false
21:41:22.378 [FXGL Background Thread 3 ] DEBUG Engine               - isProfilingEnabled: false
21:41:22.378 [FXGL Background Thread 3 ] DEBUG Engine               - isScaleAffectedOnResize: true
21:41:22.378 [FXGL Background Thread 3 ] DEBUG Engine               - isSingleStep: false
21:41:22.378 [FXGL Background Thread 3 ] DEBUG Engine               - isUserProfileEnabled: false
21:41:22.379 [FXGL Background Thread 3 ] DEBUG Engine               - isWindows: true
21:41:22.379 [FXGL Background Thread 3 ] DEBUG Engine               - language: ObjectProperty [value: ENGLISH]
21:41:22.379 [FXGL Background Thread 3 ] DEBUG Engine               - menuKey: ESCAPE
21:41:22.379 [FXGL Background Thread 3 ] DEBUG Engine               - mouseSensitivity: 0.2
21:41:22.379 [FXGL Background Thread 3 ] DEBUG Engine               - notificationViewClass: class com.almasb.fxgl.notification.view.XboxNotificationView
21:41:22.379 [FXGL Background Thread 3 ] DEBUG Engine               - pixelsPerMeter: 50.0
21:41:22.379 [FXGL Background Thread 3 ] DEBUG Engine               - platform: WINDOWS
21:41:22.379 [FXGL Background Thread 3 ] DEBUG Engine               - prefHeightProperty: ReadOnlyDoubleProperty [value: 1000.0]
21:41:22.379 [FXGL Background Thread 3 ] DEBUG Engine               - prefWidthProperty: ReadOnlyDoubleProperty [value: 2000.0]
21:41:22.379 [FXGL Background Thread 3 ] DEBUG Engine               - profileDir: profiles/
21:41:22.379 [FXGL Background Thread 3 ] DEBUG Engine               - profileName: StringProperty [value: DEFAULT]
21:41:22.379 [FXGL Background Thread 3 ] DEBUG Engine               - randomSeed: -1
21:41:22.379 [FXGL Background Thread 3 ] DEBUG Engine               - runtimeInfo: RuntimeInfo(platform=WINDOWS, version=17.2, build=20.08.2022 16.50)
21:41:22.379 [FXGL Background Thread 3 ] DEBUG Engine               - saveFileExt: sav
21:41:22.379 [FXGL Background Thread 3 ] DEBUG Engine               - scaledHeightProp$fxgl: DoubleProperty [bound, value: 960.0]
21:41:22.379 [FXGL Background Thread 3 ] DEBUG Engine               - scaledWidthProp$fxgl: DoubleProperty [bound, value: 1895.0]
21:41:22.379 [FXGL Background Thread 3 ] DEBUG Engine               - sceneFactory: com.almasb.fxgl.app.scene.SceneFactory@7398a578
21:41:22.379 [FXGL Background Thread 3 ] DEBUG Engine               - secondsIn24h: 60
21:41:22.379 [FXGL Background Thread 3 ] DEBUG Engine               - soundMenuBack: menu/back.wav
21:41:22.379 [FXGL Background Thread 3 ] DEBUG Engine               - soundMenuPress: menu/press.wav
21:41:22.379 [FXGL Background Thread 3 ] DEBUG Engine               - soundMenuSelect: menu/select.wav
21:41:22.379 [FXGL Background Thread 3 ] DEBUG Engine               - soundNotification: core/notification.wav
21:41:22.380 [FXGL Background Thread 3 ] DEBUG Engine               - stageStyle: DECORATED
21:41:22.380 [FXGL Background Thread 3 ] DEBUG Engine               - supportedLanguages: [ENGLISH, FRENCH, GERMAN, HUNGARIAN, RUSSIAN]
21:41:22.380 [FXGL Background Thread 3 ] DEBUG Engine               - ticksPerSecond: -1
21:41:22.380 [FXGL Background Thread 3 ] DEBUG Engine               - title: Simulador de Restaurante
21:41:22.380 [FXGL Background Thread 3 ] DEBUG Engine               - urlGithub: https://github.com/AlmasB/FXGL
21:41:22.380 [FXGL Background Thread 3 ] DEBUG Engine               - urlLeaderboard: http://fxgl-top.herokuapp.com/
21:41:22.380 [FXGL Background Thread 3 ] DEBUG Engine               - urlPOM: https://raw.githubusercontent.com/AlmasB/FXGL/release/README.md
21:41:22.380 [FXGL Background Thread 3 ] DEBUG Engine               - userAppClass: class org.example.Main
21:41:22.380 [FXGL Background Thread 3 ] DEBUG Engine               - version: 1.0
21:41:22.380 [FXGL Background Thread 3 ] DEBUG Engine               - versionCheckDays: 7
21:41:22.380 [FXGL Background Thread 3 ] DEBUG Engine               - width: 2000
21:41:22.380 [FXGL Background Thread 3 ] DEBUG Engine               - Logging services
21:41:22.380 [FXGL Background Thread 3 ] DEBUG Engine               - class com.almasb.fxgl.app.services.FXGLAssetLoaderService
21:41:22.380 [FXGL Background Thread 3 ] DEBUG Engine               - class com.almasb.fxgl.app.FXGLApplication$GameApplicationService
21:41:22.380 [FXGL Background Thread 3 ] DEBUG Engine               - class com.almasb.fxgl.app.services.FXGLDialogService
21:41:22.380 [FXGL Background Thread 3 ] DEBUG Engine               - class com.almasb.fxgl.app.services.IOTaskExecutorService
21:41:22.380 [FXGL Background Thread 3 ] DEBUG Engine               - class com.almasb.fxgl.io.FileSystemService
21:41:22.380 [FXGL Background Thread 3 ] DEBUG Engine               - class com.almasb.fxgl.localization.LocalizationService
21:41:22.380 [FXGL Background Thread 3 ] DEBUG Engine               - class com.almasb.fxgl.app.services.SystemBundleService
21:41:22.380 [FXGL Background Thread 3 ] DEBUG Engine               - class com.almasb.fxgl.profile.SaveLoadService
21:41:22.380 [FXGL Background Thread 3 ] DEBUG Engine               - class com.almasb.fxgl.ui.FXGLUIFactoryServiceProvider
21:41:22.380 [FXGL Background Thread 3 ] DEBUG Engine               - class com.almasb.fxgl.ui.FXGLDialogFactoryServiceProvider
21:41:22.380 [FXGL Background Thread 3 ] DEBUG Engine               - class com.almasb.fxgl.audio.AudioPlayer
21:41:22.381 [FXGL Background Thread 3 ] DEBUG Engine               - class com.almasb.fxgl.notification.impl.NotificationServiceProvider
21:41:22.381 [FXGL Background Thread 3 ] DEBUG Engine               - class com.almasb.fxgl.achievement.AchievementService
21:41:22.381 [FXGL Background Thread 3 ] DEBUG Engine               - class com.almasb.fxgl.cutscene.CutsceneService
21:41:22.381 [FXGL Background Thread 3 ] DEBUG Engine               - class com.almasb.fxgl.minigames.MiniGameService
21:41:22.381 [FXGL Background Thread 3 ] DEBUG Engine               - class com.almasb.fxgl.net.NetService
21:41:22.381 [FXGL Background Thread 3 ] DEBUG Engine               - class com.almasb.fxgl.app.services.UpdaterService
21:41:22.381 [FXGL Background Thread 3 ] DEBUG Engine               - class com.almasb.fxgl.dev.DevService
21:41:29.182 [JavaFX Application Thread] DEBUG FXGLApplication      - Exiting FXGL
21:41:29.183 [JavaFX Application Thread] DEBUG Async                - Shutting down background threads
21:41:29.183 [JavaFX Application Thread] DEBUG PrimaryStageWindow   - Closing main window
21:41:29.216 [JavaFX Application Thread] DEBUG Logger               - Closing Logger
