21:41:37.912 [main                     ] DEBUG Logger               - Configured Logger
21:41:37.939 [main                     ] DEBUG GameApplication      - Logging settings
Title: Simulador de Restaurante
Version: 1.0
Width: 2000
Height: 1000
Fullscreen: false
Intro: false
Profiling: false
Single step:false
App Mode: DEVELOPER
Menu Key: ESCAPE
Stage Style: DECORATED
Scene Factory: class com.almasb.fxgl.app.scene.SceneFactory

21:41:38.777 [JavaFX Application Thread] DEBUG FXGLApplication      - Initializing FXGL
21:41:38.783 [JavaFX Application Thread] INFO  Engine               - FXGL-17.2 (20.08.2022 16.50) on WINDOWS (J:17.0.5 FX:18)
21:41:38.783 [JavaFX Application Thread] DEBUG Engine               - JRE Vendor Name: Oracle Corporation
21:41:38.783 [JavaFX Application Thread] DEBUG Engine               - Running on OS: Windows 11 version 10.0
21:41:38.783 [JavaFX Application Thread] DEBUG Engine               - Architecture: amd64
21:41:38.783 [JavaFX Application Thread] INFO  Engine               - Source code and latest versions at: https://github.com/AlmasB/FXGL
21:41:38.783 [JavaFX Application Thread] INFO  Engine               -       Ask questions and discuss at: https://github.com/AlmasB/FXGL/discussions
21:41:38.784 [JavaFX Application Thread] INFO  Engine               -              Join the FXGL chat at: https://gitter.im/AlmasB/FXGL
21:41:39.035 [JavaFX Application Thread] DEBUG PrimaryStageWindow   - Creating a JavaFX scene
21:41:39.036 [JavaFX Application Thread] DEBUG PrimaryStageWindow   - Target size > screen size
21:41:39.090 [JavaFX Application Thread] DEBUG PrimaryStageWindow   - Target settings size: 2000.0 x 1000.0
21:41:39.090 [JavaFX Application Thread] DEBUG PrimaryStageWindow   - Scaled scene size:    1895.0 x 960.0
21:41:39.090 [JavaFX Application Thread] DEBUG PrimaryStageWindow   - Scaled ratio: (0.9475, 0.96)
21:41:39.091 [JavaFX Application Thread] DEBUG PrimaryStageWindow   - Set initial scene to FXGLStartupScene
21:41:39.098 [JavaFX Application Thread] DEBUG PrimaryStageWindow   - Opening main window
21:41:39.210 [JavaFX Application Thread] DEBUG PrimaryStageWindow   - Window border size: (16.0, 39.0)
21:41:39.210 [JavaFX Application Thread] DEBUG PrimaryStageWindow   - Scaled size: 1895.0 x 960.0
21:41:39.211 [JavaFX Application Thread] DEBUG PrimaryStageWindow   - Scaled ratio: (0.9475, 0.96)
21:41:39.211 [JavaFX Application Thread] DEBUG PrimaryStageWindow   - Scene size: 1895.0 x 960.0
21:41:39.211 [JavaFX Application Thread] DEBUG PrimaryStageWindow   - Stage size: 1911.0 x 999.0
21:41:39.222 [FXGL Background Thread 1 ] DEBUG Engine               - Initializing environment variables
21:41:39.264 [FXGL Background Thread 1 ] DEBUG FXGLAssetLoaderServi - User app class for loading assets: class org.example.Main
21:41:39.265 [FXGL Background Thread 1 ] DEBUG GameApplicationServi - Applying CSS: fxgl_dark.css
21:41:39.268 [FXGL Background Thread 1 ] DEBUG FXGLAssetLoaderServi - Loading from file system: jar:file:/C:/Users/deskr/.m2/repository/com/github/almasb/fxgl/17.2/fxgl-17.2.jar!/fxglassets/ui/css/fxgl_dark.css
21:41:39.312 [FXGL Background Thread 1 ] DEBUG GameApplicationServi - Initializing application scenes
21:41:39.361 [FXGL Background Thread 1 ] DEBUG GameWorld            - Game world initialized
21:41:39.420 [FXGL Background Thread 1 ] DEBUG PhysicsWorld         - Physics world initialized: appHeight=1000, physics.ppm=50.0
21:41:39.420 [FXGL Background Thread 1 ] DEBUG PhysicsWorld         - Using strategy: BRUTE_FORCE
21:41:39.424 [FXGL Background Thread 1 ] DEBUG GameScene            - Game scene initialized: 2000x1000
21:41:39.439 [FXGL Background Thread 1 ] DEBUG FXGL.DefaultMenu     - createMenuBodyGameMenu()
21:41:39.460 [FXGL Background Thread 1 ] DEBUG FXGL.DefaultMenu     - createOptionsMenu()
21:41:39.471 [FXGL Background Thread 1 ] DEBUG FXGLAssetLoaderServi - Loading from file system: jar:file:/C:/Users/deskr/.m2/repository/com/github/almasb/fxgl/17.2/fxgl-17.2.jar!/fxglassets/textures/particles/smoke.png
21:41:39.606 [FXGL Background Thread 1 ] DEBUG FXGLAssetLoaderServi - Loading from file system: jar:file:/C:/Users/deskr/.m2/repository/com/github/almasb/fxgl/17.2/fxgl-17.2.jar!/fxglassets/textures/particles/trace_horizontal.png
21:41:39.637 [FXGL Background Thread 1 ] DEBUG GameApplicationServi - Application scenes initialized
21:41:39.656 [FXGL Background Thread 1 ] DEBUG SystemBundleService  - Loading FXGL system data
21:41:39.664 [FXGL Background Thread 1 ] DEBUG FileSystemAccess     - Reading from: C:\Users\deskr\OneDrive\Documentos\7 cuatrimestre\Programacion Concurrente\fxl Simulador\system\fxgl.bundle
21:41:39.674 [FXGL Background Thread 1 ] DEBUG SystemBundleService  - Bundle FXGL: {}
21:41:39.675 [FXGL Background Thread 1 ] DEBUG UpdaterService       - Checking for updates
21:41:39.680 [FXGL Background Thread 4 ] DEBUG FXGLApplication      - Loading fonts
21:41:39.681 [FXGL Background Thread 1 ] DEBUG FXGLApplication      - Loading default localization
21:41:39.681 [FXGL Background Thread 4 ] DEBUG FXGLAssetLoaderServi - Loading from file system: jar:file:/C:/Users/deskr/.m2/repository/com/github/almasb/fxgl/17.2/fxgl-17.2.jar!/fxglassets/ui/fonts/VarelaRound-Regular.ttf
21:41:39.682 [FXGL Background Thread 1 ] DEBUG FXGLAssetLoaderServi - Loading from file system: jar:file:/C:/Users/deskr/.m2/repository/com/github/almasb/fxgl/17.2/fxgl-17.2.jar!/fxglassets/languages/english.lang
21:41:39.703 [FXGL Background Thread 1 ] INFO  FXGLApplication      - FXGL initialization took: 0.481 sec
21:41:39.707 [JavaFX Application Thread] DEBUG FXGLAssetLoaderServi - Loading from file system: jar:file:/C:/Users/deskr/.m2/repository/com/github/almasb/fxgl/17.2/fxgl-17.2.jar!/fxglassets/textures/fxgl_icon.png
21:41:39.735 [JavaFX Application Thread] DEBUG FXGLAssetLoaderServi - Loading from file system: jar:file:/C:/Users/deskr/.m2/repository/com/github/almasb/fxgl/17.2/fxgl-17.2.jar!/fxglassets/textures/fxgl_default_cursor.png
21:41:39.747 [FXGL Background Thread 4 ] DEBUG FXGLAssetLoaderServi - Loading from file system: jar:file:/C:/Users/deskr/.m2/repository/com/github/almasb/fxgl/17.2/fxgl-17.2.jar!/fxglassets/ui/fonts/Abel-Regular.ttf
21:41:39.750 [JavaFX Application Thread] DEBUG Input                - Registered new binding: Screenshot - CTRL+8
21:41:39.751 [FXGL Background Thread 4 ] DEBUG FXGLAssetLoaderServi - Loading from file system: jar:file:/C:/Users/deskr/.m2/repository/com/github/almasb/fxgl/17.2/fxgl-17.2.jar!/fxglassets/ui/fonts/TerminalLandMono-Regular.otf
21:41:39.751 [JavaFX Application Thread] DEBUG Input                - Registered new binding: System info dump - CTRL+9
21:41:39.751 [JavaFX Application Thread] DEBUG Input                - Registered new binding: Restart - CTRL+R
21:41:39.752 [JavaFX Application Thread] DEBUG Input                - Registered new binding: Toggle Debug Camera - CTRL+7
21:41:39.755 [JavaFX Application Thread] DEBUG LoopRunner           - Starting loop
21:41:39.755 [JavaFX Application Thread] DEBUG LoopRunner           - Initializing JavaFX AnimationTimerLoop
21:41:39.755 [FXGL Background Thread 4 ] DEBUG FXGLAssetLoaderServi - Loading from file system: jar:file:/C:/Users/deskr/.m2/repository/com/github/almasb/fxgl/17.2/fxgl-17.2.jar!/fxglassets/ui/fonts/Courier-Prime.ttf
21:41:39.756 [JavaFX Application Thread] DEBUG GameApplicationServi - Starting new game
21:41:39.757 [JavaFX Application Thread] DEBUG Input                - Clearing active input actions
21:41:39.768 [JavaFX Application Thread] DEBUG GameApplicationServi - Removing overlay from FXGLStartupScene and adding to FXGLLoadingScene
21:41:39.769 [JavaFX Application Thread] DEBUG PrimaryStageWindow   - FXGLStartupScene -> FXGLLoadingScene
21:41:39.769 [JavaFX Application Thread] DEBUG GameApplicationServi - Clearing previous game
21:41:39.769 [JavaFX Application Thread] DEBUG GameScene            - Clearing game scene
21:41:39.769 [JavaFX Application Thread] DEBUG GameWorld            - Clearing game world
21:41:39.769 [JavaFX Application Thread] DEBUG PhysicsWorld         - Clearing physics world
21:41:39.771 [FXGL Background Thread 4 ] DEBUG FXGLApplication      - Initializing game
21:41:39.771 [JavaFX Application Thread] DEBUG FXGLApplication      - Registering font factories with UI factory
21:41:39.774 [FXGL Background Thread 4 ] DEBUG FXGLAssetLoaderServi - Loading from file system: file:/C:/Users/deskr/OneDrive/Documentos/7%20cuatrimestre/Programacion%20Concurrente/fxl%20Simulador/target/classes/assets/textures/fondo.png
21:41:39.787 [FXGL Background Thread 4 ] DEBUG FXGLAssetLoaderServi - Loading from file system: file:/C:/Users/deskr/OneDrive/Documentos/7%20cuatrimestre/Programacion%20Concurrente/fxl%20Simulador/target/classes/assets/textures/cliente.png
21:41:39.807 [FXGL Background Thread 4 ] INFO  FXGLApplication      - Game initialization took: 0.035 sec
21:41:39.836 [JavaFX Application Thread] DEBUG Input                - Clearing active input actions
21:41:39.847 [JavaFX Application Thread] DEBUG GameApplicationServi - Removing overlay from FXGLLoadingScene and adding to GameScene
21:41:39.848 [JavaFX Application Thread] DEBUG PrimaryStageWindow   - FXGLLoadingScene -> GameScene
21:41:40.787 [FXGL Background Thread 2 ] INFO  UpdaterService       - Your current version:  17.2
21:41:40.787 [FXGL Background Thread 2 ] INFO  UpdaterService       - Latest stable version: 21.1
21:41:41.745 [JavaFX Application Thread] DEBUG FXGLApplication      - Exiting FXGL
21:41:41.745 [JavaFX Application Thread] DEBUG LoopRunner           - Stopping loop
21:41:41.745 [JavaFX Application Thread] DEBUG SystemBundleService  - Saving FXGL system data
21:41:41.748 [JavaFX Application Thread] DEBUG FileSystemAccess     - Writing to: C:\Users\deskr\OneDrive\Documentos\7 cuatrimestre\Programacion Concurrente\fxl Simulador\system\fxgl.bundle
21:41:41.749 [JavaFX Application Thread] DEBUG Async                - Shutting down background threads
21:41:41.749 [JavaFX Application Thread] DEBUG PrimaryStageWindow   - Closing main window
21:41:41.766 [JavaFX Application Thread] DEBUG Logger               - Closing Logger
