08:20:45.914 [main                     ] DEBUG Logger               - Configured Logger
08:20:45.985 [main                     ] DEBUG GameApplication      - Logging settings
Title: Simulador de Restaurante
Version: 1.0
Width: 2000
Height: 1000
Fullscreen: false
Intro: false
Profiling: false
Single step:false
App Mode: DEVELOPER
Menu Key: ESCAPE
Stage Style: DECORATED
Scene Factory: class com.almasb.fxgl.app.scene.SceneFactory

08:20:47.666 [JavaFX Application Thread] DEBUG FXGLApplication      - Initializing FXGL
08:20:47.680 [JavaFX Application Thread] INFO  Engine               - FXGL-17.2 (20.08.2022 16.50) on WINDOWS (J:17.0.5 FX:18)
08:20:47.680 [JavaFX Application Thread] DEBUG Engine               - JRE Vendor Name: Oracle Corporation
08:20:47.681 [JavaFX Application Thread] DEBUG Engine               - Running on OS: Windows 11 version 10.0
08:20:47.681 [JavaFX Application Thread] DEBUG Engine               - Architecture: amd64
08:20:47.681 [JavaFX Application Thread] INFO  Engine               - Source code and latest versions at: https://github.com/AlmasB/FXGL
08:20:47.682 [JavaFX Application Thread] INFO  Engine               -       Ask questions and discuss at: https://github.com/AlmasB/FXGL/discussions
08:20:47.682 [JavaFX Application Thread] INFO  Engine               -              Join the FXGL chat at: https://gitter.im/AlmasB/FXGL
08:20:47.966 [JavaFX Application Thread] DEBUG PrimaryStageWindow   - Creating a JavaFX scene
08:20:47.967 [JavaFX Application Thread] DEBUG PrimaryStageWindow   - Target size > screen size
08:20:48.078 [JavaFX Application Thread] DEBUG PrimaryStageWindow   - Target settings size: 2000.0 x 1000.0
08:20:48.078 [JavaFX Application Thread] DEBUG PrimaryStageWindow   - Scaled scene size:    1895.0 x 960.0
08:20:48.079 [JavaFX Application Thread] DEBUG PrimaryStageWindow   - Scaled ratio: (0.9475, 0.96)
08:20:48.081 [JavaFX Application Thread] DEBUG PrimaryStageWindow   - Set initial scene to FXGLStartupScene
08:20:48.096 [JavaFX Application Thread] DEBUG PrimaryStageWindow   - Opening main window
08:20:48.311 [JavaFX Application Thread] DEBUG PrimaryStageWindow   - Window border size: (16.0, 39.0)
08:20:48.311 [JavaFX Application Thread] DEBUG PrimaryStageWindow   - Scaled size: 1895.0 x 960.0
08:20:48.312 [JavaFX Application Thread] DEBUG PrimaryStageWindow   - Scaled ratio: (0.9475, 0.96)
08:20:48.312 [JavaFX Application Thread] DEBUG PrimaryStageWindow   - Scene size: 1895.0 x 960.0
08:20:48.313 [JavaFX Application Thread] DEBUG PrimaryStageWindow   - Stage size: 1911.0 x 999.0
08:20:48.329 [FXGL Background Thread 1 ] DEBUG Engine               - Initializing environment variables
08:20:48.415 [FXGL Background Thread 1 ] DEBUG FXGLAssetLoaderServi - User app class for loading assets: class org.example.Main
08:20:48.416 [FXGL Background Thread 1 ] DEBUG GameApplicationServi - Applying CSS: fxgl_dark.css
08:20:48.418 [FXGL Background Thread 1 ] DEBUG FXGLAssetLoaderServi - Loading from file system: jar:file:/C:/Users/deskr/.m2/repository/com/github/almasb/fxgl/17.2/fxgl-17.2.jar!/fxglassets/ui/css/fxgl_dark.css
08:20:48.508 [FXGL Background Thread 1 ] DEBUG GameApplicationServi - Initializing application scenes
08:20:48.601 [FXGL Background Thread 1 ] DEBUG GameWorld            - Game world initialized
08:20:48.742 [FXGL Background Thread 1 ] DEBUG PhysicsWorld         - Physics world initialized: appHeight=1000, physics.ppm=50.0
08:20:48.743 [FXGL Background Thread 1 ] DEBUG PhysicsWorld         - Using strategy: BRUTE_FORCE
08:20:48.753 [FXGL Background Thread 1 ] DEBUG GameScene            - Game scene initialized: 2000x1000
08:20:48.791 [FXGL Background Thread 1 ] DEBUG FXGL.DefaultMenu     - createMenuBodyGameMenu()
08:20:48.835 [FXGL Background Thread 1 ] DEBUG FXGL.DefaultMenu     - createOptionsMenu()
08:20:48.862 [FXGL Background Thread 1 ] DEBUG FXGLAssetLoaderServi - Loading from file system: jar:file:/C:/Users/deskr/.m2/repository/com/github/almasb/fxgl/17.2/fxgl-17.2.jar!/fxglassets/textures/particles/smoke.png
08:20:49.104 [FXGL Background Thread 1 ] DEBUG FXGLAssetLoaderServi - Loading from file system: jar:file:/C:/Users/deskr/.m2/repository/com/github/almasb/fxgl/17.2/fxgl-17.2.jar!/fxglassets/textures/particles/trace_horizontal.png
08:20:49.181 [FXGL Background Thread 1 ] DEBUG GameApplicationServi - Application scenes initialized
08:20:49.218 [FXGL Background Thread 1 ] DEBUG SystemBundleService  - Loading FXGL system data
08:20:49.233 [FXGL Background Thread 1 ] DEBUG FileSystemAccess     - Reading from: C:\Users\deskr\OneDrive\Documentos\7 cuatrimestre\Programacion Concurrente\fxl Simulador\system\fxgl.bundle
08:20:49.252 [FXGL Background Thread 1 ] DEBUG SystemBundleService  - Bundle FXGL: {}
08:20:49.252 [FXGL Background Thread 1 ] DEBUG UpdaterService       - Checking for updates
08:20:49.264 [FXGL Background Thread 4 ] DEBUG FXGLApplication      - Loading fonts
08:20:49.266 [FXGL Background Thread 1 ] DEBUG FXGLApplication      - Loading default localization
08:20:49.267 [FXGL Background Thread 1 ] DEBUG FXGLAssetLoaderServi - Loading from file system: jar:file:/C:/Users/deskr/.m2/repository/com/github/almasb/fxgl/17.2/fxgl-17.2.jar!/fxglassets/languages/english.lang
08:20:49.266 [FXGL Background Thread 4 ] DEBUG FXGLAssetLoaderServi - Loading from file system: jar:file:/C:/Users/deskr/.m2/repository/com/github/almasb/fxgl/17.2/fxgl-17.2.jar!/fxglassets/ui/fonts/VarelaRound-Regular.ttf
08:20:49.327 [FXGL Background Thread 1 ] INFO  FXGLApplication      - FXGL initialization took: 0.996 sec
08:20:49.329 [JavaFX Application Thread] DEBUG FXGLAssetLoaderServi - Loading from file system: jar:file:/C:/Users/deskr/.m2/repository/com/github/almasb/fxgl/17.2/fxgl-17.2.jar!/fxglassets/textures/fxgl_icon.png
08:20:49.371 [JavaFX Application Thread] DEBUG FXGLAssetLoaderServi - Loading from file system: jar:file:/C:/Users/deskr/.m2/repository/com/github/almasb/fxgl/17.2/fxgl-17.2.jar!/fxglassets/textures/fxgl_default_cursor.png
08:20:49.393 [FXGL Background Thread 4 ] DEBUG FXGLAssetLoaderServi - Loading from file system: jar:file:/C:/Users/deskr/.m2/repository/com/github/almasb/fxgl/17.2/fxgl-17.2.jar!/fxglassets/ui/fonts/Abel-Regular.ttf
08:20:49.397 [JavaFX Application Thread] DEBUG Input                - Registered new binding: Screenshot - CTRL+8
08:20:49.399 [JavaFX Application Thread] DEBUG Input                - Registered new binding: System info dump - CTRL+9
08:20:49.400 [JavaFX Application Thread] DEBUG Input                - Registered new binding: Restart - CTRL+R
08:20:49.401 [JavaFX Application Thread] DEBUG Input                - Registered new binding: Toggle Debug Camera - CTRL+7
08:20:49.402 [FXGL Background Thread 4 ] DEBUG FXGLAssetLoaderServi - Loading from file system: jar:file:/C:/Users/deskr/.m2/repository/com/github/almasb/fxgl/17.2/fxgl-17.2.jar!/fxglassets/ui/fonts/TerminalLandMono-Regular.otf
08:20:49.404 [JavaFX Application Thread] DEBUG LoopRunner           - Starting loop
08:20:49.404 [JavaFX Application Thread] DEBUG LoopRunner           - Initializing JavaFX AnimationTimerLoop
08:20:49.408 [JavaFX Application Thread] DEBUG GameApplicationServi - Starting new game
08:20:49.411 [JavaFX Application Thread] DEBUG Input                - Clearing active input actions
08:20:49.411 [FXGL Background Thread 4 ] DEBUG FXGLAssetLoaderServi - Loading from file system: jar:file:/C:/Users/deskr/.m2/repository/com/github/almasb/fxgl/17.2/fxgl-17.2.jar!/fxglassets/ui/fonts/Courier-Prime.ttf
08:20:49.433 [JavaFX Application Thread] DEBUG GameApplicationServi - Removing overlay from FXGLStartupScene and adding to FXGLLoadingScene
08:20:49.434 [JavaFX Application Thread] DEBUG PrimaryStageWindow   - FXGLStartupScene -> FXGLLoadingScene
08:20:49.435 [JavaFX Application Thread] DEBUG GameApplicationServi - Clearing previous game
08:20:49.435 [JavaFX Application Thread] DEBUG GameScene            - Clearing game scene
08:20:49.435 [JavaFX Application Thread] DEBUG GameWorld            - Clearing game world
08:20:49.435 [JavaFX Application Thread] DEBUG PhysicsWorld         - Clearing physics world
08:20:49.439 [FXGL Background Thread 4 ] DEBUG FXGLApplication      - Initializing game
08:20:49.446 [FXGL Background Thread 4 ] DEBUG FXGLAssetLoaderServi - Loading from file system: file:/C:/Users/deskr/OneDrive/Documentos/7%20cuatrimestre/Programacion%20Concurrente/fxl%20Simulador/target/classes/assets/textures/fondo.png
08:20:49.484 [FXGL Background Thread 4 ] DEBUG FXGLAssetLoaderServi - Loading from file system: file:/C:/Users/deskr/OneDrive/Documentos/7%20cuatrimestre/Programacion%20Concurrente/fxl%20Simulador/target/classes/assets/textures/recepcionista.png
08:20:49.528 [FXGL Background Thread 4 ] DEBUG FXGLAssetLoaderServi - Loading from file system: file:/C:/Users/deskr/OneDrive/Documentos/7%20cuatrimestre/Programacion%20Concurrente/fxl%20Simulador/target/classes/assets/textures/chef.png
08:20:49.533 [JavaFX Application Thread] DEBUG FXGLApplication      - Registering font factories with UI factory
08:20:49.553 [FXGL Background Thread 4 ] DEBUG FXGLAssetLoaderServi - Loading from file system: file:/C:/Users/deskr/OneDrive/Documentos/7%20cuatrimestre/Programacion%20Concurrente/fxl%20Simulador/target/classes/assets/textures/mesera.png
08:20:49.579 [FXGL Background Thread 4 ] DEBUG FXGLAssetLoaderServi - Loading from file system: file:/C:/Users/deskr/OneDrive/Documentos/7%20cuatrimestre/Programacion%20Concurrente/fxl%20Simulador/target/classes/assets/textures/mesa.png
08:20:49.665 [JavaFX Application Thread] DEBUG LoopRunner           - Stopping loop
08:20:49.668 [JavaFX Application Thread] FATAL FXGLApplication      - Uncaught Exception:
java.lang.RuntimeException: Initialization failed
	at com.almasb.fxgl.app.FXGLApplication$InitAppTask.failed(FXGLApplication.kt:343)
	at javafx.concurrent.Task.setState(Task.java:710)
	at javafx.concurrent.Task$TaskCallable.lambda$call$2(Task.java:1456)
	at com.sun.javafx.application.PlatformImpl.lambda$runLater$10(PlatformImpl.java:457)
	at java.base/java.security.AccessController.doPrivileged(AccessController.java:399)
	at com.sun.javafx.application.PlatformImpl.lambda$runLater$11(PlatformImpl.java:456)
	at com.sun.glass.ui.InvokeLaterDispatcher$Future.run(InvokeLaterDispatcher.java:96)
	at com.sun.glass.ui.win.WinApplication._runLoop(Native Method)
	at com.sun.glass.ui.win.WinApplication.lambda$runLoop$3(WinApplication.java:184)
	at java.base/java.lang.Thread.run(Thread.java:833)
Caused by: java.lang.ArrayIndexOutOfBoundsException: Index -1 out of bounds for length 8
	at org.example.views.MesaView.crearView(MesaView.java:56)
	at org.example.views.MesaView.<init>(MesaView.java:36)
	at org.example.controllers.ManagerController.initController(ManagerController.java:50)
	at org.example.config.InitGame.runGame(InitGame.java:27)
	at org.example.Main.initGame(Main.java:20)
	at com.almasb.fxgl.app.FXGLApplication$InitAppTask.initGame(FXGLApplication.kt:339)
	at com.almasb.fxgl.app.FXGLApplication$InitAppTask.call(FXGLApplication.kt:319)
	at com.almasb.fxgl.app.FXGLApplication$InitAppTask.call(FXGLApplication.kt:311)
	at javafx.concurrent.Task$TaskCallable.call(Task.java:1426)
	at java.base/java.util.concurrent.FutureTask.run(FutureTask.java:264)
	at java.base/java.util.concurrent.Executors$RunnableAdapter.call(Executors.java:539)
	at java.base/java.util.concurrent.FutureTask.run(FutureTask.java:264)
	at java.base/java.util.concurrent.ThreadPoolExecutor.runWorker(ThreadPoolExecutor.java:1136)
	at java.base/java.util.concurrent.ThreadPoolExecutor$Worker.run(ThreadPoolExecutor.java:635)
	... 1 more

08:20:49.668 [JavaFX Application Thread] FATAL FXGLApplication      - Application will now exit
08:20:49.726 [JavaFX Application Thread] DEBUG PrimaryStageWindow   - Push state: ErrorSubScene
08:20:49.726 [JavaFX Application Thread] DEBUG Input                - Clearing active input actions
08:20:49.745 [JavaFX Application Thread] DEBUG GameApplicationServi - Removing overlay from FXGLLoadingScene and adding to ErrorSubScene
08:20:49.747 [JavaFX Application Thread] DEBUG PrimaryStageWindow   - FXGLLoadingScene -> ErrorSubScene
08:20:50.380 [FXGL Background Thread 2 ] INFO  UpdaterService       - Your current version:  17.2
08:20:50.381 [FXGL Background Thread 2 ] INFO  UpdaterService       - Latest stable version: 21.1
08:20:52.262 [FXGL Background Thread 3 ] DEBUG Engine               - Logging environment variables
08:20:52.263 [FXGL Background Thread 3 ] DEBUG Engine               - achievements: []
08:20:52.263 [FXGL Background Thread 3 ] DEBUG Engine               - actualHeight: 960.0
08:20:52.263 [FXGL Background Thread 3 ] DEBUG Engine               - actualHeightProperty: ReadOnlyDoubleProperty [value: 960.0]
08:20:52.263 [FXGL Background Thread 3 ] DEBUG Engine               - actualWidth: 1895.0
08:20:52.263 [FXGL Background Thread 3 ] DEBUG Engine               - actualWidthProperty: ReadOnlyDoubleProperty [value: 1895.0]
08:20:52.263 [FXGL Background Thread 3 ] DEBUG Engine               - appIcon: fxgl_icon.png
08:20:52.265 [FXGL Background Thread 3 ] DEBUG Engine               - applicationMode: DEVELOPER
08:20:52.265 [FXGL Background Thread 3 ] DEBUG Engine               - cSSList: [fxgl_dark.css]
08:20:52.265 [FXGL Background Thread 3 ] DEBUG Engine               - collisionDetectionStrategy: BRUTE_FORCE
08:20:52.265 [FXGL Background Thread 3 ] DEBUG Engine               - configClass: Optional.empty
08:20:52.265 [FXGL Background Thread 3 ] DEBUG Engine               - credits: []
08:20:52.266 [FXGL Background Thread 3 ] DEBUG Engine               - defaultCursor: CursorInfo(imageName=fxgl_default_cursor.png, hotspotX=7.0, hotspotY=6.0)
08:20:52.266 [FXGL Background Thread 3 ] DEBUG Engine               - devBBoxColorProperty: ObjectProperty [value: 0xff0000ff]
08:20:52.267 [FXGL Background Thread 3 ] DEBUG Engine               - devEnableDebugCameraProperty: BooleanProperty [value: false]
08:20:52.267 [FXGL Background Thread 3 ] DEBUG Engine               - devSensorColorProperty: ObjectProperty [value: 0xffff00ff]
08:20:52.267 [FXGL Background Thread 3 ] DEBUG Engine               - devShowBBoxProperty: BooleanProperty [value: false]
08:20:52.267 [FXGL Background Thread 3 ] DEBUG Engine               - devShowPositionProperty: BooleanProperty [value: false]
08:20:52.267 [FXGL Background Thread 3 ] DEBUG Engine               - enabledMenuItems: []
08:20:52.267 [FXGL Background Thread 3 ] DEBUG Engine               - engineServices: [class com.almasb.fxgl.app.services.FXGLAssetLoaderService, class com.almasb.fxgl.app.FXGLApplication$GameApplicationService, class com.almasb.fxgl.app.services.FXGLDialogService, class com.almasb.fxgl.app.services.IOTaskExecutorService, class com.almasb.fxgl.io.FileSystemService, class com.almasb.fxgl.localization.LocalizationService, class com.almasb.fxgl.app.services.SystemBundleService, class com.almasb.fxgl.profile.SaveLoadService, class com.almasb.fxgl.ui.FXGLUIFactoryServiceProvider, class com.almasb.fxgl.ui.FXGLDialogFactoryServiceProvider, class com.almasb.fxgl.audio.AudioPlayer, class com.almasb.fxgl.notification.impl.NotificationServiceProvider, class com.almasb.fxgl.achievement.AchievementService, class com.almasb.fxgl.cutscene.CutsceneService, class com.almasb.fxgl.minigames.MiniGameService, class com.almasb.fxgl.net.NetService, class com.almasb.fxgl.app.services.UpdaterService, class com.almasb.fxgl.dev.DevService]
08:20:52.268 [FXGL Background Thread 3 ] DEBUG Engine               - fontGame: Abel-Regular.ttf
08:20:52.268 [FXGL Background Thread 3 ] DEBUG Engine               - fontMono: TerminalLandMono-Regular.otf
08:20:52.268 [FXGL Background Thread 3 ] DEBUG Engine               - fontText: Courier-Prime.ttf
08:20:52.268 [FXGL Background Thread 3 ] DEBUG Engine               - fontUI: VarelaRound-Regular.ttf
08:20:52.268 [FXGL Background Thread 3 ] DEBUG Engine               - fullScreen: BooleanProperty [value: false]
08:20:52.268 [FXGL Background Thread 3 ] DEBUG Engine               - gameDifficulty: MEDIUM
08:20:52.268 [FXGL Background Thread 3 ] DEBUG Engine               - gameDifficultyProperty: ObjectProperty [value: MEDIUM]
08:20:52.269 [FXGL Background Thread 3 ] DEBUG Engine               - globalMusicVolume: 0.5
08:20:52.269 [FXGL Background Thread 3 ] DEBUG Engine               - globalMusicVolumeProperty: DoubleProperty [value: 0.5]
08:20:52.269 [FXGL Background Thread 3 ] DEBUG Engine               - globalSoundVolume: 0.5
08:20:52.269 [FXGL Background Thread 3 ] DEBUG Engine               - globalSoundVolumeProperty: DoubleProperty [value: 0.5]
08:20:52.269 [FXGL Background Thread 3 ] DEBUG Engine               - height: 1000
08:20:52.269 [FXGL Background Thread 3 ] DEBUG Engine               - is3D: false
08:20:52.270 [FXGL Background Thread 3 ] DEBUG Engine               - isAndroid: false
08:20:52.270 [FXGL Background Thread 3 ] DEBUG Engine               - isBrowser: false
08:20:52.270 [FXGL Background Thread 3 ] DEBUG Engine               - isClickFeedbackEnabled: false
08:20:52.270 [FXGL Background Thread 3 ] DEBUG Engine               - isCloseConfirmation: false
08:20:52.270 [FXGL Background Thread 3 ] DEBUG Engine               - isDesktop: true
08:20:52.270 [FXGL Background Thread 3 ] DEBUG Engine               - isDeveloperMenuEnabled: false
08:20:52.270 [FXGL Background Thread 3 ] DEBUG Engine               - isEmbedded: false
08:20:52.270 [FXGL Background Thread 3 ] DEBUG Engine               - isEntityPreloadEnabled: true
08:20:52.271 [FXGL Background Thread 3 ] DEBUG Engine               - isExperimentalTiledLargeMap: false
08:20:52.271 [FXGL Background Thread 3 ] DEBUG Engine               - isFileSystemWriteAllowed: true
08:20:52.271 [FXGL Background Thread 3 ] DEBUG Engine               - isFullScreenAllowed: false
08:20:52.271 [FXGL Background Thread 3 ] DEBUG Engine               - isFullScreenFromStart: false
08:20:52.271 [FXGL Background Thread 3 ] DEBUG Engine               - isGameMenuEnabled: true
08:20:52.271 [FXGL Background Thread 3 ] DEBUG Engine               - isIOS: false
08:20:52.272 [FXGL Background Thread 3 ] DEBUG Engine               - isIntroEnabled: false
08:20:52.272 [FXGL Background Thread 3 ] DEBUG Engine               - isLinux: false
08:20:52.272 [FXGL Background Thread 3 ] DEBUG Engine               - isMac: false
08:20:52.272 [FXGL Background Thread 3 ] DEBUG Engine               - isMainMenuEnabled: false
08:20:52.272 [FXGL Background Thread 3 ] DEBUG Engine               - isManualResizeEnabled: false
08:20:52.272 [FXGL Background Thread 3 ] DEBUG Engine               - isMobile: false
08:20:52.273 [FXGL Background Thread 3 ] DEBUG Engine               - isNative: false
08:20:52.273 [FXGL Background Thread 3 ] DEBUG Engine               - isPauseMusicWhenMinimized: true
08:20:52.273 [FXGL Background Thread 3 ] DEBUG Engine               - isPreserveResizeRatio: false
08:20:52.273 [FXGL Background Thread 3 ] DEBUG Engine               - isProfilingEnabled: false
08:20:52.273 [FXGL Background Thread 3 ] DEBUG Engine               - isScaleAffectedOnResize: true
08:20:52.273 [FXGL Background Thread 3 ] DEBUG Engine               - isSingleStep: false
08:20:52.273 [FXGL Background Thread 3 ] DEBUG Engine               - isUserProfileEnabled: false
08:20:52.273 [FXGL Background Thread 3 ] DEBUG Engine               - isWindows: true
08:20:52.273 [FXGL Background Thread 3 ] DEBUG Engine               - language: ObjectProperty [value: ENGLISH]
08:20:52.274 [FXGL Background Thread 3 ] DEBUG Engine               - menuKey: ESCAPE
08:20:52.274 [FXGL Background Thread 3 ] DEBUG Engine               - mouseSensitivity: 0.2
08:20:52.274 [FXGL Background Thread 3 ] DEBUG Engine               - notificationViewClass: class com.almasb.fxgl.notification.view.XboxNotificationView
08:20:52.274 [FXGL Background Thread 3 ] DEBUG Engine               - pixelsPerMeter: 50.0
08:20:52.274 [FXGL Background Thread 3 ] DEBUG Engine               - platform: WINDOWS
08:20:52.274 [FXGL Background Thread 3 ] DEBUG Engine               - prefHeightProperty: ReadOnlyDoubleProperty [value: 1000.0]
08:20:52.274 [FXGL Background Thread 3 ] DEBUG Engine               - prefWidthProperty: ReadOnlyDoubleProperty [value: 2000.0]
08:20:52.274 [FXGL Background Thread 3 ] DEBUG Engine               - profileDir: profiles/
08:20:52.275 [FXGL Background Thread 3 ] DEBUG Engine               - profileName: StringProperty [value: DEFAULT]
08:20:52.275 [FXGL Background Thread 3 ] DEBUG Engine               - randomSeed: -1
08:20:52.276 [FXGL Background Thread 3 ] DEBUG Engine               - runtimeInfo: RuntimeInfo(platform=WINDOWS, version=17.2, build=20.08.2022 16.50)
08:20:52.276 [FXGL Background Thread 3 ] DEBUG Engine               - saveFileExt: sav
08:20:52.276 [FXGL Background Thread 3 ] DEBUG Engine               - scaledHeightProp$fxgl: DoubleProperty [bound, value: 960.0]
08:20:52.276 [FXGL Background Thread 3 ] DEBUG Engine               - scaledWidthProp$fxgl: DoubleProperty [bound, value: 1895.0]
08:20:52.276 [FXGL Background Thread 3 ] DEBUG Engine               - sceneFactory: com.almasb.fxgl.app.scene.SceneFactory@70c5cbb4
08:20:52.276 [FXGL Background Thread 3 ] DEBUG Engine               - secondsIn24h: 60
08:20:52.276 [FXGL Background Thread 3 ] DEBUG Engine               - soundMenuBack: menu/back.wav
08:20:52.277 [FXGL Background Thread 3 ] DEBUG Engine               - soundMenuPress: menu/press.wav
08:20:52.277 [FXGL Background Thread 3 ] DEBUG Engine               - soundMenuSelect: menu/select.wav
08:20:52.277 [FXGL Background Thread 3 ] DEBUG Engine               - soundNotification: core/notification.wav
08:20:52.278 [FXGL Background Thread 3 ] DEBUG Engine               - stageStyle: DECORATED
08:20:52.278 [FXGL Background Thread 3 ] DEBUG Engine               - supportedLanguages: [ENGLISH, FRENCH, GERMAN, HUNGARIAN, RUSSIAN]
08:20:52.278 [FXGL Background Thread 3 ] DEBUG Engine               - ticksPerSecond: -1
08:20:52.278 [FXGL Background Thread 3 ] DEBUG Engine               - title: Simulador de Restaurante
08:20:52.278 [FXGL Background Thread 3 ] DEBUG Engine               - urlGithub: https://github.com/AlmasB/FXGL
08:20:52.278 [FXGL Background Thread 3 ] DEBUG Engine               - urlLeaderboard: http://fxgl-top.herokuapp.com/
08:20:52.278 [FXGL Background Thread 3 ] DEBUG Engine               - urlPOM: https://raw.githubusercontent.com/AlmasB/FXGL/release/README.md
08:20:52.278 [FXGL Background Thread 3 ] DEBUG Engine               - userAppClass: class org.example.Main
08:20:52.278 [FXGL Background Thread 3 ] DEBUG Engine               - version: 1.0
08:20:52.279 [FXGL Background Thread 3 ] DEBUG Engine               - versionCheckDays: 7
08:20:52.279 [FXGL Background Thread 3 ] DEBUG Engine               - width: 2000
08:20:52.279 [FXGL Background Thread 3 ] DEBUG Engine               - Logging services
08:20:52.279 [FXGL Background Thread 3 ] DEBUG Engine               - class com.almasb.fxgl.app.services.FXGLAssetLoaderService
08:20:52.279 [FXGL Background Thread 3 ] DEBUG Engine               - class com.almasb.fxgl.app.FXGLApplication$GameApplicationService
08:20:52.279 [FXGL Background Thread 3 ] DEBUG Engine               - class com.almasb.fxgl.app.services.FXGLDialogService
08:20:52.279 [FXGL Background Thread 3 ] DEBUG Engine               - class com.almasb.fxgl.app.services.IOTaskExecutorService
08:20:52.280 [FXGL Background Thread 3 ] DEBUG Engine               - class com.almasb.fxgl.io.FileSystemService
08:20:52.280 [FXGL Background Thread 3 ] DEBUG Engine               - class com.almasb.fxgl.localization.LocalizationService
08:20:52.280 [FXGL Background Thread 3 ] DEBUG Engine               - class com.almasb.fxgl.app.services.SystemBundleService
08:20:52.280 [FXGL Background Thread 3 ] DEBUG Engine               - class com.almasb.fxgl.profile.SaveLoadService
08:20:52.280 [FXGL Background Thread 3 ] DEBUG Engine               - class com.almasb.fxgl.ui.FXGLUIFactoryServiceProvider
08:20:52.280 [FXGL Background Thread 3 ] DEBUG Engine               - class com.almasb.fxgl.ui.FXGLDialogFactoryServiceProvider
08:20:52.280 [FXGL Background Thread 3 ] DEBUG Engine               - class com.almasb.fxgl.audio.AudioPlayer
08:20:52.280 [FXGL Background Thread 3 ] DEBUG Engine               - class com.almasb.fxgl.notification.impl.NotificationServiceProvider
08:20:52.281 [FXGL Background Thread 3 ] DEBUG Engine               - class com.almasb.fxgl.achievement.AchievementService
08:20:52.281 [FXGL Background Thread 3 ] DEBUG Engine               - class com.almasb.fxgl.cutscene.CutsceneService
08:20:52.281 [FXGL Background Thread 3 ] DEBUG Engine               - class com.almasb.fxgl.minigames.MiniGameService
08:20:52.281 [FXGL Background Thread 3 ] DEBUG Engine               - class com.almasb.fxgl.net.NetService
08:20:52.281 [FXGL Background Thread 3 ] DEBUG Engine               - class com.almasb.fxgl.app.services.UpdaterService
08:20:52.281 [FXGL Background Thread 3 ] DEBUG Engine               - class com.almasb.fxgl.dev.DevService
08:20:54.119 [JavaFX Application Thread] DEBUG FXGLApplication      - Exiting FXGL
08:20:54.119 [JavaFX Application Thread] DEBUG Async                - Shutting down background threads
08:20:54.119 [JavaFX Application Thread] DEBUG PrimaryStageWindow   - Closing main window
08:20:54.155 [JavaFX Application Thread] DEBUG Logger               - Closing Logger
