19:51:31.738 [main                     ] DEBUG Logger               - Configured Logger
19:51:31.776 [main                     ] DEBUG GameApplication      - Logging settings
Title: Simulador de Restaurante
Version: 1.0
Width: 2000
Height: 1000
Fullscreen: false
Intro: false
Profiling: false
Single step:false
App Mode: DEVELOPER
Menu Key: ESCAPE
Stage Style: DECORATED
Scene Factory: class com.almasb.fxgl.app.scene.SceneFactory

19:51:32.838 [JavaFX Application Thread] DEBUG FXGLApplication      - Initializing FXGL
19:51:32.845 [JavaFX Application Thread] INFO  Engine               - FXGL-17.2 (20.08.2022 16.50) on WINDOWS (J:17.0.5 FX:18)
19:51:32.846 [JavaFX Application Thread] DEBUG Engine               - JRE Vendor Name: Oracle Corporation
19:51:32.846 [JavaFX Application Thread] DEBUG Engine               - Running on OS: Windows 11 version 10.0
19:51:32.847 [JavaFX Application Thread] DEBUG Engine               - Architecture: amd64
19:51:32.847 [JavaFX Application Thread] INFO  Engine               - Source code and latest versions at: https://github.com/AlmasB/FXGL
19:51:32.847 [JavaFX Application Thread] INFO  Engine               -       Ask questions and discuss at: https://github.com/AlmasB/FXGL/discussions
19:51:32.847 [JavaFX Application Thread] INFO  Engine               -              Join the FXGL chat at: https://gitter.im/AlmasB/FXGL
19:51:33.037 [JavaFX Application Thread] DEBUG PrimaryStageWindow   - Creating a JavaFX scene
19:51:33.037 [JavaFX Application Thread] DEBUG PrimaryStageWindow   - Target size > screen size
19:51:33.107 [JavaFX Application Thread] DEBUG PrimaryStageWindow   - Target settings size: 2000.0 x 1000.0
19:51:33.108 [JavaFX Application Thread] DEBUG PrimaryStageWindow   - Scaled scene size:    1895.0 x 960.0
19:51:33.108 [JavaFX Application Thread] DEBUG PrimaryStageWindow   - Scaled ratio: (0.9475, 0.96)
19:51:33.110 [JavaFX Application Thread] DEBUG PrimaryStageWindow   - Set initial scene to FXGLStartupScene
19:51:33.122 [JavaFX Application Thread] DEBUG PrimaryStageWindow   - Opening main window
19:51:33.269 [JavaFX Application Thread] DEBUG PrimaryStageWindow   - Window border size: (16.0, 39.0)
19:51:33.270 [JavaFX Application Thread] DEBUG PrimaryStageWindow   - Scaled size: 1895.0 x 960.0
19:51:33.271 [JavaFX Application Thread] DEBUG PrimaryStageWindow   - Scaled ratio: (0.9475, 0.96)
19:51:33.271 [JavaFX Application Thread] DEBUG PrimaryStageWindow   - Scene size: 1895.0 x 960.0
19:51:33.271 [JavaFX Application Thread] DEBUG PrimaryStageWindow   - Stage size: 1911.0 x 999.0
19:51:33.286 [FXGL Background Thread 1 ] DEBUG Engine               - Initializing environment variables
19:51:33.331 [FXGL Background Thread 1 ] DEBUG FXGLAssetLoaderServi - User app class for loading assets: class org.example.Main
19:51:33.332 [FXGL Background Thread 1 ] DEBUG GameApplicationServi - Applying CSS: fxgl_dark.css
19:51:33.336 [FXGL Background Thread 1 ] DEBUG FXGLAssetLoaderServi - Loading from file system: jar:file:/C:/Users/deskr/.m2/repository/com/github/almasb/fxgl/17.2/fxgl-17.2.jar!/fxglassets/ui/css/fxgl_dark.css
19:51:33.390 [FXGL Background Thread 1 ] DEBUG GameApplicationServi - Initializing application scenes
19:51:33.448 [FXGL Background Thread 1 ] DEBUG GameWorld            - Game world initialized
19:51:33.520 [FXGL Background Thread 1 ] DEBUG PhysicsWorld         - Physics world initialized: appHeight=1000, physics.ppm=50.0
19:51:33.520 [FXGL Background Thread 1 ] DEBUG PhysicsWorld         - Using strategy: BRUTE_FORCE
19:51:33.527 [FXGL Background Thread 1 ] DEBUG GameScene            - Game scene initialized: 2000x1000
19:51:33.553 [FXGL Background Thread 1 ] DEBUG FXGL.DefaultMenu     - createMenuBodyGameMenu()
19:51:33.585 [FXGL Background Thread 1 ] DEBUG FXGL.DefaultMenu     - createOptionsMenu()
19:51:33.608 [FXGL Background Thread 1 ] DEBUG FXGLAssetLoaderServi - Loading from file system: jar:file:/C:/Users/deskr/.m2/repository/com/github/almasb/fxgl/17.2/fxgl-17.2.jar!/fxglassets/textures/particles/smoke.png
19:51:33.752 [FXGL Background Thread 1 ] DEBUG FXGLAssetLoaderServi - Loading from file system: jar:file:/C:/Users/deskr/.m2/repository/com/github/almasb/fxgl/17.2/fxgl-17.2.jar!/fxglassets/textures/particles/trace_horizontal.png
19:51:33.786 [FXGL Background Thread 1 ] DEBUG GameApplicationServi - Application scenes initialized
19:51:33.805 [FXGL Background Thread 1 ] DEBUG SystemBundleService  - Loading FXGL system data
19:51:33.814 [FXGL Background Thread 1 ] DEBUG FileSystemAccess     - Reading from: C:\Users\deskr\OneDrive\Documentos\7 cuatrimestre\Programacion Concurrente\fxl Simulador\system\fxgl.bundle
19:51:33.827 [FXGL Background Thread 1 ] DEBUG SystemBundleService  - Bundle FXGL: {}
19:51:33.827 [FXGL Background Thread 1 ] DEBUG UpdaterService       - Checking for updates
19:51:33.834 [FXGL Background Thread 4 ] DEBUG FXGLApplication      - Loading fonts
19:51:33.835 [FXGL Background Thread 1 ] DEBUG FXGLApplication      - Loading default localization
19:51:33.835 [FXGL Background Thread 4 ] DEBUG FXGLAssetLoaderServi - Loading from file system: jar:file:/C:/Users/deskr/.m2/repository/com/github/almasb/fxgl/17.2/fxgl-17.2.jar!/fxglassets/ui/fonts/VarelaRound-Regular.ttf
19:51:33.836 [FXGL Background Thread 1 ] DEBUG FXGLAssetLoaderServi - Loading from file system: jar:file:/C:/Users/deskr/.m2/repository/com/github/almasb/fxgl/17.2/fxgl-17.2.jar!/fxglassets/languages/english.lang
19:51:33.871 [FXGL Background Thread 1 ] INFO  FXGLApplication      - FXGL initialization took: 0.584 sec
19:51:33.872 [JavaFX Application Thread] DEBUG FXGLAssetLoaderServi - Loading from file system: jar:file:/C:/Users/deskr/.m2/repository/com/github/almasb/fxgl/17.2/fxgl-17.2.jar!/fxglassets/textures/fxgl_icon.png
19:51:33.904 [JavaFX Application Thread] DEBUG FXGLAssetLoaderServi - Loading from file system: jar:file:/C:/Users/deskr/.m2/repository/com/github/almasb/fxgl/17.2/fxgl-17.2.jar!/fxglassets/textures/fxgl_default_cursor.png
19:51:33.922 [JavaFX Application Thread] DEBUG Input                - Registered new binding: Screenshot - CTRL+8
19:51:33.923 [JavaFX Application Thread] DEBUG Input                - Registered new binding: System info dump - CTRL+9
19:51:33.923 [JavaFX Application Thread] DEBUG Input                - Registered new binding: Restart - CTRL+R
19:51:33.924 [JavaFX Application Thread] DEBUG Input                - Registered new binding: Toggle Debug Camera - CTRL+7
19:51:33.927 [JavaFX Application Thread] DEBUG LoopRunner           - Starting loop
19:51:33.927 [JavaFX Application Thread] DEBUG LoopRunner           - Initializing JavaFX AnimationTimerLoop
19:51:33.929 [JavaFX Application Thread] DEBUG GameApplicationServi - Starting new game
19:51:33.930 [JavaFX Application Thread] DEBUG Input                - Clearing active input actions
19:51:33.943 [JavaFX Application Thread] DEBUG GameApplicationServi - Removing overlay from FXGLStartupScene and adding to FXGLLoadingScene
19:51:33.943 [JavaFX Application Thread] DEBUG PrimaryStageWindow   - FXGLStartupScene -> FXGLLoadingScene
19:51:33.943 [JavaFX Application Thread] DEBUG GameApplicationServi - Clearing previous game
19:51:33.943 [JavaFX Application Thread] DEBUG GameScene            - Clearing game scene
19:51:33.943 [JavaFX Application Thread] DEBUG GameWorld            - Clearing game world
19:51:33.943 [JavaFX Application Thread] DEBUG PhysicsWorld         - Clearing physics world
19:51:33.945 [FXGL Background Thread 1 ] DEBUG FXGLApplication      - Initializing game
19:51:33.951 [FXGL Background Thread 4 ] DEBUG FXGLAssetLoaderServi - Loading from file system: jar:file:/C:/Users/deskr/.m2/repository/com/github/almasb/fxgl/17.2/fxgl-17.2.jar!/fxglassets/ui/fonts/Abel-Regular.ttf
19:51:33.951 [FXGL Background Thread 1 ] DEBUG FXGLAssetLoaderServi - Loading from file system: file:/C:/Users/deskr/OneDrive/Documentos/7%20cuatrimestre/Programacion%20Concurrente/fxl%20Simulador/target/classes/assets/textures/fondo.png
19:51:33.956 [FXGL Background Thread 4 ] DEBUG FXGLAssetLoaderServi - Loading from file system: jar:file:/C:/Users/deskr/.m2/repository/com/github/almasb/fxgl/17.2/fxgl-17.2.jar!/fxglassets/ui/fonts/TerminalLandMono-Regular.otf
19:51:33.956 [FXGL Background Thread 1 ] DEBUG FXGLAssetLoaderServi - Loading from file system: file:/C:/Users/deskr/OneDrive/Documentos/7%20cuatrimestre/Programacion%20Concurrente/fxl%20Simulador/target/classes/assets/music/soundtrack.mp3
19:51:33.962 [FXGL Background Thread 4 ] DEBUG FXGLAssetLoaderServi - Loading from file system: jar:file:/C:/Users/deskr/.m2/repository/com/github/almasb/fxgl/17.2/fxgl-17.2.jar!/fxglassets/ui/fonts/Courier-Prime.ttf
19:51:34.000 [JavaFX Application Thread] DEBUG FXGLApplication      - Registering font factories with UI factory
19:51:34.936 [FXGL Background Thread 2 ] INFO  UpdaterService       - Your current version:  17.2
19:51:34.937 [FXGL Background Thread 2 ] INFO  UpdaterService       - Latest stable version: 21.1
19:51:35.481 [FXGL Background Thread 1 ] DEBUG AudioPlayer          - Playing music com.almasb.fxgl.audio.Music@6bb9233f
19:51:35.498 [FXGL Background Thread 1 ] DEBUG FXGLAssetLoaderServi - Loading from file system: file:/C:/Users/deskr/OneDrive/Documentos/7%20cuatrimestre/Programacion%20Concurrente/fxl%20Simulador/target/classes/assets/textures/cliente.png
19:51:35.548 [FXGL Background Thread 1 ] INFO  FXGLApplication      - Game initialization took: 1.601 sec
19:51:35.548 [JavaFX Application Thread] DEBUG Input                - Clearing active input actions
19:51:35.559 [JavaFX Application Thread] DEBUG GameApplicationServi - Removing overlay from FXGLLoadingScene and adding to GameScene
19:51:35.560 [JavaFX Application Thread] DEBUG PrimaryStageWindow   - FXGLLoadingScene -> GameScene
19:51:36.833 [FXGL Background Thread 3 ] DEBUG Engine               - Logging environment variables
19:51:36.833 [FXGL Background Thread 3 ] DEBUG Engine               - achievements: []
19:51:36.833 [FXGL Background Thread 3 ] DEBUG Engine               - actualHeight: 960.0
19:51:36.834 [FXGL Background Thread 3 ] DEBUG Engine               - actualHeightProperty: ReadOnlyDoubleProperty [value: 960.0]
19:51:36.834 [FXGL Background Thread 3 ] DEBUG Engine               - actualWidth: 1895.0
19:51:36.834 [FXGL Background Thread 3 ] DEBUG Engine               - actualWidthProperty: ReadOnlyDoubleProperty [value: 1895.0]
19:51:36.834 [FXGL Background Thread 3 ] DEBUG Engine               - appIcon: fxgl_icon.png
19:51:36.834 [FXGL Background Thread 3 ] DEBUG Engine               - applicationMode: DEVELOPER
19:51:36.834 [FXGL Background Thread 3 ] DEBUG Engine               - cSSList: [fxgl_dark.css]
19:51:36.834 [FXGL Background Thread 3 ] DEBUG Engine               - collisionDetectionStrategy: BRUTE_FORCE
19:51:36.834 [FXGL Background Thread 3 ] DEBUG Engine               - configClass: Optional.empty
19:51:36.834 [FXGL Background Thread 3 ] DEBUG Engine               - credits: []
19:51:36.835 [FXGL Background Thread 3 ] DEBUG Engine               - defaultCursor: CursorInfo(imageName=fxgl_default_cursor.png, hotspotX=7.0, hotspotY=6.0)
19:51:36.835 [FXGL Background Thread 3 ] DEBUG Engine               - devBBoxColorProperty: ObjectProperty [value: 0xff0000ff]
19:51:36.835 [FXGL Background Thread 3 ] DEBUG Engine               - devEnableDebugCameraProperty: BooleanProperty [value: false]
19:51:36.835 [FXGL Background Thread 3 ] DEBUG Engine               - devSensorColorProperty: ObjectProperty [value: 0xffff00ff]
19:51:36.836 [FXGL Background Thread 3 ] DEBUG Engine               - devShowBBoxProperty: BooleanProperty [value: false]
19:51:36.836 [FXGL Background Thread 3 ] DEBUG Engine               - devShowPositionProperty: BooleanProperty [value: false]
19:51:36.836 [FXGL Background Thread 3 ] DEBUG Engine               - enabledMenuItems: []
19:51:36.836 [FXGL Background Thread 3 ] DEBUG Engine               - engineServices: [class com.almasb.fxgl.app.services.FXGLAssetLoaderService, class com.almasb.fxgl.app.FXGLApplication$GameApplicationService, class com.almasb.fxgl.app.services.FXGLDialogService, class com.almasb.fxgl.app.services.IOTaskExecutorService, class com.almasb.fxgl.io.FileSystemService, class com.almasb.fxgl.localization.LocalizationService, class com.almasb.fxgl.app.services.SystemBundleService, class com.almasb.fxgl.profile.SaveLoadService, class com.almasb.fxgl.ui.FXGLUIFactoryServiceProvider, class com.almasb.fxgl.ui.FXGLDialogFactoryServiceProvider, class com.almasb.fxgl.audio.AudioPlayer, class com.almasb.fxgl.notification.impl.NotificationServiceProvider, class com.almasb.fxgl.achievement.AchievementService, class com.almasb.fxgl.cutscene.CutsceneService, class com.almasb.fxgl.minigames.MiniGameService, class com.almasb.fxgl.net.NetService, class com.almasb.fxgl.app.services.UpdaterService, class com.almasb.fxgl.dev.DevService]
19:51:36.837 [FXGL Background Thread 3 ] DEBUG Engine               - fontGame: Abel-Regular.ttf
19:51:36.837 [FXGL Background Thread 3 ] DEBUG Engine               - fontMono: TerminalLandMono-Regular.otf
19:51:36.837 [FXGL Background Thread 3 ] DEBUG Engine               - fontText: Courier-Prime.ttf
19:51:36.837 [FXGL Background Thread 3 ] DEBUG Engine               - fontUI: VarelaRound-Regular.ttf
19:51:36.837 [FXGL Background Thread 3 ] DEBUG Engine               - fullScreen: BooleanProperty [value: false]
19:51:36.837 [FXGL Background Thread 3 ] DEBUG Engine               - gameDifficulty: MEDIUM
19:51:36.837 [FXGL Background Thread 3 ] DEBUG Engine               - gameDifficultyProperty: ObjectProperty [value: MEDIUM]
19:51:36.837 [FXGL Background Thread 3 ] DEBUG Engine               - globalMusicVolume: 0.5
19:51:36.838 [FXGL Background Thread 3 ] DEBUG Engine               - globalMusicVolumeProperty: DoubleProperty [value: 0.5]
19:51:36.838 [FXGL Background Thread 3 ] DEBUG Engine               - globalSoundVolume: 0.5
19:51:36.838 [FXGL Background Thread 3 ] DEBUG Engine               - globalSoundVolumeProperty: DoubleProperty [value: 0.5]
19:51:36.838 [FXGL Background Thread 3 ] DEBUG Engine               - height: 1000
19:51:36.838 [FXGL Background Thread 3 ] DEBUG Engine               - is3D: false
19:51:36.838 [FXGL Background Thread 3 ] DEBUG Engine               - isAndroid: false
19:51:36.838 [FXGL Background Thread 3 ] DEBUG Engine               - isBrowser: false
19:51:36.838 [FXGL Background Thread 3 ] DEBUG Engine               - isClickFeedbackEnabled: false
19:51:36.838 [FXGL Background Thread 3 ] DEBUG Engine               - isCloseConfirmation: false
19:51:36.838 [FXGL Background Thread 3 ] DEBUG Engine               - isDesktop: true
19:51:36.838 [FXGL Background Thread 3 ] DEBUG Engine               - isDeveloperMenuEnabled: false
19:51:36.838 [FXGL Background Thread 3 ] DEBUG Engine               - isEmbedded: false
19:51:36.838 [FXGL Background Thread 3 ] DEBUG Engine               - isEntityPreloadEnabled: true
19:51:36.838 [FXGL Background Thread 3 ] DEBUG Engine               - isExperimentalTiledLargeMap: false
19:51:36.838 [FXGL Background Thread 3 ] DEBUG Engine               - isFileSystemWriteAllowed: true
19:51:36.838 [FXGL Background Thread 3 ] DEBUG Engine               - isFullScreenAllowed: false
19:51:36.839 [FXGL Background Thread 3 ] DEBUG Engine               - isFullScreenFromStart: false
19:51:36.839 [FXGL Background Thread 3 ] DEBUG Engine               - isGameMenuEnabled: true
19:51:36.839 [FXGL Background Thread 3 ] DEBUG Engine               - isIOS: false
19:51:36.839 [FXGL Background Thread 3 ] DEBUG Engine               - isIntroEnabled: false
19:51:36.839 [FXGL Background Thread 3 ] DEBUG Engine               - isLinux: false
19:51:36.839 [FXGL Background Thread 3 ] DEBUG Engine               - isMac: false
19:51:36.839 [FXGL Background Thread 3 ] DEBUG Engine               - isMainMenuEnabled: false
19:51:36.839 [FXGL Background Thread 3 ] DEBUG Engine               - isManualResizeEnabled: false
19:51:36.839 [FXGL Background Thread 3 ] DEBUG Engine               - isMobile: false
19:51:36.840 [FXGL Background Thread 3 ] DEBUG Engine               - isNative: false
19:51:36.840 [FXGL Background Thread 3 ] DEBUG Engine               - isPauseMusicWhenMinimized: true
19:51:36.840 [FXGL Background Thread 3 ] DEBUG Engine               - isPreserveResizeRatio: false
19:51:36.840 [FXGL Background Thread 3 ] DEBUG Engine               - isProfilingEnabled: false
19:51:36.840 [FXGL Background Thread 3 ] DEBUG Engine               - isScaleAffectedOnResize: true
19:51:36.840 [FXGL Background Thread 3 ] DEBUG Engine               - isSingleStep: false
19:51:36.840 [FXGL Background Thread 3 ] DEBUG Engine               - isUserProfileEnabled: false
19:51:36.840 [FXGL Background Thread 3 ] DEBUG Engine               - isWindows: true
19:51:36.840 [FXGL Background Thread 3 ] DEBUG Engine               - language: ObjectProperty [value: ENGLISH]
19:51:36.840 [FXGL Background Thread 3 ] DEBUG Engine               - menuKey: ESCAPE
19:51:36.840 [FXGL Background Thread 3 ] DEBUG Engine               - mouseSensitivity: 0.2
19:51:36.840 [FXGL Background Thread 3 ] DEBUG Engine               - notificationViewClass: class com.almasb.fxgl.notification.view.XboxNotificationView
19:51:36.840 [FXGL Background Thread 3 ] DEBUG Engine               - pixelsPerMeter: 50.0
19:51:36.840 [FXGL Background Thread 3 ] DEBUG Engine               - platform: WINDOWS
19:51:36.841 [FXGL Background Thread 3 ] DEBUG Engine               - prefHeightProperty: ReadOnlyDoubleProperty [value: 1000.0]
19:51:36.841 [FXGL Background Thread 3 ] DEBUG Engine               - prefWidthProperty: ReadOnlyDoubleProperty [value: 2000.0]
19:51:36.841 [FXGL Background Thread 3 ] DEBUG Engine               - profileDir: profiles/
19:51:36.841 [FXGL Background Thread 3 ] DEBUG Engine               - profileName: StringProperty [value: DEFAULT]
19:51:36.841 [FXGL Background Thread 3 ] DEBUG Engine               - randomSeed: -1
19:51:36.842 [FXGL Background Thread 3 ] DEBUG Engine               - runtimeInfo: RuntimeInfo(platform=WINDOWS, version=17.2, build=20.08.2022 16.50)
19:51:36.842 [FXGL Background Thread 3 ] DEBUG Engine               - saveFileExt: sav
19:51:36.842 [FXGL Background Thread 3 ] DEBUG Engine               - scaledHeightProp$fxgl: DoubleProperty [bound, value: 960.0]
19:51:36.842 [FXGL Background Thread 3 ] DEBUG Engine               - scaledWidthProp$fxgl: DoubleProperty [bound, value: 1895.0]
19:51:36.842 [FXGL Background Thread 3 ] DEBUG Engine               - sceneFactory: com.almasb.fxgl.app.scene.SceneFactory@19b00f2b
19:51:36.843 [FXGL Background Thread 3 ] DEBUG Engine               - secondsIn24h: 60
19:51:36.843 [FXGL Background Thread 3 ] DEBUG Engine               - soundMenuBack: menu/back.wav
19:51:36.843 [FXGL Background Thread 3 ] DEBUG Engine               - soundMenuPress: menu/press.wav
19:51:36.843 [FXGL Background Thread 3 ] DEBUG Engine               - soundMenuSelect: menu/select.wav
19:51:36.843 [FXGL Background Thread 3 ] DEBUG Engine               - soundNotification: core/notification.wav
19:51:36.843 [FXGL Background Thread 3 ] DEBUG Engine               - stageStyle: DECORATED
19:51:36.843 [FXGL Background Thread 3 ] DEBUG Engine               - supportedLanguages: [ENGLISH, FRENCH, GERMAN, HUNGARIAN, RUSSIAN]
19:51:36.843 [FXGL Background Thread 3 ] DEBUG Engine               - ticksPerSecond: -1
19:51:36.844 [FXGL Background Thread 3 ] DEBUG Engine               - title: Simulador de Restaurante
19:51:36.844 [FXGL Background Thread 3 ] DEBUG Engine               - urlGithub: https://github.com/AlmasB/FXGL
19:51:36.844 [FXGL Background Thread 3 ] DEBUG Engine               - urlLeaderboard: http://fxgl-top.herokuapp.com/
19:51:36.844 [FXGL Background Thread 3 ] DEBUG Engine               - urlPOM: https://raw.githubusercontent.com/AlmasB/FXGL/release/README.md
19:51:36.844 [FXGL Background Thread 3 ] DEBUG Engine               - userAppClass: class org.example.Main
19:51:36.844 [FXGL Background Thread 3 ] DEBUG Engine               - version: 1.0
19:51:36.844 [FXGL Background Thread 3 ] DEBUG Engine               - versionCheckDays: 7
19:51:36.844 [FXGL Background Thread 3 ] DEBUG Engine               - width: 2000
19:51:36.844 [FXGL Background Thread 3 ] DEBUG Engine               - Logging services
19:51:36.844 [FXGL Background Thread 3 ] DEBUG Engine               - class com.almasb.fxgl.app.services.FXGLAssetLoaderService
19:51:36.844 [FXGL Background Thread 3 ] DEBUG Engine               - class com.almasb.fxgl.app.FXGLApplication$GameApplicationService
19:51:36.844 [FXGL Background Thread 3 ] DEBUG Engine               - class com.almasb.fxgl.app.services.FXGLDialogService
19:51:36.844 [FXGL Background Thread 3 ] DEBUG Engine               - class com.almasb.fxgl.app.services.IOTaskExecutorService
19:51:36.844 [FXGL Background Thread 3 ] DEBUG Engine               - class com.almasb.fxgl.io.FileSystemService
19:51:36.844 [FXGL Background Thread 3 ] DEBUG Engine               - class com.almasb.fxgl.localization.LocalizationService
19:51:36.844 [FXGL Background Thread 3 ] DEBUG Engine               - class com.almasb.fxgl.app.services.SystemBundleService
19:51:36.844 [FXGL Background Thread 3 ] DEBUG Engine               - class com.almasb.fxgl.profile.SaveLoadService
19:51:36.844 [FXGL Background Thread 3 ] DEBUG Engine               - class com.almasb.fxgl.ui.FXGLUIFactoryServiceProvider
19:51:36.844 [FXGL Background Thread 3 ] DEBUG Engine               - class com.almasb.fxgl.ui.FXGLDialogFactoryServiceProvider
19:51:36.844 [FXGL Background Thread 3 ] DEBUG Engine               - class com.almasb.fxgl.audio.AudioPlayer
19:51:36.844 [FXGL Background Thread 3 ] DEBUG Engine               - class com.almasb.fxgl.notification.impl.NotificationServiceProvider
19:51:36.846 [FXGL Background Thread 3 ] DEBUG Engine               - class com.almasb.fxgl.achievement.AchievementService
19:51:36.846 [FXGL Background Thread 3 ] DEBUG Engine               - class com.almasb.fxgl.cutscene.CutsceneService
19:51:36.846 [FXGL Background Thread 3 ] DEBUG Engine               - class com.almasb.fxgl.minigames.MiniGameService
19:51:36.846 [FXGL Background Thread 3 ] DEBUG Engine               - class com.almasb.fxgl.net.NetService
19:51:36.846 [FXGL Background Thread 3 ] DEBUG Engine               - class com.almasb.fxgl.app.services.UpdaterService
19:51:36.846 [FXGL Background Thread 3 ] DEBUG Engine               - class com.almasb.fxgl.dev.DevService
19:51:39.116 [JavaFX Application Thread] DEBUG FXGLApplication      - Exiting FXGL
19:51:39.116 [JavaFX Application Thread] DEBUG LoopRunner           - Stopping loop
19:51:39.116 [JavaFX Application Thread] DEBUG SystemBundleService  - Saving FXGL system data
19:51:39.119 [JavaFX Application Thread] DEBUG FileSystemAccess     - Writing to: C:\Users\deskr\OneDrive\Documentos\7 cuatrimestre\Programacion Concurrente\fxl Simulador\system\fxgl.bundle
19:51:39.122 [JavaFX Application Thread] DEBUG Async                - Shutting down background threads
19:51:39.122 [JavaFX Application Thread] DEBUG PrimaryStageWindow   - Closing main window
19:51:39.141 [JavaFX Application Thread] DEBUG Logger               - Closing Logger
