19:40:23.356 [main                     ] DEBUG Logger               - Configured Logger
19:40:23.424 [main                     ] DEBUG GameApplication      - Logging settings
Title: Simulador de Restaurante
Version: 1.0
Width: 2000
Height: 1000
Fullscreen: false
Intro: false
Profiling: false
Single step:false
App Mode: DEVELOPER
Menu Key: ESCAPE
Stage Style: DECORATED
Scene Factory: class com.almasb.fxgl.app.scene.SceneFactory

19:40:25.237 [JavaFX Application Thread] DEBUG FXGLApplication      - Initializing FXGL
19:40:25.250 [JavaFX Application Thread] INFO  Engine               - FXGL-17.2 (20.08.2022 16.50) on WINDOWS (J:17.0.5 FX:18)
19:40:25.250 [JavaFX Application Thread] DEBUG Engine               - JRE Vendor Name: Oracle Corporation
19:40:25.251 [JavaFX Application Thread] DEBUG Engine               - Running on OS: Windows 11 version 10.0
19:40:25.251 [JavaFX Application Thread] DEBUG Engine               - Architecture: amd64
19:40:25.251 [JavaFX Application Thread] INFO  Engine               - Source code and latest versions at: https://github.com/AlmasB/FXGL
19:40:25.252 [JavaFX Application Thread] INFO  Engine               -       Ask questions and discuss at: https://github.com/AlmasB/FXGL/discussions
19:40:25.252 [JavaFX Application Thread] INFO  Engine               -              Join the FXGL chat at: https://gitter.im/AlmasB/FXGL
19:40:25.529 [JavaFX Application Thread] DEBUG PrimaryStageWindow   - Creating a JavaFX scene
19:40:25.529 [JavaFX Application Thread] DEBUG PrimaryStageWindow   - Target size > screen size
19:40:25.633 [JavaFX Application Thread] DEBUG PrimaryStageWindow   - Target settings size: 2000.0 x 1000.0
19:40:25.633 [JavaFX Application Thread] DEBUG PrimaryStageWindow   - Scaled scene size:    1895.0 x 960.0
19:40:25.634 [JavaFX Application Thread] DEBUG PrimaryStageWindow   - Scaled ratio: (0.9475, 0.96)
19:40:25.635 [JavaFX Application Thread] DEBUG PrimaryStageWindow   - Set initial scene to FXGLStartupScene
19:40:25.654 [JavaFX Application Thread] DEBUG PrimaryStageWindow   - Opening main window
19:40:25.865 [JavaFX Application Thread] DEBUG PrimaryStageWindow   - Window border size: (16.0, 39.0)
19:40:25.865 [JavaFX Application Thread] DEBUG PrimaryStageWindow   - Scaled size: 1895.0 x 960.0
19:40:25.867 [JavaFX Application Thread] DEBUG PrimaryStageWindow   - Scaled ratio: (0.9475, 0.96)
19:40:25.868 [JavaFX Application Thread] DEBUG PrimaryStageWindow   - Scene size: 1895.0 x 960.0
19:40:25.868 [JavaFX Application Thread] DEBUG PrimaryStageWindow   - Stage size: 1911.0 x 999.0
19:40:25.886 [FXGL Background Thread 1 ] DEBUG Engine               - Initializing environment variables
19:40:25.971 [FXGL Background Thread 1 ] DEBUG FXGLAssetLoaderServi - User app class for loading assets: class org.example.Main
19:40:25.972 [FXGL Background Thread 1 ] DEBUG GameApplicationServi - Applying CSS: fxgl_dark.css
19:40:25.975 [FXGL Background Thread 1 ] DEBUG FXGLAssetLoaderServi - Loading from file system: jar:file:/C:/Users/deskr/.m2/repository/com/github/almasb/fxgl/17.2/fxgl-17.2.jar!/fxglassets/ui/css/fxgl_dark.css
19:40:26.073 [FXGL Background Thread 1 ] DEBUG GameApplicationServi - Initializing application scenes
19:40:26.187 [FXGL Background Thread 1 ] DEBUG GameWorld            - Game world initialized
19:40:26.328 [FXGL Background Thread 1 ] DEBUG PhysicsWorld         - Physics world initialized: appHeight=1000, physics.ppm=50.0
19:40:26.328 [FXGL Background Thread 1 ] DEBUG PhysicsWorld         - Using strategy: BRUTE_FORCE
19:40:26.340 [FXGL Background Thread 1 ] DEBUG GameScene            - Game scene initialized: 2000x1000
19:40:26.371 [FXGL Background Thread 1 ] DEBUG FXGL.DefaultMenu     - createMenuBodyGameMenu()
19:40:26.414 [FXGL Background Thread 1 ] DEBUG FXGL.DefaultMenu     - createOptionsMenu()
19:40:26.448 [FXGL Background Thread 1 ] DEBUG FXGLAssetLoaderServi - Loading from file system: jar:file:/C:/Users/deskr/.m2/repository/com/github/almasb/fxgl/17.2/fxgl-17.2.jar!/fxglassets/textures/particles/smoke.png
19:40:26.670 [FXGL Background Thread 1 ] DEBUG FXGLAssetLoaderServi - Loading from file system: jar:file:/C:/Users/deskr/.m2/repository/com/github/almasb/fxgl/17.2/fxgl-17.2.jar!/fxglassets/textures/particles/trace_horizontal.png
19:40:26.737 [FXGL Background Thread 1 ] DEBUG GameApplicationServi - Application scenes initialized
19:40:26.765 [FXGL Background Thread 1 ] DEBUG SystemBundleService  - Loading FXGL system data
19:40:26.777 [FXGL Background Thread 1 ] DEBUG FileSystemAccess     - Reading from: C:\Users\deskr\OneDrive\Documentos\7 cuatrimestre\Programacion Concurrente\fxl Simulador\system\fxgl.bundle
19:40:26.797 [FXGL Background Thread 1 ] DEBUG SystemBundleService  - Bundle FXGL: {}
19:40:26.798 [FXGL Background Thread 1 ] DEBUG UpdaterService       - Checking for updates
19:40:26.812 [FXGL Background Thread 4 ] DEBUG FXGLApplication      - Loading fonts
19:40:26.813 [FXGL Background Thread 1 ] DEBUG FXGLApplication      - Loading default localization
19:40:26.813 [FXGL Background Thread 4 ] DEBUG FXGLAssetLoaderServi - Loading from file system: jar:file:/C:/Users/deskr/.m2/repository/com/github/almasb/fxgl/17.2/fxgl-17.2.jar!/fxglassets/ui/fonts/VarelaRound-Regular.ttf
19:40:26.816 [FXGL Background Thread 1 ] DEBUG FXGLAssetLoaderServi - Loading from file system: jar:file:/C:/Users/deskr/.m2/repository/com/github/almasb/fxgl/17.2/fxgl-17.2.jar!/fxglassets/languages/english.lang
19:40:26.875 [FXGL Background Thread 1 ] INFO  FXGLApplication      - FXGL initialization took: 0.988 sec
19:40:26.877 [JavaFX Application Thread] DEBUG FXGLAssetLoaderServi - Loading from file system: jar:file:/C:/Users/deskr/.m2/repository/com/github/almasb/fxgl/17.2/fxgl-17.2.jar!/fxglassets/textures/fxgl_icon.png
19:40:26.950 [JavaFX Application Thread] DEBUG FXGLAssetLoaderServi - Loading from file system: jar:file:/C:/Users/deskr/.m2/repository/com/github/almasb/fxgl/17.2/fxgl-17.2.jar!/fxglassets/textures/fxgl_default_cursor.png
19:40:26.960 [FXGL Background Thread 4 ] DEBUG FXGLAssetLoaderServi - Loading from file system: jar:file:/C:/Users/deskr/.m2/repository/com/github/almasb/fxgl/17.2/fxgl-17.2.jar!/fxglassets/ui/fonts/Abel-Regular.ttf
19:40:26.969 [FXGL Background Thread 4 ] DEBUG FXGLAssetLoaderServi - Loading from file system: jar:file:/C:/Users/deskr/.m2/repository/com/github/almasb/fxgl/17.2/fxgl-17.2.jar!/fxglassets/ui/fonts/TerminalLandMono-Regular.otf
19:40:26.977 [FXGL Background Thread 4 ] DEBUG FXGLAssetLoaderServi - Loading from file system: jar:file:/C:/Users/deskr/.m2/repository/com/github/almasb/fxgl/17.2/fxgl-17.2.jar!/fxglassets/ui/fonts/Courier-Prime.ttf
19:40:26.989 [JavaFX Application Thread] DEBUG Input                - Registered new binding: Screenshot - CTRL+8
19:40:26.991 [JavaFX Application Thread] DEBUG Input                - Registered new binding: System info dump - CTRL+9
19:40:26.993 [JavaFX Application Thread] DEBUG Input                - Registered new binding: Restart - CTRL+R
19:40:26.996 [JavaFX Application Thread] DEBUG Input                - Registered new binding: Toggle Debug Camera - CTRL+7
19:40:27.000 [JavaFX Application Thread] DEBUG LoopRunner           - Starting loop
19:40:27.001 [JavaFX Application Thread] DEBUG LoopRunner           - Initializing JavaFX AnimationTimerLoop
19:40:27.004 [JavaFX Application Thread] DEBUG GameApplicationServi - Starting new game
19:40:27.005 [JavaFX Application Thread] DEBUG Input                - Clearing active input actions
19:40:27.027 [JavaFX Application Thread] DEBUG GameApplicationServi - Removing overlay from FXGLStartupScene and adding to FXGLLoadingScene
19:40:27.028 [JavaFX Application Thread] DEBUG PrimaryStageWindow   - FXGLStartupScene -> FXGLLoadingScene
19:40:27.028 [JavaFX Application Thread] DEBUG GameApplicationServi - Clearing previous game
19:40:27.028 [JavaFX Application Thread] DEBUG GameScene            - Clearing game scene
19:40:27.029 [JavaFX Application Thread] DEBUG GameWorld            - Clearing game world
19:40:27.029 [JavaFX Application Thread] DEBUG PhysicsWorld         - Clearing physics world
19:40:27.032 [FXGL Background Thread 4 ] DEBUG FXGLApplication      - Initializing game
19:40:27.032 [JavaFX Application Thread] DEBUG FXGLApplication      - Registering font factories with UI factory
19:40:27.037 [FXGL Background Thread 4 ] DEBUG FXGLAssetLoaderServi - Loading from file system: file:/C:/Users/deskr/OneDrive/Documentos/7%20cuatrimestre/Programacion%20Concurrente/fxl%20Simulador/target/classes/assets/textures/fondo.png
19:40:27.049 [FXGL Background Thread 4 ] DEBUG FXGLAssetLoaderServi - Loading from file system: file:/C:/Users/deskr/OneDrive/Documentos/7%20cuatrimestre/Programacion%20Concurrente/fxl%20Simulador/target/classes/assets/music/soundtrack.mp3
19:40:28.485 [FXGL Background Thread 2 ] INFO  UpdaterService       - Your current version:  17.2
19:40:28.486 [FXGL Background Thread 2 ] INFO  UpdaterService       - Latest stable version: 21.1
19:40:28.961 [FXGL Background Thread 4 ] DEBUG AudioPlayer          - Playing music com.almasb.fxgl.audio.Music@66de0384
19:40:28.985 [FXGL Background Thread 4 ] INFO  FXGLApplication      - Game initialization took: 1.952 sec
19:40:28.987 [JavaFX Application Thread] DEBUG Input                - Clearing active input actions
19:40:29.002 [JavaFX Application Thread] DEBUG GameApplicationServi - Removing overlay from FXGLLoadingScene and adding to GameScene
19:40:29.003 [JavaFX Application Thread] DEBUG PrimaryStageWindow   - FXGLLoadingScene -> GameScene
19:40:29.807 [FXGL Background Thread 3 ] DEBUG Engine               - Logging environment variables
19:40:29.808 [FXGL Background Thread 3 ] DEBUG Engine               - achievements: []
19:40:29.809 [FXGL Background Thread 3 ] DEBUG Engine               - actualHeight: 960.0
19:40:29.809 [FXGL Background Thread 3 ] DEBUG Engine               - actualHeightProperty: ReadOnlyDoubleProperty [value: 960.0]
19:40:29.809 [FXGL Background Thread 3 ] DEBUG Engine               - actualWidth: 1895.0
19:40:29.809 [FXGL Background Thread 3 ] DEBUG Engine               - actualWidthProperty: ReadOnlyDoubleProperty [value: 1895.0]
19:40:29.809 [FXGL Background Thread 3 ] DEBUG Engine               - appIcon: fxgl_icon.png
19:40:29.809 [FXGL Background Thread 3 ] DEBUG Engine               - applicationMode: DEVELOPER
19:40:29.809 [FXGL Background Thread 3 ] DEBUG Engine               - cSSList: [fxgl_dark.css]
19:40:29.809 [FXGL Background Thread 3 ] DEBUG Engine               - collisionDetectionStrategy: BRUTE_FORCE
19:40:29.809 [FXGL Background Thread 3 ] DEBUG Engine               - configClass: Optional.empty
19:40:29.809 [FXGL Background Thread 3 ] DEBUG Engine               - credits: []
19:40:29.810 [FXGL Background Thread 3 ] DEBUG Engine               - defaultCursor: CursorInfo(imageName=fxgl_default_cursor.png, hotspotX=7.0, hotspotY=6.0)
19:40:29.810 [FXGL Background Thread 3 ] DEBUG Engine               - devBBoxColorProperty: ObjectProperty [value: 0xff0000ff]
19:40:29.810 [FXGL Background Thread 3 ] DEBUG Engine               - devEnableDebugCameraProperty: BooleanProperty [value: false]
19:40:29.810 [FXGL Background Thread 3 ] DEBUG Engine               - devSensorColorProperty: ObjectProperty [value: 0xffff00ff]
19:40:29.810 [FXGL Background Thread 3 ] DEBUG Engine               - devShowBBoxProperty: BooleanProperty [value: false]
19:40:29.810 [FXGL Background Thread 3 ] DEBUG Engine               - devShowPositionProperty: BooleanProperty [value: false]
19:40:29.810 [FXGL Background Thread 3 ] DEBUG Engine               - enabledMenuItems: []
19:40:29.811 [FXGL Background Thread 3 ] DEBUG Engine               - engineServices: [class com.almasb.fxgl.app.services.FXGLAssetLoaderService, class com.almasb.fxgl.app.FXGLApplication$GameApplicationService, class com.almasb.fxgl.app.services.FXGLDialogService, class com.almasb.fxgl.app.services.IOTaskExecutorService, class com.almasb.fxgl.io.FileSystemService, class com.almasb.fxgl.localization.LocalizationService, class com.almasb.fxgl.app.services.SystemBundleService, class com.almasb.fxgl.profile.SaveLoadService, class com.almasb.fxgl.ui.FXGLUIFactoryServiceProvider, class com.almasb.fxgl.ui.FXGLDialogFactoryServiceProvider, class com.almasb.fxgl.audio.AudioPlayer, class com.almasb.fxgl.notification.impl.NotificationServiceProvider, class com.almasb.fxgl.achievement.AchievementService, class com.almasb.fxgl.cutscene.CutsceneService, class com.almasb.fxgl.minigames.MiniGameService, class com.almasb.fxgl.net.NetService, class com.almasb.fxgl.app.services.UpdaterService, class com.almasb.fxgl.dev.DevService]
19:40:29.811 [FXGL Background Thread 3 ] DEBUG Engine               - fontGame: Abel-Regular.ttf
19:40:29.812 [FXGL Background Thread 3 ] DEBUG Engine               - fontMono: TerminalLandMono-Regular.otf
19:40:29.812 [FXGL Background Thread 3 ] DEBUG Engine               - fontText: Courier-Prime.ttf
19:40:29.812 [FXGL Background Thread 3 ] DEBUG Engine               - fontUI: VarelaRound-Regular.ttf
19:40:29.812 [FXGL Background Thread 3 ] DEBUG Engine               - fullScreen: BooleanProperty [value: false]
19:40:29.812 [FXGL Background Thread 3 ] DEBUG Engine               - gameDifficulty: MEDIUM
19:40:29.812 [FXGL Background Thread 3 ] DEBUG Engine               - gameDifficultyProperty: ObjectProperty [value: MEDIUM]
19:40:29.812 [FXGL Background Thread 3 ] DEBUG Engine               - globalMusicVolume: 0.5
19:40:29.813 [FXGL Background Thread 3 ] DEBUG Engine               - globalMusicVolumeProperty: DoubleProperty [value: 0.5]
19:40:29.813 [FXGL Background Thread 3 ] DEBUG Engine               - globalSoundVolume: 0.5
19:40:29.813 [FXGL Background Thread 3 ] DEBUG Engine               - globalSoundVolumeProperty: DoubleProperty [value: 0.5]
19:40:29.813 [FXGL Background Thread 3 ] DEBUG Engine               - height: 1000
19:40:29.813 [FXGL Background Thread 3 ] DEBUG Engine               - is3D: false
19:40:29.813 [FXGL Background Thread 3 ] DEBUG Engine               - isAndroid: false
19:40:29.813 [FXGL Background Thread 3 ] DEBUG Engine               - isBrowser: false
19:40:29.813 [FXGL Background Thread 3 ] DEBUG Engine               - isClickFeedbackEnabled: false
19:40:29.813 [FXGL Background Thread 3 ] DEBUG Engine               - isCloseConfirmation: false
19:40:29.814 [FXGL Background Thread 3 ] DEBUG Engine               - isDesktop: true
19:40:29.814 [FXGL Background Thread 3 ] DEBUG Engine               - isDeveloperMenuEnabled: false
19:40:29.814 [FXGL Background Thread 3 ] DEBUG Engine               - isEmbedded: false
19:40:29.814 [FXGL Background Thread 3 ] DEBUG Engine               - isEntityPreloadEnabled: true
19:40:29.814 [FXGL Background Thread 3 ] DEBUG Engine               - isExperimentalTiledLargeMap: false
19:40:29.814 [FXGL Background Thread 3 ] DEBUG Engine               - isFileSystemWriteAllowed: true
19:40:29.815 [FXGL Background Thread 3 ] DEBUG Engine               - isFullScreenAllowed: false
19:40:29.815 [FXGL Background Thread 3 ] DEBUG Engine               - isFullScreenFromStart: false
19:40:29.815 [FXGL Background Thread 3 ] DEBUG Engine               - isGameMenuEnabled: true
19:40:29.815 [FXGL Background Thread 3 ] DEBUG Engine               - isIOS: false
19:40:29.815 [FXGL Background Thread 3 ] DEBUG Engine               - isIntroEnabled: false
19:40:29.815 [FXGL Background Thread 3 ] DEBUG Engine               - isLinux: false
19:40:29.815 [FXGL Background Thread 3 ] DEBUG Engine               - isMac: false
19:40:29.815 [FXGL Background Thread 3 ] DEBUG Engine               - isMainMenuEnabled: false
19:40:29.816 [FXGL Background Thread 3 ] DEBUG Engine               - isManualResizeEnabled: false
19:40:29.816 [FXGL Background Thread 3 ] DEBUG Engine               - isMobile: false
19:40:29.816 [FXGL Background Thread 3 ] DEBUG Engine               - isNative: false
19:40:29.816 [FXGL Background Thread 3 ] DEBUG Engine               - isPauseMusicWhenMinimized: true
19:40:29.816 [FXGL Background Thread 3 ] DEBUG Engine               - isPreserveResizeRatio: false
19:40:29.816 [FXGL Background Thread 3 ] DEBUG Engine               - isProfilingEnabled: false
19:40:29.816 [FXGL Background Thread 3 ] DEBUG Engine               - isScaleAffectedOnResize: true
19:40:29.816 [FXGL Background Thread 3 ] DEBUG Engine               - isSingleStep: false
19:40:29.817 [FXGL Background Thread 3 ] DEBUG Engine               - isUserProfileEnabled: false
19:40:29.817 [FXGL Background Thread 3 ] DEBUG Engine               - isWindows: true
19:40:29.817 [FXGL Background Thread 3 ] DEBUG Engine               - language: ObjectProperty [value: ENGLISH]
19:40:29.817 [FXGL Background Thread 3 ] DEBUG Engine               - menuKey: ESCAPE
19:40:29.817 [FXGL Background Thread 3 ] DEBUG Engine               - mouseSensitivity: 0.2
19:40:29.817 [FXGL Background Thread 3 ] DEBUG Engine               - notificationViewClass: class com.almasb.fxgl.notification.view.XboxNotificationView
19:40:29.817 [FXGL Background Thread 3 ] DEBUG Engine               - pixelsPerMeter: 50.0
19:40:29.817 [FXGL Background Thread 3 ] DEBUG Engine               - platform: WINDOWS
19:40:29.818 [FXGL Background Thread 3 ] DEBUG Engine               - prefHeightProperty: ReadOnlyDoubleProperty [value: 1000.0]
19:40:29.818 [FXGL Background Thread 3 ] DEBUG Engine               - prefWidthProperty: ReadOnlyDoubleProperty [value: 2000.0]
19:40:29.818 [FXGL Background Thread 3 ] DEBUG Engine               - profileDir: profiles/
19:40:29.818 [FXGL Background Thread 3 ] DEBUG Engine               - profileName: StringProperty [value: DEFAULT]
19:40:29.818 [FXGL Background Thread 3 ] DEBUG Engine               - randomSeed: -1
19:40:29.819 [FXGL Background Thread 3 ] DEBUG Engine               - runtimeInfo: RuntimeInfo(platform=WINDOWS, version=17.2, build=20.08.2022 16.50)
19:40:29.819 [FXGL Background Thread 3 ] DEBUG Engine               - saveFileExt: sav
19:40:29.819 [FXGL Background Thread 3 ] DEBUG Engine               - scaledHeightProp$fxgl: DoubleProperty [bound, value: 960.0]
19:40:29.819 [FXGL Background Thread 3 ] DEBUG Engine               - scaledWidthProp$fxgl: DoubleProperty [bound, value: 1895.0]
19:40:29.819 [FXGL Background Thread 3 ] DEBUG Engine               - sceneFactory: com.almasb.fxgl.app.scene.SceneFactory@74345656
19:40:29.820 [FXGL Background Thread 3 ] DEBUG Engine               - secondsIn24h: 60
19:40:29.820 [FXGL Background Thread 3 ] DEBUG Engine               - soundMenuBack: menu/back.wav
19:40:29.820 [FXGL Background Thread 3 ] DEBUG Engine               - soundMenuPress: menu/press.wav
19:40:29.820 [FXGL Background Thread 3 ] DEBUG Engine               - soundMenuSelect: menu/select.wav
19:40:29.820 [FXGL Background Thread 3 ] DEBUG Engine               - soundNotification: core/notification.wav
19:40:29.820 [FXGL Background Thread 3 ] DEBUG Engine               - stageStyle: DECORATED
19:40:29.820 [FXGL Background Thread 3 ] DEBUG Engine               - supportedLanguages: [ENGLISH, FRENCH, GERMAN, HUNGARIAN, RUSSIAN]
19:40:29.820 [FXGL Background Thread 3 ] DEBUG Engine               - ticksPerSecond: -1
19:40:29.820 [FXGL Background Thread 3 ] DEBUG Engine               - title: Simulador de Restaurante
19:40:29.820 [FXGL Background Thread 3 ] DEBUG Engine               - urlGithub: https://github.com/AlmasB/FXGL
19:40:29.820 [FXGL Background Thread 3 ] DEBUG Engine               - urlLeaderboard: http://fxgl-top.herokuapp.com/
19:40:29.820 [FXGL Background Thread 3 ] DEBUG Engine               - urlPOM: https://raw.githubusercontent.com/AlmasB/FXGL/release/README.md
19:40:29.821 [FXGL Background Thread 3 ] DEBUG Engine               - userAppClass: class org.example.Main
19:40:29.821 [FXGL Background Thread 3 ] DEBUG Engine               - version: 1.0
19:40:29.821 [FXGL Background Thread 3 ] DEBUG Engine               - versionCheckDays: 7
19:40:29.821 [FXGL Background Thread 3 ] DEBUG Engine               - width: 2000
19:40:29.821 [FXGL Background Thread 3 ] DEBUG Engine               - Logging services
19:40:29.821 [FXGL Background Thread 3 ] DEBUG Engine               - class com.almasb.fxgl.app.services.FXGLAssetLoaderService
19:40:29.821 [FXGL Background Thread 3 ] DEBUG Engine               - class com.almasb.fxgl.app.FXGLApplication$GameApplicationService
19:40:29.821 [FXGL Background Thread 3 ] DEBUG Engine               - class com.almasb.fxgl.app.services.FXGLDialogService
19:40:29.821 [FXGL Background Thread 3 ] DEBUG Engine               - class com.almasb.fxgl.app.services.IOTaskExecutorService
19:40:29.822 [FXGL Background Thread 3 ] DEBUG Engine               - class com.almasb.fxgl.io.FileSystemService
19:40:29.822 [FXGL Background Thread 3 ] DEBUG Engine               - class com.almasb.fxgl.localization.LocalizationService
19:40:29.822 [FXGL Background Thread 3 ] DEBUG Engine               - class com.almasb.fxgl.app.services.SystemBundleService
19:40:29.822 [FXGL Background Thread 3 ] DEBUG Engine               - class com.almasb.fxgl.profile.SaveLoadService
19:40:29.822 [FXGL Background Thread 3 ] DEBUG Engine               - class com.almasb.fxgl.ui.FXGLUIFactoryServiceProvider
19:40:29.822 [FXGL Background Thread 3 ] DEBUG Engine               - class com.almasb.fxgl.ui.FXGLDialogFactoryServiceProvider
19:40:29.822 [FXGL Background Thread 3 ] DEBUG Engine               - class com.almasb.fxgl.audio.AudioPlayer
19:40:29.822 [FXGL Background Thread 3 ] DEBUG Engine               - class com.almasb.fxgl.notification.impl.NotificationServiceProvider
19:40:29.822 [FXGL Background Thread 3 ] DEBUG Engine               - class com.almasb.fxgl.achievement.AchievementService
19:40:29.822 [FXGL Background Thread 3 ] DEBUG Engine               - class com.almasb.fxgl.cutscene.CutsceneService
19:40:29.822 [FXGL Background Thread 3 ] DEBUG Engine               - class com.almasb.fxgl.minigames.MiniGameService
19:40:29.822 [FXGL Background Thread 3 ] DEBUG Engine               - class com.almasb.fxgl.net.NetService
19:40:29.822 [FXGL Background Thread 3 ] DEBUG Engine               - class com.almasb.fxgl.app.services.UpdaterService
19:40:29.823 [FXGL Background Thread 3 ] DEBUG Engine               - class com.almasb.fxgl.dev.DevService
19:40:31.880 [JavaFX Application Thread] DEBUG FXGLApplication      - Exiting FXGL
19:40:31.880 [JavaFX Application Thread] DEBUG LoopRunner           - Stopping loop
19:40:31.880 [JavaFX Application Thread] DEBUG SystemBundleService  - Saving FXGL system data
19:40:31.887 [JavaFX Application Thread] DEBUG FileSystemAccess     - Writing to: C:\Users\deskr\OneDrive\Documentos\7 cuatrimestre\Programacion Concurrente\fxl Simulador\system\fxgl.bundle
19:40:31.890 [JavaFX Application Thread] DEBUG Async                - Shutting down background threads
19:40:31.890 [JavaFX Application Thread] DEBUG PrimaryStageWindow   - Closing main window
19:40:31.930 [JavaFX Application Thread] DEBUG Logger               - Closing Logger
