02:55:54.590 [main                     ] DEBUG Logger               - Configured Logger
02:55:54.635 [main                     ] DEBUG GameApplication      - Logging settings
Title: Simulador de Restaurante
Version: 1.0
Width: 2000
Height: 1000
Fullscreen: false
Intro: false
Profiling: false
Single step:false
App Mode: DEVELOPER
Menu Key: ESCAPE
Stage Style: DECORATED
Scene Factory: class com.almasb.fxgl.app.scene.SceneFactory

02:55:55.548 [JavaFX Application Thread] DEBUG FXGLApplication      - Initializing FXGL
02:55:55.554 [JavaFX Application Thread] INFO  Engine               - FXGL-17.2 (20.08.2022 16.50) on WINDOWS (J:17.0.5 FX:18)
02:55:55.555 [JavaFX Application Thread] DEBUG Engine               - JRE Vendor Name: Oracle Corporation
02:55:55.555 [JavaFX Application Thread] DEBUG Engine               - Running on OS: Windows 11 version 10.0
02:55:55.555 [JavaFX Application Thread] DEBUG Engine               - Architecture: amd64
02:55:55.555 [JavaFX Application Thread] INFO  Engine               - Source code and latest versions at: https://github.com/AlmasB/FXGL
02:55:55.555 [JavaFX Application Thread] INFO  Engine               -       Ask questions and discuss at: https://github.com/AlmasB/FXGL/discussions
02:55:55.555 [JavaFX Application Thread] INFO  Engine               -              Join the FXGL chat at: https://gitter.im/AlmasB/FXGL
02:55:55.685 [JavaFX Application Thread] DEBUG PrimaryStageWindow   - Creating a JavaFX scene
02:55:55.685 [JavaFX Application Thread] DEBUG PrimaryStageWindow   - Target size > screen size
02:55:55.738 [JavaFX Application Thread] DEBUG PrimaryStageWindow   - Target settings size: 2000.0 x 1000.0
02:55:55.738 [JavaFX Application Thread] DEBUG PrimaryStageWindow   - Scaled scene size:    1895.0 x 960.0
02:55:55.738 [JavaFX Application Thread] DEBUG PrimaryStageWindow   - Scaled ratio: (0.9475, 0.96)
02:55:55.739 [JavaFX Application Thread] DEBUG PrimaryStageWindow   - Set initial scene to FXGLStartupScene
02:55:55.747 [JavaFX Application Thread] DEBUG PrimaryStageWindow   - Opening main window
02:55:55.867 [JavaFX Application Thread] DEBUG PrimaryStageWindow   - Window border size: (16.0, 39.0)
02:55:55.867 [JavaFX Application Thread] DEBUG PrimaryStageWindow   - Scaled size: 1895.0 x 960.0
02:55:55.868 [JavaFX Application Thread] DEBUG PrimaryStageWindow   - Scaled ratio: (0.9475, 0.96)
02:55:55.868 [JavaFX Application Thread] DEBUG PrimaryStageWindow   - Scene size: 1895.0 x 960.0
02:55:55.869 [JavaFX Application Thread] DEBUG PrimaryStageWindow   - Stage size: 1911.0 x 999.0
02:55:55.877 [FXGL Background Thread 1 ] DEBUG Engine               - Initializing environment variables
02:55:55.927 [FXGL Background Thread 1 ] DEBUG FXGLAssetLoaderServi - User app class for loading assets: class org.example.Main
02:55:55.927 [FXGL Background Thread 1 ] DEBUG GameApplicationServi - Applying CSS: fxgl_dark.css
02:55:55.929 [FXGL Background Thread 1 ] DEBUG FXGLAssetLoaderServi - Loading from file system: jar:file:/C:/Users/deskr/.m2/repository/com/github/almasb/fxgl/17.2/fxgl-17.2.jar!/fxglassets/ui/css/fxgl_dark.css
02:55:55.981 [FXGL Background Thread 1 ] DEBUG GameApplicationServi - Initializing application scenes
02:55:56.026 [FXGL Background Thread 1 ] DEBUG GameWorld            - Game world initialized
02:55:56.096 [FXGL Background Thread 1 ] DEBUG PhysicsWorld         - Physics world initialized: appHeight=1000, physics.ppm=50.0
02:55:56.096 [FXGL Background Thread 1 ] DEBUG PhysicsWorld         - Using strategy: BRUTE_FORCE
02:55:56.102 [FXGL Background Thread 1 ] DEBUG GameScene            - Game scene initialized: 2000x1000
02:55:56.120 [FXGL Background Thread 1 ] DEBUG FXGL.DefaultMenu     - createMenuBodyGameMenu()
02:55:56.142 [FXGL Background Thread 1 ] DEBUG FXGL.DefaultMenu     - createOptionsMenu()
02:55:56.165 [FXGL Background Thread 1 ] DEBUG FXGLAssetLoaderServi - Loading from file system: jar:file:/C:/Users/deskr/.m2/repository/com/github/almasb/fxgl/17.2/fxgl-17.2.jar!/fxglassets/textures/particles/smoke.png
02:55:56.309 [FXGL Background Thread 1 ] DEBUG FXGLAssetLoaderServi - Loading from file system: jar:file:/C:/Users/deskr/.m2/repository/com/github/almasb/fxgl/17.2/fxgl-17.2.jar!/fxglassets/textures/particles/trace_horizontal.png
02:55:56.358 [FXGL Background Thread 1 ] DEBUG GameApplicationServi - Application scenes initialized
02:55:56.373 [FXGL Background Thread 1 ] DEBUG SystemBundleService  - Loading FXGL system data
02:55:56.380 [FXGL Background Thread 1 ] DEBUG FileSystemAccess     - Reading from: C:\Users\deskr\OneDrive\Documentos\7 cuatrimestre\Programacion Concurrente\fxl Simulador\system\fxgl.bundle
02:55:56.387 [FXGL Background Thread 1 ] DEBUG SystemBundleService  - Bundle FXGL: {}
02:55:56.387 [FXGL Background Thread 1 ] DEBUG UpdaterService       - Checking for updates
02:55:56.392 [FXGL Background Thread 4 ] DEBUG FXGLApplication      - Loading fonts
02:55:56.394 [FXGL Background Thread 1 ] DEBUG FXGLApplication      - Loading default localization
02:55:56.394 [FXGL Background Thread 4 ] DEBUG FXGLAssetLoaderServi - Loading from file system: jar:file:/C:/Users/deskr/.m2/repository/com/github/almasb/fxgl/17.2/fxgl-17.2.jar!/fxglassets/ui/fonts/VarelaRound-Regular.ttf
02:55:56.394 [FXGL Background Thread 1 ] DEBUG FXGLAssetLoaderServi - Loading from file system: jar:file:/C:/Users/deskr/.m2/repository/com/github/almasb/fxgl/17.2/fxgl-17.2.jar!/fxglassets/languages/english.lang
02:55:56.424 [FXGL Background Thread 1 ] INFO  FXGLApplication      - FXGL initialization took: 0.547 sec
02:55:56.426 [JavaFX Application Thread] DEBUG FXGLAssetLoaderServi - Loading from file system: jar:file:/C:/Users/deskr/.m2/repository/com/github/almasb/fxgl/17.2/fxgl-17.2.jar!/fxglassets/textures/fxgl_icon.png
02:55:56.478 [JavaFX Application Thread] DEBUG FXGLAssetLoaderServi - Loading from file system: jar:file:/C:/Users/deskr/.m2/repository/com/github/almasb/fxgl/17.2/fxgl-17.2.jar!/fxglassets/textures/fxgl_default_cursor.png
02:55:56.495 [FXGL Background Thread 4 ] DEBUG FXGLAssetLoaderServi - Loading from file system: jar:file:/C:/Users/deskr/.m2/repository/com/github/almasb/fxgl/17.2/fxgl-17.2.jar!/fxglassets/ui/fonts/Abel-Regular.ttf
02:55:56.499 [JavaFX Application Thread] DEBUG Input                - Registered new binding: Screenshot - CTRL+8
02:55:56.500 [JavaFX Application Thread] DEBUG Input                - Registered new binding: System info dump - CTRL+9
02:55:56.501 [JavaFX Application Thread] DEBUG Input                - Registered new binding: Restart - CTRL+R
02:55:56.501 [JavaFX Application Thread] DEBUG Input                - Registered new binding: Toggle Debug Camera - CTRL+7
02:55:56.503 [FXGL Background Thread 4 ] DEBUG FXGLAssetLoaderServi - Loading from file system: jar:file:/C:/Users/deskr/.m2/repository/com/github/almasb/fxgl/17.2/fxgl-17.2.jar!/fxglassets/ui/fonts/TerminalLandMono-Regular.otf
02:55:56.506 [JavaFX Application Thread] DEBUG LoopRunner           - Starting loop
02:55:56.507 [JavaFX Application Thread] DEBUG LoopRunner           - Initializing JavaFX AnimationTimerLoop
02:55:56.508 [JavaFX Application Thread] DEBUG GameApplicationServi - Starting new game
02:55:56.510 [FXGL Background Thread 4 ] DEBUG FXGLAssetLoaderServi - Loading from file system: jar:file:/C:/Users/deskr/.m2/repository/com/github/almasb/fxgl/17.2/fxgl-17.2.jar!/fxglassets/ui/fonts/Courier-Prime.ttf
02:55:56.510 [JavaFX Application Thread] DEBUG Input                - Clearing active input actions
02:55:56.527 [JavaFX Application Thread] DEBUG GameApplicationServi - Removing overlay from FXGLStartupScene and adding to FXGLLoadingScene
02:55:56.527 [JavaFX Application Thread] DEBUG PrimaryStageWindow   - FXGLStartupScene -> FXGLLoadingScene
02:55:56.528 [JavaFX Application Thread] DEBUG GameApplicationServi - Clearing previous game
02:55:56.528 [JavaFX Application Thread] DEBUG GameScene            - Clearing game scene
02:55:56.528 [JavaFX Application Thread] DEBUG GameWorld            - Clearing game world
02:55:56.528 [JavaFX Application Thread] DEBUG PhysicsWorld         - Clearing physics world
02:55:56.530 [FXGL Background Thread 4 ] DEBUG FXGLApplication      - Initializing game
02:55:56.533 [JavaFX Application Thread] DEBUG FXGLApplication      - Registering font factories with UI factory
02:55:56.534 [FXGL Background Thread 4 ] DEBUG FXGLAssetLoaderServi - Loading from file system: file:/C:/Users/deskr/OneDrive/Documentos/7%20cuatrimestre/Programacion%20Concurrente/fxl%20Simulador/target/classes/assets/textures/fondo.png
02:55:56.559 [FXGL Background Thread 4 ] DEBUG FXGLAssetLoaderServi - Loading from file system: file:/C:/Users/deskr/OneDrive/Documentos/7%20cuatrimestre/Programacion%20Concurrente/fxl%20Simulador/target/classes/assets/textures/recepcionista.png
02:55:56.588 [FXGL Background Thread 4 ] DEBUG FXGLAssetLoaderServi - Loading from file system: file:/C:/Users/deskr/OneDrive/Documentos/7%20cuatrimestre/Programacion%20Concurrente/fxl%20Simulador/target/classes/assets/textures/chef.png
02:55:56.606 [Thread-4                 ] INFO  LoggerDepuracionFXGL - se inicalizo chef
02:55:56.606 [FXGL Background Thread 4 ] DEBUG FXGLAssetLoaderServi - Loading from file system: file:/C:/Users/deskr/OneDrive/Documentos/7%20cuatrimestre/Programacion%20Concurrente/fxl%20Simulador/target/classes/assets/textures/mesa.png
02:55:56.651 [FXGL Background Thread 4 ] DEBUG FXGLAssetLoaderServi - Loading from file system: file:/C:/Users/deskr/OneDrive/Documentos/7%20cuatrimestre/Programacion%20Concurrente/fxl%20Simulador/target/classes/assets/textures/mesera.png
02:55:56.697 [FXGL Background Thread 4 ] DEBUG FXGLAssetLoaderServi - Loading from file system: file:/C:/Users/deskr/OneDrive/Documentos/7%20cuatrimestre/Programacion%20Concurrente/fxl%20Simulador/target/classes/assets/textures/cliente.png
02:55:56.729 [FXGL Background Thread 4 ] INFO  FXGLApplication      - Game initialization took: 0.197 sec
02:55:56.979 [JavaFX Application Thread] DEBUG Input                - Clearing active input actions
02:55:56.993 [JavaFX Application Thread] DEBUG GameApplicationServi - Removing overlay from FXGLLoadingScene and adding to GameScene
02:55:56.994 [JavaFX Application Thread] DEBUG PrimaryStageWindow   - FXGLLoadingScene -> GameScene
02:55:57.335 [FXGL Background Thread 2 ] INFO  UpdaterService       - Your current version:  17.2
02:55:57.335 [FXGL Background Thread 2 ] INFO  UpdaterService       - Latest stable version: 21.1
02:55:59.290 [JavaFX Application Thread] DEBUG FXGLApplication      - Exiting FXGL
02:55:59.291 [JavaFX Application Thread] DEBUG LoopRunner           - Stopping loop
02:55:59.291 [JavaFX Application Thread] DEBUG SystemBundleService  - Saving FXGL system data
02:55:59.304 [JavaFX Application Thread] DEBUG FileSystemAccess     - Writing to: C:\Users\deskr\OneDrive\Documentos\7 cuatrimestre\Programacion Concurrente\fxl Simulador\system\fxgl.bundle
02:55:59.306 [JavaFX Application Thread] DEBUG Async                - Shutting down background threads
02:55:59.307 [JavaFX Application Thread] DEBUG PrimaryStageWindow   - Closing main window
02:55:59.336 [JavaFX Application Thread] DEBUG Logger               - Closing Logger
