00:02:56.345 [main                     ] DEBUG Logger               - Configured Logger
00:02:56.372 [main                     ] DEBUG GameApplication      - Logging settings
Title: Simulador de Restaurante
Version: 1.0
Width: 2000
Height: 1000
Fullscreen: false
Intro: false
Profiling: false
Single step:false
App Mode: DEVELOPER
Menu Key: ESCAPE
Stage Style: DECORATED
Scene Factory: class com.almasb.fxgl.app.scene.SceneFactory

00:02:56.902 [JavaFX Application Thread] DEBUG FXGLApplication      - Initializing FXGL
00:02:56.908 [JavaFX Application Thread] INFO  Engine               - FXGL-17.2 (20.08.2022 16.50) on WINDOWS (J:17.0.12 FX:18)
00:02:56.909 [JavaFX Application Thread] DEBUG Engine               - JRE Vendor Name: Oracle Corporation
00:02:56.909 [JavaFX Application Thread] DEBUG Engine               - Running on OS: Windows 11 version 10.0
00:02:56.909 [JavaFX Application Thread] DEBUG Engine               - Architecture: amd64
00:02:56.909 [JavaFX Application Thread] INFO  Engine               - Source code and latest versions at: https://github.com/AlmasB/FXGL
00:02:56.910 [JavaFX Application Thread] INFO  Engine               -       Ask questions and discuss at: https://github.com/AlmasB/FXGL/discussions
00:02:56.910 [JavaFX Application Thread] INFO  Engine               -              Join the FXGL chat at: https://gitter.im/AlmasB/FXGL
00:02:57.035 [JavaFX Application Thread] DEBUG PrimaryStageWindow   - Creating a JavaFX scene
00:02:57.035 [JavaFX Application Thread] DEBUG PrimaryStageWindow   - Target size > screen size
00:02:57.116 [JavaFX Application Thread] DEBUG PrimaryStageWindow   - Target settings size: 2000.0 x 1000.0
00:02:57.117 [JavaFX Application Thread] DEBUG PrimaryStageWindow   - Scaled scene size:    1511.0 x 768.0
00:02:57.117 [JavaFX Application Thread] DEBUG PrimaryStageWindow   - Scaled ratio: (0.7555, 0.768)
00:02:57.119 [JavaFX Application Thread] DEBUG PrimaryStageWindow   - Set initial scene to FXGLStartupScene
00:02:57.132 [JavaFX Application Thread] DEBUG PrimaryStageWindow   - Opening main window
00:02:57.263 [JavaFX Application Thread] DEBUG PrimaryStageWindow   - Window border size: (14.5999755859375, 37.5999755859375)
00:02:57.264 [JavaFX Application Thread] DEBUG PrimaryStageWindow   - Scaled size: 1511.0 x 768.0
00:02:57.264 [JavaFX Application Thread] DEBUG PrimaryStageWindow   - Scaled ratio: (0.7555, 0.768)
00:02:57.264 [JavaFX Application Thread] DEBUG PrimaryStageWindow   - Scene size: 1511.0 x 768.0
00:02:57.265 [JavaFX Application Thread] DEBUG PrimaryStageWindow   - Stage size: 1525.5999755859375 x 805.5999755859375
00:02:57.291 [FXGL Background Thread 1 ] DEBUG Engine               - Initializing environment variables
00:02:57.369 [FXGL Background Thread 1 ] DEBUG FXGLAssetLoaderServi - User app class for loading assets: class org.example.Main
00:02:57.370 [FXGL Background Thread 1 ] DEBUG GameApplicationServi - Applying CSS: fxgl_dark.css
00:02:57.371 [FXGL Background Thread 1 ] DEBUG FXGLAssetLoaderServi - Loading from file system: jar:file:/C:/Users/gerso/.m2/repository/com/github/almasb/fxgl/17.2/fxgl-17.2.jar!/fxglassets/ui/css/fxgl_dark.css
00:02:57.430 [FXGL Background Thread 1 ] DEBUG GameApplicationServi - Initializing application scenes
00:02:57.515 [FXGL Background Thread 1 ] DEBUG GameWorld            - Game world initialized
00:02:57.616 [FXGL Background Thread 1 ] DEBUG PhysicsWorld         - Physics world initialized: appHeight=1000, physics.ppm=50.0
00:02:57.617 [FXGL Background Thread 1 ] DEBUG PhysicsWorld         - Using strategy: BRUTE_FORCE
00:02:57.625 [FXGL Background Thread 1 ] DEBUG GameScene            - Game scene initialized: 2000x1000
00:02:57.645 [FXGL Background Thread 1 ] DEBUG FXGL.DefaultMenu     - createMenuBodyGameMenu()
00:02:57.672 [FXGL Background Thread 1 ] DEBUG FXGL.DefaultMenu     - createOptionsMenu()
00:02:57.691 [FXGL Background Thread 1 ] DEBUG FXGLAssetLoaderServi - Loading from file system: jar:file:/C:/Users/gerso/.m2/repository/com/github/almasb/fxgl/17.2/fxgl-17.2.jar!/fxglassets/textures/particles/smoke.png
00:02:57.800 [FXGL Background Thread 1 ] DEBUG FXGLAssetLoaderServi - Loading from file system: jar:file:/C:/Users/gerso/.m2/repository/com/github/almasb/fxgl/17.2/fxgl-17.2.jar!/fxglassets/textures/particles/trace_horizontal.png
00:02:57.823 [FXGL Background Thread 1 ] DEBUG GameApplicationServi - Application scenes initialized
00:02:57.858 [FXGL Background Thread 1 ] DEBUG SystemBundleService  - Loading FXGL system data
00:02:57.871 [FXGL Background Thread 1 ] DEBUG FileSystemAccess     - Reading from: C:\Users\gerso\OneDrive\Documentos\Cuatrimestre 7\Concurrente\Java\Simulador_Restaurante\system\fxgl.bundle
00:02:57.887 [FXGL Background Thread 1 ] DEBUG SystemBundleService  - Bundle FXGL: {}
00:02:57.888 [FXGL Background Thread 1 ] DEBUG UpdaterService       - Checking for updates
00:02:57.899 [FXGL Background Thread 4 ] DEBUG FXGLApplication      - Loading fonts
00:02:57.900 [FXGL Background Thread 4 ] DEBUG FXGLAssetLoaderServi - Loading from file system: jar:file:/C:/Users/gerso/.m2/repository/com/github/almasb/fxgl/17.2/fxgl-17.2.jar!/fxglassets/ui/fonts/VarelaRound-Regular.ttf
00:02:57.900 [FXGL Background Thread 1 ] DEBUG FXGLApplication      - Loading default localization
00:02:57.902 [FXGL Background Thread 1 ] DEBUG FXGLAssetLoaderServi - Loading from file system: jar:file:/C:/Users/gerso/.m2/repository/com/github/almasb/fxgl/17.2/fxgl-17.2.jar!/fxglassets/languages/english.lang
00:02:57.936 [FXGL Background Thread 1 ] INFO  FXGLApplication      - FXGL initialization took: 0.645 sec
00:02:57.938 [JavaFX Application Thread] DEBUG FXGLAssetLoaderServi - Loading from file system: jar:file:/C:/Users/gerso/.m2/repository/com/github/almasb/fxgl/17.2/fxgl-17.2.jar!/fxglassets/textures/fxgl_icon.png
00:02:57.965 [JavaFX Application Thread] DEBUG FXGLAssetLoaderServi - Loading from file system: jar:file:/C:/Users/gerso/.m2/repository/com/github/almasb/fxgl/17.2/fxgl-17.2.jar!/fxglassets/textures/fxgl_default_cursor.png
00:02:57.986 [JavaFX Application Thread] DEBUG Input                - Registered new binding: Screenshot - CTRL+8
00:02:57.987 [JavaFX Application Thread] DEBUG Input                - Registered new binding: System info dump - CTRL+9
00:02:57.988 [JavaFX Application Thread] DEBUG Input                - Registered new binding: Restart - CTRL+R
00:02:57.989 [JavaFX Application Thread] DEBUG Input                - Registered new binding: Toggle Debug Camera - CTRL+7
00:02:57.993 [JavaFX Application Thread] DEBUG LoopRunner           - Starting loop
00:02:57.994 [JavaFX Application Thread] DEBUG LoopRunner           - Initializing JavaFX AnimationTimerLoop
00:02:57.997 [JavaFX Application Thread] DEBUG GameApplicationServi - Starting new game
00:02:57.998 [JavaFX Application Thread] DEBUG Input                - Clearing active input actions
00:02:58.015 [JavaFX Application Thread] DEBUG GameApplicationServi - Removing overlay from FXGLStartupScene and adding to FXGLLoadingScene
00:02:58.016 [JavaFX Application Thread] DEBUG PrimaryStageWindow   - FXGLStartupScene -> FXGLLoadingScene
00:02:58.016 [JavaFX Application Thread] DEBUG GameApplicationServi - Clearing previous game
00:02:58.016 [JavaFX Application Thread] DEBUG GameScene            - Clearing game scene
00:02:58.016 [JavaFX Application Thread] DEBUG GameWorld            - Clearing game world
00:02:58.016 [JavaFX Application Thread] DEBUG PhysicsWorld         - Clearing physics world
00:02:58.018 [FXGL Background Thread 1 ] DEBUG FXGLApplication      - Initializing game
00:02:58.022 [FXGL Background Thread 1 ] DEBUG FXGLAssetLoaderServi - Loading from file system: file:/C:/Users/gerso/OneDrive/Documentos/Cuatrimestre%207/Concurrente/Java/Simulador_Restaurante/target/classes/assets/textures/fondo.png
00:02:58.048 [FXGL Background Thread 4 ] DEBUG FXGLAssetLoaderServi - Loading from file system: jar:file:/C:/Users/gerso/.m2/repository/com/github/almasb/fxgl/17.2/fxgl-17.2.jar!/fxglassets/ui/fonts/Abel-Regular.ttf
00:02:58.051 [FXGL Background Thread 1 ] DEBUG FXGLAssetLoaderServi - Loading from file system: file:/C:/Users/gerso/OneDrive/Documentos/Cuatrimestre%207/Concurrente/Java/Simulador_Restaurante/target/classes/assets/textures/recepcionista.png
00:02:58.056 [FXGL Background Thread 4 ] DEBUG FXGLAssetLoaderServi - Loading from file system: jar:file:/C:/Users/gerso/.m2/repository/com/github/almasb/fxgl/17.2/fxgl-17.2.jar!/fxglassets/ui/fonts/TerminalLandMono-Regular.otf
00:02:58.063 [FXGL Background Thread 4 ] DEBUG FXGLAssetLoaderServi - Loading from file system: jar:file:/C:/Users/gerso/.m2/repository/com/github/almasb/fxgl/17.2/fxgl-17.2.jar!/fxglassets/ui/fonts/Courier-Prime.ttf
00:02:58.081 [FXGL Background Thread 1 ] DEBUG FXGLAssetLoaderServi - Loading from file system: file:/C:/Users/gerso/OneDrive/Documentos/Cuatrimestre%207/Concurrente/Java/Simulador_Restaurante/target/classes/assets/textures/chef.png
00:02:58.087 [JavaFX Application Thread] DEBUG FXGLApplication      - Registering font factories with UI factory
00:02:58.095 [FXGL Background Thread 1 ] DEBUG FXGLAssetLoaderServi - Loading from file system: file:/C:/Users/gerso/OneDrive/Documentos/Cuatrimestre%207/Concurrente/Java/Simulador_Restaurante/target/classes/assets/textures/mesera.png
00:02:58.109 [FXGL Background Thread 1 ] DEBUG FXGLAssetLoaderServi - Loading from file system: file:/C:/Users/gerso/OneDrive/Documentos/Cuatrimestre%207/Concurrente/Java/Simulador_Restaurante/target/classes/assets/textures/mesa.png
00:02:58.159 [FXGL Background Thread 1 ] DEBUG FXGLAssetLoaderServi - Loading from file system: file:/C:/Users/gerso/OneDrive/Documentos/Cuatrimestre%207/Concurrente/Java/Simulador_Restaurante/target/classes/assets/textures/cliente.png
00:02:58.200 [FXGL Background Thread 1 ] INFO  FXGLApplication      - Game initialization took: 0.181 sec
00:02:58.206 [JavaFX Application Thread] DEBUG Input                - Clearing active input actions
00:02:58.214 [JavaFX Application Thread] DEBUG GameApplicationServi - Removing overlay from FXGLLoadingScene and adding to GameScene
00:02:58.215 [JavaFX Application Thread] DEBUG PrimaryStageWindow   - FXGLLoadingScene -> GameScene
00:02:58.650 [FXGL Background Thread 2 ] INFO  UpdaterService       - Your current version:  17.2
00:02:58.651 [FXGL Background Thread 2 ] INFO  UpdaterService       - Latest stable version: 21.1
00:03:00.895 [FXGL Background Thread 3 ] DEBUG Engine               - Logging environment variables
00:03:00.896 [FXGL Background Thread 3 ] DEBUG Engine               - achievements: []
00:03:00.896 [FXGL Background Thread 3 ] DEBUG Engine               - actualHeight: 768.0
00:03:00.896 [FXGL Background Thread 3 ] DEBUG Engine               - actualHeightProperty: ReadOnlyDoubleProperty [value: 768.0]
00:03:00.896 [FXGL Background Thread 3 ] DEBUG Engine               - actualWidth: 1511.0
00:03:00.896 [FXGL Background Thread 3 ] DEBUG Engine               - actualWidthProperty: ReadOnlyDoubleProperty [value: 1511.0]
00:03:00.896 [FXGL Background Thread 3 ] DEBUG Engine               - appIcon: fxgl_icon.png
00:03:00.897 [FXGL Background Thread 3 ] DEBUG Engine               - applicationMode: DEVELOPER
00:03:00.897 [FXGL Background Thread 3 ] DEBUG Engine               - cSSList: [fxgl_dark.css]
00:03:00.897 [FXGL Background Thread 3 ] DEBUG Engine               - collisionDetectionStrategy: BRUTE_FORCE
00:03:00.897 [FXGL Background Thread 3 ] DEBUG Engine               - configClass: Optional.empty
00:03:00.897 [FXGL Background Thread 3 ] DEBUG Engine               - credits: []
00:03:00.898 [FXGL Background Thread 3 ] DEBUG Engine               - defaultCursor: CursorInfo(imageName=fxgl_default_cursor.png, hotspotX=7.0, hotspotY=6.0)
00:03:00.898 [FXGL Background Thread 3 ] DEBUG Engine               - devBBoxColorProperty: ObjectProperty [value: 0xff0000ff]
00:03:00.899 [FXGL Background Thread 3 ] DEBUG Engine               - devEnableDebugCameraProperty: BooleanProperty [value: false]
00:03:00.899 [FXGL Background Thread 3 ] DEBUG Engine               - devSensorColorProperty: ObjectProperty [value: 0xffff00ff]
00:03:00.899 [FXGL Background Thread 3 ] DEBUG Engine               - devShowBBoxProperty: BooleanProperty [value: false]
00:03:00.900 [FXGL Background Thread 3 ] DEBUG Engine               - devShowPositionProperty: BooleanProperty [value: false]
00:03:00.901 [FXGL Background Thread 3 ] DEBUG Engine               - enabledMenuItems: []
00:03:00.901 [FXGL Background Thread 3 ] DEBUG Engine               - engineServices: [class com.almasb.fxgl.app.services.FXGLAssetLoaderService, class com.almasb.fxgl.app.FXGLApplication$GameApplicationService, class com.almasb.fxgl.app.services.FXGLDialogService, class com.almasb.fxgl.app.services.IOTaskExecutorService, class com.almasb.fxgl.io.FileSystemService, class com.almasb.fxgl.localization.LocalizationService, class com.almasb.fxgl.app.services.SystemBundleService, class com.almasb.fxgl.profile.SaveLoadService, class com.almasb.fxgl.ui.FXGLUIFactoryServiceProvider, class com.almasb.fxgl.ui.FXGLDialogFactoryServiceProvider, class com.almasb.fxgl.audio.AudioPlayer, class com.almasb.fxgl.notification.impl.NotificationServiceProvider, class com.almasb.fxgl.achievement.AchievementService, class com.almasb.fxgl.cutscene.CutsceneService, class com.almasb.fxgl.minigames.MiniGameService, class com.almasb.fxgl.net.NetService, class com.almasb.fxgl.app.services.UpdaterService, class com.almasb.fxgl.dev.DevService]
00:03:00.901 [FXGL Background Thread 3 ] DEBUG Engine               - fontGame: Abel-Regular.ttf
00:03:00.901 [FXGL Background Thread 3 ] DEBUG Engine               - fontMono: TerminalLandMono-Regular.otf
00:03:00.901 [FXGL Background Thread 3 ] DEBUG Engine               - fontText: Courier-Prime.ttf
00:03:00.901 [FXGL Background Thread 3 ] DEBUG Engine               - fontUI: VarelaRound-Regular.ttf
00:03:00.901 [FXGL Background Thread 3 ] DEBUG Engine               - fullScreen: BooleanProperty [value: false]
00:03:00.901 [FXGL Background Thread 3 ] DEBUG Engine               - gameDifficulty: MEDIUM
00:03:00.901 [FXGL Background Thread 3 ] DEBUG Engine               - gameDifficultyProperty: ObjectProperty [value: MEDIUM]
00:03:00.901 [FXGL Background Thread 3 ] DEBUG Engine               - globalMusicVolume: 0.5
00:03:00.902 [FXGL Background Thread 3 ] DEBUG Engine               - globalMusicVolumeProperty: DoubleProperty [value: 0.5]
00:03:00.902 [FXGL Background Thread 3 ] DEBUG Engine               - globalSoundVolume: 0.5
00:03:00.902 [FXGL Background Thread 3 ] DEBUG Engine               - globalSoundVolumeProperty: DoubleProperty [value: 0.5]
00:03:00.902 [FXGL Background Thread 3 ] DEBUG Engine               - height: 1000
00:03:00.902 [FXGL Background Thread 3 ] DEBUG Engine               - is3D: false
00:03:00.902 [FXGL Background Thread 3 ] DEBUG Engine               - isAndroid: false
00:03:00.902 [FXGL Background Thread 3 ] DEBUG Engine               - isBrowser: false
00:03:00.902 [FXGL Background Thread 3 ] DEBUG Engine               - isClickFeedbackEnabled: false
00:03:00.902 [FXGL Background Thread 3 ] DEBUG Engine               - isCloseConfirmation: false
00:03:00.902 [FXGL Background Thread 3 ] DEBUG Engine               - isDesktop: true
00:03:00.903 [FXGL Background Thread 3 ] DEBUG Engine               - isDeveloperMenuEnabled: false
00:03:00.903 [FXGL Background Thread 3 ] DEBUG Engine               - isEmbedded: false
00:03:00.903 [FXGL Background Thread 3 ] DEBUG Engine               - isEntityPreloadEnabled: true
00:03:00.903 [FXGL Background Thread 3 ] DEBUG Engine               - isExperimentalTiledLargeMap: false
00:03:00.903 [FXGL Background Thread 3 ] DEBUG Engine               - isFileSystemWriteAllowed: true
00:03:00.903 [FXGL Background Thread 3 ] DEBUG Engine               - isFullScreenAllowed: false
00:03:00.903 [FXGL Background Thread 3 ] DEBUG Engine               - isFullScreenFromStart: false
00:03:00.903 [FXGL Background Thread 3 ] DEBUG Engine               - isGameMenuEnabled: true
00:03:00.903 [FXGL Background Thread 3 ] DEBUG Engine               - isIOS: false
00:03:00.903 [FXGL Background Thread 3 ] DEBUG Engine               - isIntroEnabled: false
00:03:00.903 [FXGL Background Thread 3 ] DEBUG Engine               - isLinux: false
00:03:00.904 [FXGL Background Thread 3 ] DEBUG Engine               - isMac: false
00:03:00.904 [FXGL Background Thread 3 ] DEBUG Engine               - isMainMenuEnabled: false
00:03:00.904 [FXGL Background Thread 3 ] DEBUG Engine               - isManualResizeEnabled: false
00:03:00.904 [FXGL Background Thread 3 ] DEBUG Engine               - isMobile: false
00:03:00.904 [FXGL Background Thread 3 ] DEBUG Engine               - isNative: false
00:03:00.904 [FXGL Background Thread 3 ] DEBUG Engine               - isPauseMusicWhenMinimized: true
00:03:00.904 [FXGL Background Thread 3 ] DEBUG Engine               - isPreserveResizeRatio: false
00:03:00.904 [FXGL Background Thread 3 ] DEBUG Engine               - isProfilingEnabled: false
00:03:00.904 [FXGL Background Thread 3 ] DEBUG Engine               - isScaleAffectedOnResize: true
00:03:00.904 [FXGL Background Thread 3 ] DEBUG Engine               - isSingleStep: false
00:03:00.904 [FXGL Background Thread 3 ] DEBUG Engine               - isUserProfileEnabled: false
00:03:00.905 [FXGL Background Thread 3 ] DEBUG Engine               - isWindows: true
00:03:00.905 [FXGL Background Thread 3 ] DEBUG Engine               - language: ObjectProperty [value: ENGLISH]
00:03:00.905 [FXGL Background Thread 3 ] DEBUG Engine               - menuKey: ESCAPE
00:03:00.905 [FXGL Background Thread 3 ] DEBUG Engine               - mouseSensitivity: 0.2
00:03:00.905 [FXGL Background Thread 3 ] DEBUG Engine               - notificationViewClass: class com.almasb.fxgl.notification.view.XboxNotificationView
00:03:00.906 [FXGL Background Thread 3 ] DEBUG Engine               - pixelsPerMeter: 50.0
00:03:00.906 [FXGL Background Thread 3 ] DEBUG Engine               - platform: WINDOWS
00:03:00.906 [FXGL Background Thread 3 ] DEBUG Engine               - prefHeightProperty: ReadOnlyDoubleProperty [value: 1000.0]
00:03:00.906 [FXGL Background Thread 3 ] DEBUG Engine               - prefWidthProperty: ReadOnlyDoubleProperty [value: 2000.0]
00:03:00.906 [FXGL Background Thread 3 ] DEBUG Engine               - profileDir: profiles/
00:03:00.907 [FXGL Background Thread 3 ] DEBUG Engine               - profileName: StringProperty [value: DEFAULT]
00:03:00.907 [FXGL Background Thread 3 ] DEBUG Engine               - randomSeed: -1
00:03:00.908 [FXGL Background Thread 3 ] DEBUG Engine               - runtimeInfo: RuntimeInfo(platform=WINDOWS, version=17.2, build=20.08.2022 16.50)
00:03:00.908 [FXGL Background Thread 3 ] DEBUG Engine               - saveFileExt: sav
00:03:00.908 [FXGL Background Thread 3 ] DEBUG Engine               - scaledHeightProp$fxgl: DoubleProperty [bound, value: 768.0]
00:03:00.908 [FXGL Background Thread 3 ] DEBUG Engine               - scaledWidthProp$fxgl: DoubleProperty [bound, value: 1511.0]
00:03:00.908 [FXGL Background Thread 3 ] DEBUG Engine               - sceneFactory: com.almasb.fxgl.app.scene.SceneFactory@5c3a752c
00:03:00.908 [FXGL Background Thread 3 ] DEBUG Engine               - secondsIn24h: 60
00:03:00.908 [FXGL Background Thread 3 ] DEBUG Engine               - soundMenuBack: menu/back.wav
00:03:00.908 [FXGL Background Thread 3 ] DEBUG Engine               - soundMenuPress: menu/press.wav
00:03:00.908 [FXGL Background Thread 3 ] DEBUG Engine               - soundMenuSelect: menu/select.wav
00:03:00.908 [FXGL Background Thread 3 ] DEBUG Engine               - soundNotification: core/notification.wav
00:03:00.908 [FXGL Background Thread 3 ] DEBUG Engine               - stageStyle: DECORATED
00:03:00.908 [FXGL Background Thread 3 ] DEBUG Engine               - supportedLanguages: [ENGLISH, FRENCH, GERMAN, HUNGARIAN, RUSSIAN]
00:03:00.908 [FXGL Background Thread 3 ] DEBUG Engine               - ticksPerSecond: -1
00:03:00.909 [FXGL Background Thread 3 ] DEBUG Engine               - title: Simulador de Restaurante
00:03:00.909 [FXGL Background Thread 3 ] DEBUG Engine               - urlGithub: https://github.com/AlmasB/FXGL
00:03:00.909 [FXGL Background Thread 3 ] DEBUG Engine               - urlLeaderboard: http://fxgl-top.herokuapp.com/
00:03:00.909 [FXGL Background Thread 3 ] DEBUG Engine               - urlPOM: https://raw.githubusercontent.com/AlmasB/FXGL/release/README.md
00:03:00.909 [FXGL Background Thread 3 ] DEBUG Engine               - userAppClass: class org.example.Main
00:03:00.909 [FXGL Background Thread 3 ] DEBUG Engine               - version: 1.0
00:03:00.909 [FXGL Background Thread 3 ] DEBUG Engine               - versionCheckDays: 7
00:03:00.909 [FXGL Background Thread 3 ] DEBUG Engine               - width: 2000
00:03:00.909 [FXGL Background Thread 3 ] DEBUG Engine               - Logging services
00:03:00.909 [FXGL Background Thread 3 ] DEBUG Engine               - class com.almasb.fxgl.app.services.FXGLAssetLoaderService
00:03:00.910 [FXGL Background Thread 3 ] DEBUG Engine               - class com.almasb.fxgl.app.FXGLApplication$GameApplicationService
00:03:00.910 [FXGL Background Thread 3 ] DEBUG Engine               - class com.almasb.fxgl.app.services.FXGLDialogService
00:03:00.910 [FXGL Background Thread 3 ] DEBUG Engine               - class com.almasb.fxgl.app.services.IOTaskExecutorService
00:03:00.910 [FXGL Background Thread 3 ] DEBUG Engine               - class com.almasb.fxgl.io.FileSystemService
00:03:00.910 [FXGL Background Thread 3 ] DEBUG Engine               - class com.almasb.fxgl.localization.LocalizationService
00:03:00.910 [FXGL Background Thread 3 ] DEBUG Engine               - class com.almasb.fxgl.app.services.SystemBundleService
00:03:00.910 [FXGL Background Thread 3 ] DEBUG Engine               - class com.almasb.fxgl.profile.SaveLoadService
00:03:00.910 [FXGL Background Thread 3 ] DEBUG Engine               - class com.almasb.fxgl.ui.FXGLUIFactoryServiceProvider
00:03:00.910 [FXGL Background Thread 3 ] DEBUG Engine               - class com.almasb.fxgl.ui.FXGLDialogFactoryServiceProvider
00:03:00.910 [FXGL Background Thread 3 ] DEBUG Engine               - class com.almasb.fxgl.audio.AudioPlayer
00:03:00.910 [FXGL Background Thread 3 ] DEBUG Engine               - class com.almasb.fxgl.notification.impl.NotificationServiceProvider
00:03:00.910 [FXGL Background Thread 3 ] DEBUG Engine               - class com.almasb.fxgl.achievement.AchievementService
00:03:00.910 [FXGL Background Thread 3 ] DEBUG Engine               - class com.almasb.fxgl.cutscene.CutsceneService
00:03:00.910 [FXGL Background Thread 3 ] DEBUG Engine               - class com.almasb.fxgl.minigames.MiniGameService
00:03:00.910 [FXGL Background Thread 3 ] DEBUG Engine               - class com.almasb.fxgl.net.NetService
00:03:00.910 [FXGL Background Thread 3 ] DEBUG Engine               - class com.almasb.fxgl.app.services.UpdaterService
00:03:00.910 [FXGL Background Thread 3 ] DEBUG Engine               - class com.almasb.fxgl.dev.DevService
00:03:03.116 [JavaFX Application Thread] DEBUG FXGLApplication      - Exiting FXGL
00:03:03.117 [JavaFX Application Thread] DEBUG LoopRunner           - Stopping loop
00:03:03.117 [JavaFX Application Thread] DEBUG SystemBundleService  - Saving FXGL system data
00:03:03.119 [JavaFX Application Thread] DEBUG FileSystemAccess     - Writing to: C:\Users\gerso\OneDrive\Documentos\Cuatrimestre 7\Concurrente\Java\Simulador_Restaurante\system\fxgl.bundle
00:03:03.120 [JavaFX Application Thread] DEBUG Async                - Shutting down background threads
00:03:03.120 [JavaFX Application Thread] DEBUG PrimaryStageWindow   - Closing main window
00:03:03.143 [JavaFX Application Thread] DEBUG Logger               - Closing Logger
