08:21:44.653 [main                     ] DEBUG Logger               - Configured Logger
08:21:44.730 [main                     ] DEBUG GameApplication      - Logging settings
Title: Simulador de Restaurante
Version: 1.0
Width: 2000
Height: 1000
Fullscreen: false
Intro: false
Profiling: false
Single step:false
App Mode: DEVELOPER
Menu Key: ESCAPE
Stage Style: DECORATED
Scene Factory: class com.almasb.fxgl.app.scene.SceneFactory

08:21:47.069 [JavaFX Application Thread] DEBUG FXGLApplication      - Initializing FXGL
08:21:47.086 [JavaFX Application Thread] INFO  Engine               - FXGL-17.2 (20.08.2022 16.50) on WINDOWS (J:17.0.5 FX:18)
08:21:47.087 [JavaFX Application Thread] DEBUG Engine               - JRE Vendor Name: Oracle Corporation
08:21:47.088 [JavaFX Application Thread] DEBUG Engine               - Running on OS: Windows 11 version 10.0
08:21:47.088 [JavaFX Application Thread] DEBUG Engine               - Architecture: amd64
08:21:47.090 [JavaFX Application Thread] INFO  Engine               - Source code and latest versions at: https://github.com/AlmasB/FXGL
08:21:47.090 [JavaFX Application Thread] INFO  Engine               -       Ask questions and discuss at: https://github.com/AlmasB/FXGL/discussions
08:21:47.090 [JavaFX Application Thread] INFO  Engine               -              Join the FXGL chat at: https://gitter.im/AlmasB/FXGL
08:21:47.424 [JavaFX Application Thread] DEBUG PrimaryStageWindow   - Creating a JavaFX scene
08:21:47.424 [JavaFX Application Thread] DEBUG PrimaryStageWindow   - Target size > screen size
08:21:47.555 [JavaFX Application Thread] DEBUG PrimaryStageWindow   - Target settings size: 2000.0 x 1000.0
08:21:47.557 [JavaFX Application Thread] DEBUG PrimaryStageWindow   - Scaled scene size:    1895.0 x 960.0
08:21:47.558 [JavaFX Application Thread] DEBUG PrimaryStageWindow   - Scaled ratio: (0.9475, 0.96)
08:21:47.561 [JavaFX Application Thread] DEBUG PrimaryStageWindow   - Set initial scene to FXGLStartupScene
08:21:47.584 [JavaFX Application Thread] DEBUG PrimaryStageWindow   - Opening main window
08:21:47.842 [JavaFX Application Thread] DEBUG PrimaryStageWindow   - Window border size: (16.0, 39.0)
08:21:47.843 [JavaFX Application Thread] DEBUG PrimaryStageWindow   - Scaled size: 1895.0 x 960.0
08:21:47.844 [JavaFX Application Thread] DEBUG PrimaryStageWindow   - Scaled ratio: (0.9475, 0.96)
08:21:47.845 [JavaFX Application Thread] DEBUG PrimaryStageWindow   - Scene size: 1895.0 x 960.0
08:21:47.845 [JavaFX Application Thread] DEBUG PrimaryStageWindow   - Stage size: 1911.0 x 999.0
08:21:47.868 [FXGL Background Thread 1 ] DEBUG Engine               - Initializing environment variables
08:21:47.957 [FXGL Background Thread 1 ] DEBUG FXGLAssetLoaderServi - User app class for loading assets: class org.example.Main
08:21:47.958 [FXGL Background Thread 1 ] DEBUG GameApplicationServi - Applying CSS: fxgl_dark.css
08:21:47.961 [FXGL Background Thread 1 ] DEBUG FXGLAssetLoaderServi - Loading from file system: jar:file:/C:/Users/deskr/.m2/repository/com/github/almasb/fxgl/17.2/fxgl-17.2.jar!/fxglassets/ui/css/fxgl_dark.css
08:21:48.065 [FXGL Background Thread 1 ] DEBUG GameApplicationServi - Initializing application scenes
08:21:48.159 [FXGL Background Thread 1 ] DEBUG GameWorld            - Game world initialized
08:21:48.304 [FXGL Background Thread 1 ] DEBUG PhysicsWorld         - Physics world initialized: appHeight=1000, physics.ppm=50.0
08:21:48.305 [FXGL Background Thread 1 ] DEBUG PhysicsWorld         - Using strategy: BRUTE_FORCE
08:21:48.316 [FXGL Background Thread 1 ] DEBUG GameScene            - Game scene initialized: 2000x1000
08:21:48.351 [FXGL Background Thread 1 ] DEBUG FXGL.DefaultMenu     - createMenuBodyGameMenu()
08:21:48.398 [FXGL Background Thread 1 ] DEBUG FXGL.DefaultMenu     - createOptionsMenu()
08:21:48.428 [FXGL Background Thread 1 ] DEBUG FXGLAssetLoaderServi - Loading from file system: jar:file:/C:/Users/deskr/.m2/repository/com/github/almasb/fxgl/17.2/fxgl-17.2.jar!/fxglassets/textures/particles/smoke.png
08:21:48.675 [FXGL Background Thread 1 ] DEBUG FXGLAssetLoaderServi - Loading from file system: jar:file:/C:/Users/deskr/.m2/repository/com/github/almasb/fxgl/17.2/fxgl-17.2.jar!/fxglassets/textures/particles/trace_horizontal.png
08:21:48.731 [FXGL Background Thread 1 ] DEBUG GameApplicationServi - Application scenes initialized
08:21:48.764 [FXGL Background Thread 1 ] DEBUG SystemBundleService  - Loading FXGL system data
08:21:48.779 [FXGL Background Thread 1 ] DEBUG FileSystemAccess     - Reading from: C:\Users\deskr\OneDrive\Documentos\7 cuatrimestre\Programacion Concurrente\fxl Simulador\system\fxgl.bundle
08:21:48.799 [FXGL Background Thread 1 ] DEBUG SystemBundleService  - Bundle FXGL: {}
08:21:48.800 [FXGL Background Thread 1 ] DEBUG UpdaterService       - Checking for updates
08:21:48.809 [FXGL Background Thread 4 ] DEBUG FXGLApplication      - Loading fonts
08:21:48.810 [FXGL Background Thread 4 ] DEBUG FXGLAssetLoaderServi - Loading from file system: jar:file:/C:/Users/deskr/.m2/repository/com/github/almasb/fxgl/17.2/fxgl-17.2.jar!/fxglassets/ui/fonts/VarelaRound-Regular.ttf
08:21:48.811 [FXGL Background Thread 1 ] DEBUG FXGLApplication      - Loading default localization
08:21:48.812 [FXGL Background Thread 1 ] DEBUG FXGLAssetLoaderServi - Loading from file system: jar:file:/C:/Users/deskr/.m2/repository/com/github/almasb/fxgl/17.2/fxgl-17.2.jar!/fxglassets/languages/english.lang
08:21:48.864 [FXGL Background Thread 1 ] INFO  FXGLApplication      - FXGL initialization took: 0.996 sec
08:21:48.867 [JavaFX Application Thread] DEBUG FXGLAssetLoaderServi - Loading from file system: jar:file:/C:/Users/deskr/.m2/repository/com/github/almasb/fxgl/17.2/fxgl-17.2.jar!/fxglassets/textures/fxgl_icon.png
08:21:48.926 [JavaFX Application Thread] DEBUG FXGLAssetLoaderServi - Loading from file system: jar:file:/C:/Users/deskr/.m2/repository/com/github/almasb/fxgl/17.2/fxgl-17.2.jar!/fxglassets/textures/fxgl_default_cursor.png
08:21:48.937 [FXGL Background Thread 4 ] DEBUG FXGLAssetLoaderServi - Loading from file system: jar:file:/C:/Users/deskr/.m2/repository/com/github/almasb/fxgl/17.2/fxgl-17.2.jar!/fxglassets/ui/fonts/Abel-Regular.ttf
08:21:48.945 [FXGL Background Thread 4 ] DEBUG FXGLAssetLoaderServi - Loading from file system: jar:file:/C:/Users/deskr/.m2/repository/com/github/almasb/fxgl/17.2/fxgl-17.2.jar!/fxglassets/ui/fonts/TerminalLandMono-Regular.otf
08:21:48.953 [JavaFX Application Thread] DEBUG Input                - Registered new binding: Screenshot - CTRL+8
08:21:48.953 [FXGL Background Thread 4 ] DEBUG FXGLAssetLoaderServi - Loading from file system: jar:file:/C:/Users/deskr/.m2/repository/com/github/almasb/fxgl/17.2/fxgl-17.2.jar!/fxglassets/ui/fonts/Courier-Prime.ttf
08:21:48.954 [JavaFX Application Thread] DEBUG Input                - Registered new binding: System info dump - CTRL+9
08:21:48.955 [JavaFX Application Thread] DEBUG Input                - Registered new binding: Restart - CTRL+R
08:21:48.957 [JavaFX Application Thread] DEBUG Input                - Registered new binding: Toggle Debug Camera - CTRL+7
08:21:48.961 [JavaFX Application Thread] DEBUG LoopRunner           - Starting loop
08:21:48.962 [JavaFX Application Thread] DEBUG LoopRunner           - Initializing JavaFX AnimationTimerLoop
08:21:48.966 [JavaFX Application Thread] DEBUG GameApplicationServi - Starting new game
08:21:48.967 [JavaFX Application Thread] DEBUG Input                - Clearing active input actions
08:21:48.986 [JavaFX Application Thread] DEBUG GameApplicationServi - Removing overlay from FXGLStartupScene and adding to FXGLLoadingScene
08:21:48.987 [JavaFX Application Thread] DEBUG PrimaryStageWindow   - FXGLStartupScene -> FXGLLoadingScene
08:21:48.988 [JavaFX Application Thread] DEBUG GameApplicationServi - Clearing previous game
08:21:48.988 [JavaFX Application Thread] DEBUG GameScene            - Clearing game scene
08:21:48.988 [JavaFX Application Thread] DEBUG GameWorld            - Clearing game world
08:21:48.988 [JavaFX Application Thread] DEBUG PhysicsWorld         - Clearing physics world
08:21:48.991 [JavaFX Application Thread] DEBUG FXGLApplication      - Registering font factories with UI factory
08:21:48.991 [FXGL Background Thread 4 ] DEBUG FXGLApplication      - Initializing game
08:21:48.996 [FXGL Background Thread 4 ] DEBUG FXGLAssetLoaderServi - Loading from file system: file:/C:/Users/deskr/OneDrive/Documentos/7%20cuatrimestre/Programacion%20Concurrente/fxl%20Simulador/target/classes/assets/textures/fondo.png
08:21:49.031 [FXGL Background Thread 4 ] DEBUG FXGLAssetLoaderServi - Loading from file system: file:/C:/Users/deskr/OneDrive/Documentos/7%20cuatrimestre/Programacion%20Concurrente/fxl%20Simulador/target/classes/assets/textures/recepcionista.png
08:21:49.073 [FXGL Background Thread 4 ] DEBUG FXGLAssetLoaderServi - Loading from file system: file:/C:/Users/deskr/OneDrive/Documentos/7%20cuatrimestre/Programacion%20Concurrente/fxl%20Simulador/target/classes/assets/textures/chef.png
08:21:49.093 [FXGL Background Thread 4 ] DEBUG FXGLAssetLoaderServi - Loading from file system: file:/C:/Users/deskr/OneDrive/Documentos/7%20cuatrimestre/Programacion%20Concurrente/fxl%20Simulador/target/classes/assets/textures/mesera.png
08:21:49.115 [FXGL Background Thread 4 ] DEBUG FXGLAssetLoaderServi - Loading from file system: file:/C:/Users/deskr/OneDrive/Documentos/7%20cuatrimestre/Programacion%20Concurrente/fxl%20Simulador/target/classes/assets/textures/mesa.png
08:21:49.165 [FXGL Background Thread 4 ] DEBUG FXGLAssetLoaderServi - Loading from file system: file:/C:/Users/deskr/OneDrive/Documentos/7%20cuatrimestre/Programacion%20Concurrente/fxl%20Simulador/target/classes/assets/textures/cliente.png
08:21:49.208 [FXGL Background Thread 4 ] INFO  FXGLApplication      - Game initialization took: 0.217 sec
08:21:49.251 [JavaFX Application Thread] DEBUG Input                - Clearing active input actions
08:21:49.268 [JavaFX Application Thread] DEBUG GameApplicationServi - Removing overlay from FXGLLoadingScene and adding to GameScene
08:21:49.268 [JavaFX Application Thread] DEBUG PrimaryStageWindow   - FXGLLoadingScene -> GameScene
08:21:49.854 [FXGL Background Thread 2 ] INFO  UpdaterService       - Your current version:  17.2
08:21:49.855 [FXGL Background Thread 2 ] INFO  UpdaterService       - Latest stable version: 21.1
08:21:51.808 [FXGL Background Thread 3 ] DEBUG Engine               - Logging environment variables
08:21:51.809 [FXGL Background Thread 3 ] DEBUG Engine               - achievements: []
08:21:51.810 [FXGL Background Thread 3 ] DEBUG Engine               - actualHeight: 960.0
08:21:51.810 [FXGL Background Thread 3 ] DEBUG Engine               - actualHeightProperty: ReadOnlyDoubleProperty [value: 960.0]
08:21:51.810 [FXGL Background Thread 3 ] DEBUG Engine               - actualWidth: 1895.0
08:21:51.810 [FXGL Background Thread 3 ] DEBUG Engine               - actualWidthProperty: ReadOnlyDoubleProperty [value: 1895.0]
08:21:51.811 [FXGL Background Thread 3 ] DEBUG Engine               - appIcon: fxgl_icon.png
08:21:51.811 [FXGL Background Thread 3 ] DEBUG Engine               - applicationMode: DEVELOPER
08:21:51.811 [FXGL Background Thread 3 ] DEBUG Engine               - cSSList: [fxgl_dark.css]
08:21:51.811 [FXGL Background Thread 3 ] DEBUG Engine               - collisionDetectionStrategy: BRUTE_FORCE
08:21:51.811 [FXGL Background Thread 3 ] DEBUG Engine               - configClass: Optional.empty
08:21:51.811 [FXGL Background Thread 3 ] DEBUG Engine               - credits: []
08:21:51.812 [FXGL Background Thread 3 ] DEBUG Engine               - defaultCursor: CursorInfo(imageName=fxgl_default_cursor.png, hotspotX=7.0, hotspotY=6.0)
08:21:51.812 [FXGL Background Thread 3 ] DEBUG Engine               - devBBoxColorProperty: ObjectProperty [value: 0xff0000ff]
08:21:51.812 [FXGL Background Thread 3 ] DEBUG Engine               - devEnableDebugCameraProperty: BooleanProperty [value: false]
08:21:51.813 [FXGL Background Thread 3 ] DEBUG Engine               - devSensorColorProperty: ObjectProperty [value: 0xffff00ff]
08:21:51.813 [FXGL Background Thread 3 ] DEBUG Engine               - devShowBBoxProperty: BooleanProperty [value: false]
08:21:51.813 [FXGL Background Thread 3 ] DEBUG Engine               - devShowPositionProperty: BooleanProperty [value: false]
08:21:51.813 [FXGL Background Thread 3 ] DEBUG Engine               - enabledMenuItems: []
08:21:51.813 [FXGL Background Thread 3 ] DEBUG Engine               - engineServices: [class com.almasb.fxgl.app.services.FXGLAssetLoaderService, class com.almasb.fxgl.app.FXGLApplication$GameApplicationService, class com.almasb.fxgl.app.services.FXGLDialogService, class com.almasb.fxgl.app.services.IOTaskExecutorService, class com.almasb.fxgl.io.FileSystemService, class com.almasb.fxgl.localization.LocalizationService, class com.almasb.fxgl.app.services.SystemBundleService, class com.almasb.fxgl.profile.SaveLoadService, class com.almasb.fxgl.ui.FXGLUIFactoryServiceProvider, class com.almasb.fxgl.ui.FXGLDialogFactoryServiceProvider, class com.almasb.fxgl.audio.AudioPlayer, class com.almasb.fxgl.notification.impl.NotificationServiceProvider, class com.almasb.fxgl.achievement.AchievementService, class com.almasb.fxgl.cutscene.CutsceneService, class com.almasb.fxgl.minigames.MiniGameService, class com.almasb.fxgl.net.NetService, class com.almasb.fxgl.app.services.UpdaterService, class com.almasb.fxgl.dev.DevService]
08:21:51.813 [FXGL Background Thread 3 ] DEBUG Engine               - fontGame: Abel-Regular.ttf
08:21:51.813 [FXGL Background Thread 3 ] DEBUG Engine               - fontMono: TerminalLandMono-Regular.otf
08:21:51.813 [FXGL Background Thread 3 ] DEBUG Engine               - fontText: Courier-Prime.ttf
08:21:51.813 [FXGL Background Thread 3 ] DEBUG Engine               - fontUI: VarelaRound-Regular.ttf
08:21:51.814 [FXGL Background Thread 3 ] DEBUG Engine               - fullScreen: BooleanProperty [value: false]
08:21:51.814 [FXGL Background Thread 3 ] DEBUG Engine               - gameDifficulty: MEDIUM
08:21:51.814 [FXGL Background Thread 3 ] DEBUG Engine               - gameDifficultyProperty: ObjectProperty [value: MEDIUM]
08:21:51.814 [FXGL Background Thread 3 ] DEBUG Engine               - globalMusicVolume: 0.5
08:21:51.814 [FXGL Background Thread 3 ] DEBUG Engine               - globalMusicVolumeProperty: DoubleProperty [value: 0.5]
08:21:51.814 [FXGL Background Thread 3 ] DEBUG Engine               - globalSoundVolume: 0.5
08:21:51.815 [FXGL Background Thread 3 ] DEBUG Engine               - globalSoundVolumeProperty: DoubleProperty [value: 0.5]
08:21:51.815 [FXGL Background Thread 3 ] DEBUG Engine               - height: 1000
08:21:51.815 [FXGL Background Thread 3 ] DEBUG Engine               - is3D: false
08:21:51.815 [FXGL Background Thread 3 ] DEBUG Engine               - isAndroid: false
08:21:51.815 [FXGL Background Thread 3 ] DEBUG Engine               - isBrowser: false
08:21:51.815 [FXGL Background Thread 3 ] DEBUG Engine               - isClickFeedbackEnabled: false
08:21:51.816 [FXGL Background Thread 3 ] DEBUG Engine               - isCloseConfirmation: false
08:21:51.816 [FXGL Background Thread 3 ] DEBUG Engine               - isDesktop: true
08:21:51.816 [FXGL Background Thread 3 ] DEBUG Engine               - isDeveloperMenuEnabled: false
08:21:51.816 [FXGL Background Thread 3 ] DEBUG Engine               - isEmbedded: false
08:21:51.816 [FXGL Background Thread 3 ] DEBUG Engine               - isEntityPreloadEnabled: true
08:21:51.817 [FXGL Background Thread 3 ] DEBUG Engine               - isExperimentalTiledLargeMap: false
08:21:51.817 [FXGL Background Thread 3 ] DEBUG Engine               - isFileSystemWriteAllowed: true
08:21:51.817 [FXGL Background Thread 3 ] DEBUG Engine               - isFullScreenAllowed: false
08:21:51.817 [FXGL Background Thread 3 ] DEBUG Engine               - isFullScreenFromStart: false
08:21:51.818 [FXGL Background Thread 3 ] DEBUG Engine               - isGameMenuEnabled: true
08:21:51.818 [FXGL Background Thread 3 ] DEBUG Engine               - isIOS: false
08:21:51.818 [FXGL Background Thread 3 ] DEBUG Engine               - isIntroEnabled: false
08:21:51.818 [FXGL Background Thread 3 ] DEBUG Engine               - isLinux: false
08:21:51.818 [FXGL Background Thread 3 ] DEBUG Engine               - isMac: false
08:21:51.818 [FXGL Background Thread 3 ] DEBUG Engine               - isMainMenuEnabled: false
08:21:51.818 [FXGL Background Thread 3 ] DEBUG Engine               - isManualResizeEnabled: false
08:21:51.818 [FXGL Background Thread 3 ] DEBUG Engine               - isMobile: false
08:21:51.819 [FXGL Background Thread 3 ] DEBUG Engine               - isNative: false
08:21:51.819 [FXGL Background Thread 3 ] DEBUG Engine               - isPauseMusicWhenMinimized: true
08:21:51.819 [FXGL Background Thread 3 ] DEBUG Engine               - isPreserveResizeRatio: false
08:21:51.819 [FXGL Background Thread 3 ] DEBUG Engine               - isProfilingEnabled: false
08:21:51.819 [FXGL Background Thread 3 ] DEBUG Engine               - isScaleAffectedOnResize: true
08:21:51.819 [FXGL Background Thread 3 ] DEBUG Engine               - isSingleStep: false
08:21:51.819 [FXGL Background Thread 3 ] DEBUG Engine               - isUserProfileEnabled: false
08:21:51.819 [FXGL Background Thread 3 ] DEBUG Engine               - isWindows: true
08:21:51.819 [FXGL Background Thread 3 ] DEBUG Engine               - language: ObjectProperty [value: ENGLISH]
08:21:51.819 [FXGL Background Thread 3 ] DEBUG Engine               - menuKey: ESCAPE
08:21:51.820 [FXGL Background Thread 3 ] DEBUG Engine               - mouseSensitivity: 0.2
08:21:51.820 [FXGL Background Thread 3 ] DEBUG Engine               - notificationViewClass: class com.almasb.fxgl.notification.view.XboxNotificationView
08:21:51.820 [FXGL Background Thread 3 ] DEBUG Engine               - pixelsPerMeter: 50.0
08:21:51.820 [FXGL Background Thread 3 ] DEBUG Engine               - platform: WINDOWS
08:21:51.820 [FXGL Background Thread 3 ] DEBUG Engine               - prefHeightProperty: ReadOnlyDoubleProperty [value: 1000.0]
08:21:51.820 [FXGL Background Thread 3 ] DEBUG Engine               - prefWidthProperty: ReadOnlyDoubleProperty [value: 2000.0]
08:21:51.820 [FXGL Background Thread 3 ] DEBUG Engine               - profileDir: profiles/
08:21:51.820 [FXGL Background Thread 3 ] DEBUG Engine               - profileName: StringProperty [value: DEFAULT]
08:21:51.820 [FXGL Background Thread 3 ] DEBUG Engine               - randomSeed: -1
08:21:51.821 [FXGL Background Thread 3 ] DEBUG Engine               - runtimeInfo: RuntimeInfo(platform=WINDOWS, version=17.2, build=20.08.2022 16.50)
08:21:51.821 [FXGL Background Thread 3 ] DEBUG Engine               - saveFileExt: sav
08:21:51.821 [FXGL Background Thread 3 ] DEBUG Engine               - scaledHeightProp$fxgl: DoubleProperty [bound, value: 960.0]
08:21:51.821 [FXGL Background Thread 3 ] DEBUG Engine               - scaledWidthProp$fxgl: DoubleProperty [bound, value: 1895.0]
08:21:51.821 [FXGL Background Thread 3 ] DEBUG Engine               - sceneFactory: com.almasb.fxgl.app.scene.SceneFactory@369f8b09
08:21:51.821 [FXGL Background Thread 3 ] DEBUG Engine               - secondsIn24h: 60
08:21:51.822 [FXGL Background Thread 3 ] DEBUG Engine               - soundMenuBack: menu/back.wav
08:21:51.822 [FXGL Background Thread 3 ] DEBUG Engine               - soundMenuPress: menu/press.wav
08:21:51.822 [FXGL Background Thread 3 ] DEBUG Engine               - soundMenuSelect: menu/select.wav
08:21:51.822 [FXGL Background Thread 3 ] DEBUG Engine               - soundNotification: core/notification.wav
08:21:51.822 [FXGL Background Thread 3 ] DEBUG Engine               - stageStyle: DECORATED
08:21:51.823 [FXGL Background Thread 3 ] DEBUG Engine               - supportedLanguages: [ENGLISH, FRENCH, GERMAN, HUNGARIAN, RUSSIAN]
08:21:51.823 [FXGL Background Thread 3 ] DEBUG Engine               - ticksPerSecond: -1
08:21:51.823 [FXGL Background Thread 3 ] DEBUG Engine               - title: Simulador de Restaurante
08:21:51.823 [FXGL Background Thread 3 ] DEBUG Engine               - urlGithub: https://github.com/AlmasB/FXGL
08:21:51.823 [FXGL Background Thread 3 ] DEBUG Engine               - urlLeaderboard: http://fxgl-top.herokuapp.com/
08:21:51.823 [FXGL Background Thread 3 ] DEBUG Engine               - urlPOM: https://raw.githubusercontent.com/AlmasB/FXGL/release/README.md
08:21:51.823 [FXGL Background Thread 3 ] DEBUG Engine               - userAppClass: class org.example.Main
08:21:51.823 [FXGL Background Thread 3 ] DEBUG Engine               - version: 1.0
08:21:51.823 [FXGL Background Thread 3 ] DEBUG Engine               - versionCheckDays: 7
08:21:51.823 [FXGL Background Thread 3 ] DEBUG Engine               - width: 2000
08:21:51.824 [FXGL Background Thread 3 ] DEBUG Engine               - Logging services
08:21:51.824 [FXGL Background Thread 3 ] DEBUG Engine               - class com.almasb.fxgl.app.services.FXGLAssetLoaderService
08:21:51.824 [FXGL Background Thread 3 ] DEBUG Engine               - class com.almasb.fxgl.app.FXGLApplication$GameApplicationService
08:21:51.825 [FXGL Background Thread 3 ] DEBUG Engine               - class com.almasb.fxgl.app.services.FXGLDialogService
08:21:51.825 [FXGL Background Thread 3 ] DEBUG Engine               - class com.almasb.fxgl.app.services.IOTaskExecutorService
08:21:51.825 [FXGL Background Thread 3 ] DEBUG Engine               - class com.almasb.fxgl.io.FileSystemService
08:21:51.825 [FXGL Background Thread 3 ] DEBUG Engine               - class com.almasb.fxgl.localization.LocalizationService
08:21:51.825 [FXGL Background Thread 3 ] DEBUG Engine               - class com.almasb.fxgl.app.services.SystemBundleService
08:21:51.825 [FXGL Background Thread 3 ] DEBUG Engine               - class com.almasb.fxgl.profile.SaveLoadService
08:21:51.825 [FXGL Background Thread 3 ] DEBUG Engine               - class com.almasb.fxgl.ui.FXGLUIFactoryServiceProvider
08:21:51.825 [FXGL Background Thread 3 ] DEBUG Engine               - class com.almasb.fxgl.ui.FXGLDialogFactoryServiceProvider
08:21:51.825 [FXGL Background Thread 3 ] DEBUG Engine               - class com.almasb.fxgl.audio.AudioPlayer
08:21:51.825 [FXGL Background Thread 3 ] DEBUG Engine               - class com.almasb.fxgl.notification.impl.NotificationServiceProvider
08:21:51.826 [FXGL Background Thread 3 ] DEBUG Engine               - class com.almasb.fxgl.achievement.AchievementService
08:21:51.826 [FXGL Background Thread 3 ] DEBUG Engine               - class com.almasb.fxgl.cutscene.CutsceneService
08:21:51.826 [FXGL Background Thread 3 ] DEBUG Engine               - class com.almasb.fxgl.minigames.MiniGameService
08:21:51.826 [FXGL Background Thread 3 ] DEBUG Engine               - class com.almasb.fxgl.net.NetService
08:21:51.826 [FXGL Background Thread 3 ] DEBUG Engine               - class com.almasb.fxgl.app.services.UpdaterService
08:21:51.826 [FXGL Background Thread 3 ] DEBUG Engine               - class com.almasb.fxgl.dev.DevService
08:23:38.468 [JavaFX Application Thread] DEBUG FXGLApplication      - Exiting FXGL
08:23:38.468 [JavaFX Application Thread] DEBUG LoopRunner           - Stopping loop
08:23:38.468 [JavaFX Application Thread] DEBUG SystemBundleService  - Saving FXGL system data
08:23:38.476 [JavaFX Application Thread] DEBUG FileSystemAccess     - Writing to: C:\Users\deskr\OneDrive\Documentos\7 cuatrimestre\Programacion Concurrente\fxl Simulador\system\fxgl.bundle
08:23:38.479 [JavaFX Application Thread] DEBUG Async                - Shutting down background threads
08:23:38.479 [JavaFX Application Thread] DEBUG PrimaryStageWindow   - Closing main window
08:23:38.515 [JavaFX Application Thread] DEBUG Logger               - Closing Logger
