23:42:54.641 [main                     ] DEBUG Logger               - Configured Logger
23:42:54.668 [main                     ] DEBUG GameApplication      - Logging settings
Title: Simulador de Restaurante
Version: 1.0
Width: 2000
Height: 1000
Fullscreen: false
Intro: false
Profiling: false
Single step:false
App Mode: DEVELOPER
Menu Key: ESCAPE
Stage Style: DECORATED
Scene Factory: class com.almasb.fxgl.app.scene.SceneFactory

23:42:55.522 [JavaFX Application Thread] DEBUG FXGLApplication      - Initializing FXGL
23:42:55.533 [JavaFX Application Thread] INFO  Engine               - FXGL-17.2 (20.08.2022 16.50) on WINDOWS (J:17.0.5 FX:18)
23:42:55.533 [JavaFX Application Thread] DEBUG Engine               - JRE Vendor Name: Oracle Corporation
23:42:55.533 [JavaFX Application Thread] DEBUG Engine               - Running on OS: Windows 11 version 10.0
23:42:55.533 [JavaFX Application Thread] DEBUG Engine               - Architecture: amd64
23:42:55.533 [JavaFX Application Thread] INFO  Engine               - Source code and latest versions at: https://github.com/AlmasB/FXGL
23:42:55.533 [JavaFX Application Thread] INFO  Engine               -       Ask questions and discuss at: https://github.com/AlmasB/FXGL/discussions
23:42:55.534 [JavaFX Application Thread] INFO  Engine               -              Join the FXGL chat at: https://gitter.im/AlmasB/FXGL
23:42:55.652 [JavaFX Application Thread] DEBUG PrimaryStageWindow   - Creating a JavaFX scene
23:42:55.652 [JavaFX Application Thread] DEBUG PrimaryStageWindow   - Target size > screen size
23:42:55.699 [JavaFX Application Thread] DEBUG PrimaryStageWindow   - Target settings size: 2000.0 x 1000.0
23:42:55.699 [JavaFX Application Thread] DEBUG PrimaryStageWindow   - Scaled scene size:    1895.0 x 960.0
23:42:55.699 [JavaFX Application Thread] DEBUG PrimaryStageWindow   - Scaled ratio: (0.9475, 0.96)
23:42:55.700 [JavaFX Application Thread] DEBUG PrimaryStageWindow   - Set initial scene to FXGLStartupScene
23:42:55.707 [JavaFX Application Thread] DEBUG PrimaryStageWindow   - Opening main window
23:42:55.814 [JavaFX Application Thread] DEBUG PrimaryStageWindow   - Window border size: (16.0, 39.0)
23:42:55.815 [JavaFX Application Thread] DEBUG PrimaryStageWindow   - Scaled size: 1895.0 x 960.0
23:42:55.815 [JavaFX Application Thread] DEBUG PrimaryStageWindow   - Scaled ratio: (0.9475, 0.96)
23:42:55.815 [JavaFX Application Thread] DEBUG PrimaryStageWindow   - Scene size: 1895.0 x 960.0
23:42:55.815 [JavaFX Application Thread] DEBUG PrimaryStageWindow   - Stage size: 1911.0 x 999.0
23:42:55.826 [FXGL Background Thread 1 ] DEBUG Engine               - Initializing environment variables
23:42:55.866 [FXGL Background Thread 1 ] DEBUG FXGLAssetLoaderServi - User app class for loading assets: class org.example.Main
23:42:55.867 [FXGL Background Thread 1 ] DEBUG GameApplicationServi - Applying CSS: fxgl_dark.css
23:42:55.868 [FXGL Background Thread 1 ] DEBUG FXGLAssetLoaderServi - Loading from file system: jar:file:/C:/Users/deskr/.m2/repository/com/github/almasb/fxgl/17.2/fxgl-17.2.jar!/fxglassets/ui/css/fxgl_dark.css
23:42:55.925 [FXGL Background Thread 1 ] DEBUG GameApplicationServi - Initializing application scenes
23:42:55.984 [FXGL Background Thread 1 ] DEBUG GameWorld            - Game world initialized
23:42:56.052 [FXGL Background Thread 1 ] DEBUG PhysicsWorld         - Physics world initialized: appHeight=1000, physics.ppm=50.0
23:42:56.053 [FXGL Background Thread 1 ] DEBUG PhysicsWorld         - Using strategy: BRUTE_FORCE
23:42:56.059 [FXGL Background Thread 1 ] DEBUG GameScene            - Game scene initialized: 2000x1000
23:42:56.074 [FXGL Background Thread 1 ] DEBUG FXGL.DefaultMenu     - createMenuBodyGameMenu()
23:42:56.093 [FXGL Background Thread 1 ] DEBUG FXGL.DefaultMenu     - createOptionsMenu()
23:42:56.105 [FXGL Background Thread 1 ] DEBUG FXGLAssetLoaderServi - Loading from file system: jar:file:/C:/Users/deskr/.m2/repository/com/github/almasb/fxgl/17.2/fxgl-17.2.jar!/fxglassets/textures/particles/smoke.png
23:42:56.204 [FXGL Background Thread 1 ] DEBUG FXGLAssetLoaderServi - Loading from file system: jar:file:/C:/Users/deskr/.m2/repository/com/github/almasb/fxgl/17.2/fxgl-17.2.jar!/fxglassets/textures/particles/trace_horizontal.png
23:42:56.231 [FXGL Background Thread 1 ] DEBUG GameApplicationServi - Application scenes initialized
23:42:56.242 [FXGL Background Thread 1 ] DEBUG SystemBundleService  - Loading FXGL system data
23:42:56.248 [FXGL Background Thread 1 ] DEBUG FileSystemAccess     - Reading from: C:\Users\deskr\OneDrive\Documentos\7 cuatrimestre\Programacion Concurrente\fxl Simulador\system\fxgl.bundle
23:42:56.255 [FXGL Background Thread 1 ] DEBUG SystemBundleService  - Bundle FXGL: {}
23:42:56.255 [FXGL Background Thread 1 ] DEBUG UpdaterService       - Checking for updates
23:42:56.259 [FXGL Background Thread 4 ] DEBUG FXGLApplication      - Loading fonts
23:42:56.259 [FXGL Background Thread 4 ] DEBUG FXGLAssetLoaderServi - Loading from file system: jar:file:/C:/Users/deskr/.m2/repository/com/github/almasb/fxgl/17.2/fxgl-17.2.jar!/fxglassets/ui/fonts/VarelaRound-Regular.ttf
23:42:56.259 [FXGL Background Thread 1 ] DEBUG FXGLApplication      - Loading default localization
23:42:56.260 [FXGL Background Thread 1 ] DEBUG FXGLAssetLoaderServi - Loading from file system: jar:file:/C:/Users/deskr/.m2/repository/com/github/almasb/fxgl/17.2/fxgl-17.2.jar!/fxglassets/languages/english.lang
23:42:56.283 [FXGL Background Thread 1 ] INFO  FXGLApplication      - FXGL initialization took: 0.458 sec
23:42:56.285 [JavaFX Application Thread] DEBUG FXGLAssetLoaderServi - Loading from file system: jar:file:/C:/Users/deskr/.m2/repository/com/github/almasb/fxgl/17.2/fxgl-17.2.jar!/fxglassets/textures/fxgl_icon.png
23:42:56.313 [JavaFX Application Thread] DEBUG FXGLAssetLoaderServi - Loading from file system: jar:file:/C:/Users/deskr/.m2/repository/com/github/almasb/fxgl/17.2/fxgl-17.2.jar!/fxglassets/textures/fxgl_default_cursor.png
23:42:56.329 [JavaFX Application Thread] DEBUG Input                - Registered new binding: Screenshot - CTRL+8
23:42:56.330 [JavaFX Application Thread] DEBUG Input                - Registered new binding: System info dump - CTRL+9
23:42:56.330 [JavaFX Application Thread] DEBUG Input                - Registered new binding: Restart - CTRL+R
23:42:56.331 [JavaFX Application Thread] DEBUG Input                - Registered new binding: Toggle Debug Camera - CTRL+7
23:42:56.333 [FXGL Background Thread 4 ] DEBUG FXGLAssetLoaderServi - Loading from file system: jar:file:/C:/Users/deskr/.m2/repository/com/github/almasb/fxgl/17.2/fxgl-17.2.jar!/fxglassets/ui/fonts/Abel-Regular.ttf
23:42:56.333 [JavaFX Application Thread] DEBUG LoopRunner           - Starting loop
23:42:56.334 [JavaFX Application Thread] DEBUG LoopRunner           - Initializing JavaFX AnimationTimerLoop
23:42:56.336 [JavaFX Application Thread] DEBUG GameApplicationServi - Starting new game
23:42:56.336 [JavaFX Application Thread] DEBUG Input                - Clearing active input actions
23:42:56.338 [FXGL Background Thread 4 ] DEBUG FXGLAssetLoaderServi - Loading from file system: jar:file:/C:/Users/deskr/.m2/repository/com/github/almasb/fxgl/17.2/fxgl-17.2.jar!/fxglassets/ui/fonts/TerminalLandMono-Regular.otf
23:42:56.343 [FXGL Background Thread 4 ] DEBUG FXGLAssetLoaderServi - Loading from file system: jar:file:/C:/Users/deskr/.m2/repository/com/github/almasb/fxgl/17.2/fxgl-17.2.jar!/fxglassets/ui/fonts/Courier-Prime.ttf
23:42:56.347 [JavaFX Application Thread] DEBUG GameApplicationServi - Removing overlay from FXGLStartupScene and adding to FXGLLoadingScene
23:42:56.348 [JavaFX Application Thread] DEBUG PrimaryStageWindow   - FXGLStartupScene -> FXGLLoadingScene
23:42:56.348 [JavaFX Application Thread] DEBUG GameApplicationServi - Clearing previous game
23:42:56.348 [JavaFX Application Thread] DEBUG GameScene            - Clearing game scene
23:42:56.348 [JavaFX Application Thread] DEBUG GameWorld            - Clearing game world
23:42:56.348 [JavaFX Application Thread] DEBUG PhysicsWorld         - Clearing physics world
23:42:56.349 [FXGL Background Thread 4 ] DEBUG FXGLApplication      - Initializing game
23:42:56.353 [FXGL Background Thread 4 ] DEBUG FXGLAssetLoaderServi - Loading from file system: file:/C:/Users/deskr/OneDrive/Documentos/7%20cuatrimestre/Programacion%20Concurrente/fxl%20Simulador/target/classes/assets/textures/fondo.png
23:42:56.375 [FXGL Background Thread 4 ] DEBUG FXGLAssetLoaderServi - Loading from file system: file:/C:/Users/deskr/OneDrive/Documentos/7%20cuatrimestre/Programacion%20Concurrente/fxl%20Simulador/target/classes/assets/textures/recepcionista.png
23:42:56.395 [JavaFX Application Thread] DEBUG FXGLApplication      - Registering font factories with UI factory
23:42:56.402 [FXGL Background Thread 4 ] DEBUG FXGLAssetLoaderServi - Loading from file system: file:/C:/Users/deskr/OneDrive/Documentos/7%20cuatrimestre/Programacion%20Concurrente/fxl%20Simulador/target/classes/assets/textures/chef.png
23:42:56.415 [FXGL Background Thread 4 ] DEBUG FXGLAssetLoaderServi - Loading from file system: file:/C:/Users/deskr/OneDrive/Documentos/7%20cuatrimestre/Programacion%20Concurrente/fxl%20Simulador/target/classes/assets/textures/mesa.png
23:42:56.446 [FXGL Background Thread 4 ] DEBUG FXGLAssetLoaderServi - Loading from file system: file:/C:/Users/deskr/OneDrive/Documentos/7%20cuatrimestre/Programacion%20Concurrente/fxl%20Simulador/target/classes/assets/textures/mesera.png
23:42:56.464 [FXGL Background Thread 4 ] DEBUG FXGLAssetLoaderServi - Loading from file system: file:/C:/Users/deskr/OneDrive/Documentos/7%20cuatrimestre/Programacion%20Concurrente/fxl%20Simulador/target/classes/assets/textures/cliente.png
23:42:56.499 [FXGL Background Thread 4 ] INFO  FXGLApplication      - Game initialization took: 0.148 sec
23:42:56.648 [JavaFX Application Thread] DEBUG Input                - Clearing active input actions
23:42:56.658 [JavaFX Application Thread] DEBUG GameApplicationServi - Removing overlay from FXGLLoadingScene and adding to GameScene
23:42:56.658 [JavaFX Application Thread] DEBUG PrimaryStageWindow   - FXGLLoadingScene -> GameScene
23:42:57.198 [FXGL Background Thread 2 ] INFO  UpdaterService       - Your current version:  17.2
23:42:57.198 [FXGL Background Thread 2 ] INFO  UpdaterService       - Latest stable version: 21.1
23:42:59.258 [FXGL Background Thread 3 ] DEBUG Engine               - Logging environment variables
23:42:59.260 [FXGL Background Thread 3 ] DEBUG Engine               - achievements: []
23:42:59.260 [FXGL Background Thread 3 ] DEBUG Engine               - actualHeight: 960.0
23:42:59.260 [FXGL Background Thread 3 ] DEBUG Engine               - actualHeightProperty: ReadOnlyDoubleProperty [value: 960.0]
23:42:59.260 [FXGL Background Thread 3 ] DEBUG Engine               - actualWidth: 1895.0
23:42:59.260 [FXGL Background Thread 3 ] DEBUG Engine               - actualWidthProperty: ReadOnlyDoubleProperty [value: 1895.0]
23:42:59.260 [FXGL Background Thread 3 ] DEBUG Engine               - appIcon: fxgl_icon.png
23:42:59.260 [FXGL Background Thread 3 ] DEBUG Engine               - applicationMode: DEVELOPER
23:42:59.260 [FXGL Background Thread 3 ] DEBUG Engine               - cSSList: [fxgl_dark.css]
23:42:59.260 [FXGL Background Thread 3 ] DEBUG Engine               - collisionDetectionStrategy: BRUTE_FORCE
23:42:59.260 [FXGL Background Thread 3 ] DEBUG Engine               - configClass: Optional.empty
23:42:59.261 [FXGL Background Thread 3 ] DEBUG Engine               - credits: []
23:42:59.261 [FXGL Background Thread 3 ] DEBUG Engine               - defaultCursor: CursorInfo(imageName=fxgl_default_cursor.png, hotspotX=7.0, hotspotY=6.0)
23:42:59.261 [FXGL Background Thread 3 ] DEBUG Engine               - devBBoxColorProperty: ObjectProperty [value: 0xff0000ff]
23:42:59.261 [FXGL Background Thread 3 ] DEBUG Engine               - devEnableDebugCameraProperty: BooleanProperty [value: false]
23:42:59.261 [FXGL Background Thread 3 ] DEBUG Engine               - devSensorColorProperty: ObjectProperty [value: 0xffff00ff]
23:42:59.261 [FXGL Background Thread 3 ] DEBUG Engine               - devShowBBoxProperty: BooleanProperty [value: false]
23:42:59.261 [FXGL Background Thread 3 ] DEBUG Engine               - devShowPositionProperty: BooleanProperty [value: false]
23:42:59.261 [FXGL Background Thread 3 ] DEBUG Engine               - enabledMenuItems: []
23:42:59.261 [FXGL Background Thread 3 ] DEBUG Engine               - engineServices: [class com.almasb.fxgl.app.services.FXGLAssetLoaderService, class com.almasb.fxgl.app.FXGLApplication$GameApplicationService, class com.almasb.fxgl.app.services.FXGLDialogService, class com.almasb.fxgl.app.services.IOTaskExecutorService, class com.almasb.fxgl.io.FileSystemService, class com.almasb.fxgl.localization.LocalizationService, class com.almasb.fxgl.app.services.SystemBundleService, class com.almasb.fxgl.profile.SaveLoadService, class com.almasb.fxgl.ui.FXGLUIFactoryServiceProvider, class com.almasb.fxgl.ui.FXGLDialogFactoryServiceProvider, class com.almasb.fxgl.audio.AudioPlayer, class com.almasb.fxgl.notification.impl.NotificationServiceProvider, class com.almasb.fxgl.achievement.AchievementService, class com.almasb.fxgl.cutscene.CutsceneService, class com.almasb.fxgl.minigames.MiniGameService, class com.almasb.fxgl.net.NetService, class com.almasb.fxgl.app.services.UpdaterService, class com.almasb.fxgl.dev.DevService]
23:42:59.262 [FXGL Background Thread 3 ] DEBUG Engine               - fontGame: Abel-Regular.ttf
23:42:59.262 [FXGL Background Thread 3 ] DEBUG Engine               - fontMono: TerminalLandMono-Regular.otf
23:42:59.262 [FXGL Background Thread 3 ] DEBUG Engine               - fontText: Courier-Prime.ttf
23:42:59.262 [FXGL Background Thread 3 ] DEBUG Engine               - fontUI: VarelaRound-Regular.ttf
23:42:59.262 [FXGL Background Thread 3 ] DEBUG Engine               - fullScreen: BooleanProperty [value: false]
23:42:59.262 [FXGL Background Thread 3 ] DEBUG Engine               - gameDifficulty: MEDIUM
23:42:59.262 [FXGL Background Thread 3 ] DEBUG Engine               - gameDifficultyProperty: ObjectProperty [value: MEDIUM]
23:42:59.262 [FXGL Background Thread 3 ] DEBUG Engine               - globalMusicVolume: 0.5
23:42:59.262 [FXGL Background Thread 3 ] DEBUG Engine               - globalMusicVolumeProperty: DoubleProperty [value: 0.5]
23:42:59.262 [FXGL Background Thread 3 ] DEBUG Engine               - globalSoundVolume: 0.5
23:42:59.262 [FXGL Background Thread 3 ] DEBUG Engine               - globalSoundVolumeProperty: DoubleProperty [value: 0.5]
23:42:59.262 [FXGL Background Thread 3 ] DEBUG Engine               - height: 1000
23:42:59.262 [FXGL Background Thread 3 ] DEBUG Engine               - is3D: false
23:42:59.262 [FXGL Background Thread 3 ] DEBUG Engine               - isAndroid: false
23:42:59.263 [FXGL Background Thread 3 ] DEBUG Engine               - isBrowser: false
23:42:59.263 [FXGL Background Thread 3 ] DEBUG Engine               - isClickFeedbackEnabled: false
23:42:59.263 [FXGL Background Thread 3 ] DEBUG Engine               - isCloseConfirmation: false
23:42:59.263 [FXGL Background Thread 3 ] DEBUG Engine               - isDesktop: true
23:42:59.263 [FXGL Background Thread 3 ] DEBUG Engine               - isDeveloperMenuEnabled: false
23:42:59.263 [FXGL Background Thread 3 ] DEBUG Engine               - isEmbedded: false
23:42:59.263 [FXGL Background Thread 3 ] DEBUG Engine               - isEntityPreloadEnabled: true
23:42:59.263 [FXGL Background Thread 3 ] DEBUG Engine               - isExperimentalTiledLargeMap: false
23:42:59.263 [FXGL Background Thread 3 ] DEBUG Engine               - isFileSystemWriteAllowed: true
23:42:59.263 [FXGL Background Thread 3 ] DEBUG Engine               - isFullScreenAllowed: false
23:42:59.263 [FXGL Background Thread 3 ] DEBUG Engine               - isFullScreenFromStart: false
23:42:59.263 [FXGL Background Thread 3 ] DEBUG Engine               - isGameMenuEnabled: true
23:42:59.263 [FXGL Background Thread 3 ] DEBUG Engine               - isIOS: false
23:42:59.263 [FXGL Background Thread 3 ] DEBUG Engine               - isIntroEnabled: false
23:42:59.263 [FXGL Background Thread 3 ] DEBUG Engine               - isLinux: false
23:42:59.263 [FXGL Background Thread 3 ] DEBUG Engine               - isMac: false
23:42:59.263 [FXGL Background Thread 3 ] DEBUG Engine               - isMainMenuEnabled: false
23:42:59.263 [FXGL Background Thread 3 ] DEBUG Engine               - isManualResizeEnabled: false
23:42:59.264 [FXGL Background Thread 3 ] DEBUG Engine               - isMobile: false
23:42:59.264 [FXGL Background Thread 3 ] DEBUG Engine               - isNative: false
23:42:59.264 [FXGL Background Thread 3 ] DEBUG Engine               - isPauseMusicWhenMinimized: true
23:42:59.264 [FXGL Background Thread 3 ] DEBUG Engine               - isPreserveResizeRatio: false
23:42:59.264 [FXGL Background Thread 3 ] DEBUG Engine               - isProfilingEnabled: false
23:42:59.264 [FXGL Background Thread 3 ] DEBUG Engine               - isScaleAffectedOnResize: true
23:42:59.264 [FXGL Background Thread 3 ] DEBUG Engine               - isSingleStep: false
23:42:59.264 [FXGL Background Thread 3 ] DEBUG Engine               - isUserProfileEnabled: false
23:42:59.264 [FXGL Background Thread 3 ] DEBUG Engine               - isWindows: true
23:42:59.264 [FXGL Background Thread 3 ] DEBUG Engine               - language: ObjectProperty [value: ENGLISH]
23:42:59.264 [FXGL Background Thread 3 ] DEBUG Engine               - menuKey: ESCAPE
23:42:59.264 [FXGL Background Thread 3 ] DEBUG Engine               - mouseSensitivity: 0.2
23:42:59.264 [FXGL Background Thread 3 ] DEBUG Engine               - notificationViewClass: class com.almasb.fxgl.notification.view.XboxNotificationView
23:42:59.264 [FXGL Background Thread 3 ] DEBUG Engine               - pixelsPerMeter: 50.0
23:42:59.264 [FXGL Background Thread 3 ] DEBUG Engine               - platform: WINDOWS
23:42:59.264 [FXGL Background Thread 3 ] DEBUG Engine               - prefHeightProperty: ReadOnlyDoubleProperty [value: 1000.0]
23:42:59.264 [FXGL Background Thread 3 ] DEBUG Engine               - prefWidthProperty: ReadOnlyDoubleProperty [value: 2000.0]
23:42:59.264 [FXGL Background Thread 3 ] DEBUG Engine               - profileDir: profiles/
23:42:59.264 [FXGL Background Thread 3 ] DEBUG Engine               - profileName: StringProperty [value: DEFAULT]
23:42:59.264 [FXGL Background Thread 3 ] DEBUG Engine               - randomSeed: -1
23:42:59.265 [FXGL Background Thread 3 ] DEBUG Engine               - runtimeInfo: RuntimeInfo(platform=WINDOWS, version=17.2, build=20.08.2022 16.50)
23:42:59.265 [FXGL Background Thread 3 ] DEBUG Engine               - saveFileExt: sav
23:42:59.265 [FXGL Background Thread 3 ] DEBUG Engine               - scaledHeightProp$fxgl: DoubleProperty [bound, value: 960.0]
23:42:59.265 [FXGL Background Thread 3 ] DEBUG Engine               - scaledWidthProp$fxgl: DoubleProperty [bound, value: 1895.0]
23:42:59.265 [FXGL Background Thread 3 ] DEBUG Engine               - sceneFactory: com.almasb.fxgl.app.scene.SceneFactory@46d04e6e
23:42:59.265 [FXGL Background Thread 3 ] DEBUG Engine               - secondsIn24h: 60
23:42:59.265 [FXGL Background Thread 3 ] DEBUG Engine               - soundMenuBack: menu/back.wav
23:42:59.265 [FXGL Background Thread 3 ] DEBUG Engine               - soundMenuPress: menu/press.wav
23:42:59.265 [FXGL Background Thread 3 ] DEBUG Engine               - soundMenuSelect: menu/select.wav
23:42:59.265 [FXGL Background Thread 3 ] DEBUG Engine               - soundNotification: core/notification.wav
23:42:59.265 [FXGL Background Thread 3 ] DEBUG Engine               - stageStyle: DECORATED
23:42:59.265 [FXGL Background Thread 3 ] DEBUG Engine               - supportedLanguages: [ENGLISH, FRENCH, GERMAN, HUNGARIAN, RUSSIAN]
23:42:59.265 [FXGL Background Thread 3 ] DEBUG Engine               - ticksPerSecond: -1
23:42:59.266 [FXGL Background Thread 3 ] DEBUG Engine               - title: Simulador de Restaurante
23:42:59.266 [FXGL Background Thread 3 ] DEBUG Engine               - urlGithub: https://github.com/AlmasB/FXGL
23:42:59.266 [FXGL Background Thread 3 ] DEBUG Engine               - urlLeaderboard: http://fxgl-top.herokuapp.com/
23:42:59.266 [FXGL Background Thread 3 ] DEBUG Engine               - urlPOM: https://raw.githubusercontent.com/AlmasB/FXGL/release/README.md
23:42:59.266 [FXGL Background Thread 3 ] DEBUG Engine               - userAppClass: class org.example.Main
23:42:59.266 [FXGL Background Thread 3 ] DEBUG Engine               - version: 1.0
23:42:59.266 [FXGL Background Thread 3 ] DEBUG Engine               - versionCheckDays: 7
23:42:59.266 [FXGL Background Thread 3 ] DEBUG Engine               - width: 2000
23:42:59.266 [FXGL Background Thread 3 ] DEBUG Engine               - Logging services
23:42:59.266 [FXGL Background Thread 3 ] DEBUG Engine               - class com.almasb.fxgl.app.services.FXGLAssetLoaderService
23:42:59.266 [FXGL Background Thread 3 ] DEBUG Engine               - class com.almasb.fxgl.app.FXGLApplication$GameApplicationService
23:42:59.266 [FXGL Background Thread 3 ] DEBUG Engine               - class com.almasb.fxgl.app.services.FXGLDialogService
23:42:59.266 [FXGL Background Thread 3 ] DEBUG Engine               - class com.almasb.fxgl.app.services.IOTaskExecutorService
23:42:59.266 [FXGL Background Thread 3 ] DEBUG Engine               - class com.almasb.fxgl.io.FileSystemService
23:42:59.266 [FXGL Background Thread 3 ] DEBUG Engine               - class com.almasb.fxgl.localization.LocalizationService
23:42:59.266 [FXGL Background Thread 3 ] DEBUG Engine               - class com.almasb.fxgl.app.services.SystemBundleService
23:42:59.266 [FXGL Background Thread 3 ] DEBUG Engine               - class com.almasb.fxgl.profile.SaveLoadService
23:42:59.266 [FXGL Background Thread 3 ] DEBUG Engine               - class com.almasb.fxgl.ui.FXGLUIFactoryServiceProvider
23:42:59.266 [FXGL Background Thread 3 ] DEBUG Engine               - class com.almasb.fxgl.ui.FXGLDialogFactoryServiceProvider
23:42:59.266 [FXGL Background Thread 3 ] DEBUG Engine               - class com.almasb.fxgl.audio.AudioPlayer
23:42:59.266 [FXGL Background Thread 3 ] DEBUG Engine               - class com.almasb.fxgl.notification.impl.NotificationServiceProvider
23:42:59.267 [FXGL Background Thread 3 ] DEBUG Engine               - class com.almasb.fxgl.achievement.AchievementService
23:42:59.267 [FXGL Background Thread 3 ] DEBUG Engine               - class com.almasb.fxgl.cutscene.CutsceneService
23:42:59.267 [FXGL Background Thread 3 ] DEBUG Engine               - class com.almasb.fxgl.minigames.MiniGameService
23:42:59.267 [FXGL Background Thread 3 ] DEBUG Engine               - class com.almasb.fxgl.net.NetService
23:42:59.267 [FXGL Background Thread 3 ] DEBUG Engine               - class com.almasb.fxgl.app.services.UpdaterService
23:42:59.267 [FXGL Background Thread 3 ] DEBUG Engine               - class com.almasb.fxgl.dev.DevService
23:43:02.723 [pool-3-thread-1          ] INFO  LoggerDepuracionFXGL - Comensal llegó a la mesa
23:43:07.432 [pool-4-thread-1          ] INFO  LoggerDepuracionFXGL - Comensal llegó a la mesa
23:43:11.525 [pool-6-thread-1          ] INFO  LoggerDepuracionFXGL - Comensal llegó a la mesa
23:43:12.453 [pool-5-thread-1          ] INFO  LoggerDepuracionFXGL - Comensal llegó a la mesa
23:43:16.544 [pool-7-thread-1          ] INFO  LoggerDepuracionFXGL - Comensal llegó a la mesa
23:43:21.731 [pool-9-thread-1          ] INFO  LoggerDepuracionFXGL - Comensal llegó a la mesa
23:43:22.159 [pool-8-thread-1          ] INFO  LoggerDepuracionFXGL - Comensal llegó a la mesa
23:43:26.049 [pool-10-thread-1         ] INFO  LoggerDepuracionFXGL - Comensal llegó a la mesa
16:12:46.734 [JavaFX Application Thread] DEBUG FXGLApplication      - Exiting FXGL
16:12:46.765 [JavaFX Application Thread] DEBUG LoopRunner           - Stopping loop
16:12:46.770 [JavaFX Application Thread] DEBUG SystemBundleService  - Saving FXGL system data
16:12:46.914 [JavaFX Application Thread] DEBUG FileSystemAccess     - Writing to: C:\Users\deskr\OneDrive\Documentos\7 cuatrimestre\Programacion Concurrente\fxl Simulador\system\fxgl.bundle
16:12:46.953 [JavaFX Application Thread] DEBUG Async                - Shutting down background threads
16:12:46.957 [JavaFX Application Thread] DEBUG PrimaryStageWindow   - Closing main window
16:12:47.044 [JavaFX Application Thread] DEBUG Logger               - Closing Logger
