03:48:44.437 [main                     ] DEBUG Logger               - Configured Logger
03:48:44.463 [main                     ] DEBUG GameApplication      - Logging settings
Title: Simulador de Restaurante
Version: 1.0
Width: 2000
Height: 1000
Fullscreen: false
Intro: false
Profiling: false
Single step:false
App Mode: DEVELOPER
Menu Key: ESCAPE
Stage Style: DECORATED
Scene Factory: class com.almasb.fxgl.app.scene.SceneFactory

03:48:45.170 [JavaFX Application Thread] DEBUG FXGLApplication      - Initializing FXGL
03:48:45.178 [JavaFX Application Thread] INFO  Engine               - FXGL-17.2 (20.08.2022 16.50) on WINDOWS (J:17.0.12 FX:18)
03:48:45.178 [JavaFX Application Thread] DEBUG Engine               - JRE Vendor Name: Oracle Corporation
03:48:45.180 [JavaFX Application Thread] DEBUG Engine               - Running on OS: Windows 11 version 10.0
03:48:45.180 [JavaFX Application Thread] DEBUG Engine               - Architecture: amd64
03:48:45.180 [JavaFX Application Thread] INFO  Engine               - Source code and latest versions at: https://github.com/AlmasB/FXGL
03:48:45.180 [JavaFX Application Thread] INFO  Engine               -       Ask questions and discuss at: https://github.com/AlmasB/FXGL/discussions
03:48:45.180 [JavaFX Application Thread] INFO  Engine               -              Join the FXGL chat at: https://gitter.im/AlmasB/FXGL
03:48:45.311 [JavaFX Application Thread] DEBUG PrimaryStageWindow   - Creating a JavaFX scene
03:48:45.311 [JavaFX Application Thread] DEBUG PrimaryStageWindow   - Target size > screen size
03:48:45.373 [JavaFX Application Thread] DEBUG PrimaryStageWindow   - Target settings size: 2000.0 x 1000.0
03:48:45.374 [JavaFX Application Thread] DEBUG PrimaryStageWindow   - Scaled scene size:    1511.0 x 768.0
03:48:45.374 [JavaFX Application Thread] DEBUG PrimaryStageWindow   - Scaled ratio: (0.7555, 0.768)
03:48:45.375 [JavaFX Application Thread] DEBUG PrimaryStageWindow   - Set initial scene to FXGLStartupScene
03:48:45.384 [JavaFX Application Thread] DEBUG PrimaryStageWindow   - Opening main window
03:48:45.512 [JavaFX Application Thread] DEBUG PrimaryStageWindow   - Window border size: (14.5999755859375, 37.5999755859375)
03:48:45.513 [JavaFX Application Thread] DEBUG PrimaryStageWindow   - Scaled size: 1511.0 x 768.0
03:48:45.513 [JavaFX Application Thread] DEBUG PrimaryStageWindow   - Scaled ratio: (0.7555, 0.768)
03:48:45.514 [JavaFX Application Thread] DEBUG PrimaryStageWindow   - Scene size: 1511.0 x 768.0
03:48:45.514 [JavaFX Application Thread] DEBUG PrimaryStageWindow   - Stage size: 1525.5999755859375 x 805.5999755859375
03:48:45.533 [FXGL Background Thread 1 ] DEBUG Engine               - Initializing environment variables
03:48:45.602 [FXGL Background Thread 1 ] DEBUG FXGLAssetLoaderServi - User app class for loading assets: class org.example.Main
03:48:45.603 [FXGL Background Thread 1 ] DEBUG GameApplicationServi - Applying CSS: fxgl_dark.css
03:48:45.605 [FXGL Background Thread 1 ] DEBUG FXGLAssetLoaderServi - Loading from file system: jar:file:/C:/Users/gerso/.m2/repository/com/github/almasb/fxgl/17.2/fxgl-17.2.jar!/fxglassets/ui/css/fxgl_dark.css
03:48:45.681 [FXGL Background Thread 1 ] DEBUG GameApplicationServi - Initializing application scenes
03:48:45.768 [FXGL Background Thread 1 ] DEBUG GameWorld            - Game world initialized
03:48:45.862 [FXGL Background Thread 1 ] DEBUG PhysicsWorld         - Physics world initialized: appHeight=1000, physics.ppm=50.0
03:48:45.862 [FXGL Background Thread 1 ] DEBUG PhysicsWorld         - Using strategy: BRUTE_FORCE
03:48:45.870 [FXGL Background Thread 1 ] DEBUG GameScene            - Game scene initialized: 2000x1000
03:48:45.891 [FXGL Background Thread 1 ] DEBUG FXGL.DefaultMenu     - createMenuBodyGameMenu()
03:48:45.910 [FXGL Background Thread 1 ] DEBUG FXGL.DefaultMenu     - createOptionsMenu()
03:48:45.922 [FXGL Background Thread 1 ] DEBUG FXGLAssetLoaderServi - Loading from file system: jar:file:/C:/Users/gerso/.m2/repository/com/github/almasb/fxgl/17.2/fxgl-17.2.jar!/fxglassets/textures/particles/smoke.png
03:48:46.031 [FXGL Background Thread 1 ] DEBUG FXGLAssetLoaderServi - Loading from file system: jar:file:/C:/Users/gerso/.m2/repository/com/github/almasb/fxgl/17.2/fxgl-17.2.jar!/fxglassets/textures/particles/trace_horizontal.png
03:48:46.054 [FXGL Background Thread 1 ] DEBUG GameApplicationServi - Application scenes initialized
03:48:46.077 [FXGL Background Thread 1 ] DEBUG SystemBundleService  - Loading FXGL system data
03:48:46.084 [FXGL Background Thread 1 ] DEBUG FileSystemAccess     - Reading from: C:\Users\gerso\OneDrive\Documentos\Cuatrimestre 7\Concurrente\Java\Simulador_Restaurante\system\fxgl.bundle
03:48:46.092 [FXGL Background Thread 1 ] DEBUG SystemBundleService  - Bundle FXGL: {}
03:48:46.092 [FXGL Background Thread 1 ] DEBUG UpdaterService       - Checking for updates
03:48:46.098 [FXGL Background Thread 4 ] DEBUG FXGLApplication      - Loading fonts
03:48:46.099 [FXGL Background Thread 4 ] DEBUG FXGLAssetLoaderServi - Loading from file system: jar:file:/C:/Users/gerso/.m2/repository/com/github/almasb/fxgl/17.2/fxgl-17.2.jar!/fxglassets/ui/fonts/VarelaRound-Regular.ttf
03:48:46.099 [FXGL Background Thread 1 ] DEBUG FXGLApplication      - Loading default localization
03:48:46.100 [FXGL Background Thread 1 ] DEBUG FXGLAssetLoaderServi - Loading from file system: jar:file:/C:/Users/gerso/.m2/repository/com/github/almasb/fxgl/17.2/fxgl-17.2.jar!/fxglassets/languages/english.lang
03:48:46.125 [FXGL Background Thread 1 ] INFO  FXGLApplication      - FXGL initialization took: 0.592 sec
03:48:46.127 [JavaFX Application Thread] DEBUG FXGLAssetLoaderServi - Loading from file system: jar:file:/C:/Users/gerso/.m2/repository/com/github/almasb/fxgl/17.2/fxgl-17.2.jar!/fxglassets/textures/fxgl_icon.png
03:48:46.146 [JavaFX Application Thread] DEBUG FXGLAssetLoaderServi - Loading from file system: jar:file:/C:/Users/gerso/.m2/repository/com/github/almasb/fxgl/17.2/fxgl-17.2.jar!/fxglassets/textures/fxgl_default_cursor.png
03:48:46.162 [JavaFX Application Thread] DEBUG Input                - Registered new binding: Screenshot - CTRL+8
03:48:46.164 [JavaFX Application Thread] DEBUG Input                - Registered new binding: System info dump - CTRL+9
03:48:46.165 [JavaFX Application Thread] DEBUG Input                - Registered new binding: Restart - CTRL+R
03:48:46.166 [JavaFX Application Thread] DEBUG Input                - Registered new binding: Toggle Debug Camera - CTRL+7
03:48:46.171 [JavaFX Application Thread] DEBUG LoopRunner           - Starting loop
03:48:46.171 [JavaFX Application Thread] DEBUG LoopRunner           - Initializing JavaFX AnimationTimerLoop
03:48:46.174 [JavaFX Application Thread] DEBUG GameApplicationServi - Starting new game
03:48:46.174 [JavaFX Application Thread] DEBUG Input                - Clearing active input actions
03:48:46.189 [JavaFX Application Thread] DEBUG GameApplicationServi - Removing overlay from FXGLStartupScene and adding to FXGLLoadingScene
03:48:46.191 [JavaFX Application Thread] DEBUG PrimaryStageWindow   - FXGLStartupScene -> FXGLLoadingScene
03:48:46.191 [JavaFX Application Thread] DEBUG GameApplicationServi - Clearing previous game
03:48:46.191 [JavaFX Application Thread] DEBUG GameScene            - Clearing game scene
03:48:46.191 [JavaFX Application Thread] DEBUG GameWorld            - Clearing game world
03:48:46.192 [JavaFX Application Thread] DEBUG PhysicsWorld         - Clearing physics world
03:48:46.194 [FXGL Background Thread 4 ] DEBUG FXGLAssetLoaderServi - Loading from file system: jar:file:/C:/Users/gerso/.m2/repository/com/github/almasb/fxgl/17.2/fxgl-17.2.jar!/fxglassets/ui/fonts/Abel-Regular.ttf
03:48:46.195 [FXGL Background Thread 1 ] DEBUG FXGLApplication      - Initializing game
03:48:46.200 [FXGL Background Thread 1 ] DEBUG FXGLAssetLoaderServi - Loading from file system: file:/C:/Users/gerso/OneDrive/Documentos/Cuatrimestre%207/Concurrente/Java/Simulador_Restaurante/target/classes/assets/textures/fondo.png
03:48:46.202 [FXGL Background Thread 4 ] DEBUG FXGLAssetLoaderServi - Loading from file system: jar:file:/C:/Users/gerso/.m2/repository/com/github/almasb/fxgl/17.2/fxgl-17.2.jar!/fxglassets/ui/fonts/TerminalLandMono-Regular.otf
03:48:46.211 [FXGL Background Thread 4 ] DEBUG FXGLAssetLoaderServi - Loading from file system: jar:file:/C:/Users/gerso/.m2/repository/com/github/almasb/fxgl/17.2/fxgl-17.2.jar!/fxglassets/ui/fonts/Courier-Prime.ttf
03:48:46.221 [FXGL Background Thread 1 ] DEBUG FXGLAssetLoaderServi - Loading from file system: file:/C:/Users/gerso/OneDrive/Documentos/Cuatrimestre%207/Concurrente/Java/Simulador_Restaurante/target/classes/assets/textures/recepcionista.png
03:48:46.246 [FXGL Background Thread 1 ] DEBUG FXGLAssetLoaderServi - Loading from file system: file:/C:/Users/gerso/OneDrive/Documentos/Cuatrimestre%207/Concurrente/Java/Simulador_Restaurante/target/classes/assets/textures/chef.png
03:48:46.257 [FXGL Background Thread 1 ] DEBUG FXGLAssetLoaderServi - Loading from file system: file:/C:/Users/gerso/OneDrive/Documentos/Cuatrimestre%207/Concurrente/Java/Simulador_Restaurante/target/classes/assets/textures/mesera.png
03:48:46.264 [JavaFX Application Thread] DEBUG FXGLApplication      - Registering font factories with UI factory
03:48:46.271 [FXGL Background Thread 1 ] DEBUG FXGLAssetLoaderServi - Loading from file system: file:/C:/Users/gerso/OneDrive/Documentos/Cuatrimestre%207/Concurrente/Java/Simulador_Restaurante/target/classes/assets/textures/mesa.png
03:48:46.324 [FXGL Background Thread 1 ] DEBUG FXGLAssetLoaderServi - Loading from file system: file:/C:/Users/gerso/OneDrive/Documentos/Cuatrimestre%207/Concurrente/Java/Simulador_Restaurante/target/classes/assets/textures/cliente.png
03:48:46.367 [FXGL Background Thread 1 ] INFO  FXGLApplication      - Game initialization took: 0.173 sec
03:48:46.370 [JavaFX Application Thread] DEBUG Input                - Clearing active input actions
03:48:46.386 [JavaFX Application Thread] DEBUG GameApplicationServi - Removing overlay from FXGLLoadingScene and adding to GameScene
03:48:46.386 [JavaFX Application Thread] DEBUG PrimaryStageWindow   - FXGLLoadingScene -> GameScene
03:48:46.701 [FXGL Background Thread 2 ] INFO  UpdaterService       - Your current version:  17.2
03:48:46.702 [FXGL Background Thread 2 ] INFO  UpdaterService       - Latest stable version: 21.1
03:48:49.097 [FXGL Background Thread 3 ] DEBUG Engine               - Logging environment variables
03:48:49.098 [FXGL Background Thread 3 ] DEBUG Engine               - achievements: []
03:48:49.098 [FXGL Background Thread 3 ] DEBUG Engine               - actualHeight: 768.0
03:48:49.098 [FXGL Background Thread 3 ] DEBUG Engine               - actualHeightProperty: ReadOnlyDoubleProperty [value: 768.0]
03:48:49.098 [FXGL Background Thread 3 ] DEBUG Engine               - actualWidth: 1511.0
03:48:49.098 [FXGL Background Thread 3 ] DEBUG Engine               - actualWidthProperty: ReadOnlyDoubleProperty [value: 1511.0]
03:48:49.098 [FXGL Background Thread 3 ] DEBUG Engine               - appIcon: fxgl_icon.png
03:48:49.098 [FXGL Background Thread 3 ] DEBUG Engine               - applicationMode: DEVELOPER
03:48:49.098 [FXGL Background Thread 3 ] DEBUG Engine               - cSSList: [fxgl_dark.css]
03:48:49.098 [FXGL Background Thread 3 ] DEBUG Engine               - collisionDetectionStrategy: BRUTE_FORCE
03:48:49.098 [FXGL Background Thread 3 ] DEBUG Engine               - configClass: Optional.empty
03:48:49.098 [FXGL Background Thread 3 ] DEBUG Engine               - credits: []
03:48:49.099 [FXGL Background Thread 3 ] DEBUG Engine               - defaultCursor: CursorInfo(imageName=fxgl_default_cursor.png, hotspotX=7.0, hotspotY=6.0)
03:48:49.099 [FXGL Background Thread 3 ] DEBUG Engine               - devBBoxColorProperty: ObjectProperty [value: 0xff0000ff]
03:48:49.099 [FXGL Background Thread 3 ] DEBUG Engine               - devEnableDebugCameraProperty: BooleanProperty [value: false]
03:48:49.100 [FXGL Background Thread 3 ] DEBUG Engine               - devSensorColorProperty: ObjectProperty [value: 0xffff00ff]
03:48:49.100 [FXGL Background Thread 3 ] DEBUG Engine               - devShowBBoxProperty: BooleanProperty [value: false]
03:48:49.100 [FXGL Background Thread 3 ] DEBUG Engine               - devShowPositionProperty: BooleanProperty [value: false]
03:48:49.100 [FXGL Background Thread 3 ] DEBUG Engine               - enabledMenuItems: []
03:48:49.100 [FXGL Background Thread 3 ] DEBUG Engine               - engineServices: [class com.almasb.fxgl.app.services.FXGLAssetLoaderService, class com.almasb.fxgl.app.FXGLApplication$GameApplicationService, class com.almasb.fxgl.app.services.FXGLDialogService, class com.almasb.fxgl.app.services.IOTaskExecutorService, class com.almasb.fxgl.io.FileSystemService, class com.almasb.fxgl.localization.LocalizationService, class com.almasb.fxgl.app.services.SystemBundleService, class com.almasb.fxgl.profile.SaveLoadService, class com.almasb.fxgl.ui.FXGLUIFactoryServiceProvider, class com.almasb.fxgl.ui.FXGLDialogFactoryServiceProvider, class com.almasb.fxgl.audio.AudioPlayer, class com.almasb.fxgl.notification.impl.NotificationServiceProvider, class com.almasb.fxgl.achievement.AchievementService, class com.almasb.fxgl.cutscene.CutsceneService, class com.almasb.fxgl.minigames.MiniGameService, class com.almasb.fxgl.net.NetService, class com.almasb.fxgl.app.services.UpdaterService, class com.almasb.fxgl.dev.DevService]
03:48:49.100 [FXGL Background Thread 3 ] DEBUG Engine               - fontGame: Abel-Regular.ttf
03:48:49.100 [FXGL Background Thread 3 ] DEBUG Engine               - fontMono: TerminalLandMono-Regular.otf
03:48:49.100 [FXGL Background Thread 3 ] DEBUG Engine               - fontText: Courier-Prime.ttf
03:48:49.100 [FXGL Background Thread 3 ] DEBUG Engine               - fontUI: VarelaRound-Regular.ttf
03:48:49.100 [FXGL Background Thread 3 ] DEBUG Engine               - fullScreen: BooleanProperty [value: false]
03:48:49.100 [FXGL Background Thread 3 ] DEBUG Engine               - gameDifficulty: MEDIUM
03:48:49.100 [FXGL Background Thread 3 ] DEBUG Engine               - gameDifficultyProperty: ObjectProperty [value: MEDIUM]
03:48:49.100 [FXGL Background Thread 3 ] DEBUG Engine               - globalMusicVolume: 0.5
03:48:49.100 [FXGL Background Thread 3 ] DEBUG Engine               - globalMusicVolumeProperty: DoubleProperty [value: 0.5]
03:48:49.101 [FXGL Background Thread 3 ] DEBUG Engine               - globalSoundVolume: 0.5
03:48:49.101 [FXGL Background Thread 3 ] DEBUG Engine               - globalSoundVolumeProperty: DoubleProperty [value: 0.5]
03:48:49.101 [FXGL Background Thread 3 ] DEBUG Engine               - height: 1000
03:48:49.101 [FXGL Background Thread 3 ] DEBUG Engine               - is3D: false
03:48:49.101 [FXGL Background Thread 3 ] DEBUG Engine               - isAndroid: false
03:48:49.101 [FXGL Background Thread 3 ] DEBUG Engine               - isBrowser: false
03:48:49.101 [FXGL Background Thread 3 ] DEBUG Engine               - isClickFeedbackEnabled: false
03:48:49.101 [FXGL Background Thread 3 ] DEBUG Engine               - isCloseConfirmation: false
03:48:49.101 [FXGL Background Thread 3 ] DEBUG Engine               - isDesktop: true
03:48:49.101 [FXGL Background Thread 3 ] DEBUG Engine               - isDeveloperMenuEnabled: false
03:48:49.101 [FXGL Background Thread 3 ] DEBUG Engine               - isEmbedded: false
03:48:49.101 [FXGL Background Thread 3 ] DEBUG Engine               - isEntityPreloadEnabled: true
03:48:49.101 [FXGL Background Thread 3 ] DEBUG Engine               - isExperimentalTiledLargeMap: false
03:48:49.101 [FXGL Background Thread 3 ] DEBUG Engine               - isFileSystemWriteAllowed: true
03:48:49.101 [FXGL Background Thread 3 ] DEBUG Engine               - isFullScreenAllowed: false
03:48:49.101 [FXGL Background Thread 3 ] DEBUG Engine               - isFullScreenFromStart: false
03:48:49.101 [FXGL Background Thread 3 ] DEBUG Engine               - isGameMenuEnabled: true
03:48:49.101 [FXGL Background Thread 3 ] DEBUG Engine               - isIOS: false
03:48:49.101 [FXGL Background Thread 3 ] DEBUG Engine               - isIntroEnabled: false
03:48:49.101 [FXGL Background Thread 3 ] DEBUG Engine               - isLinux: false
03:48:49.102 [FXGL Background Thread 3 ] DEBUG Engine               - isMac: false
03:48:49.102 [FXGL Background Thread 3 ] DEBUG Engine               - isMainMenuEnabled: false
03:48:49.102 [FXGL Background Thread 3 ] DEBUG Engine               - isManualResizeEnabled: false
03:48:49.102 [FXGL Background Thread 3 ] DEBUG Engine               - isMobile: false
03:48:49.102 [FXGL Background Thread 3 ] DEBUG Engine               - isNative: false
03:48:49.102 [FXGL Background Thread 3 ] DEBUG Engine               - isPauseMusicWhenMinimized: true
03:48:49.102 [FXGL Background Thread 3 ] DEBUG Engine               - isPreserveResizeRatio: false
03:48:49.102 [FXGL Background Thread 3 ] DEBUG Engine               - isProfilingEnabled: false
03:48:49.102 [FXGL Background Thread 3 ] DEBUG Engine               - isScaleAffectedOnResize: true
03:48:49.102 [FXGL Background Thread 3 ] DEBUG Engine               - isSingleStep: false
03:48:49.102 [FXGL Background Thread 3 ] DEBUG Engine               - isUserProfileEnabled: false
03:48:49.102 [FXGL Background Thread 3 ] DEBUG Engine               - isWindows: true
03:48:49.102 [FXGL Background Thread 3 ] DEBUG Engine               - language: ObjectProperty [value: ENGLISH]
03:48:49.102 [FXGL Background Thread 3 ] DEBUG Engine               - menuKey: ESCAPE
03:48:49.102 [FXGL Background Thread 3 ] DEBUG Engine               - mouseSensitivity: 0.2
03:48:49.102 [FXGL Background Thread 3 ] DEBUG Engine               - notificationViewClass: class com.almasb.fxgl.notification.view.XboxNotificationView
03:48:49.102 [FXGL Background Thread 3 ] DEBUG Engine               - pixelsPerMeter: 50.0
03:48:49.102 [FXGL Background Thread 3 ] DEBUG Engine               - platform: WINDOWS
03:48:49.102 [FXGL Background Thread 3 ] DEBUG Engine               - prefHeightProperty: ReadOnlyDoubleProperty [value: 1000.0]
03:48:49.102 [FXGL Background Thread 3 ] DEBUG Engine               - prefWidthProperty: ReadOnlyDoubleProperty [value: 2000.0]
03:48:49.103 [FXGL Background Thread 3 ] DEBUG Engine               - profileDir: profiles/
03:48:49.103 [FXGL Background Thread 3 ] DEBUG Engine               - profileName: StringProperty [value: DEFAULT]
03:48:49.103 [FXGL Background Thread 3 ] DEBUG Engine               - randomSeed: -1
03:48:49.103 [FXGL Background Thread 3 ] DEBUG Engine               - runtimeInfo: RuntimeInfo(platform=WINDOWS, version=17.2, build=20.08.2022 16.50)
03:48:49.103 [FXGL Background Thread 3 ] DEBUG Engine               - saveFileExt: sav
03:48:49.103 [FXGL Background Thread 3 ] DEBUG Engine               - scaledHeightProp$fxgl: DoubleProperty [bound, value: 768.0]
03:48:49.103 [FXGL Background Thread 3 ] DEBUG Engine               - scaledWidthProp$fxgl: DoubleProperty [bound, value: 1511.0]
03:48:49.103 [FXGL Background Thread 3 ] DEBUG Engine               - sceneFactory: com.almasb.fxgl.app.scene.SceneFactory@cd166e4
03:48:49.103 [FXGL Background Thread 3 ] DEBUG Engine               - secondsIn24h: 60
03:48:49.103 [FXGL Background Thread 3 ] DEBUG Engine               - soundMenuBack: menu/back.wav
03:48:49.103 [FXGL Background Thread 3 ] DEBUG Engine               - soundMenuPress: menu/press.wav
03:48:49.103 [FXGL Background Thread 3 ] DEBUG Engine               - soundMenuSelect: menu/select.wav
03:48:49.103 [FXGL Background Thread 3 ] DEBUG Engine               - soundNotification: core/notification.wav
03:48:49.103 [FXGL Background Thread 3 ] DEBUG Engine               - stageStyle: DECORATED
03:48:49.103 [FXGL Background Thread 3 ] DEBUG Engine               - supportedLanguages: [ENGLISH, FRENCH, GERMAN, HUNGARIAN, RUSSIAN]
03:48:49.103 [FXGL Background Thread 3 ] DEBUG Engine               - ticksPerSecond: -1
03:48:49.103 [FXGL Background Thread 3 ] DEBUG Engine               - title: Simulador de Restaurante
03:48:49.103 [FXGL Background Thread 3 ] DEBUG Engine               - urlGithub: https://github.com/AlmasB/FXGL
03:48:49.103 [FXGL Background Thread 3 ] DEBUG Engine               - urlLeaderboard: http://fxgl-top.herokuapp.com/
03:48:49.103 [FXGL Background Thread 3 ] DEBUG Engine               - urlPOM: https://raw.githubusercontent.com/AlmasB/FXGL/release/README.md
03:48:49.104 [FXGL Background Thread 3 ] DEBUG Engine               - userAppClass: class org.example.Main
03:48:49.104 [FXGL Background Thread 3 ] DEBUG Engine               - version: 1.0
03:48:49.105 [FXGL Background Thread 3 ] DEBUG Engine               - versionCheckDays: 7
03:48:49.105 [FXGL Background Thread 3 ] DEBUG Engine               - width: 2000
03:48:49.105 [FXGL Background Thread 3 ] DEBUG Engine               - Logging services
03:48:49.105 [FXGL Background Thread 3 ] DEBUG Engine               - class com.almasb.fxgl.app.services.FXGLAssetLoaderService
03:48:49.105 [FXGL Background Thread 3 ] DEBUG Engine               - class com.almasb.fxgl.app.FXGLApplication$GameApplicationService
03:48:49.105 [FXGL Background Thread 3 ] DEBUG Engine               - class com.almasb.fxgl.app.services.FXGLDialogService
03:48:49.105 [FXGL Background Thread 3 ] DEBUG Engine               - class com.almasb.fxgl.app.services.IOTaskExecutorService
03:48:49.105 [FXGL Background Thread 3 ] DEBUG Engine               - class com.almasb.fxgl.io.FileSystemService
03:48:49.105 [FXGL Background Thread 3 ] DEBUG Engine               - class com.almasb.fxgl.localization.LocalizationService
03:48:49.105 [FXGL Background Thread 3 ] DEBUG Engine               - class com.almasb.fxgl.app.services.SystemBundleService
03:48:49.105 [FXGL Background Thread 3 ] DEBUG Engine               - class com.almasb.fxgl.profile.SaveLoadService
03:48:49.105 [FXGL Background Thread 3 ] DEBUG Engine               - class com.almasb.fxgl.ui.FXGLUIFactoryServiceProvider
03:48:49.105 [FXGL Background Thread 3 ] DEBUG Engine               - class com.almasb.fxgl.ui.FXGLDialogFactoryServiceProvider
03:48:49.105 [FXGL Background Thread 3 ] DEBUG Engine               - class com.almasb.fxgl.audio.AudioPlayer
03:48:49.105 [FXGL Background Thread 3 ] DEBUG Engine               - class com.almasb.fxgl.notification.impl.NotificationServiceProvider
03:48:49.105 [FXGL Background Thread 3 ] DEBUG Engine               - class com.almasb.fxgl.achievement.AchievementService
03:48:49.105 [FXGL Background Thread 3 ] DEBUG Engine               - class com.almasb.fxgl.cutscene.CutsceneService
03:48:49.105 [FXGL Background Thread 3 ] DEBUG Engine               - class com.almasb.fxgl.minigames.MiniGameService
03:48:49.105 [FXGL Background Thread 3 ] DEBUG Engine               - class com.almasb.fxgl.net.NetService
03:48:49.105 [FXGL Background Thread 3 ] DEBUG Engine               - class com.almasb.fxgl.app.services.UpdaterService
03:48:49.105 [FXGL Background Thread 3 ] DEBUG Engine               - class com.almasb.fxgl.dev.DevService
03:50:15.141 [JavaFX Application Thread] DEBUG FXGLApplication      - Exiting FXGL
03:50:15.141 [JavaFX Application Thread] DEBUG LoopRunner           - Stopping loop
03:50:15.141 [JavaFX Application Thread] DEBUG SystemBundleService  - Saving FXGL system data
03:50:15.142 [JavaFX Application Thread] DEBUG FileSystemAccess     - Writing to: C:\Users\gerso\OneDrive\Documentos\Cuatrimestre 7\Concurrente\Java\Simulador_Restaurante\system\fxgl.bundle
03:50:15.145 [JavaFX Application Thread] DEBUG Async                - Shutting down background threads
03:50:15.146 [JavaFX Application Thread] DEBUG PrimaryStageWindow   - Closing main window
03:50:15.188 [JavaFX Application Thread] DEBUG Logger               - Closing Logger
