19:38:54.074 [main                     ] DEBUG Logger               - Configured Logger
19:38:54.130 [main                     ] DEBUG GameApplication      - Logging settings
Title: Simulador de Restaurante
Version: 1.0
Width: 2000
Height: 1000
Fullscreen: false
Intro: false
Profiling: false
Single step:false
App Mode: DEVELOPER
Menu Key: ESCAPE
Stage Style: DECORATED
Scene Factory: class com.almasb.fxgl.app.scene.SceneFactory

19:38:55.885 [JavaFX Application Thread] DEBUG FXGLApplication      - Initializing FXGL
19:38:55.899 [JavaFX Application Thread] INFO  Engine               - FXGL-17.2 (20.08.2022 16.50) on WINDOWS (J:17.0.5 FX:18)
19:38:55.900 [JavaFX Application Thread] DEBUG Engine               - JRE Vendor Name: Oracle Corporation
19:38:55.900 [JavaFX Application Thread] DEBUG Engine               - Running on OS: Windows 11 version 10.0
19:38:55.901 [JavaFX Application Thread] DEBUG Engine               - Architecture: amd64
19:38:55.901 [JavaFX Application Thread] INFO  Engine               - Source code and latest versions at: https://github.com/AlmasB/FXGL
19:38:55.901 [JavaFX Application Thread] INFO  Engine               -       Ask questions and discuss at: https://github.com/AlmasB/FXGL/discussions
19:38:55.901 [JavaFX Application Thread] INFO  Engine               -              Join the FXGL chat at: https://gitter.im/AlmasB/FXGL
19:38:56.194 [JavaFX Application Thread] DEBUG PrimaryStageWindow   - Creating a JavaFX scene
19:38:56.194 [JavaFX Application Thread] DEBUG PrimaryStageWindow   - Target size > screen size
19:38:56.305 [JavaFX Application Thread] DEBUG PrimaryStageWindow   - Target settings size: 2000.0 x 1000.0
19:38:56.305 [JavaFX Application Thread] DEBUG PrimaryStageWindow   - Scaled scene size:    1895.0 x 960.0
19:38:56.306 [JavaFX Application Thread] DEBUG PrimaryStageWindow   - Scaled ratio: (0.9475, 0.96)
19:38:56.309 [JavaFX Application Thread] DEBUG PrimaryStageWindow   - Set initial scene to FXGLStartupScene
19:38:56.326 [JavaFX Application Thread] DEBUG PrimaryStageWindow   - Opening main window
19:38:56.570 [JavaFX Application Thread] DEBUG PrimaryStageWindow   - Window border size: (16.0, 39.0)
19:38:56.570 [JavaFX Application Thread] DEBUG PrimaryStageWindow   - Scaled size: 1895.0 x 960.0
19:38:56.571 [JavaFX Application Thread] DEBUG PrimaryStageWindow   - Scaled ratio: (0.9475, 0.96)
19:38:56.571 [JavaFX Application Thread] DEBUG PrimaryStageWindow   - Scene size: 1895.0 x 960.0
19:38:56.572 [JavaFX Application Thread] DEBUG PrimaryStageWindow   - Stage size: 1911.0 x 999.0
19:38:56.588 [FXGL Background Thread 1 ] DEBUG Engine               - Initializing environment variables
19:38:56.669 [FXGL Background Thread 1 ] DEBUG FXGLAssetLoaderServi - User app class for loading assets: class org.example.Main
19:38:56.669 [FXGL Background Thread 1 ] DEBUG GameApplicationServi - Applying CSS: fxgl_dark.css
19:38:56.673 [FXGL Background Thread 1 ] DEBUG FXGLAssetLoaderServi - Loading from file system: jar:file:/C:/Users/deskr/.m2/repository/com/github/almasb/fxgl/17.2/fxgl-17.2.jar!/fxglassets/ui/css/fxgl_dark.css
19:38:56.777 [FXGL Background Thread 1 ] DEBUG GameApplicationServi - Initializing application scenes
19:38:56.879 [FXGL Background Thread 1 ] DEBUG GameWorld            - Game world initialized
19:38:57.032 [FXGL Background Thread 1 ] DEBUG PhysicsWorld         - Physics world initialized: appHeight=1000, physics.ppm=50.0
19:38:57.034 [FXGL Background Thread 1 ] DEBUG PhysicsWorld         - Using strategy: BRUTE_FORCE
19:38:57.043 [FXGL Background Thread 1 ] DEBUG GameScene            - Game scene initialized: 2000x1000
19:38:57.081 [FXGL Background Thread 1 ] DEBUG FXGL.DefaultMenu     - createMenuBodyGameMenu()
19:38:57.128 [FXGL Background Thread 1 ] DEBUG FXGL.DefaultMenu     - createOptionsMenu()
19:38:57.160 [FXGL Background Thread 1 ] DEBUG FXGLAssetLoaderServi - Loading from file system: jar:file:/C:/Users/deskr/.m2/repository/com/github/almasb/fxgl/17.2/fxgl-17.2.jar!/fxglassets/textures/particles/smoke.png
19:38:57.398 [FXGL Background Thread 1 ] DEBUG FXGLAssetLoaderServi - Loading from file system: jar:file:/C:/Users/deskr/.m2/repository/com/github/almasb/fxgl/17.2/fxgl-17.2.jar!/fxglassets/textures/particles/trace_horizontal.png
19:38:57.461 [FXGL Background Thread 1 ] DEBUG GameApplicationServi - Application scenes initialized
19:38:57.494 [FXGL Background Thread 1 ] DEBUG SystemBundleService  - Loading FXGL system data
19:38:57.508 [FXGL Background Thread 1 ] DEBUG FileSystemAccess     - Reading from: C:\Users\deskr\OneDrive\Documentos\7 cuatrimestre\Programacion Concurrente\fxl Simulador\system\fxgl.bundle
19:38:57.526 [FXGL Background Thread 1 ] DEBUG SystemBundleService  - Bundle FXGL: {}
19:38:57.527 [FXGL Background Thread 1 ] DEBUG UpdaterService       - Checking for updates
19:38:57.538 [FXGL Background Thread 1 ] DEBUG FXGLApplication      - Loading default localization
19:38:57.538 [FXGL Background Thread 1 ] DEBUG FXGLAssetLoaderServi - Loading from file system: jar:file:/C:/Users/deskr/.m2/repository/com/github/almasb/fxgl/17.2/fxgl-17.2.jar!/fxglassets/languages/english.lang
19:38:57.543 [FXGL Background Thread 4 ] DEBUG FXGLApplication      - Loading fonts
19:38:57.545 [FXGL Background Thread 4 ] DEBUG FXGLAssetLoaderServi - Loading from file system: jar:file:/C:/Users/deskr/.m2/repository/com/github/almasb/fxgl/17.2/fxgl-17.2.jar!/fxglassets/ui/fonts/VarelaRound-Regular.ttf
19:38:57.582 [FXGL Background Thread 1 ] INFO  FXGLApplication      - FXGL initialization took: 0.993 sec
19:38:57.585 [JavaFX Application Thread] DEBUG FXGLAssetLoaderServi - Loading from file system: jar:file:/C:/Users/deskr/.m2/repository/com/github/almasb/fxgl/17.2/fxgl-17.2.jar!/fxglassets/textures/fxgl_icon.png
19:38:57.639 [JavaFX Application Thread] DEBUG FXGLAssetLoaderServi - Loading from file system: jar:file:/C:/Users/deskr/.m2/repository/com/github/almasb/fxgl/17.2/fxgl-17.2.jar!/fxglassets/textures/fxgl_default_cursor.png
19:38:57.668 [JavaFX Application Thread] DEBUG Input                - Registered new binding: Screenshot - CTRL+8
19:38:57.670 [JavaFX Application Thread] DEBUG Input                - Registered new binding: System info dump - CTRL+9
19:38:57.672 [JavaFX Application Thread] DEBUG Input                - Registered new binding: Restart - CTRL+R
19:38:57.674 [JavaFX Application Thread] DEBUG Input                - Registered new binding: Toggle Debug Camera - CTRL+7
19:38:57.680 [JavaFX Application Thread] DEBUG LoopRunner           - Starting loop
19:38:57.680 [JavaFX Application Thread] DEBUG LoopRunner           - Initializing JavaFX AnimationTimerLoop
19:38:57.684 [JavaFX Application Thread] DEBUG GameApplicationServi - Starting new game
19:38:57.686 [JavaFX Application Thread] DEBUG Input                - Clearing active input actions
19:38:57.706 [JavaFX Application Thread] DEBUG GameApplicationServi - Removing overlay from FXGLStartupScene and adding to FXGLLoadingScene
19:38:57.708 [JavaFX Application Thread] DEBUG PrimaryStageWindow   - FXGLStartupScene -> FXGLLoadingScene
19:38:57.708 [JavaFX Application Thread] DEBUG GameApplicationServi - Clearing previous game
19:38:57.709 [JavaFX Application Thread] DEBUG GameScene            - Clearing game scene
19:38:57.709 [JavaFX Application Thread] DEBUG GameWorld            - Clearing game world
19:38:57.709 [JavaFX Application Thread] DEBUG PhysicsWorld         - Clearing physics world
19:38:57.712 [FXGL Background Thread 1 ] DEBUG FXGLApplication      - Initializing game
19:38:57.716 [FXGL Background Thread 1 ] DEBUG FXGLAssetLoaderServi - Loading from file system: file:/C:/Users/deskr/OneDrive/Documentos/7%20cuatrimestre/Programacion%20Concurrente/fxl%20Simulador/target/classes/assets/textures/fondo.png
19:38:57.725 [FXGL Background Thread 1 ] DEBUG FXGLAssetLoaderServi - Loading from file system: file:/C:/Users/deskr/OneDrive/Documentos/7%20cuatrimestre/Programacion%20Concurrente/fxl%20Simulador/target/classes/assets/music/soundtrack.mp3
19:38:57.776 [FXGL Background Thread 4 ] DEBUG FXGLAssetLoaderServi - Loading from file system: jar:file:/C:/Users/deskr/.m2/repository/com/github/almasb/fxgl/17.2/fxgl-17.2.jar!/fxglassets/ui/fonts/Abel-Regular.ttf
19:38:57.785 [FXGL Background Thread 4 ] DEBUG FXGLAssetLoaderServi - Loading from file system: jar:file:/C:/Users/deskr/.m2/repository/com/github/almasb/fxgl/17.2/fxgl-17.2.jar!/fxglassets/ui/fonts/TerminalLandMono-Regular.otf
19:38:57.795 [FXGL Background Thread 4 ] DEBUG FXGLAssetLoaderServi - Loading from file system: jar:file:/C:/Users/deskr/.m2/repository/com/github/almasb/fxgl/17.2/fxgl-17.2.jar!/fxglassets/ui/fonts/Courier-Prime.ttf
19:38:57.974 [JavaFX Application Thread] DEBUG FXGLApplication      - Registering font factories with UI factory
19:38:58.733 [FXGL Background Thread 2 ] INFO  UpdaterService       - Your current version:  17.2
19:38:58.734 [FXGL Background Thread 2 ] INFO  UpdaterService       - Latest stable version: 21.1
19:38:59.718 [FXGL Background Thread 1 ] DEBUG AudioPlayer          - Playing music com.almasb.fxgl.audio.Music@71297f51
19:38:59.727 [FXGL Background Thread 1 ] DEBUG FXGLAssetLoaderServi - Loading from file system: file:/C:/Users/deskr/OneDrive/Documentos/7%20cuatrimestre/Programacion%20Concurrente/fxl%20Simulador/target/classes/assets/textures/recepcionista.png
19:38:59.751 [FXGL Background Thread 1 ] WARN  GameWorld            - Entity is already attached to world
19:38:59.756 [FXGL Background Thread 1 ] DEBUG FXGLAssetLoaderServi - Loading from file system: file:/C:/Users/deskr/OneDrive/Documentos/7%20cuatrimestre/Programacion%20Concurrente/fxl%20Simulador/target/classes/assets/textures/mesera.png
19:38:59.789 [FXGL Background Thread 1 ] DEBUG FXGLAssetLoaderServi - Loading from file system: file:/C:/Users/deskr/OneDrive/Documentos/7%20cuatrimestre/Programacion%20Concurrente/fxl%20Simulador/target/classes/assets/textures/cliente.png
19:38:59.807 [FXGL Background Thread 1 ] INFO  FXGLApplication      - Game initialization took: 2.095 sec
19:38:59.807 [JavaFX Application Thread] DEBUG Input                - Clearing active input actions
19:38:59.822 [JavaFX Application Thread] DEBUG GameApplicationServi - Removing overlay from FXGLLoadingScene and adding to GameScene
19:38:59.823 [JavaFX Application Thread] DEBUG PrimaryStageWindow   - FXGLLoadingScene -> GameScene
19:39:00.534 [FXGL Background Thread 3 ] DEBUG Engine               - Logging environment variables
19:39:00.537 [FXGL Background Thread 3 ] DEBUG Engine               - achievements: []
19:39:00.537 [FXGL Background Thread 3 ] DEBUG Engine               - actualHeight: 960.0
19:39:00.537 [FXGL Background Thread 3 ] DEBUG Engine               - actualHeightProperty: ReadOnlyDoubleProperty [value: 960.0]
19:39:00.538 [FXGL Background Thread 3 ] DEBUG Engine               - actualWidth: 1895.0
19:39:00.538 [FXGL Background Thread 3 ] DEBUG Engine               - actualWidthProperty: ReadOnlyDoubleProperty [value: 1895.0]
19:39:00.538 [FXGL Background Thread 3 ] DEBUG Engine               - appIcon: fxgl_icon.png
19:39:00.539 [FXGL Background Thread 3 ] DEBUG Engine               - applicationMode: DEVELOPER
19:39:00.539 [FXGL Background Thread 3 ] DEBUG Engine               - cSSList: [fxgl_dark.css]
19:39:00.539 [FXGL Background Thread 3 ] DEBUG Engine               - collisionDetectionStrategy: BRUTE_FORCE
19:39:00.539 [FXGL Background Thread 3 ] DEBUG Engine               - configClass: Optional.empty
19:39:00.539 [FXGL Background Thread 3 ] DEBUG Engine               - credits: []
19:39:00.540 [FXGL Background Thread 3 ] DEBUG Engine               - defaultCursor: CursorInfo(imageName=fxgl_default_cursor.png, hotspotX=7.0, hotspotY=6.0)
19:39:00.540 [FXGL Background Thread 3 ] DEBUG Engine               - devBBoxColorProperty: ObjectProperty [value: 0xff0000ff]
19:39:00.540 [FXGL Background Thread 3 ] DEBUG Engine               - devEnableDebugCameraProperty: BooleanProperty [value: false]
19:39:00.541 [FXGL Background Thread 3 ] DEBUG Engine               - devSensorColorProperty: ObjectProperty [value: 0xffff00ff]
19:39:00.541 [FXGL Background Thread 3 ] DEBUG Engine               - devShowBBoxProperty: BooleanProperty [value: false]
19:39:00.541 [FXGL Background Thread 3 ] DEBUG Engine               - devShowPositionProperty: BooleanProperty [value: false]
19:39:00.541 [FXGL Background Thread 3 ] DEBUG Engine               - enabledMenuItems: []
19:39:00.541 [FXGL Background Thread 3 ] DEBUG Engine               - engineServices: [class com.almasb.fxgl.app.services.FXGLAssetLoaderService, class com.almasb.fxgl.app.FXGLApplication$GameApplicationService, class com.almasb.fxgl.app.services.FXGLDialogService, class com.almasb.fxgl.app.services.IOTaskExecutorService, class com.almasb.fxgl.io.FileSystemService, class com.almasb.fxgl.localization.LocalizationService, class com.almasb.fxgl.app.services.SystemBundleService, class com.almasb.fxgl.profile.SaveLoadService, class com.almasb.fxgl.ui.FXGLUIFactoryServiceProvider, class com.almasb.fxgl.ui.FXGLDialogFactoryServiceProvider, class com.almasb.fxgl.audio.AudioPlayer, class com.almasb.fxgl.notification.impl.NotificationServiceProvider, class com.almasb.fxgl.achievement.AchievementService, class com.almasb.fxgl.cutscene.CutsceneService, class com.almasb.fxgl.minigames.MiniGameService, class com.almasb.fxgl.net.NetService, class com.almasb.fxgl.app.services.UpdaterService, class com.almasb.fxgl.dev.DevService]
19:39:00.541 [FXGL Background Thread 3 ] DEBUG Engine               - fontGame: Abel-Regular.ttf
19:39:00.541 [FXGL Background Thread 3 ] DEBUG Engine               - fontMono: TerminalLandMono-Regular.otf
19:39:00.541 [FXGL Background Thread 3 ] DEBUG Engine               - fontText: Courier-Prime.ttf
19:39:00.541 [FXGL Background Thread 3 ] DEBUG Engine               - fontUI: VarelaRound-Regular.ttf
19:39:00.542 [FXGL Background Thread 3 ] DEBUG Engine               - fullScreen: BooleanProperty [value: false]
19:39:00.542 [FXGL Background Thread 3 ] DEBUG Engine               - gameDifficulty: MEDIUM
19:39:00.542 [FXGL Background Thread 3 ] DEBUG Engine               - gameDifficultyProperty: ObjectProperty [value: MEDIUM]
19:39:00.542 [FXGL Background Thread 3 ] DEBUG Engine               - globalMusicVolume: 0.5
19:39:00.542 [FXGL Background Thread 3 ] DEBUG Engine               - globalMusicVolumeProperty: DoubleProperty [value: 0.5]
19:39:00.543 [FXGL Background Thread 3 ] DEBUG Engine               - globalSoundVolume: 0.5
19:39:00.543 [FXGL Background Thread 3 ] DEBUG Engine               - globalSoundVolumeProperty: DoubleProperty [value: 0.5]
19:39:00.543 [FXGL Background Thread 3 ] DEBUG Engine               - height: 1000
19:39:00.543 [FXGL Background Thread 3 ] DEBUG Engine               - is3D: false
19:39:00.543 [FXGL Background Thread 3 ] DEBUG Engine               - isAndroid: false
19:39:00.543 [FXGL Background Thread 3 ] DEBUG Engine               - isBrowser: false
19:39:00.543 [FXGL Background Thread 3 ] DEBUG Engine               - isClickFeedbackEnabled: false
19:39:00.543 [FXGL Background Thread 3 ] DEBUG Engine               - isCloseConfirmation: false
19:39:00.544 [FXGL Background Thread 3 ] DEBUG Engine               - isDesktop: true
19:39:00.544 [FXGL Background Thread 3 ] DEBUG Engine               - isDeveloperMenuEnabled: false
19:39:00.544 [FXGL Background Thread 3 ] DEBUG Engine               - isEmbedded: false
19:39:00.544 [FXGL Background Thread 3 ] DEBUG Engine               - isEntityPreloadEnabled: true
19:39:00.544 [FXGL Background Thread 3 ] DEBUG Engine               - isExperimentalTiledLargeMap: false
19:39:00.544 [FXGL Background Thread 3 ] DEBUG Engine               - isFileSystemWriteAllowed: true
19:39:00.544 [FXGL Background Thread 3 ] DEBUG Engine               - isFullScreenAllowed: false
19:39:00.544 [FXGL Background Thread 3 ] DEBUG Engine               - isFullScreenFromStart: false
19:39:00.545 [FXGL Background Thread 3 ] DEBUG Engine               - isGameMenuEnabled: true
19:39:00.545 [FXGL Background Thread 3 ] DEBUG Engine               - isIOS: false
19:39:00.545 [FXGL Background Thread 3 ] DEBUG Engine               - isIntroEnabled: false
19:39:00.545 [FXGL Background Thread 3 ] DEBUG Engine               - isLinux: false
19:39:00.546 [FXGL Background Thread 3 ] DEBUG Engine               - isMac: false
19:39:00.546 [FXGL Background Thread 3 ] DEBUG Engine               - isMainMenuEnabled: false
19:39:00.546 [FXGL Background Thread 3 ] DEBUG Engine               - isManualResizeEnabled: false
19:39:00.546 [FXGL Background Thread 3 ] DEBUG Engine               - isMobile: false
19:39:00.546 [FXGL Background Thread 3 ] DEBUG Engine               - isNative: false
19:39:00.546 [FXGL Background Thread 3 ] DEBUG Engine               - isPauseMusicWhenMinimized: true
19:39:00.546 [FXGL Background Thread 3 ] DEBUG Engine               - isPreserveResizeRatio: false
19:39:00.546 [FXGL Background Thread 3 ] DEBUG Engine               - isProfilingEnabled: false
19:39:00.546 [FXGL Background Thread 3 ] DEBUG Engine               - isScaleAffectedOnResize: true
19:39:00.547 [FXGL Background Thread 3 ] DEBUG Engine               - isSingleStep: false
19:39:00.547 [FXGL Background Thread 3 ] DEBUG Engine               - isUserProfileEnabled: false
19:39:00.547 [FXGL Background Thread 3 ] DEBUG Engine               - isWindows: true
19:39:00.547 [FXGL Background Thread 3 ] DEBUG Engine               - language: ObjectProperty [value: ENGLISH]
19:39:00.547 [FXGL Background Thread 3 ] DEBUG Engine               - menuKey: ESCAPE
19:39:00.547 [FXGL Background Thread 3 ] DEBUG Engine               - mouseSensitivity: 0.2
19:39:00.547 [FXGL Background Thread 3 ] DEBUG Engine               - notificationViewClass: class com.almasb.fxgl.notification.view.XboxNotificationView
19:39:00.547 [FXGL Background Thread 3 ] DEBUG Engine               - pixelsPerMeter: 50.0
19:39:00.547 [FXGL Background Thread 3 ] DEBUG Engine               - platform: WINDOWS
19:39:00.547 [FXGL Background Thread 3 ] DEBUG Engine               - prefHeightProperty: ReadOnlyDoubleProperty [value: 1000.0]
19:39:00.547 [FXGL Background Thread 3 ] DEBUG Engine               - prefWidthProperty: ReadOnlyDoubleProperty [value: 2000.0]
19:39:00.547 [FXGL Background Thread 3 ] DEBUG Engine               - profileDir: profiles/
19:39:00.547 [FXGL Background Thread 3 ] DEBUG Engine               - profileName: StringProperty [value: DEFAULT]
19:39:00.547 [FXGL Background Thread 3 ] DEBUG Engine               - randomSeed: -1
19:39:00.549 [FXGL Background Thread 3 ] DEBUG Engine               - runtimeInfo: RuntimeInfo(platform=WINDOWS, version=17.2, build=20.08.2022 16.50)
19:39:00.549 [FXGL Background Thread 3 ] DEBUG Engine               - saveFileExt: sav
19:39:00.549 [FXGL Background Thread 3 ] DEBUG Engine               - scaledHeightProp$fxgl: DoubleProperty [bound, value: 960.0]
19:39:00.549 [FXGL Background Thread 3 ] DEBUG Engine               - scaledWidthProp$fxgl: DoubleProperty [bound, value: 1895.0]
19:39:00.550 [FXGL Background Thread 3 ] DEBUG Engine               - sceneFactory: com.almasb.fxgl.app.scene.SceneFactory@19b00f2b
19:39:00.550 [FXGL Background Thread 3 ] DEBUG Engine               - secondsIn24h: 60
19:39:00.550 [FXGL Background Thread 3 ] DEBUG Engine               - soundMenuBack: menu/back.wav
19:39:00.550 [FXGL Background Thread 3 ] DEBUG Engine               - soundMenuPress: menu/press.wav
19:39:00.550 [FXGL Background Thread 3 ] DEBUG Engine               - soundMenuSelect: menu/select.wav
19:39:00.550 [FXGL Background Thread 3 ] DEBUG Engine               - soundNotification: core/notification.wav
19:39:00.550 [FXGL Background Thread 3 ] DEBUG Engine               - stageStyle: DECORATED
19:39:00.551 [FXGL Background Thread 3 ] DEBUG Engine               - supportedLanguages: [ENGLISH, FRENCH, GERMAN, HUNGARIAN, RUSSIAN]
19:39:00.551 [FXGL Background Thread 3 ] DEBUG Engine               - ticksPerSecond: -1
19:39:00.551 [FXGL Background Thread 3 ] DEBUG Engine               - title: Simulador de Restaurante
19:39:00.551 [FXGL Background Thread 3 ] DEBUG Engine               - urlGithub: https://github.com/AlmasB/FXGL
19:39:00.551 [FXGL Background Thread 3 ] DEBUG Engine               - urlLeaderboard: http://fxgl-top.herokuapp.com/
19:39:00.551 [FXGL Background Thread 3 ] DEBUG Engine               - urlPOM: https://raw.githubusercontent.com/AlmasB/FXGL/release/README.md
19:39:00.551 [FXGL Background Thread 3 ] DEBUG Engine               - userAppClass: class org.example.Main
19:39:00.552 [FXGL Background Thread 3 ] DEBUG Engine               - version: 1.0
19:39:00.552 [FXGL Background Thread 3 ] DEBUG Engine               - versionCheckDays: 7
19:39:00.552 [FXGL Background Thread 3 ] DEBUG Engine               - width: 2000
19:39:00.552 [FXGL Background Thread 3 ] DEBUG Engine               - Logging services
19:39:00.552 [FXGL Background Thread 3 ] DEBUG Engine               - class com.almasb.fxgl.app.services.FXGLAssetLoaderService
19:39:00.552 [FXGL Background Thread 3 ] DEBUG Engine               - class com.almasb.fxgl.app.FXGLApplication$GameApplicationService
19:39:00.552 [FXGL Background Thread 3 ] DEBUG Engine               - class com.almasb.fxgl.app.services.FXGLDialogService
19:39:00.552 [FXGL Background Thread 3 ] DEBUG Engine               - class com.almasb.fxgl.app.services.IOTaskExecutorService
19:39:00.552 [FXGL Background Thread 3 ] DEBUG Engine               - class com.almasb.fxgl.io.FileSystemService
19:39:00.552 [FXGL Background Thread 3 ] DEBUG Engine               - class com.almasb.fxgl.localization.LocalizationService
19:39:00.553 [FXGL Background Thread 3 ] DEBUG Engine               - class com.almasb.fxgl.app.services.SystemBundleService
19:39:00.553 [FXGL Background Thread 3 ] DEBUG Engine               - class com.almasb.fxgl.profile.SaveLoadService
19:39:00.553 [FXGL Background Thread 3 ] DEBUG Engine               - class com.almasb.fxgl.ui.FXGLUIFactoryServiceProvider
19:39:00.553 [FXGL Background Thread 3 ] DEBUG Engine               - class com.almasb.fxgl.ui.FXGLDialogFactoryServiceProvider
19:39:00.553 [FXGL Background Thread 3 ] DEBUG Engine               - class com.almasb.fxgl.audio.AudioPlayer
19:39:00.553 [FXGL Background Thread 3 ] DEBUG Engine               - class com.almasb.fxgl.notification.impl.NotificationServiceProvider
19:39:00.553 [FXGL Background Thread 3 ] DEBUG Engine               - class com.almasb.fxgl.achievement.AchievementService
19:39:00.553 [FXGL Background Thread 3 ] DEBUG Engine               - class com.almasb.fxgl.cutscene.CutsceneService
19:39:00.553 [FXGL Background Thread 3 ] DEBUG Engine               - class com.almasb.fxgl.minigames.MiniGameService
19:39:00.554 [FXGL Background Thread 3 ] DEBUG Engine               - class com.almasb.fxgl.net.NetService
19:39:00.554 [FXGL Background Thread 3 ] DEBUG Engine               - class com.almasb.fxgl.app.services.UpdaterService
19:39:00.554 [FXGL Background Thread 3 ] DEBUG Engine               - class com.almasb.fxgl.dev.DevService
19:39:00.872 [JavaFX Application Thread] DEBUG AudioPlayer          - Pausing music com.almasb.fxgl.audio.Music@71297f51
19:39:00.875 [JavaFX Application Thread] DEBUG LoopRunner           - Pausing loop
19:39:34.800 [JavaFX Application Thread] DEBUG LoopRunner           - Resuming loop
19:39:34.805 [JavaFX Application Thread] DEBUG AudioPlayer          - Resuming music com.almasb.fxgl.audio.Music@71297f51
19:39:45.473 [JavaFX Application Thread] DEBUG FXGLApplication      - Exiting FXGL
19:39:45.474 [JavaFX Application Thread] DEBUG LoopRunner           - Stopping loop
19:39:45.475 [JavaFX Application Thread] DEBUG SystemBundleService  - Saving FXGL system data
19:39:45.544 [JavaFX Application Thread] DEBUG FileSystemAccess     - Writing to: C:\Users\deskr\OneDrive\Documentos\7 cuatrimestre\Programacion Concurrente\fxl Simulador\system\fxgl.bundle
19:39:45.622 [JavaFX Application Thread] DEBUG Async                - Shutting down background threads
19:39:45.625 [JavaFX Application Thread] DEBUG PrimaryStageWindow   - Closing main window
19:39:45.707 [JavaFX Application Thread] DEBUG Logger               - Closing Logger
