08:52:25.398 [main                     ] DEBUG Logger               - Configured Logger
08:52:25.430 [main                     ] DEBUG GameApplication      - Logging settings
Title: Simulador de Restaurante
Version: 1.0
Width: 2000
Height: 1000
Fullscreen: false
Intro: false
Profiling: false
Single step:false
App Mode: DEVELOPER
Menu Key: ESCAPE
Stage Style: DECORATED
Scene Factory: class com.almasb.fxgl.app.scene.SceneFactory

08:52:26.005 [JavaFX Application Thread] DEBUG FXGLApplication      - Initializing FXGL
08:52:26.016 [JavaFX Application Thread] INFO  Engine               - FXGL-17.2 (20.08.2022 16.50) on WINDOWS (J:17.0.12 FX:18)
08:52:26.016 [JavaFX Application Thread] DEBUG Engine               - JRE Vendor Name: Oracle Corporation
08:52:26.017 [JavaFX Application Thread] DEBUG Engine               - Running on OS: Windows 11 version 10.0
08:52:26.017 [JavaFX Application Thread] DEBUG Engine               - Architecture: amd64
08:52:26.017 [JavaFX Application Thread] INFO  Engine               - Source code and latest versions at: https://github.com/AlmasB/FXGL
08:52:26.018 [JavaFX Application Thread] INFO  Engine               -       Ask questions and discuss at: https://github.com/AlmasB/FXGL/discussions
08:52:26.018 [JavaFX Application Thread] INFO  Engine               -              Join the FXGL chat at: https://gitter.im/AlmasB/FXGL
08:52:26.195 [JavaFX Application Thread] DEBUG PrimaryStageWindow   - Creating a JavaFX scene
08:52:26.196 [JavaFX Application Thread] DEBUG PrimaryStageWindow   - Target size > screen size
08:52:26.287 [JavaFX Application Thread] DEBUG PrimaryStageWindow   - Target settings size: 2000.0 x 1000.0
08:52:26.287 [JavaFX Application Thread] DEBUG PrimaryStageWindow   - Scaled scene size:    1511.0 x 768.0
08:52:26.288 [JavaFX Application Thread] DEBUG PrimaryStageWindow   - Scaled ratio: (0.7555, 0.768)
08:52:26.289 [JavaFX Application Thread] DEBUG PrimaryStageWindow   - Set initial scene to FXGLStartupScene
08:52:26.304 [JavaFX Application Thread] DEBUG PrimaryStageWindow   - Opening main window
08:52:26.439 [JavaFX Application Thread] DEBUG PrimaryStageWindow   - Window border size: (14.5999755859375, 37.5999755859375)
08:52:26.439 [JavaFX Application Thread] DEBUG PrimaryStageWindow   - Scaled size: 1511.0 x 768.0
08:52:26.440 [JavaFX Application Thread] DEBUG PrimaryStageWindow   - Scaled ratio: (0.7555, 0.768)
08:52:26.440 [JavaFX Application Thread] DEBUG PrimaryStageWindow   - Scene size: 1511.0 x 768.0
08:52:26.440 [JavaFX Application Thread] DEBUG PrimaryStageWindow   - Stage size: 1525.5999755859375 x 805.5999755859375
08:52:26.459 [FXGL Background Thread 1 ] DEBUG Engine               - Initializing environment variables
08:52:26.540 [FXGL Background Thread 1 ] DEBUG FXGLAssetLoaderServi - User app class for loading assets: class org.example.Main
08:52:26.540 [FXGL Background Thread 1 ] DEBUG GameApplicationServi - Applying CSS: fxgl_dark.css
08:52:26.543 [FXGL Background Thread 1 ] DEBUG FXGLAssetLoaderServi - Loading from file system: jar:file:/C:/Users/gerso/.m2/repository/com/github/almasb/fxgl/17.2/fxgl-17.2.jar!/fxglassets/ui/css/fxgl_dark.css
08:52:26.624 [FXGL Background Thread 1 ] DEBUG GameApplicationServi - Initializing application scenes
08:52:26.716 [FXGL Background Thread 1 ] DEBUG GameWorld            - Game world initialized
08:52:26.822 [FXGL Background Thread 1 ] DEBUG PhysicsWorld         - Physics world initialized: appHeight=1000, physics.ppm=50.0
08:52:26.822 [FXGL Background Thread 1 ] DEBUG PhysicsWorld         - Using strategy: BRUTE_FORCE
08:52:26.832 [FXGL Background Thread 1 ] DEBUG GameScene            - Game scene initialized: 2000x1000
08:52:26.854 [FXGL Background Thread 1 ] DEBUG FXGL.DefaultMenu     - createMenuBodyGameMenu()
08:52:26.871 [FXGL Background Thread 1 ] DEBUG FXGL.DefaultMenu     - createOptionsMenu()
08:52:26.883 [FXGL Background Thread 1 ] DEBUG FXGLAssetLoaderServi - Loading from file system: jar:file:/C:/Users/gerso/.m2/repository/com/github/almasb/fxgl/17.2/fxgl-17.2.jar!/fxglassets/textures/particles/smoke.png
08:52:27.021 [FXGL Background Thread 1 ] DEBUG FXGLAssetLoaderServi - Loading from file system: jar:file:/C:/Users/gerso/.m2/repository/com/github/almasb/fxgl/17.2/fxgl-17.2.jar!/fxglassets/textures/particles/trace_horizontal.png
08:52:27.070 [FXGL Background Thread 1 ] DEBUG GameApplicationServi - Application scenes initialized
08:52:27.100 [FXGL Background Thread 1 ] DEBUG SystemBundleService  - Loading FXGL system data
08:52:27.114 [FXGL Background Thread 1 ] DEBUG FileSystemAccess     - Reading from: C:\Users\gerso\OneDrive\Documentos\Cuatrimestre 7\Concurrente\Java\Simulador_Restaurante\system\fxgl.bundle
08:52:27.132 [FXGL Background Thread 1 ] DEBUG SystemBundleService  - Bundle FXGL: {}
08:52:27.132 [FXGL Background Thread 1 ] DEBUG UpdaterService       - Checking for updates
08:52:27.145 [FXGL Background Thread 4 ] DEBUG FXGLApplication      - Loading fonts
08:52:27.147 [FXGL Background Thread 1 ] DEBUG FXGLApplication      - Loading default localization
08:52:27.147 [FXGL Background Thread 4 ] DEBUG FXGLAssetLoaderServi - Loading from file system: jar:file:/C:/Users/gerso/.m2/repository/com/github/almasb/fxgl/17.2/fxgl-17.2.jar!/fxglassets/ui/fonts/VarelaRound-Regular.ttf
08:52:27.148 [FXGL Background Thread 1 ] DEBUG FXGLAssetLoaderServi - Loading from file system: jar:file:/C:/Users/gerso/.m2/repository/com/github/almasb/fxgl/17.2/fxgl-17.2.jar!/fxglassets/languages/english.lang
08:52:27.201 [FXGL Background Thread 1 ] INFO  FXGLApplication      - FXGL initialization took: 0.741 sec
08:52:27.204 [JavaFX Application Thread] DEBUG FXGLAssetLoaderServi - Loading from file system: jar:file:/C:/Users/gerso/.m2/repository/com/github/almasb/fxgl/17.2/fxgl-17.2.jar!/fxglassets/textures/fxgl_icon.png
08:52:27.236 [JavaFX Application Thread] DEBUG FXGLAssetLoaderServi - Loading from file system: jar:file:/C:/Users/gerso/.m2/repository/com/github/almasb/fxgl/17.2/fxgl-17.2.jar!/fxglassets/textures/fxgl_default_cursor.png
08:52:27.258 [JavaFX Application Thread] DEBUG Input                - Registered new binding: Screenshot - CTRL+8
08:52:27.260 [JavaFX Application Thread] DEBUG Input                - Registered new binding: System info dump - CTRL+9
08:52:27.261 [JavaFX Application Thread] DEBUG Input                - Registered new binding: Restart - CTRL+R
08:52:27.263 [JavaFX Application Thread] DEBUG Input                - Registered new binding: Toggle Debug Camera - CTRL+7
08:52:27.270 [JavaFX Application Thread] DEBUG LoopRunner           - Starting loop
08:52:27.270 [JavaFX Application Thread] DEBUG LoopRunner           - Initializing JavaFX AnimationTimerLoop
08:52:27.274 [JavaFX Application Thread] DEBUG GameApplicationServi - Starting new game
08:52:27.275 [JavaFX Application Thread] DEBUG Input                - Clearing active input actions
08:52:27.293 [JavaFX Application Thread] DEBUG GameApplicationServi - Removing overlay from FXGLStartupScene and adding to FXGLLoadingScene
08:52:27.294 [JavaFX Application Thread] DEBUG PrimaryStageWindow   - FXGLStartupScene -> FXGLLoadingScene
08:52:27.294 [JavaFX Application Thread] DEBUG GameApplicationServi - Clearing previous game
08:52:27.294 [JavaFX Application Thread] DEBUG GameScene            - Clearing game scene
08:52:27.294 [JavaFX Application Thread] DEBUG GameWorld            - Clearing game world
08:52:27.295 [JavaFX Application Thread] DEBUG PhysicsWorld         - Clearing physics world
08:52:27.297 [FXGL Background Thread 1 ] DEBUG FXGLApplication      - Initializing game
08:52:27.302 [FXGL Background Thread 1 ] DEBUG FXGLAssetLoaderServi - Loading from file system: file:/C:/Users/gerso/OneDrive/Documentos/Cuatrimestre%207/Concurrente/Java/Simulador_Restaurante/target/classes/assets/textures/fondo.png
08:52:27.336 [FXGL Background Thread 1 ] DEBUG FXGLAssetLoaderServi - Loading from file system: file:/C:/Users/gerso/OneDrive/Documentos/Cuatrimestre%207/Concurrente/Java/Simulador_Restaurante/target/classes/assets/textures/recepcionista.png
08:52:27.370 [FXGL Background Thread 1 ] DEBUG FXGLAssetLoaderServi - Loading from file system: file:/C:/Users/gerso/OneDrive/Documentos/Cuatrimestre%207/Concurrente/Java/Simulador_Restaurante/target/classes/assets/textures/chef.png
08:52:27.385 [FXGL Background Thread 1 ] DEBUG FXGLAssetLoaderServi - Loading from file system: file:/C:/Users/gerso/OneDrive/Documentos/Cuatrimestre%207/Concurrente/Java/Simulador_Restaurante/target/classes/assets/textures/mesera.png
08:52:27.388 [FXGL Background Thread 4 ] DEBUG FXGLAssetLoaderServi - Loading from file system: jar:file:/C:/Users/gerso/.m2/repository/com/github/almasb/fxgl/17.2/fxgl-17.2.jar!/fxglassets/ui/fonts/Abel-Regular.ttf
08:52:27.395 [FXGL Background Thread 4 ] DEBUG FXGLAssetLoaderServi - Loading from file system: jar:file:/C:/Users/gerso/.m2/repository/com/github/almasb/fxgl/17.2/fxgl-17.2.jar!/fxglassets/ui/fonts/TerminalLandMono-Regular.otf
08:52:27.404 [FXGL Background Thread 1 ] DEBUG FXGLAssetLoaderServi - Loading from file system: file:/C:/Users/gerso/OneDrive/Documentos/Cuatrimestre%207/Concurrente/Java/Simulador_Restaurante/target/classes/assets/textures/mesa.png
08:52:27.405 [FXGL Background Thread 4 ] DEBUG FXGLAssetLoaderServi - Loading from file system: jar:file:/C:/Users/gerso/.m2/repository/com/github/almasb/fxgl/17.2/fxgl-17.2.jar!/fxglassets/ui/fonts/Courier-Prime.ttf
08:52:27.464 [FXGL Background Thread 1 ] DEBUG FXGLAssetLoaderServi - Loading from file system: file:/C:/Users/gerso/OneDrive/Documentos/Cuatrimestre%207/Concurrente/Java/Simulador_Restaurante/target/classes/assets/textures/cliente.png
08:52:27.518 [FXGL Background Thread 1 ] INFO  FXGLApplication      - Game initialization took: 0.220 sec
08:52:27.525 [JavaFX Application Thread] DEBUG FXGLApplication      - Registering font factories with UI factory
08:52:27.530 [JavaFX Application Thread] DEBUG Input                - Clearing active input actions
08:52:27.541 [JavaFX Application Thread] DEBUG GameApplicationServi - Removing overlay from FXGLLoadingScene and adding to GameScene
08:52:27.541 [JavaFX Application Thread] DEBUG PrimaryStageWindow   - FXGLLoadingScene -> GameScene
08:52:28.166 [FXGL Background Thread 2 ] INFO  UpdaterService       - Your current version:  17.2
08:52:28.167 [FXGL Background Thread 2 ] INFO  UpdaterService       - Latest stable version: 21.1
08:52:29.241 [JavaFX Application Thread] DEBUG FXGLApplication      - Exiting FXGL
08:52:29.242 [JavaFX Application Thread] DEBUG LoopRunner           - Stopping loop
08:52:29.242 [JavaFX Application Thread] DEBUG SystemBundleService  - Saving FXGL system data
08:52:29.244 [JavaFX Application Thread] DEBUG FileSystemAccess     - Writing to: C:\Users\gerso\OneDrive\Documentos\Cuatrimestre 7\Concurrente\Java\Simulador_Restaurante\system\fxgl.bundle
08:52:29.246 [JavaFX Application Thread] DEBUG Async                - Shutting down background threads
08:52:29.246 [JavaFX Application Thread] DEBUG PrimaryStageWindow   - Closing main window
08:52:29.267 [JavaFX Application Thread] DEBUG Logger               - Closing Logger
