05:37:50.803 [main                     ] DEBUG Logger               - Configured Logger
05:37:50.864 [main                     ] DEBUG GameApplication      - Logging settings
Title: Simulador de Restaurante
Version: 1.0
Width: 2000
Height: 1000
Fullscreen: false
Intro: false
Profiling: false
Single step:false
App Mode: DEVELOPER
Menu Key: ESCAPE
Stage Style: DECORATED
Scene Factory: class com.almasb.fxgl.app.scene.SceneFactory

05:37:52.314 [JavaFX Application Thread] DEBUG FXGLApplication      - Initializing FXGL
05:37:52.326 [JavaFX Application Thread] INFO  Engine               - FXGL-17.2 (20.08.2022 16.50) on WINDOWS (J:17.0.5 FX:18)
05:37:52.327 [JavaFX Application Thread] DEBUG Engine               - JRE Vendor Name: Oracle Corporation
05:37:52.327 [JavaFX Application Thread] DEBUG Engine               - Running on OS: Windows 11 version 10.0
05:37:52.328 [JavaFX Application Thread] DEBUG Engine               - Architecture: amd64
05:37:52.328 [JavaFX Application Thread] INFO  Engine               - Source code and latest versions at: https://github.com/AlmasB/FXGL
05:37:52.328 [JavaFX Application Thread] INFO  Engine               -       Ask questions and discuss at: https://github.com/AlmasB/FXGL/discussions
05:37:52.328 [JavaFX Application Thread] INFO  Engine               -              Join the FXGL chat at: https://gitter.im/AlmasB/FXGL
05:37:52.588 [JavaFX Application Thread] DEBUG PrimaryStageWindow   - Creating a JavaFX scene
05:37:52.589 [JavaFX Application Thread] DEBUG PrimaryStageWindow   - Target size > screen size
05:37:52.691 [JavaFX Application Thread] DEBUG PrimaryStageWindow   - Target settings size: 2000.0 x 1000.0
05:37:52.691 [JavaFX Application Thread] DEBUG PrimaryStageWindow   - Scaled scene size:    1895.0 x 960.0
05:37:52.692 [JavaFX Application Thread] DEBUG PrimaryStageWindow   - Scaled ratio: (0.9475, 0.96)
05:37:52.694 [JavaFX Application Thread] DEBUG PrimaryStageWindow   - Set initial scene to FXGLStartupScene
05:37:52.709 [JavaFX Application Thread] DEBUG PrimaryStageWindow   - Opening main window
05:37:52.919 [JavaFX Application Thread] DEBUG PrimaryStageWindow   - Window border size: (16.0, 39.0)
05:37:52.919 [JavaFX Application Thread] DEBUG PrimaryStageWindow   - Scaled size: 1895.0 x 960.0
05:37:52.921 [JavaFX Application Thread] DEBUG PrimaryStageWindow   - Scaled ratio: (0.9475, 0.96)
05:37:52.922 [JavaFX Application Thread] DEBUG PrimaryStageWindow   - Scene size: 1895.0 x 960.0
05:37:52.922 [JavaFX Application Thread] DEBUG PrimaryStageWindow   - Stage size: 1911.0 x 999.0
05:37:52.940 [FXGL Background Thread 1 ] DEBUG Engine               - Initializing environment variables
05:37:53.013 [FXGL Background Thread 1 ] DEBUG FXGLAssetLoaderServi - User app class for loading assets: class org.example.Main
05:37:53.014 [FXGL Background Thread 1 ] DEBUG GameApplicationServi - Applying CSS: fxgl_dark.css
05:37:53.016 [FXGL Background Thread 1 ] DEBUG FXGLAssetLoaderServi - Loading from file system: jar:file:/C:/Users/deskr/.m2/repository/com/github/almasb/fxgl/17.2/fxgl-17.2.jar!/fxglassets/ui/css/fxgl_dark.css
05:37:53.101 [FXGL Background Thread 1 ] DEBUG GameApplicationServi - Initializing application scenes
05:37:53.191 [FXGL Background Thread 1 ] DEBUG GameWorld            - Game world initialized
05:37:53.297 [FXGL Background Thread 1 ] DEBUG PhysicsWorld         - Physics world initialized: appHeight=1000, physics.ppm=50.0
05:37:53.298 [FXGL Background Thread 1 ] DEBUG PhysicsWorld         - Using strategy: BRUTE_FORCE
05:37:53.307 [FXGL Background Thread 1 ] DEBUG GameScene            - Game scene initialized: 2000x1000
05:37:53.333 [FXGL Background Thread 1 ] DEBUG FXGL.DefaultMenu     - createMenuBodyGameMenu()
05:37:53.365 [FXGL Background Thread 1 ] DEBUG FXGL.DefaultMenu     - createOptionsMenu()
05:37:53.387 [FXGL Background Thread 1 ] DEBUG FXGLAssetLoaderServi - Loading from file system: jar:file:/C:/Users/deskr/.m2/repository/com/github/almasb/fxgl/17.2/fxgl-17.2.jar!/fxglassets/textures/particles/smoke.png
05:37:53.600 [FXGL Background Thread 1 ] DEBUG FXGLAssetLoaderServi - Loading from file system: jar:file:/C:/Users/deskr/.m2/repository/com/github/almasb/fxgl/17.2/fxgl-17.2.jar!/fxglassets/textures/particles/trace_horizontal.png
05:37:53.647 [FXGL Background Thread 1 ] DEBUG GameApplicationServi - Application scenes initialized
05:37:53.673 [FXGL Background Thread 1 ] DEBUG SystemBundleService  - Loading FXGL system data
05:37:53.684 [FXGL Background Thread 1 ] DEBUG FileSystemAccess     - Reading from: C:\Users\deskr\OneDrive\Documentos\7 cuatrimestre\Programacion Concurrente\fxl Simulador\system\fxgl.bundle
05:37:53.701 [FXGL Background Thread 1 ] DEBUG SystemBundleService  - Bundle FXGL: {}
05:37:53.701 [FXGL Background Thread 1 ] DEBUG UpdaterService       - Checking for updates
05:37:53.712 [FXGL Background Thread 4 ] DEBUG FXGLApplication      - Loading fonts
05:37:53.713 [FXGL Background Thread 4 ] DEBUG FXGLAssetLoaderServi - Loading from file system: jar:file:/C:/Users/deskr/.m2/repository/com/github/almasb/fxgl/17.2/fxgl-17.2.jar!/fxglassets/ui/fonts/VarelaRound-Regular.ttf
05:37:53.713 [FXGL Background Thread 1 ] DEBUG FXGLApplication      - Loading default localization
05:37:53.715 [FXGL Background Thread 1 ] DEBUG FXGLAssetLoaderServi - Loading from file system: jar:file:/C:/Users/deskr/.m2/repository/com/github/almasb/fxgl/17.2/fxgl-17.2.jar!/fxglassets/languages/english.lang
05:37:53.762 [FXGL Background Thread 1 ] INFO  FXGLApplication      - FXGL initialization took: 0.821 sec
05:37:53.764 [JavaFX Application Thread] DEBUG FXGLAssetLoaderServi - Loading from file system: jar:file:/C:/Users/deskr/.m2/repository/com/github/almasb/fxgl/17.2/fxgl-17.2.jar!/fxglassets/textures/fxgl_icon.png
05:37:53.814 [JavaFX Application Thread] DEBUG FXGLAssetLoaderServi - Loading from file system: jar:file:/C:/Users/deskr/.m2/repository/com/github/almasb/fxgl/17.2/fxgl-17.2.jar!/fxglassets/textures/fxgl_default_cursor.png
05:37:53.837 [JavaFX Application Thread] DEBUG Input                - Registered new binding: Screenshot - CTRL+8
05:37:53.838 [FXGL Background Thread 4 ] DEBUG FXGLAssetLoaderServi - Loading from file system: jar:file:/C:/Users/deskr/.m2/repository/com/github/almasb/fxgl/17.2/fxgl-17.2.jar!/fxglassets/ui/fonts/Abel-Regular.ttf
05:37:53.838 [JavaFX Application Thread] DEBUG Input                - Registered new binding: System info dump - CTRL+9
05:37:53.839 [JavaFX Application Thread] DEBUG Input                - Registered new binding: Restart - CTRL+R
05:37:53.840 [JavaFX Application Thread] DEBUG Input                - Registered new binding: Toggle Debug Camera - CTRL+7
05:37:53.844 [FXGL Background Thread 4 ] DEBUG FXGLAssetLoaderServi - Loading from file system: jar:file:/C:/Users/deskr/.m2/repository/com/github/almasb/fxgl/17.2/fxgl-17.2.jar!/fxglassets/ui/fonts/TerminalLandMono-Regular.otf
05:37:53.844 [JavaFX Application Thread] DEBUG LoopRunner           - Starting loop
05:37:53.844 [JavaFX Application Thread] DEBUG LoopRunner           - Initializing JavaFX AnimationTimerLoop
05:37:53.847 [JavaFX Application Thread] DEBUG GameApplicationServi - Starting new game
05:37:53.848 [JavaFX Application Thread] DEBUG Input                - Clearing active input actions
05:37:53.853 [FXGL Background Thread 4 ] DEBUG FXGLAssetLoaderServi - Loading from file system: jar:file:/C:/Users/deskr/.m2/repository/com/github/almasb/fxgl/17.2/fxgl-17.2.jar!/fxglassets/ui/fonts/Courier-Prime.ttf
05:37:53.870 [JavaFX Application Thread] DEBUG GameApplicationServi - Removing overlay from FXGLStartupScene and adding to FXGLLoadingScene
05:37:53.870 [JavaFX Application Thread] DEBUG PrimaryStageWindow   - FXGLStartupScene -> FXGLLoadingScene
05:37:53.870 [JavaFX Application Thread] DEBUG GameApplicationServi - Clearing previous game
05:37:53.870 [JavaFX Application Thread] DEBUG GameScene            - Clearing game scene
05:37:53.870 [JavaFX Application Thread] DEBUG GameWorld            - Clearing game world
05:37:53.871 [JavaFX Application Thread] DEBUG PhysicsWorld         - Clearing physics world
05:37:53.873 [FXGL Background Thread 4 ] DEBUG FXGLApplication      - Initializing game
05:37:53.875 [FXGL Background Thread 4 ] DEBUG FXGLAssetLoaderServi - Loading from file system: file:/C:/Users/deskr/OneDrive/Documentos/7%20cuatrimestre/Programacion%20Concurrente/fxl%20Simulador/target/classes/assets/textures/fondo.png
05:37:53.906 [FXGL Background Thread 4 ] DEBUG FXGLAssetLoaderServi - Loading from file system: file:/C:/Users/deskr/OneDrive/Documentos/7%20cuatrimestre/Programacion%20Concurrente/fxl%20Simulador/target/classes/assets/textures/recepcionista.png
05:37:53.944 [FXGL Background Thread 4 ] DEBUG FXGLAssetLoaderServi - Loading from file system: file:/C:/Users/deskr/OneDrive/Documentos/7%20cuatrimestre/Programacion%20Concurrente/fxl%20Simulador/target/classes/assets/textures/chef.png
05:37:53.946 [JavaFX Application Thread] DEBUG FXGLApplication      - Registering font factories with UI factory
05:37:53.964 [FXGL Background Thread 4 ] DEBUG FXGLAssetLoaderServi - Loading from file system: file:/C:/Users/deskr/OneDrive/Documentos/7%20cuatrimestre/Programacion%20Concurrente/fxl%20Simulador/target/classes/assets/textures/mesera.png
05:37:53.988 [FXGL Background Thread 4 ] DEBUG FXGLAssetLoaderServi - Loading from file system: file:/C:/Users/deskr/OneDrive/Documentos/7%20cuatrimestre/Programacion%20Concurrente/fxl%20Simulador/target/classes/assets/textures/mesa.png
05:37:54.033 [FXGL Background Thread 4 ] DEBUG FXGLAssetLoaderServi - Loading from file system: file:/C:/Users/deskr/OneDrive/Documentos/7%20cuatrimestre/Programacion%20Concurrente/fxl%20Simulador/target/classes/assets/textures/cliente.png
05:37:54.072 [FXGL Background Thread 4 ] INFO  FXGLApplication      - Game initialization took: 0.198 sec
05:37:54.077 [JavaFX Application Thread] DEBUG Input                - Clearing active input actions
05:37:54.094 [JavaFX Application Thread] DEBUG GameApplicationServi - Removing overlay from FXGLLoadingScene and adding to GameScene
05:37:54.095 [JavaFX Application Thread] DEBUG PrimaryStageWindow   - FXGLLoadingScene -> GameScene
05:37:54.689 [FXGL Background Thread 2 ] INFO  UpdaterService       - Your current version:  17.2
05:37:54.690 [FXGL Background Thread 2 ] INFO  UpdaterService       - Latest stable version: 21.1
05:37:56.709 [FXGL Background Thread 3 ] DEBUG Engine               - Logging environment variables
05:37:56.710 [FXGL Background Thread 3 ] DEBUG Engine               - achievements: []
05:37:56.710 [FXGL Background Thread 3 ] DEBUG Engine               - actualHeight: 960.0
05:37:56.711 [FXGL Background Thread 3 ] DEBUG Engine               - actualHeightProperty: ReadOnlyDoubleProperty [value: 960.0]
05:37:56.711 [FXGL Background Thread 3 ] DEBUG Engine               - actualWidth: 1895.0
05:37:56.711 [FXGL Background Thread 3 ] DEBUG Engine               - actualWidthProperty: ReadOnlyDoubleProperty [value: 1895.0]
05:37:56.711 [FXGL Background Thread 3 ] DEBUG Engine               - appIcon: fxgl_icon.png
05:37:56.712 [FXGL Background Thread 3 ] DEBUG Engine               - applicationMode: DEVELOPER
05:37:56.712 [FXGL Background Thread 3 ] DEBUG Engine               - cSSList: [fxgl_dark.css]
05:37:56.712 [FXGL Background Thread 3 ] DEBUG Engine               - collisionDetectionStrategy: BRUTE_FORCE
05:37:56.712 [FXGL Background Thread 3 ] DEBUG Engine               - configClass: Optional.empty
05:37:56.712 [FXGL Background Thread 3 ] DEBUG Engine               - credits: []
05:37:56.713 [FXGL Background Thread 3 ] DEBUG Engine               - defaultCursor: CursorInfo(imageName=fxgl_default_cursor.png, hotspotX=7.0, hotspotY=6.0)
05:37:56.713 [FXGL Background Thread 3 ] DEBUG Engine               - devBBoxColorProperty: ObjectProperty [value: 0xff0000ff]
05:37:56.713 [FXGL Background Thread 3 ] DEBUG Engine               - devEnableDebugCameraProperty: BooleanProperty [value: false]
05:37:56.714 [FXGL Background Thread 3 ] DEBUG Engine               - devSensorColorProperty: ObjectProperty [value: 0xffff00ff]
05:37:56.714 [FXGL Background Thread 3 ] DEBUG Engine               - devShowBBoxProperty: BooleanProperty [value: false]
05:37:56.714 [FXGL Background Thread 3 ] DEBUG Engine               - devShowPositionProperty: BooleanProperty [value: false]
05:37:56.714 [FXGL Background Thread 3 ] DEBUG Engine               - enabledMenuItems: []
05:37:56.714 [FXGL Background Thread 3 ] DEBUG Engine               - engineServices: [class com.almasb.fxgl.app.services.FXGLAssetLoaderService, class com.almasb.fxgl.app.FXGLApplication$GameApplicationService, class com.almasb.fxgl.app.services.FXGLDialogService, class com.almasb.fxgl.app.services.IOTaskExecutorService, class com.almasb.fxgl.io.FileSystemService, class com.almasb.fxgl.localization.LocalizationService, class com.almasb.fxgl.app.services.SystemBundleService, class com.almasb.fxgl.profile.SaveLoadService, class com.almasb.fxgl.ui.FXGLUIFactoryServiceProvider, class com.almasb.fxgl.ui.FXGLDialogFactoryServiceProvider, class com.almasb.fxgl.audio.AudioPlayer, class com.almasb.fxgl.notification.impl.NotificationServiceProvider, class com.almasb.fxgl.achievement.AchievementService, class com.almasb.fxgl.cutscene.CutsceneService, class com.almasb.fxgl.minigames.MiniGameService, class com.almasb.fxgl.net.NetService, class com.almasb.fxgl.app.services.UpdaterService, class com.almasb.fxgl.dev.DevService]
05:37:56.714 [FXGL Background Thread 3 ] DEBUG Engine               - fontGame: Abel-Regular.ttf
05:37:56.714 [FXGL Background Thread 3 ] DEBUG Engine               - fontMono: TerminalLandMono-Regular.otf
05:37:56.714 [FXGL Background Thread 3 ] DEBUG Engine               - fontText: Courier-Prime.ttf
05:37:56.716 [FXGL Background Thread 3 ] DEBUG Engine               - fontUI: VarelaRound-Regular.ttf
05:37:56.716 [FXGL Background Thread 3 ] DEBUG Engine               - fullScreen: BooleanProperty [value: false]
05:37:56.716 [FXGL Background Thread 3 ] DEBUG Engine               - gameDifficulty: MEDIUM
05:37:56.716 [FXGL Background Thread 3 ] DEBUG Engine               - gameDifficultyProperty: ObjectProperty [value: MEDIUM]
05:37:56.716 [FXGL Background Thread 3 ] DEBUG Engine               - globalMusicVolume: 0.5
05:37:56.716 [FXGL Background Thread 3 ] DEBUG Engine               - globalMusicVolumeProperty: DoubleProperty [value: 0.5]
05:37:56.717 [FXGL Background Thread 3 ] DEBUG Engine               - globalSoundVolume: 0.5
05:37:56.717 [FXGL Background Thread 3 ] DEBUG Engine               - globalSoundVolumeProperty: DoubleProperty [value: 0.5]
05:37:56.717 [FXGL Background Thread 3 ] DEBUG Engine               - height: 1000
05:37:56.717 [FXGL Background Thread 3 ] DEBUG Engine               - is3D: false
05:37:56.717 [FXGL Background Thread 3 ] DEBUG Engine               - isAndroid: false
05:37:56.717 [FXGL Background Thread 3 ] DEBUG Engine               - isBrowser: false
05:37:56.718 [FXGL Background Thread 3 ] DEBUG Engine               - isClickFeedbackEnabled: false
05:37:56.718 [FXGL Background Thread 3 ] DEBUG Engine               - isCloseConfirmation: false
05:37:56.718 [FXGL Background Thread 3 ] DEBUG Engine               - isDesktop: true
05:37:56.718 [FXGL Background Thread 3 ] DEBUG Engine               - isDeveloperMenuEnabled: false
05:37:56.718 [FXGL Background Thread 3 ] DEBUG Engine               - isEmbedded: false
05:37:56.718 [FXGL Background Thread 3 ] DEBUG Engine               - isEntityPreloadEnabled: true
05:37:56.718 [FXGL Background Thread 3 ] DEBUG Engine               - isExperimentalTiledLargeMap: false
05:37:56.718 [FXGL Background Thread 3 ] DEBUG Engine               - isFileSystemWriteAllowed: true
05:37:56.718 [FXGL Background Thread 3 ] DEBUG Engine               - isFullScreenAllowed: false
05:37:56.719 [FXGL Background Thread 3 ] DEBUG Engine               - isFullScreenFromStart: false
05:37:56.719 [FXGL Background Thread 3 ] DEBUG Engine               - isGameMenuEnabled: true
05:37:56.719 [FXGL Background Thread 3 ] DEBUG Engine               - isIOS: false
05:37:56.719 [FXGL Background Thread 3 ] DEBUG Engine               - isIntroEnabled: false
05:37:56.719 [FXGL Background Thread 3 ] DEBUG Engine               - isLinux: false
05:37:56.719 [FXGL Background Thread 3 ] DEBUG Engine               - isMac: false
05:37:56.720 [FXGL Background Thread 3 ] DEBUG Engine               - isMainMenuEnabled: false
05:37:56.721 [FXGL Background Thread 3 ] DEBUG Engine               - isManualResizeEnabled: false
05:37:56.721 [FXGL Background Thread 3 ] DEBUG Engine               - isMobile: false
05:37:56.721 [FXGL Background Thread 3 ] DEBUG Engine               - isNative: false
05:37:56.721 [FXGL Background Thread 3 ] DEBUG Engine               - isPauseMusicWhenMinimized: true
05:37:56.721 [FXGL Background Thread 3 ] DEBUG Engine               - isPreserveResizeRatio: false
05:37:56.721 [FXGL Background Thread 3 ] DEBUG Engine               - isProfilingEnabled: false
05:37:56.721 [FXGL Background Thread 3 ] DEBUG Engine               - isScaleAffectedOnResize: true
05:37:56.722 [FXGL Background Thread 3 ] DEBUG Engine               - isSingleStep: false
05:37:56.722 [FXGL Background Thread 3 ] DEBUG Engine               - isUserProfileEnabled: false
05:37:56.722 [FXGL Background Thread 3 ] DEBUG Engine               - isWindows: true
05:37:56.722 [FXGL Background Thread 3 ] DEBUG Engine               - language: ObjectProperty [value: ENGLISH]
05:37:56.722 [FXGL Background Thread 3 ] DEBUG Engine               - menuKey: ESCAPE
05:37:56.722 [FXGL Background Thread 3 ] DEBUG Engine               - mouseSensitivity: 0.2
05:37:56.722 [FXGL Background Thread 3 ] DEBUG Engine               - notificationViewClass: class com.almasb.fxgl.notification.view.XboxNotificationView
05:37:56.723 [FXGL Background Thread 3 ] DEBUG Engine               - pixelsPerMeter: 50.0
05:37:56.723 [FXGL Background Thread 3 ] DEBUG Engine               - platform: WINDOWS
05:37:56.723 [FXGL Background Thread 3 ] DEBUG Engine               - prefHeightProperty: ReadOnlyDoubleProperty [value: 1000.0]
05:37:56.723 [FXGL Background Thread 3 ] DEBUG Engine               - prefWidthProperty: ReadOnlyDoubleProperty [value: 2000.0]
05:37:56.723 [FXGL Background Thread 3 ] DEBUG Engine               - profileDir: profiles/
05:37:56.723 [FXGL Background Thread 3 ] DEBUG Engine               - profileName: StringProperty [value: DEFAULT]
05:37:56.723 [FXGL Background Thread 3 ] DEBUG Engine               - randomSeed: -1
05:37:56.724 [FXGL Background Thread 3 ] DEBUG Engine               - runtimeInfo: RuntimeInfo(platform=WINDOWS, version=17.2, build=20.08.2022 16.50)
05:37:56.724 [FXGL Background Thread 3 ] DEBUG Engine               - saveFileExt: sav
05:37:56.724 [FXGL Background Thread 3 ] DEBUG Engine               - scaledHeightProp$fxgl: DoubleProperty [bound, value: 960.0]
05:37:56.724 [FXGL Background Thread 3 ] DEBUG Engine               - scaledWidthProp$fxgl: DoubleProperty [bound, value: 1895.0]
05:37:56.724 [FXGL Background Thread 3 ] DEBUG Engine               - sceneFactory: com.almasb.fxgl.app.scene.SceneFactory@170ee372
05:37:56.724 [FXGL Background Thread 3 ] DEBUG Engine               - secondsIn24h: 60
05:37:56.725 [FXGL Background Thread 3 ] DEBUG Engine               - soundMenuBack: menu/back.wav
05:37:56.725 [FXGL Background Thread 3 ] DEBUG Engine               - soundMenuPress: menu/press.wav
05:37:56.725 [FXGL Background Thread 3 ] DEBUG Engine               - soundMenuSelect: menu/select.wav
05:37:56.725 [FXGL Background Thread 3 ] DEBUG Engine               - soundNotification: core/notification.wav
05:37:56.725 [FXGL Background Thread 3 ] DEBUG Engine               - stageStyle: DECORATED
05:37:56.725 [FXGL Background Thread 3 ] DEBUG Engine               - supportedLanguages: [ENGLISH, FRENCH, GERMAN, HUNGARIAN, RUSSIAN]
05:37:56.725 [FXGL Background Thread 3 ] DEBUG Engine               - ticksPerSecond: -1
05:37:56.725 [FXGL Background Thread 3 ] DEBUG Engine               - title: Simulador de Restaurante
05:37:56.727 [FXGL Background Thread 3 ] DEBUG Engine               - urlGithub: https://github.com/AlmasB/FXGL
05:37:56.727 [FXGL Background Thread 3 ] DEBUG Engine               - urlLeaderboard: http://fxgl-top.herokuapp.com/
05:37:56.727 [FXGL Background Thread 3 ] DEBUG Engine               - urlPOM: https://raw.githubusercontent.com/AlmasB/FXGL/release/README.md
05:37:56.727 [FXGL Background Thread 3 ] DEBUG Engine               - userAppClass: class org.example.Main
05:37:56.727 [FXGL Background Thread 3 ] DEBUG Engine               - version: 1.0
05:37:56.727 [FXGL Background Thread 3 ] DEBUG Engine               - versionCheckDays: 7
05:37:56.727 [FXGL Background Thread 3 ] DEBUG Engine               - width: 2000
05:37:56.728 [FXGL Background Thread 3 ] DEBUG Engine               - Logging services
05:37:56.728 [FXGL Background Thread 3 ] DEBUG Engine               - class com.almasb.fxgl.app.services.FXGLAssetLoaderService
05:37:56.728 [FXGL Background Thread 3 ] DEBUG Engine               - class com.almasb.fxgl.app.FXGLApplication$GameApplicationService
05:37:56.728 [FXGL Background Thread 3 ] DEBUG Engine               - class com.almasb.fxgl.app.services.FXGLDialogService
05:37:56.728 [FXGL Background Thread 3 ] DEBUG Engine               - class com.almasb.fxgl.app.services.IOTaskExecutorService
05:37:56.728 [FXGL Background Thread 3 ] DEBUG Engine               - class com.almasb.fxgl.io.FileSystemService
05:37:56.729 [FXGL Background Thread 3 ] DEBUG Engine               - class com.almasb.fxgl.localization.LocalizationService
05:37:56.729 [FXGL Background Thread 3 ] DEBUG Engine               - class com.almasb.fxgl.app.services.SystemBundleService
05:37:56.729 [FXGL Background Thread 3 ] DEBUG Engine               - class com.almasb.fxgl.profile.SaveLoadService
05:37:56.729 [FXGL Background Thread 3 ] DEBUG Engine               - class com.almasb.fxgl.ui.FXGLUIFactoryServiceProvider
05:37:56.729 [FXGL Background Thread 3 ] DEBUG Engine               - class com.almasb.fxgl.ui.FXGLDialogFactoryServiceProvider
05:37:56.729 [FXGL Background Thread 3 ] DEBUG Engine               - class com.almasb.fxgl.audio.AudioPlayer
05:37:56.729 [FXGL Background Thread 3 ] DEBUG Engine               - class com.almasb.fxgl.notification.impl.NotificationServiceProvider
05:37:56.730 [FXGL Background Thread 3 ] DEBUG Engine               - class com.almasb.fxgl.achievement.AchievementService
05:37:56.730 [FXGL Background Thread 3 ] DEBUG Engine               - class com.almasb.fxgl.cutscene.CutsceneService
05:37:56.730 [FXGL Background Thread 3 ] DEBUG Engine               - class com.almasb.fxgl.minigames.MiniGameService
05:37:56.730 [FXGL Background Thread 3 ] DEBUG Engine               - class com.almasb.fxgl.net.NetService
05:37:56.730 [FXGL Background Thread 3 ] DEBUG Engine               - class com.almasb.fxgl.app.services.UpdaterService
05:37:56.730 [FXGL Background Thread 3 ] DEBUG Engine               - class com.almasb.fxgl.dev.DevService
05:38:02.112 [JavaFX Application Thread] DEBUG FXGLApplication      - Exiting FXGL
05:38:02.113 [JavaFX Application Thread] DEBUG LoopRunner           - Stopping loop
05:38:02.113 [JavaFX Application Thread] DEBUG SystemBundleService  - Saving FXGL system data
05:38:02.118 [JavaFX Application Thread] DEBUG FileSystemAccess     - Writing to: C:\Users\deskr\OneDrive\Documentos\7 cuatrimestre\Programacion Concurrente\fxl Simulador\system\fxgl.bundle
05:38:02.121 [JavaFX Application Thread] DEBUG Async                - Shutting down background threads
05:38:02.122 [JavaFX Application Thread] DEBUG PrimaryStageWindow   - Closing main window
05:38:02.160 [JavaFX Application Thread] DEBUG Logger               - Closing Logger
