17:31:28.889 [main                     ] DEBUG Logger               - Configured Logger
17:31:28.915 [main                     ] DEBUG GameApplication      - Logging settings
Title: Simulador de Restaurante
Version: 1.0
Width: 2000
Height: 1000
Fullscreen: false
Intro: false
Profiling: false
Single step:false
App Mode: DEVELOPER
Menu Key: ESCAPE
Stage Style: DECORATED
Scene Factory: class com.almasb.fxgl.app.scene.SceneFactory

17:31:29.816 [JavaFX Application Thread] DEBUG FXGLApplication      - Initializing FXGL
17:31:29.821 [JavaFX Application Thread] INFO  Engine               - FXGL-17.2 (20.08.2022 16.50) on WINDOWS (J:17.0.5 FX:18)
17:31:29.822 [JavaFX Application Thread] DEBUG Engine               - JRE Vendor Name: Oracle Corporation
17:31:29.822 [JavaFX Application Thread] DEBUG Engine               - Running on OS: Windows 11 version 10.0
17:31:29.822 [JavaFX Application Thread] DEBUG Engine               - Architecture: amd64
17:31:29.822 [JavaFX Application Thread] INFO  Engine               - Source code and latest versions at: https://github.com/AlmasB/FXGL
17:31:29.822 [JavaFX Application Thread] INFO  Engine               -       Ask questions and discuss at: https://github.com/AlmasB/FXGL/discussions
17:31:29.822 [JavaFX Application Thread] INFO  Engine               -              Join the FXGL chat at: https://gitter.im/AlmasB/FXGL
17:31:29.946 [JavaFX Application Thread] DEBUG PrimaryStageWindow   - Creating a JavaFX scene
17:31:29.946 [JavaFX Application Thread] DEBUG PrimaryStageWindow   - Target size > screen size
17:31:29.996 [JavaFX Application Thread] DEBUG PrimaryStageWindow   - Target settings size: 2000.0 x 1000.0
17:31:29.996 [JavaFX Application Thread] DEBUG PrimaryStageWindow   - Scaled scene size:    1895.0 x 960.0
17:31:29.996 [JavaFX Application Thread] DEBUG PrimaryStageWindow   - Scaled ratio: (0.9475, 0.96)
17:31:29.997 [JavaFX Application Thread] DEBUG PrimaryStageWindow   - Set initial scene to FXGLStartupScene
17:31:30.006 [JavaFX Application Thread] DEBUG PrimaryStageWindow   - Opening main window
17:31:30.123 [JavaFX Application Thread] DEBUG PrimaryStageWindow   - Window border size: (16.0, 39.0)
17:31:30.124 [JavaFX Application Thread] DEBUG PrimaryStageWindow   - Scaled size: 1895.0 x 960.0
17:31:30.124 [JavaFX Application Thread] DEBUG PrimaryStageWindow   - Scaled ratio: (0.9475, 0.96)
17:31:30.125 [JavaFX Application Thread] DEBUG PrimaryStageWindow   - Scene size: 1895.0 x 960.0
17:31:30.125 [JavaFX Application Thread] DEBUG PrimaryStageWindow   - Stage size: 1911.0 x 999.0
17:31:30.137 [FXGL Background Thread 1 ] DEBUG Engine               - Initializing environment variables
17:31:30.179 [FXGL Background Thread 1 ] DEBUG FXGLAssetLoaderServi - User app class for loading assets: class org.example.Main
17:31:30.180 [FXGL Background Thread 1 ] DEBUG GameApplicationServi - Applying CSS: fxgl_dark.css
17:31:30.183 [FXGL Background Thread 1 ] DEBUG FXGLAssetLoaderServi - Loading from file system: jar:file:/C:/Users/deskr/.m2/repository/com/github/almasb/fxgl/17.2/fxgl-17.2.jar!/fxglassets/ui/css/fxgl_dark.css
17:31:30.230 [FXGL Background Thread 1 ] DEBUG GameApplicationServi - Initializing application scenes
17:31:30.276 [FXGL Background Thread 1 ] DEBUG GameWorld            - Game world initialized
17:31:30.334 [FXGL Background Thread 1 ] DEBUG PhysicsWorld         - Physics world initialized: appHeight=1000, physics.ppm=50.0
17:31:30.334 [FXGL Background Thread 1 ] DEBUG PhysicsWorld         - Using strategy: BRUTE_FORCE
17:31:30.339 [FXGL Background Thread 1 ] DEBUG GameScene            - Game scene initialized: 2000x1000
17:31:30.352 [FXGL Background Thread 1 ] DEBUG FXGL.DefaultMenu     - createMenuBodyGameMenu()
17:31:30.373 [FXGL Background Thread 1 ] DEBUG FXGL.DefaultMenu     - createOptionsMenu()
17:31:30.388 [FXGL Background Thread 1 ] DEBUG FXGLAssetLoaderServi - Loading from file system: jar:file:/C:/Users/deskr/.m2/repository/com/github/almasb/fxgl/17.2/fxgl-17.2.jar!/fxglassets/textures/particles/smoke.png
17:31:30.538 [FXGL Background Thread 1 ] DEBUG FXGLAssetLoaderServi - Loading from file system: jar:file:/C:/Users/deskr/.m2/repository/com/github/almasb/fxgl/17.2/fxgl-17.2.jar!/fxglassets/textures/particles/trace_horizontal.png
17:31:30.572 [FXGL Background Thread 1 ] DEBUG GameApplicationServi - Application scenes initialized
17:31:30.591 [FXGL Background Thread 1 ] DEBUG SystemBundleService  - Loading FXGL system data
17:31:30.598 [FXGL Background Thread 1 ] DEBUG FileSystemAccess     - Reading from: C:\Users\deskr\OneDrive\Documentos\7 cuatrimestre\Programacion Concurrente\fxl Simulador\system\fxgl.bundle
17:31:30.608 [FXGL Background Thread 1 ] DEBUG SystemBundleService  - Bundle FXGL: {}
17:31:30.609 [FXGL Background Thread 1 ] DEBUG UpdaterService       - Checking for updates
17:31:30.614 [FXGL Background Thread 4 ] DEBUG FXGLApplication      - Loading fonts
17:31:30.615 [FXGL Background Thread 4 ] DEBUG FXGLAssetLoaderServi - Loading from file system: jar:file:/C:/Users/deskr/.m2/repository/com/github/almasb/fxgl/17.2/fxgl-17.2.jar!/fxglassets/ui/fonts/VarelaRound-Regular.ttf
17:31:30.616 [FXGL Background Thread 1 ] DEBUG FXGLAssetLoaderServi - Loading from file system: jar:file:/C:/Users/deskr/.m2/repository/com/github/almasb/fxgl/17.2/fxgl-17.2.jar!/fxglassets/languages/english.lang
17:31:30.646 [FXGL Background Thread 1 ] INFO  FXGLApplication      - FXGL initialization took: 0.509 sec
17:31:30.647 [JavaFX Application Thread] DEBUG FXGLAssetLoaderServi - Loading from file system: jar:file:/C:/Users/deskr/.m2/repository/com/github/almasb/fxgl/17.2/fxgl-17.2.jar!/fxglassets/textures/fxgl_icon.png
17:31:30.673 [JavaFX Application Thread] DEBUG FXGLAssetLoaderServi - Loading from file system: jar:file:/C:/Users/deskr/.m2/repository/com/github/almasb/fxgl/17.2/fxgl-17.2.jar!/fxglassets/textures/fxgl_default_cursor.png
17:31:30.690 [JavaFX Application Thread] DEBUG Input                - Registered new binding: Screenshot - CTRL+8
17:31:30.691 [JavaFX Application Thread] DEBUG Input                - Registered new binding: System info dump - CTRL+9
17:31:30.692 [JavaFX Application Thread] DEBUG Input                - Registered new binding: Restart - CTRL+R
17:31:30.692 [FXGL Background Thread 4 ] DEBUG FXGLAssetLoaderServi - Loading from file system: jar:file:/C:/Users/deskr/.m2/repository/com/github/almasb/fxgl/17.2/fxgl-17.2.jar!/fxglassets/ui/fonts/Abel-Regular.ttf
17:31:30.693 [JavaFX Application Thread] DEBUG Input                - Registered new binding: Toggle Debug Camera - CTRL+7
17:31:30.696 [JavaFX Application Thread] DEBUG LoopRunner           - Starting loop
17:31:30.696 [JavaFX Application Thread] DEBUG LoopRunner           - Initializing JavaFX AnimationTimerLoop
17:31:30.697 [FXGL Background Thread 4 ] DEBUG FXGLAssetLoaderServi - Loading from file system: jar:file:/C:/Users/deskr/.m2/repository/com/github/almasb/fxgl/17.2/fxgl-17.2.jar!/fxglassets/ui/fonts/TerminalLandMono-Regular.otf
17:31:30.699 [JavaFX Application Thread] DEBUG GameApplicationServi - Starting new game
17:31:30.699 [JavaFX Application Thread] DEBUG Input                - Clearing active input actions
17:31:30.702 [FXGL Background Thread 4 ] DEBUG FXGLAssetLoaderServi - Loading from file system: jar:file:/C:/Users/deskr/.m2/repository/com/github/almasb/fxgl/17.2/fxgl-17.2.jar!/fxglassets/ui/fonts/Courier-Prime.ttf
17:31:30.712 [JavaFX Application Thread] DEBUG GameApplicationServi - Removing overlay from FXGLStartupScene and adding to FXGLLoadingScene
17:31:30.712 [JavaFX Application Thread] DEBUG PrimaryStageWindow   - FXGLStartupScene -> FXGLLoadingScene
17:31:30.713 [JavaFX Application Thread] DEBUG GameApplicationServi - Clearing previous game
17:31:30.713 [JavaFX Application Thread] DEBUG GameScene            - Clearing game scene
17:31:30.713 [JavaFX Application Thread] DEBUG GameWorld            - Clearing game world
17:31:30.713 [JavaFX Application Thread] DEBUG PhysicsWorld         - Clearing physics world
17:31:30.714 [FXGL Background Thread 4 ] DEBUG FXGLApplication      - Initializing game
17:31:30.718 [FXGL Background Thread 4 ] DEBUG FXGLAssetLoaderServi - Loading from file system: file:/C:/Users/deskr/OneDrive/Documentos/7%20cuatrimestre/Programacion%20Concurrente/fxl%20Simulador/target/classes/assets/textures/fondo.png
17:31:30.742 [FXGL Background Thread 4 ] DEBUG FXGLAssetLoaderServi - Loading from file system: file:/C:/Users/deskr/OneDrive/Documentos/7%20cuatrimestre/Programacion%20Concurrente/fxl%20Simulador/target/classes/assets/textures/recepcionista.png
17:31:30.772 [JavaFX Application Thread] DEBUG FXGLApplication      - Registering font factories with UI factory
17:31:30.775 [FXGL Background Thread 4 ] DEBUG FXGLAssetLoaderServi - Loading from file system: file:/C:/Users/deskr/OneDrive/Documentos/7%20cuatrimestre/Programacion%20Concurrente/fxl%20Simulador/target/classes/assets/textures/chef.png
17:31:30.796 [FXGL Background Thread 4 ] DEBUG FXGLAssetLoaderServi - Loading from file system: file:/C:/Users/deskr/OneDrive/Documentos/7%20cuatrimestre/Programacion%20Concurrente/fxl%20Simulador/target/classes/assets/textures/mesa.png
17:31:30.827 [FXGL Background Thread 4 ] DEBUG FXGLAssetLoaderServi - Loading from file system: file:/C:/Users/deskr/OneDrive/Documentos/7%20cuatrimestre/Programacion%20Concurrente/fxl%20Simulador/target/classes/assets/textures/mesera.png
17:31:30.847 [FXGL Background Thread 4 ] DEBUG FXGLAssetLoaderServi - Loading from file system: file:/C:/Users/deskr/OneDrive/Documentos/7%20cuatrimestre/Programacion%20Concurrente/fxl%20Simulador/target/classes/assets/textures/cliente.png
17:31:30.883 [FXGL Background Thread 4 ] INFO  FXGLApplication      - Game initialization took: 0.168 sec
17:31:31.135 [JavaFX Application Thread] DEBUG Input                - Clearing active input actions
17:31:31.146 [JavaFX Application Thread] DEBUG GameApplicationServi - Removing overlay from FXGLLoadingScene and adding to GameScene
17:31:31.146 [JavaFX Application Thread] DEBUG PrimaryStageWindow   - FXGLLoadingScene -> GameScene
17:31:31.376 [FXGL Background Thread 2 ] INFO  UpdaterService       - Your current version:  17.2
17:31:31.376 [FXGL Background Thread 2 ] INFO  UpdaterService       - Latest stable version: 21.1
17:31:33.613 [FXGL Background Thread 3 ] DEBUG Engine               - Logging environment variables
17:31:33.614 [FXGL Background Thread 3 ] DEBUG Engine               - achievements: []
17:31:33.614 [FXGL Background Thread 3 ] DEBUG Engine               - actualHeight: 960.0
17:31:33.614 [FXGL Background Thread 3 ] DEBUG Engine               - actualHeightProperty: ReadOnlyDoubleProperty [value: 960.0]
17:31:33.614 [FXGL Background Thread 3 ] DEBUG Engine               - actualWidth: 1895.0
17:31:33.614 [FXGL Background Thread 3 ] DEBUG Engine               - actualWidthProperty: ReadOnlyDoubleProperty [value: 1895.0]
17:31:33.614 [FXGL Background Thread 3 ] DEBUG Engine               - appIcon: fxgl_icon.png
17:31:33.614 [FXGL Background Thread 3 ] DEBUG Engine               - applicationMode: DEVELOPER
17:31:33.614 [FXGL Background Thread 3 ] DEBUG Engine               - cSSList: [fxgl_dark.css]
17:31:33.614 [FXGL Background Thread 3 ] DEBUG Engine               - collisionDetectionStrategy: BRUTE_FORCE
17:31:33.614 [FXGL Background Thread 3 ] DEBUG Engine               - configClass: Optional.empty
17:31:33.615 [FXGL Background Thread 3 ] DEBUG Engine               - credits: []
17:31:33.615 [FXGL Background Thread 3 ] DEBUG Engine               - defaultCursor: CursorInfo(imageName=fxgl_default_cursor.png, hotspotX=7.0, hotspotY=6.0)
17:31:33.615 [FXGL Background Thread 3 ] DEBUG Engine               - devBBoxColorProperty: ObjectProperty [value: 0xff0000ff]
17:31:33.615 [FXGL Background Thread 3 ] DEBUG Engine               - devEnableDebugCameraProperty: BooleanProperty [value: false]
17:31:33.616 [FXGL Background Thread 3 ] DEBUG Engine               - devSensorColorProperty: ObjectProperty [value: 0xffff00ff]
17:31:33.616 [FXGL Background Thread 3 ] DEBUG Engine               - devShowBBoxProperty: BooleanProperty [value: false]
17:31:33.616 [FXGL Background Thread 3 ] DEBUG Engine               - devShowPositionProperty: BooleanProperty [value: false]
17:31:33.616 [FXGL Background Thread 3 ] DEBUG Engine               - enabledMenuItems: []
17:31:33.616 [FXGL Background Thread 3 ] DEBUG Engine               - engineServices: [class com.almasb.fxgl.app.services.FXGLAssetLoaderService, class com.almasb.fxgl.app.FXGLApplication$GameApplicationService, class com.almasb.fxgl.app.services.FXGLDialogService, class com.almasb.fxgl.app.services.IOTaskExecutorService, class com.almasb.fxgl.io.FileSystemService, class com.almasb.fxgl.localization.LocalizationService, class com.almasb.fxgl.app.services.SystemBundleService, class com.almasb.fxgl.profile.SaveLoadService, class com.almasb.fxgl.ui.FXGLUIFactoryServiceProvider, class com.almasb.fxgl.ui.FXGLDialogFactoryServiceProvider, class com.almasb.fxgl.audio.AudioPlayer, class com.almasb.fxgl.notification.impl.NotificationServiceProvider, class com.almasb.fxgl.achievement.AchievementService, class com.almasb.fxgl.cutscene.CutsceneService, class com.almasb.fxgl.minigames.MiniGameService, class com.almasb.fxgl.net.NetService, class com.almasb.fxgl.app.services.UpdaterService, class com.almasb.fxgl.dev.DevService]
17:31:33.616 [FXGL Background Thread 3 ] DEBUG Engine               - fontGame: Abel-Regular.ttf
17:31:33.616 [FXGL Background Thread 3 ] DEBUG Engine               - fontMono: TerminalLandMono-Regular.otf
17:31:33.616 [FXGL Background Thread 3 ] DEBUG Engine               - fontText: Courier-Prime.ttf
17:31:33.616 [FXGL Background Thread 3 ] DEBUG Engine               - fontUI: VarelaRound-Regular.ttf
17:31:33.616 [FXGL Background Thread 3 ] DEBUG Engine               - fullScreen: BooleanProperty [value: false]
17:31:33.616 [FXGL Background Thread 3 ] DEBUG Engine               - gameDifficulty: MEDIUM
17:31:33.616 [FXGL Background Thread 3 ] DEBUG Engine               - gameDifficultyProperty: ObjectProperty [value: MEDIUM]
17:31:33.616 [FXGL Background Thread 3 ] DEBUG Engine               - globalMusicVolume: 0.5
17:31:33.616 [FXGL Background Thread 3 ] DEBUG Engine               - globalMusicVolumeProperty: DoubleProperty [value: 0.5]
17:31:33.616 [FXGL Background Thread 3 ] DEBUG Engine               - globalSoundVolume: 0.5
17:31:33.617 [FXGL Background Thread 3 ] DEBUG Engine               - globalSoundVolumeProperty: DoubleProperty [value: 0.5]
17:31:33.617 [FXGL Background Thread 3 ] DEBUG Engine               - height: 1000
17:31:33.617 [FXGL Background Thread 3 ] DEBUG Engine               - is3D: false
17:31:33.617 [FXGL Background Thread 3 ] DEBUG Engine               - isAndroid: false
17:31:33.617 [FXGL Background Thread 3 ] DEBUG Engine               - isBrowser: false
17:31:33.617 [FXGL Background Thread 3 ] DEBUG Engine               - isClickFeedbackEnabled: false
17:31:33.617 [FXGL Background Thread 3 ] DEBUG Engine               - isCloseConfirmation: false
17:31:33.617 [FXGL Background Thread 3 ] DEBUG Engine               - isDesktop: true
17:31:33.617 [FXGL Background Thread 3 ] DEBUG Engine               - isDeveloperMenuEnabled: false
17:31:33.617 [FXGL Background Thread 3 ] DEBUG Engine               - isEmbedded: false
17:31:33.617 [FXGL Background Thread 3 ] DEBUG Engine               - isEntityPreloadEnabled: true
17:31:33.617 [FXGL Background Thread 3 ] DEBUG Engine               - isExperimentalTiledLargeMap: false
17:31:33.617 [FXGL Background Thread 3 ] DEBUG Engine               - isFileSystemWriteAllowed: true
17:31:33.617 [FXGL Background Thread 3 ] DEBUG Engine               - isFullScreenAllowed: false
17:31:33.617 [FXGL Background Thread 3 ] DEBUG Engine               - isFullScreenFromStart: false
17:31:33.617 [FXGL Background Thread 3 ] DEBUG Engine               - isGameMenuEnabled: true
17:31:33.617 [FXGL Background Thread 3 ] DEBUG Engine               - isIOS: false
17:31:33.617 [FXGL Background Thread 3 ] DEBUG Engine               - isIntroEnabled: false
17:31:33.617 [FXGL Background Thread 3 ] DEBUG Engine               - isLinux: false
17:31:33.618 [FXGL Background Thread 3 ] DEBUG Engine               - isMac: false
17:31:33.618 [FXGL Background Thread 3 ] DEBUG Engine               - isMainMenuEnabled: false
17:31:33.618 [FXGL Background Thread 3 ] DEBUG Engine               - isManualResizeEnabled: false
17:31:33.618 [FXGL Background Thread 3 ] DEBUG Engine               - isMobile: false
17:31:33.618 [FXGL Background Thread 3 ] DEBUG Engine               - isNative: false
17:31:33.618 [FXGL Background Thread 3 ] DEBUG Engine               - isPauseMusicWhenMinimized: true
17:31:33.618 [FXGL Background Thread 3 ] DEBUG Engine               - isPreserveResizeRatio: false
17:31:33.618 [FXGL Background Thread 3 ] DEBUG Engine               - isProfilingEnabled: false
17:31:33.618 [FXGL Background Thread 3 ] DEBUG Engine               - isScaleAffectedOnResize: true
17:31:33.618 [FXGL Background Thread 3 ] DEBUG Engine               - isSingleStep: false
17:31:33.618 [FXGL Background Thread 3 ] DEBUG Engine               - isUserProfileEnabled: false
17:31:33.618 [FXGL Background Thread 3 ] DEBUG Engine               - isWindows: true
17:31:33.618 [FXGL Background Thread 3 ] DEBUG Engine               - language: ObjectProperty [value: ENGLISH]
17:31:33.618 [FXGL Background Thread 3 ] DEBUG Engine               - menuKey: ESCAPE
17:31:33.618 [FXGL Background Thread 3 ] DEBUG Engine               - mouseSensitivity: 0.2
17:31:33.618 [FXGL Background Thread 3 ] DEBUG Engine               - notificationViewClass: class com.almasb.fxgl.notification.view.XboxNotificationView
17:31:33.618 [FXGL Background Thread 3 ] DEBUG Engine               - pixelsPerMeter: 50.0
17:31:33.618 [FXGL Background Thread 3 ] DEBUG Engine               - platform: WINDOWS
17:31:33.619 [FXGL Background Thread 3 ] DEBUG Engine               - prefHeightProperty: ReadOnlyDoubleProperty [value: 1000.0]
17:31:33.619 [FXGL Background Thread 3 ] DEBUG Engine               - prefWidthProperty: ReadOnlyDoubleProperty [value: 2000.0]
17:31:33.619 [FXGL Background Thread 3 ] DEBUG Engine               - profileDir: profiles/
17:31:33.619 [FXGL Background Thread 3 ] DEBUG Engine               - profileName: StringProperty [value: DEFAULT]
17:31:33.619 [FXGL Background Thread 3 ] DEBUG Engine               - randomSeed: -1
17:31:33.619 [FXGL Background Thread 3 ] DEBUG Engine               - runtimeInfo: RuntimeInfo(platform=WINDOWS, version=17.2, build=20.08.2022 16.50)
17:31:33.619 [FXGL Background Thread 3 ] DEBUG Engine               - saveFileExt: sav
17:31:33.619 [FXGL Background Thread 3 ] DEBUG Engine               - scaledHeightProp$fxgl: DoubleProperty [bound, value: 960.0]
17:31:33.619 [FXGL Background Thread 3 ] DEBUG Engine               - scaledWidthProp$fxgl: DoubleProperty [bound, value: 1895.0]
17:31:33.620 [FXGL Background Thread 3 ] DEBUG Engine               - sceneFactory: com.almasb.fxgl.app.scene.SceneFactory@2c6df79
17:31:33.620 [FXGL Background Thread 3 ] DEBUG Engine               - secondsIn24h: 60
17:31:33.620 [FXGL Background Thread 3 ] DEBUG Engine               - soundMenuBack: menu/back.wav
17:31:33.620 [FXGL Background Thread 3 ] DEBUG Engine               - soundMenuPress: menu/press.wav
17:31:33.620 [FXGL Background Thread 3 ] DEBUG Engine               - soundMenuSelect: menu/select.wav
17:31:33.620 [FXGL Background Thread 3 ] DEBUG Engine               - soundNotification: core/notification.wav
17:31:33.620 [FXGL Background Thread 3 ] DEBUG Engine               - stageStyle: DECORATED
17:31:33.620 [FXGL Background Thread 3 ] DEBUG Engine               - supportedLanguages: [ENGLISH, FRENCH, GERMAN, HUNGARIAN, RUSSIAN]
17:31:33.620 [FXGL Background Thread 3 ] DEBUG Engine               - ticksPerSecond: -1
17:31:33.620 [FXGL Background Thread 3 ] DEBUG Engine               - title: Simulador de Restaurante
17:31:33.620 [FXGL Background Thread 3 ] DEBUG Engine               - urlGithub: https://github.com/AlmasB/FXGL
17:31:33.620 [FXGL Background Thread 3 ] DEBUG Engine               - urlLeaderboard: http://fxgl-top.herokuapp.com/
17:31:33.620 [FXGL Background Thread 3 ] DEBUG Engine               - urlPOM: https://raw.githubusercontent.com/AlmasB/FXGL/release/README.md
17:31:33.620 [FXGL Background Thread 3 ] DEBUG Engine               - userAppClass: class org.example.Main
17:31:33.620 [FXGL Background Thread 3 ] DEBUG Engine               - version: 1.0
17:31:33.620 [FXGL Background Thread 3 ] DEBUG Engine               - versionCheckDays: 7
17:31:33.620 [FXGL Background Thread 3 ] DEBUG Engine               - width: 2000
17:31:33.620 [FXGL Background Thread 3 ] DEBUG Engine               - Logging services
17:31:33.620 [FXGL Background Thread 3 ] DEBUG Engine               - class com.almasb.fxgl.app.services.FXGLAssetLoaderService
17:31:33.620 [FXGL Background Thread 3 ] DEBUG Engine               - class com.almasb.fxgl.app.FXGLApplication$GameApplicationService
17:31:33.621 [FXGL Background Thread 3 ] DEBUG Engine               - class com.almasb.fxgl.app.services.FXGLDialogService
17:31:33.621 [FXGL Background Thread 3 ] DEBUG Engine               - class com.almasb.fxgl.app.services.IOTaskExecutorService
17:31:33.621 [FXGL Background Thread 3 ] DEBUG Engine               - class com.almasb.fxgl.io.FileSystemService
17:31:33.621 [FXGL Background Thread 3 ] DEBUG Engine               - class com.almasb.fxgl.localization.LocalizationService
17:31:33.621 [FXGL Background Thread 3 ] DEBUG Engine               - class com.almasb.fxgl.app.services.SystemBundleService
17:31:33.621 [FXGL Background Thread 3 ] DEBUG Engine               - class com.almasb.fxgl.profile.SaveLoadService
17:31:33.621 [FXGL Background Thread 3 ] DEBUG Engine               - class com.almasb.fxgl.ui.FXGLUIFactoryServiceProvider
17:31:33.621 [FXGL Background Thread 3 ] DEBUG Engine               - class com.almasb.fxgl.ui.FXGLDialogFactoryServiceProvider
17:31:33.621 [FXGL Background Thread 3 ] DEBUG Engine               - class com.almasb.fxgl.audio.AudioPlayer
17:31:33.621 [FXGL Background Thread 3 ] DEBUG Engine               - class com.almasb.fxgl.notification.impl.NotificationServiceProvider
17:31:33.621 [FXGL Background Thread 3 ] DEBUG Engine               - class com.almasb.fxgl.achievement.AchievementService
17:31:33.621 [FXGL Background Thread 3 ] DEBUG Engine               - class com.almasb.fxgl.cutscene.CutsceneService
17:31:33.621 [FXGL Background Thread 3 ] DEBUG Engine               - class com.almasb.fxgl.minigames.MiniGameService
17:31:33.621 [FXGL Background Thread 3 ] DEBUG Engine               - class com.almasb.fxgl.net.NetService
17:31:33.621 [FXGL Background Thread 3 ] DEBUG Engine               - class com.almasb.fxgl.app.services.UpdaterService
17:31:33.621 [FXGL Background Thread 3 ] DEBUG Engine               - class com.almasb.fxgl.dev.DevService
17:31:37.009 [pool-3-thread-1          ] INFO  LoggerDepuracionFXGL - Comensal llegó a la mesa
17:31:41.701 [pool-4-thread-1          ] INFO  LoggerDepuracionFXGL - Comensal llegó a la mesa
17:31:45.902 [pool-6-thread-1          ] INFO  LoggerDepuracionFXGL - Comensal llegó a la mesa
17:31:46.821 [pool-5-thread-1          ] INFO  LoggerDepuracionFXGL - Comensal llegó a la mesa
17:31:50.912 [pool-7-thread-1          ] INFO  LoggerDepuracionFXGL - Comensal llegó a la mesa
17:31:56.108 [pool-9-thread-1          ] INFO  LoggerDepuracionFXGL - Comensal llegó a la mesa
17:31:56.428 [pool-8-thread-1          ] INFO  LoggerDepuracionFXGL - Comensal llegó a la mesa
17:32:00.418 [pool-10-thread-1         ] INFO  LoggerDepuracionFXGL - Comensal llegó a la mesa
17:32:11.166 [JavaFX Application Thread] DEBUG FXGLApplication      - Exiting FXGL
17:32:11.167 [JavaFX Application Thread] DEBUG LoopRunner           - Stopping loop
17:32:11.167 [JavaFX Application Thread] DEBUG SystemBundleService  - Saving FXGL system data
17:32:11.173 [JavaFX Application Thread] DEBUG FileSystemAccess     - Writing to: C:\Users\deskr\OneDrive\Documentos\7 cuatrimestre\Programacion Concurrente\fxl Simulador\system\fxgl.bundle
17:32:11.175 [JavaFX Application Thread] DEBUG Async                - Shutting down background threads
17:32:11.175 [JavaFX Application Thread] DEBUG PrimaryStageWindow   - Closing main window
17:32:11.191 [JavaFX Application Thread] DEBUG Logger               - Closing Logger
