05:24:14.479 [main                     ] DEBUG Logger               - Configured Logger
05:24:14.519 [main                     ] DEBUG GameApplication      - Logging settings
Title: Simulador de Restaurante
Version: 1.0
Width: 2000
Height: 1000
Fullscreen: false
Intro: false
Profiling: false
Single step:false
App Mode: DEVELOPER
Menu Key: ESCAPE
Stage Style: DECORATED
Scene Factory: class com.almasb.fxgl.app.scene.SceneFactory

05:24:15.296 [JavaFX Application Thread] DEBUG FXGLApplication      - Initializing FXGL
05:24:15.306 [JavaFX Application Thread] INFO  Engine               - FXGL-17.2 (20.08.2022 16.50) on WINDOWS (J:17.0.12 FX:18)
05:24:15.306 [JavaFX Application Thread] DEBUG Engine               - JRE Vendor Name: Oracle Corporation
05:24:15.307 [JavaFX Application Thread] DEBUG Engine               - Running on OS: Windows 11 version 10.0
05:24:15.307 [JavaFX Application Thread] DEBUG Engine               - Architecture: amd64
05:24:15.307 [JavaFX Application Thread] INFO  Engine               - Source code and latest versions at: https://github.com/AlmasB/FXGL
05:24:15.307 [JavaFX Application Thread] INFO  Engine               -       Ask questions and discuss at: https://github.com/AlmasB/FXGL/discussions
05:24:15.307 [JavaFX Application Thread] INFO  Engine               -              Join the FXGL chat at: https://gitter.im/AlmasB/FXGL
05:24:15.479 [JavaFX Application Thread] DEBUG PrimaryStageWindow   - Creating a JavaFX scene
05:24:15.479 [JavaFX Application Thread] DEBUG PrimaryStageWindow   - Target size > screen size
05:24:15.550 [JavaFX Application Thread] DEBUG PrimaryStageWindow   - Target settings size: 2000.0 x 1000.0
05:24:15.551 [JavaFX Application Thread] DEBUG PrimaryStageWindow   - Scaled scene size:    1511.0 x 768.0
05:24:15.551 [JavaFX Application Thread] DEBUG PrimaryStageWindow   - Scaled ratio: (0.7555, 0.768)
05:24:15.553 [JavaFX Application Thread] DEBUG PrimaryStageWindow   - Set initial scene to FXGLStartupScene
05:24:15.564 [JavaFX Application Thread] DEBUG PrimaryStageWindow   - Opening main window
05:24:15.700 [JavaFX Application Thread] DEBUG PrimaryStageWindow   - Window border size: (14.5999755859375, 37.5999755859375)
05:24:15.701 [JavaFX Application Thread] DEBUG PrimaryStageWindow   - Scaled size: 1511.0 x 768.0
05:24:15.703 [JavaFX Application Thread] DEBUG PrimaryStageWindow   - Scaled ratio: (0.7555, 0.768)
05:24:15.704 [JavaFX Application Thread] DEBUG PrimaryStageWindow   - Scene size: 1511.0 x 768.0
05:24:15.705 [JavaFX Application Thread] DEBUG PrimaryStageWindow   - Stage size: 1525.5999755859375 x 805.5999755859375
05:24:15.722 [FXGL Background Thread 1 ] DEBUG Engine               - Initializing environment variables
05:24:15.816 [FXGL Background Thread 1 ] DEBUG FXGLAssetLoaderServi - User app class for loading assets: class org.example.Main
05:24:15.817 [FXGL Background Thread 1 ] DEBUG GameApplicationServi - Applying CSS: fxgl_dark.css
05:24:15.820 [FXGL Background Thread 1 ] DEBUG FXGLAssetLoaderServi - Loading from file system: jar:file:/C:/Users/gerso/.m2/repository/com/github/almasb/fxgl/17.2/fxgl-17.2.jar!/fxglassets/ui/css/fxgl_dark.css
05:24:15.910 [FXGL Background Thread 1 ] DEBUG GameApplicationServi - Initializing application scenes
05:24:16.012 [FXGL Background Thread 1 ] DEBUG GameWorld            - Game world initialized
05:24:16.129 [FXGL Background Thread 1 ] DEBUG PhysicsWorld         - Physics world initialized: appHeight=1000, physics.ppm=50.0
05:24:16.129 [FXGL Background Thread 1 ] DEBUG PhysicsWorld         - Using strategy: BRUTE_FORCE
05:24:16.139 [FXGL Background Thread 1 ] DEBUG GameScene            - Game scene initialized: 2000x1000
05:24:16.158 [FXGL Background Thread 1 ] DEBUG FXGL.DefaultMenu     - createMenuBodyGameMenu()
05:24:16.184 [FXGL Background Thread 1 ] DEBUG FXGL.DefaultMenu     - createOptionsMenu()
05:24:16.200 [FXGL Background Thread 1 ] DEBUG FXGLAssetLoaderServi - Loading from file system: jar:file:/C:/Users/gerso/.m2/repository/com/github/almasb/fxgl/17.2/fxgl-17.2.jar!/fxglassets/textures/particles/smoke.png
05:24:16.366 [FXGL Background Thread 1 ] DEBUG FXGLAssetLoaderServi - Loading from file system: jar:file:/C:/Users/gerso/.m2/repository/com/github/almasb/fxgl/17.2/fxgl-17.2.jar!/fxglassets/textures/particles/trace_horizontal.png
05:24:16.402 [FXGL Background Thread 1 ] DEBUG GameApplicationServi - Application scenes initialized
05:24:16.420 [FXGL Background Thread 1 ] DEBUG SystemBundleService  - Loading FXGL system data
05:24:16.426 [FXGL Background Thread 1 ] DEBUG FileSystemAccess     - Reading from: C:\Users\gerso\OneDrive\Documentos\Cuatrimestre 7\Concurrente\Java\Simulador_Restaurante\system\fxgl.bundle
05:24:16.435 [FXGL Background Thread 1 ] DEBUG SystemBundleService  - Bundle FXGL: {}
05:24:16.435 [FXGL Background Thread 1 ] DEBUG UpdaterService       - Checking for updates
05:24:16.442 [FXGL Background Thread 4 ] DEBUG FXGLApplication      - Loading fonts
05:24:16.442 [FXGL Background Thread 1 ] DEBUG FXGLApplication      - Loading default localization
05:24:16.443 [FXGL Background Thread 4 ] DEBUG FXGLAssetLoaderServi - Loading from file system: jar:file:/C:/Users/gerso/.m2/repository/com/github/almasb/fxgl/17.2/fxgl-17.2.jar!/fxglassets/ui/fonts/VarelaRound-Regular.ttf
05:24:16.445 [FXGL Background Thread 1 ] DEBUG FXGLAssetLoaderServi - Loading from file system: jar:file:/C:/Users/gerso/.m2/repository/com/github/almasb/fxgl/17.2/fxgl-17.2.jar!/fxglassets/languages/english.lang
05:24:16.493 [FXGL Background Thread 1 ] INFO  FXGLApplication      - FXGL initialization took: 0.772 sec
05:24:16.494 [JavaFX Application Thread] DEBUG FXGLAssetLoaderServi - Loading from file system: jar:file:/C:/Users/gerso/.m2/repository/com/github/almasb/fxgl/17.2/fxgl-17.2.jar!/fxglassets/textures/fxgl_icon.png
05:24:16.520 [JavaFX Application Thread] DEBUG FXGLAssetLoaderServi - Loading from file system: jar:file:/C:/Users/gerso/.m2/repository/com/github/almasb/fxgl/17.2/fxgl-17.2.jar!/fxglassets/textures/fxgl_default_cursor.png
05:24:16.539 [JavaFX Application Thread] DEBUG Input                - Registered new binding: Screenshot - CTRL+8
05:24:16.540 [JavaFX Application Thread] DEBUG Input                - Registered new binding: System info dump - CTRL+9
05:24:16.541 [JavaFX Application Thread] DEBUG Input                - Registered new binding: Restart - CTRL+R
05:24:16.543 [JavaFX Application Thread] DEBUG Input                - Registered new binding: Toggle Debug Camera - CTRL+7
05:24:16.549 [JavaFX Application Thread] DEBUG LoopRunner           - Starting loop
05:24:16.549 [JavaFX Application Thread] DEBUG LoopRunner           - Initializing JavaFX AnimationTimerLoop
05:24:16.554 [JavaFX Application Thread] DEBUG GameApplicationServi - Starting new game
05:24:16.555 [JavaFX Application Thread] DEBUG Input                - Clearing active input actions
05:24:16.558 [FXGL Background Thread 4 ] DEBUG FXGLAssetLoaderServi - Loading from file system: jar:file:/C:/Users/gerso/.m2/repository/com/github/almasb/fxgl/17.2/fxgl-17.2.jar!/fxglassets/ui/fonts/Abel-Regular.ttf
05:24:16.566 [FXGL Background Thread 4 ] DEBUG FXGLAssetLoaderServi - Loading from file system: jar:file:/C:/Users/gerso/.m2/repository/com/github/almasb/fxgl/17.2/fxgl-17.2.jar!/fxglassets/ui/fonts/TerminalLandMono-Regular.otf
05:24:16.574 [JavaFX Application Thread] DEBUG GameApplicationServi - Removing overlay from FXGLStartupScene and adding to FXGLLoadingScene
05:24:16.575 [JavaFX Application Thread] DEBUG PrimaryStageWindow   - FXGLStartupScene -> FXGLLoadingScene
05:24:16.575 [JavaFX Application Thread] DEBUG GameApplicationServi - Clearing previous game
05:24:16.575 [JavaFX Application Thread] DEBUG GameScene            - Clearing game scene
05:24:16.576 [JavaFX Application Thread] DEBUG GameWorld            - Clearing game world
05:24:16.576 [FXGL Background Thread 4 ] DEBUG FXGLAssetLoaderServi - Loading from file system: jar:file:/C:/Users/gerso/.m2/repository/com/github/almasb/fxgl/17.2/fxgl-17.2.jar!/fxglassets/ui/fonts/Courier-Prime.ttf
05:24:16.576 [JavaFX Application Thread] DEBUG PhysicsWorld         - Clearing physics world
05:24:16.579 [FXGL Background Thread 1 ] DEBUG FXGLApplication      - Initializing game
05:24:16.583 [FXGL Background Thread 1 ] DEBUG FXGLAssetLoaderServi - Loading from file system: file:/C:/Users/gerso/OneDrive/Documentos/Cuatrimestre%207/Concurrente/Java/Simulador_Restaurante/target/classes/assets/textures/fondo.png
05:24:16.608 [FXGL Background Thread 1 ] DEBUG FXGLAssetLoaderServi - Loading from file system: file:/C:/Users/gerso/OneDrive/Documentos/Cuatrimestre%207/Concurrente/Java/Simulador_Restaurante/target/classes/assets/textures/recepcionista.png
05:24:16.636 [FXGL Background Thread 1 ] DEBUG FXGLAssetLoaderServi - Loading from file system: file:/C:/Users/gerso/OneDrive/Documentos/Cuatrimestre%207/Concurrente/Java/Simulador_Restaurante/target/classes/assets/textures/chef.png
05:24:16.651 [FXGL Background Thread 1 ] DEBUG FXGLAssetLoaderServi - Loading from file system: file:/C:/Users/gerso/OneDrive/Documentos/Cuatrimestre%207/Concurrente/Java/Simulador_Restaurante/target/classes/assets/textures/mesera.png
05:24:16.654 [JavaFX Application Thread] DEBUG FXGLApplication      - Registering font factories with UI factory
05:24:16.671 [FXGL Background Thread 1 ] DEBUG FXGLAssetLoaderServi - Loading from file system: file:/C:/Users/gerso/OneDrive/Documentos/Cuatrimestre%207/Concurrente/Java/Simulador_Restaurante/target/classes/assets/textures/mesa.png
05:24:16.718 [FXGL Background Thread 1 ] DEBUG FXGLAssetLoaderServi - Loading from file system: file:/C:/Users/gerso/OneDrive/Documentos/Cuatrimestre%207/Concurrente/Java/Simulador_Restaurante/target/classes/assets/textures/cliente.png
05:24:16.753 [pool-2-thread-1          ] INFO  LoggerDepuracionFXGL - Controller: El comensal Comensal1 fue asignado a la mesa 0
05:24:16.766 [FXGL Background Thread 1 ] INFO  FXGLApplication      - Game initialization took: 0.187 sec
05:24:16.779 [JavaFX Application Thread] DEBUG Input                - Clearing active input actions
05:24:16.791 [JavaFX Application Thread] DEBUG GameApplicationServi - Removing overlay from FXGLLoadingScene and adding to GameScene
05:24:16.792 [JavaFX Application Thread] DEBUG PrimaryStageWindow   - FXGLLoadingScene -> GameScene
05:24:17.137 [FXGL Background Thread 2 ] INFO  UpdaterService       - Your current version:  17.2
05:24:17.137 [FXGL Background Thread 2 ] INFO  UpdaterService       - Latest stable version: 21.1
05:24:19.440 [FXGL Background Thread 3 ] DEBUG Engine               - Logging environment variables
05:24:19.440 [FXGL Background Thread 3 ] DEBUG Engine               - achievements: []
05:24:19.440 [FXGL Background Thread 3 ] DEBUG Engine               - actualHeight: 768.0
05:24:19.440 [FXGL Background Thread 3 ] DEBUG Engine               - actualHeightProperty: ReadOnlyDoubleProperty [value: 768.0]
05:24:19.440 [FXGL Background Thread 3 ] DEBUG Engine               - actualWidth: 1511.0
05:24:19.440 [FXGL Background Thread 3 ] DEBUG Engine               - actualWidthProperty: ReadOnlyDoubleProperty [value: 1511.0]
05:24:19.440 [FXGL Background Thread 3 ] DEBUG Engine               - appIcon: fxgl_icon.png
05:24:19.441 [FXGL Background Thread 3 ] DEBUG Engine               - applicationMode: DEVELOPER
05:24:19.441 [FXGL Background Thread 3 ] DEBUG Engine               - cSSList: [fxgl_dark.css]
05:24:19.441 [FXGL Background Thread 3 ] DEBUG Engine               - collisionDetectionStrategy: BRUTE_FORCE
05:24:19.441 [FXGL Background Thread 3 ] DEBUG Engine               - configClass: Optional.empty
05:24:19.441 [FXGL Background Thread 3 ] DEBUG Engine               - credits: []
05:24:19.441 [FXGL Background Thread 3 ] DEBUG Engine               - defaultCursor: CursorInfo(imageName=fxgl_default_cursor.png, hotspotX=7.0, hotspotY=6.0)
05:24:19.441 [FXGL Background Thread 3 ] DEBUG Engine               - devBBoxColorProperty: ObjectProperty [value: 0xff0000ff]
05:24:19.441 [FXGL Background Thread 3 ] DEBUG Engine               - devEnableDebugCameraProperty: BooleanProperty [value: false]
05:24:19.441 [FXGL Background Thread 3 ] DEBUG Engine               - devSensorColorProperty: ObjectProperty [value: 0xffff00ff]
05:24:19.441 [FXGL Background Thread 3 ] DEBUG Engine               - devShowBBoxProperty: BooleanProperty [value: false]
05:24:19.441 [FXGL Background Thread 3 ] DEBUG Engine               - devShowPositionProperty: BooleanProperty [value: false]
05:24:19.441 [FXGL Background Thread 3 ] DEBUG Engine               - enabledMenuItems: []
05:24:19.441 [FXGL Background Thread 3 ] DEBUG Engine               - engineServices: [class com.almasb.fxgl.app.services.FXGLAssetLoaderService, class com.almasb.fxgl.app.FXGLApplication$GameApplicationService, class com.almasb.fxgl.app.services.FXGLDialogService, class com.almasb.fxgl.app.services.IOTaskExecutorService, class com.almasb.fxgl.io.FileSystemService, class com.almasb.fxgl.localization.LocalizationService, class com.almasb.fxgl.app.services.SystemBundleService, class com.almasb.fxgl.profile.SaveLoadService, class com.almasb.fxgl.ui.FXGLUIFactoryServiceProvider, class com.almasb.fxgl.ui.FXGLDialogFactoryServiceProvider, class com.almasb.fxgl.audio.AudioPlayer, class com.almasb.fxgl.notification.impl.NotificationServiceProvider, class com.almasb.fxgl.achievement.AchievementService, class com.almasb.fxgl.cutscene.CutsceneService, class com.almasb.fxgl.minigames.MiniGameService, class com.almasb.fxgl.net.NetService, class com.almasb.fxgl.app.services.UpdaterService, class com.almasb.fxgl.dev.DevService]
05:24:19.442 [FXGL Background Thread 3 ] DEBUG Engine               - fontGame: Abel-Regular.ttf
05:24:19.442 [FXGL Background Thread 3 ] DEBUG Engine               - fontMono: TerminalLandMono-Regular.otf
05:24:19.442 [FXGL Background Thread 3 ] DEBUG Engine               - fontText: Courier-Prime.ttf
05:24:19.442 [FXGL Background Thread 3 ] DEBUG Engine               - fontUI: VarelaRound-Regular.ttf
05:24:19.442 [FXGL Background Thread 3 ] DEBUG Engine               - fullScreen: BooleanProperty [value: false]
05:24:19.442 [FXGL Background Thread 3 ] DEBUG Engine               - gameDifficulty: MEDIUM
05:24:19.442 [FXGL Background Thread 3 ] DEBUG Engine               - gameDifficultyProperty: ObjectProperty [value: MEDIUM]
05:24:19.442 [FXGL Background Thread 3 ] DEBUG Engine               - globalMusicVolume: 0.5
05:24:19.442 [FXGL Background Thread 3 ] DEBUG Engine               - globalMusicVolumeProperty: DoubleProperty [value: 0.5]
05:24:19.442 [FXGL Background Thread 3 ] DEBUG Engine               - globalSoundVolume: 0.5
05:24:19.442 [FXGL Background Thread 3 ] DEBUG Engine               - globalSoundVolumeProperty: DoubleProperty [value: 0.5]
05:24:19.442 [FXGL Background Thread 3 ] DEBUG Engine               - height: 1000
05:24:19.442 [FXGL Background Thread 3 ] DEBUG Engine               - is3D: false
05:24:19.442 [FXGL Background Thread 3 ] DEBUG Engine               - isAndroid: false
05:24:19.442 [FXGL Background Thread 3 ] DEBUG Engine               - isBrowser: false
05:24:19.442 [FXGL Background Thread 3 ] DEBUG Engine               - isClickFeedbackEnabled: false
05:24:19.442 [FXGL Background Thread 3 ] DEBUG Engine               - isCloseConfirmation: false
05:24:19.443 [FXGL Background Thread 3 ] DEBUG Engine               - isDesktop: true
05:24:19.443 [FXGL Background Thread 3 ] DEBUG Engine               - isDeveloperMenuEnabled: false
05:24:19.443 [FXGL Background Thread 3 ] DEBUG Engine               - isEmbedded: false
05:24:19.443 [FXGL Background Thread 3 ] DEBUG Engine               - isEntityPreloadEnabled: true
05:24:19.443 [FXGL Background Thread 3 ] DEBUG Engine               - isExperimentalTiledLargeMap: false
05:24:19.443 [FXGL Background Thread 3 ] DEBUG Engine               - isFileSystemWriteAllowed: true
05:24:19.443 [FXGL Background Thread 3 ] DEBUG Engine               - isFullScreenAllowed: false
05:24:19.443 [FXGL Background Thread 3 ] DEBUG Engine               - isFullScreenFromStart: false
05:24:19.443 [FXGL Background Thread 3 ] DEBUG Engine               - isGameMenuEnabled: true
05:24:19.443 [FXGL Background Thread 3 ] DEBUG Engine               - isIOS: false
05:24:19.443 [FXGL Background Thread 3 ] DEBUG Engine               - isIntroEnabled: false
05:24:19.443 [FXGL Background Thread 3 ] DEBUG Engine               - isLinux: false
05:24:19.443 [FXGL Background Thread 3 ] DEBUG Engine               - isMac: false
05:24:19.443 [FXGL Background Thread 3 ] DEBUG Engine               - isMainMenuEnabled: false
05:24:19.443 [FXGL Background Thread 3 ] DEBUG Engine               - isManualResizeEnabled: false
05:24:19.443 [FXGL Background Thread 3 ] DEBUG Engine               - isMobile: false
05:24:19.443 [FXGL Background Thread 3 ] DEBUG Engine               - isNative: false
05:24:19.443 [FXGL Background Thread 3 ] DEBUG Engine               - isPauseMusicWhenMinimized: true
05:24:19.443 [FXGL Background Thread 3 ] DEBUG Engine               - isPreserveResizeRatio: false
05:24:19.443 [FXGL Background Thread 3 ] DEBUG Engine               - isProfilingEnabled: false
05:24:19.443 [FXGL Background Thread 3 ] DEBUG Engine               - isScaleAffectedOnResize: true
05:24:19.443 [FXGL Background Thread 3 ] DEBUG Engine               - isSingleStep: false
05:24:19.443 [FXGL Background Thread 3 ] DEBUG Engine               - isUserProfileEnabled: false
05:24:19.443 [FXGL Background Thread 3 ] DEBUG Engine               - isWindows: true
05:24:19.444 [FXGL Background Thread 3 ] DEBUG Engine               - language: ObjectProperty [value: ENGLISH]
05:24:19.444 [FXGL Background Thread 3 ] DEBUG Engine               - menuKey: ESCAPE
05:24:19.444 [FXGL Background Thread 3 ] DEBUG Engine               - mouseSensitivity: 0.2
05:24:19.444 [FXGL Background Thread 3 ] DEBUG Engine               - notificationViewClass: class com.almasb.fxgl.notification.view.XboxNotificationView
05:24:19.444 [FXGL Background Thread 3 ] DEBUG Engine               - pixelsPerMeter: 50.0
05:24:19.444 [FXGL Background Thread 3 ] DEBUG Engine               - platform: WINDOWS
05:24:19.444 [FXGL Background Thread 3 ] DEBUG Engine               - prefHeightProperty: ReadOnlyDoubleProperty [value: 1000.0]
05:24:19.444 [FXGL Background Thread 3 ] DEBUG Engine               - prefWidthProperty: ReadOnlyDoubleProperty [value: 2000.0]
05:24:19.444 [FXGL Background Thread 3 ] DEBUG Engine               - profileDir: profiles/
05:24:19.444 [FXGL Background Thread 3 ] DEBUG Engine               - profileName: StringProperty [value: DEFAULT]
05:24:19.444 [FXGL Background Thread 3 ] DEBUG Engine               - randomSeed: -1
05:24:19.444 [FXGL Background Thread 3 ] DEBUG Engine               - runtimeInfo: RuntimeInfo(platform=WINDOWS, version=17.2, build=20.08.2022 16.50)
05:24:19.444 [FXGL Background Thread 3 ] DEBUG Engine               - saveFileExt: sav
05:24:19.444 [FXGL Background Thread 3 ] DEBUG Engine               - scaledHeightProp$fxgl: DoubleProperty [bound, value: 768.0]
05:24:19.444 [FXGL Background Thread 3 ] DEBUG Engine               - scaledWidthProp$fxgl: DoubleProperty [bound, value: 1511.0]
05:24:19.444 [FXGL Background Thread 3 ] DEBUG Engine               - sceneFactory: com.almasb.fxgl.app.scene.SceneFactory@21d344ca
05:24:19.444 [FXGL Background Thread 3 ] DEBUG Engine               - secondsIn24h: 60
05:24:19.445 [FXGL Background Thread 3 ] DEBUG Engine               - soundMenuBack: menu/back.wav
05:24:19.445 [FXGL Background Thread 3 ] DEBUG Engine               - soundMenuPress: menu/press.wav
05:24:19.445 [FXGL Background Thread 3 ] DEBUG Engine               - soundMenuSelect: menu/select.wav
05:24:19.445 [FXGL Background Thread 3 ] DEBUG Engine               - soundNotification: core/notification.wav
05:24:19.445 [FXGL Background Thread 3 ] DEBUG Engine               - stageStyle: DECORATED
05:24:19.445 [FXGL Background Thread 3 ] DEBUG Engine               - supportedLanguages: [ENGLISH, FRENCH, GERMAN, HUNGARIAN, RUSSIAN]
05:24:19.445 [FXGL Background Thread 3 ] DEBUG Engine               - ticksPerSecond: -1
05:24:19.445 [FXGL Background Thread 3 ] DEBUG Engine               - title: Simulador de Restaurante
05:24:19.445 [FXGL Background Thread 3 ] DEBUG Engine               - urlGithub: https://github.com/AlmasB/FXGL
05:24:19.445 [FXGL Background Thread 3 ] DEBUG Engine               - urlLeaderboard: http://fxgl-top.herokuapp.com/
05:24:19.445 [FXGL Background Thread 3 ] DEBUG Engine               - urlPOM: https://raw.githubusercontent.com/AlmasB/FXGL/release/README.md
05:24:19.445 [FXGL Background Thread 3 ] DEBUG Engine               - userAppClass: class org.example.Main
05:24:19.445 [FXGL Background Thread 3 ] DEBUG Engine               - version: 1.0
05:24:19.445 [FXGL Background Thread 3 ] DEBUG Engine               - versionCheckDays: 7
05:24:19.445 [FXGL Background Thread 3 ] DEBUG Engine               - width: 2000
05:24:19.445 [FXGL Background Thread 3 ] DEBUG Engine               - Logging services
05:24:19.445 [FXGL Background Thread 3 ] DEBUG Engine               - class com.almasb.fxgl.app.services.FXGLAssetLoaderService
05:24:19.445 [FXGL Background Thread 3 ] DEBUG Engine               - class com.almasb.fxgl.app.FXGLApplication$GameApplicationService
05:24:19.445 [FXGL Background Thread 3 ] DEBUG Engine               - class com.almasb.fxgl.app.services.FXGLDialogService
05:24:19.445 [FXGL Background Thread 3 ] DEBUG Engine               - class com.almasb.fxgl.app.services.IOTaskExecutorService
05:24:19.445 [FXGL Background Thread 3 ] DEBUG Engine               - class com.almasb.fxgl.io.FileSystemService
05:24:19.445 [FXGL Background Thread 3 ] DEBUG Engine               - class com.almasb.fxgl.localization.LocalizationService
05:24:19.445 [FXGL Background Thread 3 ] DEBUG Engine               - class com.almasb.fxgl.app.services.SystemBundleService
05:24:19.445 [FXGL Background Thread 3 ] DEBUG Engine               - class com.almasb.fxgl.profile.SaveLoadService
05:24:19.445 [FXGL Background Thread 3 ] DEBUG Engine               - class com.almasb.fxgl.ui.FXGLUIFactoryServiceProvider
05:24:19.445 [FXGL Background Thread 3 ] DEBUG Engine               - class com.almasb.fxgl.ui.FXGLDialogFactoryServiceProvider
05:24:19.445 [FXGL Background Thread 3 ] DEBUG Engine               - class com.almasb.fxgl.audio.AudioPlayer
05:24:19.445 [FXGL Background Thread 3 ] DEBUG Engine               - class com.almasb.fxgl.notification.impl.NotificationServiceProvider
05:24:19.445 [FXGL Background Thread 3 ] DEBUG Engine               - class com.almasb.fxgl.achievement.AchievementService
05:24:19.446 [FXGL Background Thread 3 ] DEBUG Engine               - class com.almasb.fxgl.cutscene.CutsceneService
05:24:19.446 [FXGL Background Thread 3 ] DEBUG Engine               - class com.almasb.fxgl.minigames.MiniGameService
05:24:19.446 [FXGL Background Thread 3 ] DEBUG Engine               - class com.almasb.fxgl.net.NetService
05:24:19.446 [FXGL Background Thread 3 ] DEBUG Engine               - class com.almasb.fxgl.app.services.UpdaterService
05:24:19.446 [FXGL Background Thread 3 ] DEBUG Engine               - class com.almasb.fxgl.dev.DevService
05:24:24.158 [JavaFX Application Thread] DEBUG FXGLApplication      - Exiting FXGL
05:24:24.159 [JavaFX Application Thread] DEBUG LoopRunner           - Stopping loop
05:24:24.159 [JavaFX Application Thread] DEBUG SystemBundleService  - Saving FXGL system data
05:24:24.165 [JavaFX Application Thread] DEBUG FileSystemAccess     - Writing to: C:\Users\gerso\OneDrive\Documentos\Cuatrimestre 7\Concurrente\Java\Simulador_Restaurante\system\fxgl.bundle
05:24:24.168 [JavaFX Application Thread] DEBUG Async                - Shutting down background threads
05:24:24.168 [JavaFX Application Thread] DEBUG PrimaryStageWindow   - Closing main window
05:24:24.214 [JavaFX Application Thread] DEBUG Logger               - Closing Logger
