22:03:44.678 [main                     ] DEBUG Logger               - Configured Logger
22:03:44.702 [main                     ] DEBUG GameApplication      - Logging settings
Title: Simulador de Restaurante
Version: 1.0
Width: 2000
Height: 1000
Fullscreen: false
Intro: false
Profiling: false
Single step:false
App Mode: DEVELOPER
Menu Key: ESCAPE
Stage Style: DECORATED
Scene Factory: class com.almasb.fxgl.app.scene.SceneFactory

22:03:45.388 [JavaFX Application Thread] DEBUG FXGLApplication      - Initializing FXGL
22:03:45.393 [JavaFX Application Thread] INFO  Engine               - FXGL-17.2 (20.08.2022 16.50) on WINDOWS (J:17.0.5 FX:18)
22:03:45.393 [JavaFX Application Thread] DEBUG Engine               - JRE Vendor Name: Oracle Corporation
22:03:45.393 [JavaFX Application Thread] DEBUG Engine               - Running on OS: Windows 11 version 10.0
22:03:45.393 [JavaFX Application Thread] DEBUG Engine               - Architecture: amd64
22:03:45.393 [JavaFX Application Thread] INFO  Engine               - Source code and latest versions at: https://github.com/AlmasB/FXGL
22:03:45.393 [JavaFX Application Thread] INFO  Engine               -       Ask questions and discuss at: https://github.com/AlmasB/FXGL/discussions
22:03:45.393 [JavaFX Application Thread] INFO  Engine               -              Join the FXGL chat at: https://gitter.im/AlmasB/FXGL
22:03:45.538 [JavaFX Application Thread] DEBUG PrimaryStageWindow   - Creating a JavaFX scene
22:03:45.538 [JavaFX Application Thread] DEBUG PrimaryStageWindow   - Target size > screen size
22:03:45.609 [JavaFX Application Thread] DEBUG PrimaryStageWindow   - Target settings size: 2000.0 x 1000.0
22:03:45.610 [JavaFX Application Thread] DEBUG PrimaryStageWindow   - Scaled scene size:    1895.0 x 960.0
22:03:45.610 [JavaFX Application Thread] DEBUG PrimaryStageWindow   - Scaled ratio: (0.9475, 0.96)
22:03:45.612 [JavaFX Application Thread] DEBUG PrimaryStageWindow   - Set initial scene to FXGLStartupScene
22:03:45.623 [JavaFX Application Thread] DEBUG PrimaryStageWindow   - Opening main window
22:03:45.753 [JavaFX Application Thread] DEBUG PrimaryStageWindow   - Window border size: (16.0, 39.0)
22:03:45.754 [JavaFX Application Thread] DEBUG PrimaryStageWindow   - Scaled size: 1895.0 x 960.0
22:03:45.755 [JavaFX Application Thread] DEBUG PrimaryStageWindow   - Scaled ratio: (0.9475, 0.96)
22:03:45.756 [JavaFX Application Thread] DEBUG PrimaryStageWindow   - Scene size: 1895.0 x 960.0
22:03:45.756 [JavaFX Application Thread] DEBUG PrimaryStageWindow   - Stage size: 1911.0 x 999.0
22:03:45.768 [FXGL Background Thread 1 ] DEBUG Engine               - Initializing environment variables
22:03:45.825 [FXGL Background Thread 1 ] DEBUG FXGLAssetLoaderServi - User app class for loading assets: class org.example.Main
22:03:45.826 [FXGL Background Thread 1 ] DEBUG GameApplicationServi - Applying CSS: fxgl_dark.css
22:03:45.829 [FXGL Background Thread 1 ] DEBUG FXGLAssetLoaderServi - Loading from file system: jar:file:/C:/Users/deskr/.m2/repository/com/github/almasb/fxgl/17.2/fxgl-17.2.jar!/fxglassets/ui/css/fxgl_dark.css
22:03:45.897 [FXGL Background Thread 1 ] DEBUG GameApplicationServi - Initializing application scenes
22:03:45.968 [FXGL Background Thread 1 ] DEBUG GameWorld            - Game world initialized
22:03:46.054 [FXGL Background Thread 1 ] DEBUG PhysicsWorld         - Physics world initialized: appHeight=1000, physics.ppm=50.0
22:03:46.056 [FXGL Background Thread 1 ] DEBUG PhysicsWorld         - Using strategy: BRUTE_FORCE
22:03:46.066 [FXGL Background Thread 1 ] DEBUG GameScene            - Game scene initialized: 2000x1000
22:03:46.089 [FXGL Background Thread 1 ] DEBUG FXGL.DefaultMenu     - createMenuBodyGameMenu()
22:03:46.120 [FXGL Background Thread 1 ] DEBUG FXGL.DefaultMenu     - createOptionsMenu()
22:03:46.140 [FXGL Background Thread 1 ] DEBUG FXGLAssetLoaderServi - Loading from file system: jar:file:/C:/Users/deskr/.m2/repository/com/github/almasb/fxgl/17.2/fxgl-17.2.jar!/fxglassets/textures/particles/smoke.png
22:03:46.245 [FXGL Background Thread 1 ] DEBUG FXGLAssetLoaderServi - Loading from file system: jar:file:/C:/Users/deskr/.m2/repository/com/github/almasb/fxgl/17.2/fxgl-17.2.jar!/fxglassets/textures/particles/trace_horizontal.png
22:03:46.275 [FXGL Background Thread 1 ] DEBUG GameApplicationServi - Application scenes initialized
22:03:46.288 [FXGL Background Thread 1 ] DEBUG SystemBundleService  - Loading FXGL system data
22:03:46.299 [FXGL Background Thread 1 ] DEBUG FileSystemAccess     - Reading from: C:\Users\deskr\OneDrive\Documentos\7 cuatrimestre\Programacion Concurrente\fxl Simulador\system\fxgl.bundle
22:03:46.308 [FXGL Background Thread 1 ] DEBUG SystemBundleService  - Bundle FXGL: {}
22:03:46.308 [FXGL Background Thread 1 ] DEBUG UpdaterService       - Checking for updates
22:03:46.312 [FXGL Background Thread 4 ] DEBUG FXGLApplication      - Loading fonts
22:03:46.312 [FXGL Background Thread 4 ] DEBUG FXGLAssetLoaderServi - Loading from file system: jar:file:/C:/Users/deskr/.m2/repository/com/github/almasb/fxgl/17.2/fxgl-17.2.jar!/fxglassets/ui/fonts/VarelaRound-Regular.ttf
22:03:46.313 [FXGL Background Thread 1 ] DEBUG FXGLApplication      - Loading default localization
22:03:46.313 [FXGL Background Thread 1 ] DEBUG FXGLAssetLoaderServi - Loading from file system: jar:file:/C:/Users/deskr/.m2/repository/com/github/almasb/fxgl/17.2/fxgl-17.2.jar!/fxglassets/languages/english.lang
22:03:46.341 [FXGL Background Thread 1 ] INFO  FXGLApplication      - FXGL initialization took: 0.573 sec
22:03:46.342 [JavaFX Application Thread] DEBUG FXGLAssetLoaderServi - Loading from file system: jar:file:/C:/Users/deskr/.m2/repository/com/github/almasb/fxgl/17.2/fxgl-17.2.jar!/fxglassets/textures/fxgl_icon.png
22:03:46.365 [JavaFX Application Thread] DEBUG FXGLAssetLoaderServi - Loading from file system: jar:file:/C:/Users/deskr/.m2/repository/com/github/almasb/fxgl/17.2/fxgl-17.2.jar!/fxglassets/textures/fxgl_default_cursor.png
22:03:46.378 [JavaFX Application Thread] DEBUG Input                - Registered new binding: Screenshot - CTRL+8
22:03:46.379 [JavaFX Application Thread] DEBUG Input                - Registered new binding: System info dump - CTRL+9
22:03:46.379 [JavaFX Application Thread] DEBUG Input                - Registered new binding: Restart - CTRL+R
22:03:46.380 [JavaFX Application Thread] DEBUG Input                - Registered new binding: Toggle Debug Camera - CTRL+7
22:03:46.383 [JavaFX Application Thread] DEBUG LoopRunner           - Starting loop
22:03:46.383 [JavaFX Application Thread] DEBUG LoopRunner           - Initializing JavaFX AnimationTimerLoop
22:03:46.387 [JavaFX Application Thread] DEBUG GameApplicationServi - Starting new game
22:03:46.388 [JavaFX Application Thread] DEBUG Input                - Clearing active input actions
22:03:46.397 [FXGL Background Thread 4 ] DEBUG FXGLAssetLoaderServi - Loading from file system: jar:file:/C:/Users/deskr/.m2/repository/com/github/almasb/fxgl/17.2/fxgl-17.2.jar!/fxglassets/ui/fonts/Abel-Regular.ttf
22:03:46.402 [JavaFX Application Thread] DEBUG GameApplicationServi - Removing overlay from FXGLStartupScene and adding to FXGLLoadingScene
22:03:46.403 [FXGL Background Thread 4 ] DEBUG FXGLAssetLoaderServi - Loading from file system: jar:file:/C:/Users/deskr/.m2/repository/com/github/almasb/fxgl/17.2/fxgl-17.2.jar!/fxglassets/ui/fonts/TerminalLandMono-Regular.otf
22:03:46.403 [JavaFX Application Thread] DEBUG PrimaryStageWindow   - FXGLStartupScene -> FXGLLoadingScene
22:03:46.403 [JavaFX Application Thread] DEBUG GameApplicationServi - Clearing previous game
22:03:46.403 [JavaFX Application Thread] DEBUG GameScene            - Clearing game scene
22:03:46.404 [JavaFX Application Thread] DEBUG GameWorld            - Clearing game world
22:03:46.404 [JavaFX Application Thread] DEBUG PhysicsWorld         - Clearing physics world
22:03:46.407 [FXGL Background Thread 1 ] DEBUG FXGLApplication      - Initializing game
22:03:46.409 [FXGL Background Thread 1 ] DEBUG FXGLAssetLoaderServi - Loading from file system: file:/C:/Users/deskr/OneDrive/Documentos/7%20cuatrimestre/Programacion%20Concurrente/fxl%20Simulador/target/classes/assets/textures/fondo.png
22:03:46.410 [FXGL Background Thread 4 ] DEBUG FXGLAssetLoaderServi - Loading from file system: jar:file:/C:/Users/deskr/.m2/repository/com/github/almasb/fxgl/17.2/fxgl-17.2.jar!/fxglassets/ui/fonts/Courier-Prime.ttf
22:03:46.420 [FXGL Background Thread 1 ] DEBUG FXGLAssetLoaderServi - Loading from file system: file:/C:/Users/deskr/OneDrive/Documentos/7%20cuatrimestre/Programacion%20Concurrente/fxl%20Simulador/target/classes/assets/textures/cliente.png
22:03:46.433 [FXGL Background Thread 1 ] INFO  FXGLApplication      - Game initialization took: 0.027 sec
22:03:46.435 [Thread-4                 ] INFO  LoggerDepuracionFXGL - Comensal Pablo está esperando una mesa.
22:03:46.436 [Thread-4                 ] INFO  LoggerDepuracionFXGL - Comensal Pablo está sentado en la mesa 0 y espera al mesero.
22:03:46.454 [JavaFX Application Thread] DEBUG FXGLApplication      - Registering font factories with UI factory
22:03:46.456 [JavaFX Application Thread] DEBUG Input                - Clearing active input actions
22:03:46.465 [JavaFX Application Thread] DEBUG GameApplicationServi - Removing overlay from FXGLLoadingScene and adding to GameScene
22:03:46.465 [JavaFX Application Thread] DEBUG PrimaryStageWindow   - FXGLLoadingScene -> GameScene
22:03:47.264 [FXGL Background Thread 2 ] INFO  UpdaterService       - Your current version:  17.2
22:03:47.265 [FXGL Background Thread 2 ] INFO  UpdaterService       - Latest stable version: 21.1
22:03:48.439 [Thread-4                 ] INFO  LoggerDepuracionFXGL - Comensal Pablo terminó de comer.
22:03:48.842 [JavaFX Application Thread] DEBUG FXGLApplication      - Exiting FXGL
22:03:48.842 [JavaFX Application Thread] DEBUG LoopRunner           - Stopping loop
22:03:48.842 [JavaFX Application Thread] DEBUG SystemBundleService  - Saving FXGL system data
22:03:48.844 [JavaFX Application Thread] DEBUG FileSystemAccess     - Writing to: C:\Users\deskr\OneDrive\Documentos\7 cuatrimestre\Programacion Concurrente\fxl Simulador\system\fxgl.bundle
22:03:48.846 [JavaFX Application Thread] DEBUG Async                - Shutting down background threads
22:03:48.847 [JavaFX Application Thread] DEBUG PrimaryStageWindow   - Closing main window
22:03:48.864 [JavaFX Application Thread] DEBUG Logger               - Closing Logger
