05:04:41.619 [main                     ] DEBUG Logger               - Configured Logger
05:04:41.659 [main                     ] DEBUG GameApplication      - Logging settings
Title: Simulador de Restaurante
Version: 1.0
Width: 2000
Height: 1000
Fullscreen: false
Intro: false
Profiling: false
Single step:false
App Mode: DEVELOPER
Menu Key: ESCAPE
Stage Style: DECORATED
Scene Factory: class com.almasb.fxgl.app.scene.SceneFactory

05:04:42.913 [JavaFX Application Thread] DEBUG FXGLApplication      - Initializing FXGL
05:04:42.919 [JavaFX Application Thread] INFO  Engine               - FXGL-17.2 (20.08.2022 16.50) on WINDOWS (J:17.0.5 FX:18)
05:04:42.920 [JavaFX Application Thread] DEBUG Engine               - JRE Vendor Name: Oracle Corporation
05:04:42.920 [JavaFX Application Thread] DEBUG Engine               - Running on OS: Windows 11 version 10.0
05:04:42.920 [JavaFX Application Thread] DEBUG Engine               - Architecture: amd64
05:04:42.920 [JavaFX Application Thread] INFO  Engine               - Source code and latest versions at: https://github.com/AlmasB/FXGL
05:04:42.920 [JavaFX Application Thread] INFO  Engine               -       Ask questions and discuss at: https://github.com/AlmasB/FXGL/discussions
05:04:42.920 [JavaFX Application Thread] INFO  Engine               -              Join the FXGL chat at: https://gitter.im/AlmasB/FXGL
05:04:43.063 [JavaFX Application Thread] DEBUG PrimaryStageWindow   - Creating a JavaFX scene
05:04:43.063 [JavaFX Application Thread] DEBUG PrimaryStageWindow   - Target size > screen size
05:04:43.120 [JavaFX Application Thread] DEBUG PrimaryStageWindow   - Target settings size: 2000.0 x 1000.0
05:04:43.122 [JavaFX Application Thread] DEBUG PrimaryStageWindow   - Scaled scene size:    1895.0 x 960.0
05:04:43.122 [JavaFX Application Thread] DEBUG PrimaryStageWindow   - Scaled ratio: (0.9475, 0.96)
05:04:43.123 [JavaFX Application Thread] DEBUG PrimaryStageWindow   - Set initial scene to FXGLStartupScene
05:04:43.132 [JavaFX Application Thread] DEBUG PrimaryStageWindow   - Opening main window
05:04:43.250 [JavaFX Application Thread] DEBUG PrimaryStageWindow   - Window border size: (16.0, 39.0)
05:04:43.250 [JavaFX Application Thread] DEBUG PrimaryStageWindow   - Scaled size: 1895.0 x 960.0
05:04:43.251 [JavaFX Application Thread] DEBUG PrimaryStageWindow   - Scaled ratio: (0.9475, 0.96)
05:04:43.251 [JavaFX Application Thread] DEBUG PrimaryStageWindow   - Scene size: 1895.0 x 960.0
05:04:43.251 [JavaFX Application Thread] DEBUG PrimaryStageWindow   - Stage size: 1911.0 x 999.0
05:04:43.263 [FXGL Background Thread 1 ] DEBUG Engine               - Initializing environment variables
05:04:43.321 [FXGL Background Thread 1 ] DEBUG FXGLAssetLoaderServi - User app class for loading assets: class org.example.Main
05:04:43.322 [FXGL Background Thread 1 ] DEBUG GameApplicationServi - Applying CSS: fxgl_dark.css
05:04:43.324 [FXGL Background Thread 1 ] DEBUG FXGLAssetLoaderServi - Loading from file system: jar:file:/C:/Users/deskr/.m2/repository/com/github/almasb/fxgl/17.2/fxgl-17.2.jar!/fxglassets/ui/css/fxgl_dark.css
05:04:43.386 [FXGL Background Thread 1 ] DEBUG GameApplicationServi - Initializing application scenes
05:04:43.435 [FXGL Background Thread 1 ] DEBUG GameWorld            - Game world initialized
05:04:43.491 [FXGL Background Thread 1 ] DEBUG PhysicsWorld         - Physics world initialized: appHeight=1000, physics.ppm=50.0
05:04:43.492 [FXGL Background Thread 1 ] DEBUG PhysicsWorld         - Using strategy: BRUTE_FORCE
05:04:43.497 [FXGL Background Thread 1 ] DEBUG GameScene            - Game scene initialized: 2000x1000
05:04:43.510 [FXGL Background Thread 1 ] DEBUG FXGL.DefaultMenu     - createMenuBodyGameMenu()
05:04:43.538 [FXGL Background Thread 1 ] DEBUG FXGL.DefaultMenu     - createOptionsMenu()
05:04:43.557 [FXGL Background Thread 1 ] DEBUG FXGLAssetLoaderServi - Loading from file system: jar:file:/C:/Users/deskr/.m2/repository/com/github/almasb/fxgl/17.2/fxgl-17.2.jar!/fxglassets/textures/particles/smoke.png
05:04:43.698 [FXGL Background Thread 1 ] DEBUG FXGLAssetLoaderServi - Loading from file system: jar:file:/C:/Users/deskr/.m2/repository/com/github/almasb/fxgl/17.2/fxgl-17.2.jar!/fxglassets/textures/particles/trace_horizontal.png
05:04:43.735 [FXGL Background Thread 1 ] DEBUG GameApplicationServi - Application scenes initialized
05:04:43.753 [FXGL Background Thread 1 ] DEBUG SystemBundleService  - Loading FXGL system data
05:04:43.762 [FXGL Background Thread 1 ] DEBUG FileSystemAccess     - Reading from: C:\Users\deskr\OneDrive\Documentos\7 cuatrimestre\Programacion Concurrente\fxl Simulador\system\fxgl.bundle
05:04:43.773 [FXGL Background Thread 1 ] DEBUG SystemBundleService  - Bundle FXGL: {}
05:04:43.774 [FXGL Background Thread 1 ] DEBUG UpdaterService       - Checking for updates
05:04:43.779 [FXGL Background Thread 4 ] DEBUG FXGLApplication      - Loading fonts
05:04:43.781 [FXGL Background Thread 1 ] DEBUG FXGLApplication      - Loading default localization
05:04:43.782 [FXGL Background Thread 4 ] DEBUG FXGLAssetLoaderServi - Loading from file system: jar:file:/C:/Users/deskr/.m2/repository/com/github/almasb/fxgl/17.2/fxgl-17.2.jar!/fxglassets/ui/fonts/VarelaRound-Regular.ttf
05:04:43.782 [FXGL Background Thread 1 ] DEBUG FXGLAssetLoaderServi - Loading from file system: jar:file:/C:/Users/deskr/.m2/repository/com/github/almasb/fxgl/17.2/fxgl-17.2.jar!/fxglassets/languages/english.lang
05:04:43.814 [FXGL Background Thread 1 ] INFO  FXGLApplication      - FXGL initialization took: 0.550 sec
05:04:43.815 [JavaFX Application Thread] DEBUG FXGLAssetLoaderServi - Loading from file system: jar:file:/C:/Users/deskr/.m2/repository/com/github/almasb/fxgl/17.2/fxgl-17.2.jar!/fxglassets/textures/fxgl_icon.png
05:04:43.850 [JavaFX Application Thread] DEBUG FXGLAssetLoaderServi - Loading from file system: jar:file:/C:/Users/deskr/.m2/repository/com/github/almasb/fxgl/17.2/fxgl-17.2.jar!/fxglassets/textures/fxgl_default_cursor.png
05:04:43.869 [JavaFX Application Thread] DEBUG Input                - Registered new binding: Screenshot - CTRL+8
05:04:43.870 [JavaFX Application Thread] DEBUG Input                - Registered new binding: System info dump - CTRL+9
05:04:43.870 [JavaFX Application Thread] DEBUG Input                - Registered new binding: Restart - CTRL+R
05:04:43.872 [JavaFX Application Thread] DEBUG Input                - Registered new binding: Toggle Debug Camera - CTRL+7
05:04:43.876 [JavaFX Application Thread] DEBUG LoopRunner           - Starting loop
05:04:43.876 [JavaFX Application Thread] DEBUG LoopRunner           - Initializing JavaFX AnimationTimerLoop
05:04:43.878 [JavaFX Application Thread] DEBUG GameApplicationServi - Starting new game
05:04:43.879 [JavaFX Application Thread] DEBUG Input                - Clearing active input actions
05:04:43.886 [FXGL Background Thread 4 ] DEBUG FXGLAssetLoaderServi - Loading from file system: jar:file:/C:/Users/deskr/.m2/repository/com/github/almasb/fxgl/17.2/fxgl-17.2.jar!/fxglassets/ui/fonts/Abel-Regular.ttf
05:04:43.892 [FXGL Background Thread 4 ] DEBUG FXGLAssetLoaderServi - Loading from file system: jar:file:/C:/Users/deskr/.m2/repository/com/github/almasb/fxgl/17.2/fxgl-17.2.jar!/fxglassets/ui/fonts/TerminalLandMono-Regular.otf
05:04:43.893 [JavaFX Application Thread] DEBUG GameApplicationServi - Removing overlay from FXGLStartupScene and adding to FXGLLoadingScene
05:04:43.893 [JavaFX Application Thread] DEBUG PrimaryStageWindow   - FXGLStartupScene -> FXGLLoadingScene
05:04:43.894 [JavaFX Application Thread] DEBUG GameApplicationServi - Clearing previous game
05:04:43.894 [JavaFX Application Thread] DEBUG GameScene            - Clearing game scene
05:04:43.894 [JavaFX Application Thread] DEBUG GameWorld            - Clearing game world
05:04:43.894 [JavaFX Application Thread] DEBUG PhysicsWorld         - Clearing physics world
05:04:43.896 [FXGL Background Thread 1 ] DEBUG FXGLApplication      - Initializing game
05:04:43.897 [FXGL Background Thread 4 ] DEBUG FXGLAssetLoaderServi - Loading from file system: jar:file:/C:/Users/deskr/.m2/repository/com/github/almasb/fxgl/17.2/fxgl-17.2.jar!/fxglassets/ui/fonts/Courier-Prime.ttf
05:04:43.951 [JavaFX Application Thread] DEBUG LoopRunner           - Stopping loop
05:04:43.954 [JavaFX Application Thread] FATAL FXGLApplication      - Uncaught Exception:
java.lang.RuntimeException: Initialization failed
	at com.almasb.fxgl.app.FXGLApplication$InitAppTask.failed(FXGLApplication.kt:343)
	at javafx.concurrent.Task.setState(Task.java:710)
	at javafx.concurrent.Task$TaskCallable.lambda$call$2(Task.java:1456)
	at com.sun.javafx.application.PlatformImpl.lambda$runLater$10(PlatformImpl.java:457)
	at java.base/java.security.AccessController.doPrivileged(AccessController.java:399)
	at com.sun.javafx.application.PlatformImpl.lambda$runLater$11(PlatformImpl.java:456)
	at com.sun.glass.ui.InvokeLaterDispatcher$Future.run(InvokeLaterDispatcher.java:96)
	at com.sun.glass.ui.win.WinApplication._runLoop(Native Method)
	at com.sun.glass.ui.win.WinApplication.lambda$runLoop$3(WinApplication.java:184)
	at java.base/java.lang.Thread.run(Thread.java:833)
Caused by: java.lang.Error: Unresolved compilation problems: 
	The import org.example.views.RestaurantView cannot be resolved
	RestaurantView cannot be resolved to a type

	at org.example.config.InitGame.<init>(InitGame.java:5)
	at org.example.Main.initGame(Main.java:19)
	at com.almasb.fxgl.app.FXGLApplication$InitAppTask.initGame(FXGLApplication.kt:339)
	at com.almasb.fxgl.app.FXGLApplication$InitAppTask.call(FXGLApplication.kt:319)
	at com.almasb.fxgl.app.FXGLApplication$InitAppTask.call(FXGLApplication.kt:311)
	at javafx.concurrent.Task$TaskCallable.call(Task.java:1426)
	at java.base/java.util.concurrent.FutureTask.run(FutureTask.java:264)
	at java.base/java.util.concurrent.Executors$RunnableAdapter.call(Executors.java:539)
	at java.base/java.util.concurrent.FutureTask.run(FutureTask.java:264)
	at java.base/java.util.concurrent.ThreadPoolExecutor.runWorker(ThreadPoolExecutor.java:1136)
	at java.base/java.util.concurrent.ThreadPoolExecutor$Worker.run(ThreadPoolExecutor.java:635)
	... 1 more

05:04:43.955 [JavaFX Application Thread] FATAL FXGLApplication      - Application will now exit
05:04:43.984 [JavaFX Application Thread] DEBUG PrimaryStageWindow   - Push state: ErrorSubScene
05:04:43.984 [JavaFX Application Thread] DEBUG Input                - Clearing active input actions
05:04:43.995 [JavaFX Application Thread] DEBUG GameApplicationServi - Removing overlay from FXGLLoadingScene and adding to ErrorSubScene
05:04:43.996 [JavaFX Application Thread] DEBUG PrimaryStageWindow   - FXGLLoadingScene -> ErrorSubScene
05:04:43.996 [JavaFX Application Thread] DEBUG FXGLApplication      - Registering font factories with UI factory
05:04:44.685 [FXGL Background Thread 2 ] INFO  UpdaterService       - Your current version:  17.2
05:04:44.685 [FXGL Background Thread 2 ] INFO  UpdaterService       - Latest stable version: 21.1
05:04:46.779 [FXGL Background Thread 3 ] DEBUG Engine               - Logging environment variables
05:04:46.779 [FXGL Background Thread 3 ] DEBUG Engine               - achievements: []
05:04:46.779 [FXGL Background Thread 3 ] DEBUG Engine               - actualHeight: 960.0
05:04:46.779 [FXGL Background Thread 3 ] DEBUG Engine               - actualHeightProperty: ReadOnlyDoubleProperty [value: 960.0]
05:04:46.779 [FXGL Background Thread 3 ] DEBUG Engine               - actualWidth: 1895.0
05:04:46.779 [FXGL Background Thread 3 ] DEBUG Engine               - actualWidthProperty: ReadOnlyDoubleProperty [value: 1895.0]
05:04:46.779 [FXGL Background Thread 3 ] DEBUG Engine               - appIcon: fxgl_icon.png
05:04:46.779 [FXGL Background Thread 3 ] DEBUG Engine               - applicationMode: DEVELOPER
05:04:46.781 [FXGL Background Thread 3 ] DEBUG Engine               - cSSList: [fxgl_dark.css]
05:04:46.781 [FXGL Background Thread 3 ] DEBUG Engine               - collisionDetectionStrategy: BRUTE_FORCE
05:04:46.781 [FXGL Background Thread 3 ] DEBUG Engine               - configClass: Optional.empty
05:04:46.781 [FXGL Background Thread 3 ] DEBUG Engine               - credits: []
05:04:46.781 [FXGL Background Thread 3 ] DEBUG Engine               - defaultCursor: CursorInfo(imageName=fxgl_default_cursor.png, hotspotX=7.0, hotspotY=6.0)
05:04:46.781 [FXGL Background Thread 3 ] DEBUG Engine               - devBBoxColorProperty: ObjectProperty [value: 0xff0000ff]
05:04:46.781 [FXGL Background Thread 3 ] DEBUG Engine               - devEnableDebugCameraProperty: BooleanProperty [value: false]
05:04:46.781 [FXGL Background Thread 3 ] DEBUG Engine               - devSensorColorProperty: ObjectProperty [value: 0xffff00ff]
05:04:46.781 [FXGL Background Thread 3 ] DEBUG Engine               - devShowBBoxProperty: BooleanProperty [value: false]
05:04:46.781 [FXGL Background Thread 3 ] DEBUG Engine               - devShowPositionProperty: BooleanProperty [value: false]
05:04:46.781 [FXGL Background Thread 3 ] DEBUG Engine               - enabledMenuItems: []
05:04:46.781 [FXGL Background Thread 3 ] DEBUG Engine               - engineServices: [class com.almasb.fxgl.app.services.FXGLAssetLoaderService, class com.almasb.fxgl.app.FXGLApplication$GameApplicationService, class com.almasb.fxgl.app.services.FXGLDialogService, class com.almasb.fxgl.app.services.IOTaskExecutorService, class com.almasb.fxgl.io.FileSystemService, class com.almasb.fxgl.localization.LocalizationService, class com.almasb.fxgl.app.services.SystemBundleService, class com.almasb.fxgl.profile.SaveLoadService, class com.almasb.fxgl.ui.FXGLUIFactoryServiceProvider, class com.almasb.fxgl.ui.FXGLDialogFactoryServiceProvider, class com.almasb.fxgl.audio.AudioPlayer, class com.almasb.fxgl.notification.impl.NotificationServiceProvider, class com.almasb.fxgl.achievement.AchievementService, class com.almasb.fxgl.cutscene.CutsceneService, class com.almasb.fxgl.minigames.MiniGameService, class com.almasb.fxgl.net.NetService, class com.almasb.fxgl.app.services.UpdaterService, class com.almasb.fxgl.dev.DevService]
05:04:46.781 [FXGL Background Thread 3 ] DEBUG Engine               - fontGame: Abel-Regular.ttf
05:04:46.781 [FXGL Background Thread 3 ] DEBUG Engine               - fontMono: TerminalLandMono-Regular.otf
05:04:46.781 [FXGL Background Thread 3 ] DEBUG Engine               - fontText: Courier-Prime.ttf
05:04:46.782 [FXGL Background Thread 3 ] DEBUG Engine               - fontUI: VarelaRound-Regular.ttf
05:04:46.782 [FXGL Background Thread 3 ] DEBUG Engine               - fullScreen: BooleanProperty [value: false]
05:04:46.782 [FXGL Background Thread 3 ] DEBUG Engine               - gameDifficulty: MEDIUM
05:04:46.782 [FXGL Background Thread 3 ] DEBUG Engine               - gameDifficultyProperty: ObjectProperty [value: MEDIUM]
05:04:46.782 [FXGL Background Thread 3 ] DEBUG Engine               - globalMusicVolume: 0.5
05:04:46.782 [FXGL Background Thread 3 ] DEBUG Engine               - globalMusicVolumeProperty: DoubleProperty [value: 0.5]
05:04:46.782 [FXGL Background Thread 3 ] DEBUG Engine               - globalSoundVolume: 0.5
05:04:46.782 [FXGL Background Thread 3 ] DEBUG Engine               - globalSoundVolumeProperty: DoubleProperty [value: 0.5]
05:04:46.782 [FXGL Background Thread 3 ] DEBUG Engine               - height: 1000
05:04:46.782 [FXGL Background Thread 3 ] DEBUG Engine               - is3D: false
05:04:46.782 [FXGL Background Thread 3 ] DEBUG Engine               - isAndroid: false
05:04:46.782 [FXGL Background Thread 3 ] DEBUG Engine               - isBrowser: false
05:04:46.782 [FXGL Background Thread 3 ] DEBUG Engine               - isClickFeedbackEnabled: false
05:04:46.782 [FXGL Background Thread 3 ] DEBUG Engine               - isCloseConfirmation: false
05:04:46.782 [FXGL Background Thread 3 ] DEBUG Engine               - isDesktop: true
05:04:46.782 [FXGL Background Thread 3 ] DEBUG Engine               - isDeveloperMenuEnabled: false
05:04:46.782 [FXGL Background Thread 3 ] DEBUG Engine               - isEmbedded: false
05:04:46.782 [FXGL Background Thread 3 ] DEBUG Engine               - isEntityPreloadEnabled: true
05:04:46.782 [FXGL Background Thread 3 ] DEBUG Engine               - isExperimentalTiledLargeMap: false
05:04:46.782 [FXGL Background Thread 3 ] DEBUG Engine               - isFileSystemWriteAllowed: true
05:04:46.782 [FXGL Background Thread 3 ] DEBUG Engine               - isFullScreenAllowed: false
05:04:46.782 [FXGL Background Thread 3 ] DEBUG Engine               - isFullScreenFromStart: false
05:04:46.782 [FXGL Background Thread 3 ] DEBUG Engine               - isGameMenuEnabled: true
05:04:46.782 [FXGL Background Thread 3 ] DEBUG Engine               - isIOS: false
05:04:46.782 [FXGL Background Thread 3 ] DEBUG Engine               - isIntroEnabled: false
05:04:46.782 [FXGL Background Thread 3 ] DEBUG Engine               - isLinux: false
05:04:46.782 [FXGL Background Thread 3 ] DEBUG Engine               - isMac: false
05:04:46.782 [FXGL Background Thread 3 ] DEBUG Engine               - isMainMenuEnabled: false
05:04:46.783 [FXGL Background Thread 3 ] DEBUG Engine               - isManualResizeEnabled: false
05:04:46.783 [FXGL Background Thread 3 ] DEBUG Engine               - isMobile: false
05:04:46.783 [FXGL Background Thread 3 ] DEBUG Engine               - isNative: false
05:04:46.783 [FXGL Background Thread 3 ] DEBUG Engine               - isPauseMusicWhenMinimized: true
05:04:46.783 [FXGL Background Thread 3 ] DEBUG Engine               - isPreserveResizeRatio: false
05:04:46.783 [FXGL Background Thread 3 ] DEBUG Engine               - isProfilingEnabled: false
05:04:46.783 [FXGL Background Thread 3 ] DEBUG Engine               - isScaleAffectedOnResize: true
05:04:46.783 [FXGL Background Thread 3 ] DEBUG Engine               - isSingleStep: false
05:04:46.783 [FXGL Background Thread 3 ] DEBUG Engine               - isUserProfileEnabled: false
05:04:46.783 [FXGL Background Thread 3 ] DEBUG Engine               - isWindows: true
05:04:46.783 [FXGL Background Thread 3 ] DEBUG Engine               - language: ObjectProperty [value: ENGLISH]
05:04:46.783 [FXGL Background Thread 3 ] DEBUG Engine               - menuKey: ESCAPE
05:04:46.783 [FXGL Background Thread 3 ] DEBUG Engine               - mouseSensitivity: 0.2
05:04:46.783 [FXGL Background Thread 3 ] DEBUG Engine               - notificationViewClass: class com.almasb.fxgl.notification.view.XboxNotificationView
05:04:46.783 [FXGL Background Thread 3 ] DEBUG Engine               - pixelsPerMeter: 50.0
05:04:46.783 [FXGL Background Thread 3 ] DEBUG Engine               - platform: WINDOWS
05:04:46.783 [FXGL Background Thread 3 ] DEBUG Engine               - prefHeightProperty: ReadOnlyDoubleProperty [value: 1000.0]
05:04:46.783 [FXGL Background Thread 3 ] DEBUG Engine               - prefWidthProperty: ReadOnlyDoubleProperty [value: 2000.0]
05:04:46.783 [FXGL Background Thread 3 ] DEBUG Engine               - profileDir: profiles/
05:04:46.783 [FXGL Background Thread 3 ] DEBUG Engine               - profileName: StringProperty [value: DEFAULT]
05:04:46.784 [FXGL Background Thread 3 ] DEBUG Engine               - randomSeed: -1
05:04:46.784 [FXGL Background Thread 3 ] DEBUG Engine               - runtimeInfo: RuntimeInfo(platform=WINDOWS, version=17.2, build=20.08.2022 16.50)
05:04:46.784 [FXGL Background Thread 3 ] DEBUG Engine               - saveFileExt: sav
05:04:46.784 [FXGL Background Thread 3 ] DEBUG Engine               - scaledHeightProp$fxgl: DoubleProperty [bound, value: 960.0]
05:04:46.784 [FXGL Background Thread 3 ] DEBUG Engine               - scaledWidthProp$fxgl: DoubleProperty [bound, value: 1895.0]
05:04:46.784 [FXGL Background Thread 3 ] DEBUG Engine               - sceneFactory: com.almasb.fxgl.app.scene.SceneFactory@369f8b09
05:04:46.784 [FXGL Background Thread 3 ] DEBUG Engine               - secondsIn24h: 60
05:04:46.784 [FXGL Background Thread 3 ] DEBUG Engine               - soundMenuBack: menu/back.wav
05:04:46.784 [FXGL Background Thread 3 ] DEBUG Engine               - soundMenuPress: menu/press.wav
05:04:46.784 [FXGL Background Thread 3 ] DEBUG Engine               - soundMenuSelect: menu/select.wav
05:04:46.784 [FXGL Background Thread 3 ] DEBUG Engine               - soundNotification: core/notification.wav
05:04:46.784 [FXGL Background Thread 3 ] DEBUG Engine               - stageStyle: DECORATED
05:04:46.784 [FXGL Background Thread 3 ] DEBUG Engine               - supportedLanguages: [ENGLISH, FRENCH, GERMAN, HUNGARIAN, RUSSIAN]
05:04:46.784 [FXGL Background Thread 3 ] DEBUG Engine               - ticksPerSecond: -1
05:04:46.784 [FXGL Background Thread 3 ] DEBUG Engine               - title: Simulador de Restaurante
05:04:46.786 [FXGL Background Thread 3 ] DEBUG Engine               - urlGithub: https://github.com/AlmasB/FXGL
05:04:46.786 [FXGL Background Thread 3 ] DEBUG Engine               - urlLeaderboard: http://fxgl-top.herokuapp.com/
05:04:46.786 [FXGL Background Thread 3 ] DEBUG Engine               - urlPOM: https://raw.githubusercontent.com/AlmasB/FXGL/release/README.md
05:04:46.786 [FXGL Background Thread 3 ] DEBUG Engine               - userAppClass: class org.example.Main
05:04:46.786 [FXGL Background Thread 3 ] DEBUG Engine               - version: 1.0
05:04:46.786 [FXGL Background Thread 3 ] DEBUG Engine               - versionCheckDays: 7
05:04:46.786 [FXGL Background Thread 3 ] DEBUG Engine               - width: 2000
05:04:46.786 [FXGL Background Thread 3 ] DEBUG Engine               - Logging services
05:04:46.786 [FXGL Background Thread 3 ] DEBUG Engine               - class com.almasb.fxgl.app.services.FXGLAssetLoaderService
05:04:46.786 [FXGL Background Thread 3 ] DEBUG Engine               - class com.almasb.fxgl.app.FXGLApplication$GameApplicationService
05:04:46.786 [FXGL Background Thread 3 ] DEBUG Engine               - class com.almasb.fxgl.app.services.FXGLDialogService
05:04:46.786 [FXGL Background Thread 3 ] DEBUG Engine               - class com.almasb.fxgl.app.services.IOTaskExecutorService
05:04:46.786 [FXGL Background Thread 3 ] DEBUG Engine               - class com.almasb.fxgl.io.FileSystemService
05:04:46.786 [FXGL Background Thread 3 ] DEBUG Engine               - class com.almasb.fxgl.localization.LocalizationService
05:04:46.786 [FXGL Background Thread 3 ] DEBUG Engine               - class com.almasb.fxgl.app.services.SystemBundleService
05:04:46.786 [FXGL Background Thread 3 ] DEBUG Engine               - class com.almasb.fxgl.profile.SaveLoadService
05:04:46.786 [FXGL Background Thread 3 ] DEBUG Engine               - class com.almasb.fxgl.ui.FXGLUIFactoryServiceProvider
05:04:46.786 [FXGL Background Thread 3 ] DEBUG Engine               - class com.almasb.fxgl.ui.FXGLDialogFactoryServiceProvider
05:04:46.787 [FXGL Background Thread 3 ] DEBUG Engine               - class com.almasb.fxgl.audio.AudioPlayer
05:04:46.787 [FXGL Background Thread 3 ] DEBUG Engine               - class com.almasb.fxgl.notification.impl.NotificationServiceProvider
05:04:46.787 [FXGL Background Thread 3 ] DEBUG Engine               - class com.almasb.fxgl.achievement.AchievementService
05:04:46.787 [FXGL Background Thread 3 ] DEBUG Engine               - class com.almasb.fxgl.cutscene.CutsceneService
05:04:46.787 [FXGL Background Thread 3 ] DEBUG Engine               - class com.almasb.fxgl.minigames.MiniGameService
05:04:46.787 [FXGL Background Thread 3 ] DEBUG Engine               - class com.almasb.fxgl.net.NetService
05:04:46.787 [FXGL Background Thread 3 ] DEBUG Engine               - class com.almasb.fxgl.app.services.UpdaterService
05:04:46.787 [FXGL Background Thread 3 ] DEBUG Engine               - class com.almasb.fxgl.dev.DevService
05:04:49.770 [JavaFX Application Thread] DEBUG FXGLApplication      - Exiting FXGL
05:04:49.770 [JavaFX Application Thread] DEBUG Async                - Shutting down background threads
05:04:49.771 [JavaFX Application Thread] DEBUG PrimaryStageWindow   - Closing main window
05:04:49.791 [JavaFX Application Thread] DEBUG Logger               - Closing Logger
