04:17:17.785 [main                     ] DEBUG Logger               - Configured Logger
04:17:17.818 [main                     ] DEBUG GameApplication      - Logging settings
Title: Simulador de Restaurante
Version: 1.0
Width: 2000
Height: 1000
Fullscreen: false
Intro: false
Profiling: false
Single step:false
App Mode: DEVELOPER
Menu Key: ESCAPE
Stage Style: DECORATED
Scene Factory: class com.almasb.fxgl.app.scene.SceneFactory

04:17:18.924 [JavaFX Application Thread] DEBUG FXGLApplication      - Initializing FXGL
04:17:18.933 [JavaFX Application Thread] INFO  Engine               - FXGL-17.2 (20.08.2022 16.50) on WINDOWS (J:17.0.5 FX:18)
04:17:18.933 [JavaFX Application Thread] DEBUG Engine               - JRE Vendor Name: Oracle Corporation
04:17:18.935 [JavaFX Application Thread] DEBUG Engine               - Running on OS: Windows 11 version 10.0
04:17:18.935 [JavaFX Application Thread] DEBUG Engine               - Architecture: amd64
04:17:18.935 [JavaFX Application Thread] INFO  Engine               - Source code and latest versions at: https://github.com/AlmasB/FXGL
04:17:18.935 [JavaFX Application Thread] INFO  Engine               -       Ask questions and discuss at: https://github.com/AlmasB/FXGL/discussions
04:17:18.935 [JavaFX Application Thread] INFO  Engine               -              Join the FXGL chat at: https://gitter.im/AlmasB/FXGL
04:17:19.096 [JavaFX Application Thread] DEBUG PrimaryStageWindow   - Creating a JavaFX scene
04:17:19.096 [JavaFX Application Thread] DEBUG PrimaryStageWindow   - Target size > screen size
04:17:19.155 [JavaFX Application Thread] DEBUG PrimaryStageWindow   - Target settings size: 2000.0 x 1000.0
04:17:19.155 [JavaFX Application Thread] DEBUG PrimaryStageWindow   - Scaled scene size:    1895.0 x 960.0
04:17:19.155 [JavaFX Application Thread] DEBUG PrimaryStageWindow   - Scaled ratio: (0.9475, 0.96)
04:17:19.156 [JavaFX Application Thread] DEBUG PrimaryStageWindow   - Set initial scene to FXGLStartupScene
04:17:19.165 [JavaFX Application Thread] DEBUG PrimaryStageWindow   - Opening main window
04:17:19.301 [JavaFX Application Thread] DEBUG PrimaryStageWindow   - Window border size: (16.0, 39.0)
04:17:19.301 [JavaFX Application Thread] DEBUG PrimaryStageWindow   - Scaled size: 1895.0 x 960.0
04:17:19.302 [JavaFX Application Thread] DEBUG PrimaryStageWindow   - Scaled ratio: (0.9475, 0.96)
04:17:19.303 [JavaFX Application Thread] DEBUG PrimaryStageWindow   - Scene size: 1895.0 x 960.0
04:17:19.303 [JavaFX Application Thread] DEBUG PrimaryStageWindow   - Stage size: 1911.0 x 999.0
04:17:19.315 [FXGL Background Thread 1 ] DEBUG Engine               - Initializing environment variables
04:17:19.371 [FXGL Background Thread 1 ] DEBUG FXGLAssetLoaderServi - User app class for loading assets: class org.example.Main
04:17:19.372 [FXGL Background Thread 1 ] DEBUG GameApplicationServi - Applying CSS: fxgl_dark.css
04:17:19.374 [FXGL Background Thread 1 ] DEBUG FXGLAssetLoaderServi - Loading from file system: jar:file:/C:/Users/deskr/.m2/repository/com/github/almasb/fxgl/17.2/fxgl-17.2.jar!/fxglassets/ui/css/fxgl_dark.css
04:17:19.418 [FXGL Background Thread 1 ] DEBUG GameApplicationServi - Initializing application scenes
04:17:19.472 [FXGL Background Thread 1 ] DEBUG GameWorld            - Game world initialized
04:17:19.533 [FXGL Background Thread 1 ] DEBUG PhysicsWorld         - Physics world initialized: appHeight=1000, physics.ppm=50.0
04:17:19.534 [FXGL Background Thread 1 ] DEBUG PhysicsWorld         - Using strategy: BRUTE_FORCE
04:17:19.539 [FXGL Background Thread 1 ] DEBUG GameScene            - Game scene initialized: 2000x1000
04:17:19.556 [FXGL Background Thread 1 ] DEBUG FXGL.DefaultMenu     - createMenuBodyGameMenu()
04:17:19.582 [FXGL Background Thread 1 ] DEBUG FXGL.DefaultMenu     - createOptionsMenu()
04:17:19.606 [FXGL Background Thread 1 ] DEBUG FXGLAssetLoaderServi - Loading from file system: jar:file:/C:/Users/deskr/.m2/repository/com/github/almasb/fxgl/17.2/fxgl-17.2.jar!/fxglassets/textures/particles/smoke.png
04:17:19.754 [FXGL Background Thread 1 ] DEBUG FXGLAssetLoaderServi - Loading from file system: jar:file:/C:/Users/deskr/.m2/repository/com/github/almasb/fxgl/17.2/fxgl-17.2.jar!/fxglassets/textures/particles/trace_horizontal.png
04:17:19.797 [FXGL Background Thread 1 ] DEBUG GameApplicationServi - Application scenes initialized
04:17:19.815 [FXGL Background Thread 1 ] DEBUG SystemBundleService  - Loading FXGL system data
04:17:19.823 [FXGL Background Thread 1 ] DEBUG FileSystemAccess     - Reading from: C:\Users\deskr\OneDrive\Documentos\7 cuatrimestre\Programacion Concurrente\fxl Simulador\system\fxgl.bundle
04:17:19.835 [FXGL Background Thread 1 ] DEBUG SystemBundleService  - Bundle FXGL: {}
04:17:19.835 [FXGL Background Thread 1 ] DEBUG UpdaterService       - Checking for updates
04:17:19.842 [FXGL Background Thread 4 ] DEBUG FXGLApplication      - Loading fonts
04:17:19.843 [FXGL Background Thread 4 ] DEBUG FXGLAssetLoaderServi - Loading from file system: jar:file:/C:/Users/deskr/.m2/repository/com/github/almasb/fxgl/17.2/fxgl-17.2.jar!/fxglassets/ui/fonts/VarelaRound-Regular.ttf
04:17:19.843 [FXGL Background Thread 1 ] DEBUG FXGLApplication      - Loading default localization
04:17:19.844 [FXGL Background Thread 1 ] DEBUG FXGLAssetLoaderServi - Loading from file system: jar:file:/C:/Users/deskr/.m2/repository/com/github/almasb/fxgl/17.2/fxgl-17.2.jar!/fxglassets/languages/english.lang
04:17:19.877 [FXGL Background Thread 1 ] INFO  FXGLApplication      - FXGL initialization took: 0.562 sec
04:17:19.879 [JavaFX Application Thread] DEBUG FXGLAssetLoaderServi - Loading from file system: jar:file:/C:/Users/deskr/.m2/repository/com/github/almasb/fxgl/17.2/fxgl-17.2.jar!/fxglassets/textures/fxgl_icon.png
04:17:19.919 [JavaFX Application Thread] DEBUG FXGLAssetLoaderServi - Loading from file system: jar:file:/C:/Users/deskr/.m2/repository/com/github/almasb/fxgl/17.2/fxgl-17.2.jar!/fxglassets/textures/fxgl_default_cursor.png
04:17:19.943 [JavaFX Application Thread] DEBUG Input                - Registered new binding: Screenshot - CTRL+8
04:17:19.944 [JavaFX Application Thread] DEBUG Input                - Registered new binding: System info dump - CTRL+9
04:17:19.944 [JavaFX Application Thread] DEBUG Input                - Registered new binding: Restart - CTRL+R
04:17:19.945 [JavaFX Application Thread] DEBUG Input                - Registered new binding: Toggle Debug Camera - CTRL+7
04:17:19.948 [JavaFX Application Thread] DEBUG LoopRunner           - Starting loop
04:17:19.948 [JavaFX Application Thread] DEBUG LoopRunner           - Initializing JavaFX AnimationTimerLoop
04:17:19.949 [FXGL Background Thread 4 ] DEBUG FXGLAssetLoaderServi - Loading from file system: jar:file:/C:/Users/deskr/.m2/repository/com/github/almasb/fxgl/17.2/fxgl-17.2.jar!/fxglassets/ui/fonts/Abel-Regular.ttf
04:17:19.951 [JavaFX Application Thread] DEBUG GameApplicationServi - Starting new game
04:17:19.952 [JavaFX Application Thread] DEBUG Input                - Clearing active input actions
04:17:19.956 [FXGL Background Thread 4 ] DEBUG FXGLAssetLoaderServi - Loading from file system: jar:file:/C:/Users/deskr/.m2/repository/com/github/almasb/fxgl/17.2/fxgl-17.2.jar!/fxglassets/ui/fonts/TerminalLandMono-Regular.otf
04:17:19.962 [FXGL Background Thread 4 ] DEBUG FXGLAssetLoaderServi - Loading from file system: jar:file:/C:/Users/deskr/.m2/repository/com/github/almasb/fxgl/17.2/fxgl-17.2.jar!/fxglassets/ui/fonts/Courier-Prime.ttf
04:17:19.968 [JavaFX Application Thread] DEBUG GameApplicationServi - Removing overlay from FXGLStartupScene and adding to FXGLLoadingScene
04:17:19.969 [JavaFX Application Thread] DEBUG PrimaryStageWindow   - FXGLStartupScene -> FXGLLoadingScene
04:17:19.969 [JavaFX Application Thread] DEBUG GameApplicationServi - Clearing previous game
04:17:19.969 [JavaFX Application Thread] DEBUG GameScene            - Clearing game scene
04:17:19.969 [JavaFX Application Thread] DEBUG GameWorld            - Clearing game world
04:17:19.969 [JavaFX Application Thread] DEBUG PhysicsWorld         - Clearing physics world
04:17:19.972 [FXGL Background Thread 1 ] DEBUG FXGLApplication      - Initializing game
04:17:19.976 [FXGL Background Thread 1 ] DEBUG FXGLAssetLoaderServi - Loading from file system: file:/C:/Users/deskr/OneDrive/Documentos/7%20cuatrimestre/Programacion%20Concurrente/fxl%20Simulador/target/classes/assets/textures/fondo.png
04:17:20.002 [FXGL Background Thread 1 ] DEBUG FXGLAssetLoaderServi - Loading from file system: file:/C:/Users/deskr/OneDrive/Documentos/7%20cuatrimestre/Programacion%20Concurrente/fxl%20Simulador/target/classes/assets/textures/recepcionista.png
04:17:20.033 [FXGL Background Thread 1 ] DEBUG FXGLAssetLoaderServi - Loading from file system: file:/C:/Users/deskr/OneDrive/Documentos/7%20cuatrimestre/Programacion%20Concurrente/fxl%20Simulador/target/classes/assets/textures/chef.png
04:17:20.040 [JavaFX Application Thread] DEBUG FXGLApplication      - Registering font factories with UI factory
04:17:20.052 [FXGL Background Thread 1 ] DEBUG FXGLAssetLoaderServi - Loading from file system: file:/C:/Users/deskr/OneDrive/Documentos/7%20cuatrimestre/Programacion%20Concurrente/fxl%20Simulador/target/classes/assets/textures/mesera.png
04:17:20.077 [FXGL Background Thread 1 ] DEBUG FXGLAssetLoaderServi - Loading from file system: file:/C:/Users/deskr/OneDrive/Documentos/7%20cuatrimestre/Programacion%20Concurrente/fxl%20Simulador/target/classes/assets/textures/mesa.png
04:17:20.121 [FXGL Background Thread 1 ] DEBUG FXGLAssetLoaderServi - Loading from file system: file:/C:/Users/deskr/OneDrive/Documentos/7%20cuatrimestre/Programacion%20Concurrente/fxl%20Simulador/target/classes/assets/textures/cliente.png
04:17:20.141 [pool-2-thread-1          ] INFO  LoggerDepuracionFXGL - Controller: El comensal Comensal1 fue asignado a la mesa 0
04:17:20.170 [FXGL Background Thread 1 ] INFO  FXGLApplication      - Game initialization took: 0.197 sec
04:17:20.171 [JavaFX Application Thread] DEBUG Input                - Clearing active input actions
04:17:20.184 [JavaFX Application Thread] DEBUG GameApplicationServi - Removing overlay from FXGLLoadingScene and adding to GameScene
04:17:20.185 [JavaFX Application Thread] DEBUG PrimaryStageWindow   - FXGLLoadingScene -> GameScene
04:17:20.817 [FXGL Background Thread 2 ] INFO  UpdaterService       - Your current version:  17.2
04:17:20.817 [FXGL Background Thread 2 ] INFO  UpdaterService       - Latest stable version: 21.1
04:17:22.842 [FXGL Background Thread 3 ] DEBUG Engine               - Logging environment variables
04:17:22.843 [FXGL Background Thread 3 ] DEBUG Engine               - achievements: []
04:17:22.843 [FXGL Background Thread 3 ] DEBUG Engine               - actualHeight: 960.0
04:17:22.843 [FXGL Background Thread 3 ] DEBUG Engine               - actualHeightProperty: ReadOnlyDoubleProperty [value: 960.0]
04:17:22.843 [FXGL Background Thread 3 ] DEBUG Engine               - actualWidth: 1895.0
04:17:22.843 [FXGL Background Thread 3 ] DEBUG Engine               - actualWidthProperty: ReadOnlyDoubleProperty [value: 1895.0]
04:17:22.843 [FXGL Background Thread 3 ] DEBUG Engine               - appIcon: fxgl_icon.png
04:17:22.844 [FXGL Background Thread 3 ] DEBUG Engine               - applicationMode: DEVELOPER
04:17:22.844 [FXGL Background Thread 3 ] DEBUG Engine               - cSSList: [fxgl_dark.css]
04:17:22.844 [FXGL Background Thread 3 ] DEBUG Engine               - collisionDetectionStrategy: BRUTE_FORCE
04:17:22.844 [FXGL Background Thread 3 ] DEBUG Engine               - configClass: Optional.empty
04:17:22.844 [FXGL Background Thread 3 ] DEBUG Engine               - credits: []
04:17:22.844 [FXGL Background Thread 3 ] DEBUG Engine               - defaultCursor: CursorInfo(imageName=fxgl_default_cursor.png, hotspotX=7.0, hotspotY=6.0)
04:17:22.844 [FXGL Background Thread 3 ] DEBUG Engine               - devBBoxColorProperty: ObjectProperty [value: 0xff0000ff]
04:17:22.844 [FXGL Background Thread 3 ] DEBUG Engine               - devEnableDebugCameraProperty: BooleanProperty [value: false]
04:17:22.845 [FXGL Background Thread 3 ] DEBUG Engine               - devSensorColorProperty: ObjectProperty [value: 0xffff00ff]
04:17:22.845 [FXGL Background Thread 3 ] DEBUG Engine               - devShowBBoxProperty: BooleanProperty [value: false]
04:17:22.845 [FXGL Background Thread 3 ] DEBUG Engine               - devShowPositionProperty: BooleanProperty [value: false]
04:17:22.845 [FXGL Background Thread 3 ] DEBUG Engine               - enabledMenuItems: []
04:17:22.845 [FXGL Background Thread 3 ] DEBUG Engine               - engineServices: [class com.almasb.fxgl.app.services.FXGLAssetLoaderService, class com.almasb.fxgl.app.FXGLApplication$GameApplicationService, class com.almasb.fxgl.app.services.FXGLDialogService, class com.almasb.fxgl.app.services.IOTaskExecutorService, class com.almasb.fxgl.io.FileSystemService, class com.almasb.fxgl.localization.LocalizationService, class com.almasb.fxgl.app.services.SystemBundleService, class com.almasb.fxgl.profile.SaveLoadService, class com.almasb.fxgl.ui.FXGLUIFactoryServiceProvider, class com.almasb.fxgl.ui.FXGLDialogFactoryServiceProvider, class com.almasb.fxgl.audio.AudioPlayer, class com.almasb.fxgl.notification.impl.NotificationServiceProvider, class com.almasb.fxgl.achievement.AchievementService, class com.almasb.fxgl.cutscene.CutsceneService, class com.almasb.fxgl.minigames.MiniGameService, class com.almasb.fxgl.net.NetService, class com.almasb.fxgl.app.services.UpdaterService, class com.almasb.fxgl.dev.DevService]
04:17:22.845 [FXGL Background Thread 3 ] DEBUG Engine               - fontGame: Abel-Regular.ttf
04:17:22.845 [FXGL Background Thread 3 ] DEBUG Engine               - fontMono: TerminalLandMono-Regular.otf
04:17:22.845 [FXGL Background Thread 3 ] DEBUG Engine               - fontText: Courier-Prime.ttf
04:17:22.845 [FXGL Background Thread 3 ] DEBUG Engine               - fontUI: VarelaRound-Regular.ttf
04:17:22.845 [FXGL Background Thread 3 ] DEBUG Engine               - fullScreen: BooleanProperty [value: false]
04:17:22.845 [FXGL Background Thread 3 ] DEBUG Engine               - gameDifficulty: MEDIUM
04:17:22.845 [FXGL Background Thread 3 ] DEBUG Engine               - gameDifficultyProperty: ObjectProperty [value: MEDIUM]
04:17:22.845 [FXGL Background Thread 3 ] DEBUG Engine               - globalMusicVolume: 0.5
04:17:22.845 [FXGL Background Thread 3 ] DEBUG Engine               - globalMusicVolumeProperty: DoubleProperty [value: 0.5]
04:17:22.846 [FXGL Background Thread 3 ] DEBUG Engine               - globalSoundVolume: 0.5
04:17:22.846 [FXGL Background Thread 3 ] DEBUG Engine               - globalSoundVolumeProperty: DoubleProperty [value: 0.5]
04:17:22.846 [FXGL Background Thread 3 ] DEBUG Engine               - height: 1000
04:17:22.846 [FXGL Background Thread 3 ] DEBUG Engine               - is3D: false
04:17:22.846 [FXGL Background Thread 3 ] DEBUG Engine               - isAndroid: false
04:17:22.846 [FXGL Background Thread 3 ] DEBUG Engine               - isBrowser: false
04:17:22.846 [FXGL Background Thread 3 ] DEBUG Engine               - isClickFeedbackEnabled: false
04:17:22.846 [FXGL Background Thread 3 ] DEBUG Engine               - isCloseConfirmation: false
04:17:22.846 [FXGL Background Thread 3 ] DEBUG Engine               - isDesktop: true
04:17:22.846 [FXGL Background Thread 3 ] DEBUG Engine               - isDeveloperMenuEnabled: false
04:17:22.846 [FXGL Background Thread 3 ] DEBUG Engine               - isEmbedded: false
04:17:22.846 [FXGL Background Thread 3 ] DEBUG Engine               - isEntityPreloadEnabled: true
04:17:22.846 [FXGL Background Thread 3 ] DEBUG Engine               - isExperimentalTiledLargeMap: false
04:17:22.846 [FXGL Background Thread 3 ] DEBUG Engine               - isFileSystemWriteAllowed: true
04:17:22.846 [FXGL Background Thread 3 ] DEBUG Engine               - isFullScreenAllowed: false
04:17:22.846 [FXGL Background Thread 3 ] DEBUG Engine               - isFullScreenFromStart: false
04:17:22.846 [FXGL Background Thread 3 ] DEBUG Engine               - isGameMenuEnabled: true
04:17:22.846 [FXGL Background Thread 3 ] DEBUG Engine               - isIOS: false
04:17:22.846 [FXGL Background Thread 3 ] DEBUG Engine               - isIntroEnabled: false
04:17:22.847 [FXGL Background Thread 3 ] DEBUG Engine               - isLinux: false
04:17:22.847 [FXGL Background Thread 3 ] DEBUG Engine               - isMac: false
04:17:22.847 [FXGL Background Thread 3 ] DEBUG Engine               - isMainMenuEnabled: false
04:17:22.847 [FXGL Background Thread 3 ] DEBUG Engine               - isManualResizeEnabled: false
04:17:22.847 [FXGL Background Thread 3 ] DEBUG Engine               - isMobile: false
04:17:22.847 [FXGL Background Thread 3 ] DEBUG Engine               - isNative: false
04:17:22.847 [FXGL Background Thread 3 ] DEBUG Engine               - isPauseMusicWhenMinimized: true
04:17:22.848 [FXGL Background Thread 3 ] DEBUG Engine               - isPreserveResizeRatio: false
04:17:22.848 [FXGL Background Thread 3 ] DEBUG Engine               - isProfilingEnabled: false
04:17:22.848 [FXGL Background Thread 3 ] DEBUG Engine               - isScaleAffectedOnResize: true
04:17:22.848 [FXGL Background Thread 3 ] DEBUG Engine               - isSingleStep: false
04:17:22.848 [FXGL Background Thread 3 ] DEBUG Engine               - isUserProfileEnabled: false
04:17:22.848 [FXGL Background Thread 3 ] DEBUG Engine               - isWindows: true
04:17:22.848 [FXGL Background Thread 3 ] DEBUG Engine               - language: ObjectProperty [value: ENGLISH]
04:17:22.848 [FXGL Background Thread 3 ] DEBUG Engine               - menuKey: ESCAPE
04:17:22.848 [FXGL Background Thread 3 ] DEBUG Engine               - mouseSensitivity: 0.2
04:17:22.848 [FXGL Background Thread 3 ] DEBUG Engine               - notificationViewClass: class com.almasb.fxgl.notification.view.XboxNotificationView
04:17:22.848 [FXGL Background Thread 3 ] DEBUG Engine               - pixelsPerMeter: 50.0
04:17:22.848 [FXGL Background Thread 3 ] DEBUG Engine               - platform: WINDOWS
04:17:22.848 [FXGL Background Thread 3 ] DEBUG Engine               - prefHeightProperty: ReadOnlyDoubleProperty [value: 1000.0]
04:17:22.848 [FXGL Background Thread 3 ] DEBUG Engine               - prefWidthProperty: ReadOnlyDoubleProperty [value: 2000.0]
04:17:22.848 [FXGL Background Thread 3 ] DEBUG Engine               - profileDir: profiles/
04:17:22.848 [FXGL Background Thread 3 ] DEBUG Engine               - profileName: StringProperty [value: DEFAULT]
04:17:22.848 [FXGL Background Thread 3 ] DEBUG Engine               - randomSeed: -1
04:17:22.849 [FXGL Background Thread 3 ] DEBUG Engine               - runtimeInfo: RuntimeInfo(platform=WINDOWS, version=17.2, build=20.08.2022 16.50)
04:17:22.849 [FXGL Background Thread 3 ] DEBUG Engine               - saveFileExt: sav
04:17:22.849 [FXGL Background Thread 3 ] DEBUG Engine               - scaledHeightProp$fxgl: DoubleProperty [bound, value: 960.0]
04:17:22.849 [FXGL Background Thread 3 ] DEBUG Engine               - scaledWidthProp$fxgl: DoubleProperty [bound, value: 1895.0]
04:17:22.849 [FXGL Background Thread 3 ] DEBUG Engine               - sceneFactory: com.almasb.fxgl.app.scene.SceneFactory@19b00f2b
04:17:22.849 [FXGL Background Thread 3 ] DEBUG Engine               - secondsIn24h: 60
04:17:22.849 [FXGL Background Thread 3 ] DEBUG Engine               - soundMenuBack: menu/back.wav
04:17:22.849 [FXGL Background Thread 3 ] DEBUG Engine               - soundMenuPress: menu/press.wav
04:17:22.849 [FXGL Background Thread 3 ] DEBUG Engine               - soundMenuSelect: menu/select.wav
04:17:22.849 [FXGL Background Thread 3 ] DEBUG Engine               - soundNotification: core/notification.wav
04:17:22.849 [FXGL Background Thread 3 ] DEBUG Engine               - stageStyle: DECORATED
04:17:22.849 [FXGL Background Thread 3 ] DEBUG Engine               - supportedLanguages: [ENGLISH, FRENCH, GERMAN, HUNGARIAN, RUSSIAN]
04:17:22.849 [FXGL Background Thread 3 ] DEBUG Engine               - ticksPerSecond: -1
04:17:22.850 [FXGL Background Thread 3 ] DEBUG Engine               - title: Simulador de Restaurante
04:17:22.850 [FXGL Background Thread 3 ] DEBUG Engine               - urlGithub: https://github.com/AlmasB/FXGL
04:17:22.850 [FXGL Background Thread 3 ] DEBUG Engine               - urlLeaderboard: http://fxgl-top.herokuapp.com/
04:17:22.850 [FXGL Background Thread 3 ] DEBUG Engine               - urlPOM: https://raw.githubusercontent.com/AlmasB/FXGL/release/README.md
04:17:22.850 [FXGL Background Thread 3 ] DEBUG Engine               - userAppClass: class org.example.Main
04:17:22.850 [FXGL Background Thread 3 ] DEBUG Engine               - version: 1.0
04:17:22.850 [FXGL Background Thread 3 ] DEBUG Engine               - versionCheckDays: 7
04:17:22.850 [FXGL Background Thread 3 ] DEBUG Engine               - width: 2000
04:17:22.850 [FXGL Background Thread 3 ] DEBUG Engine               - Logging services
04:17:22.850 [FXGL Background Thread 3 ] DEBUG Engine               - class com.almasb.fxgl.app.services.FXGLAssetLoaderService
04:17:22.850 [FXGL Background Thread 3 ] DEBUG Engine               - class com.almasb.fxgl.app.FXGLApplication$GameApplicationService
04:17:22.850 [FXGL Background Thread 3 ] DEBUG Engine               - class com.almasb.fxgl.app.services.FXGLDialogService
04:17:22.850 [FXGL Background Thread 3 ] DEBUG Engine               - class com.almasb.fxgl.app.services.IOTaskExecutorService
04:17:22.850 [FXGL Background Thread 3 ] DEBUG Engine               - class com.almasb.fxgl.io.FileSystemService
04:17:22.850 [FXGL Background Thread 3 ] DEBUG Engine               - class com.almasb.fxgl.localization.LocalizationService
04:17:22.850 [FXGL Background Thread 3 ] DEBUG Engine               - class com.almasb.fxgl.app.services.SystemBundleService
04:17:22.850 [FXGL Background Thread 3 ] DEBUG Engine               - class com.almasb.fxgl.profile.SaveLoadService
04:17:22.850 [FXGL Background Thread 3 ] DEBUG Engine               - class com.almasb.fxgl.ui.FXGLUIFactoryServiceProvider
04:17:22.850 [FXGL Background Thread 3 ] DEBUG Engine               - class com.almasb.fxgl.ui.FXGLDialogFactoryServiceProvider
04:17:22.850 [FXGL Background Thread 3 ] DEBUG Engine               - class com.almasb.fxgl.audio.AudioPlayer
04:17:22.851 [FXGL Background Thread 3 ] DEBUG Engine               - class com.almasb.fxgl.notification.impl.NotificationServiceProvider
04:17:22.851 [FXGL Background Thread 3 ] DEBUG Engine               - class com.almasb.fxgl.achievement.AchievementService
04:17:22.851 [FXGL Background Thread 3 ] DEBUG Engine               - class com.almasb.fxgl.cutscene.CutsceneService
04:17:22.851 [FXGL Background Thread 3 ] DEBUG Engine               - class com.almasb.fxgl.minigames.MiniGameService
04:17:22.851 [FXGL Background Thread 3 ] DEBUG Engine               - class com.almasb.fxgl.net.NetService
04:17:22.851 [FXGL Background Thread 3 ] DEBUG Engine               - class com.almasb.fxgl.app.services.UpdaterService
04:17:22.851 [FXGL Background Thread 3 ] DEBUG Engine               - class com.almasb.fxgl.dev.DevService
04:17:23.143 [pool-2-thread-1          ] INFO  LoggerDepuracionFXGL - Controller: El comensal Comensal2 fue asignado a la mesa 1
04:17:26.145 [pool-2-thread-1          ] INFO  LoggerDepuracionFXGL - Controller: El comensal Comensal3 fue asignado a la mesa 2
04:17:28.397 [JavaFX Application Thread] DEBUG FXGLApplication      - Exiting FXGL
04:17:28.397 [JavaFX Application Thread] DEBUG LoopRunner           - Stopping loop
04:17:28.397 [JavaFX Application Thread] DEBUG SystemBundleService  - Saving FXGL system data
04:17:28.400 [JavaFX Application Thread] DEBUG FileSystemAccess     - Writing to: C:\Users\deskr\OneDrive\Documentos\7 cuatrimestre\Programacion Concurrente\fxl Simulador\system\fxgl.bundle
04:17:28.402 [JavaFX Application Thread] DEBUG Async                - Shutting down background threads
04:17:28.403 [JavaFX Application Thread] DEBUG PrimaryStageWindow   - Closing main window
04:17:28.425 [JavaFX Application Thread] DEBUG Logger               - Closing Logger
