05:02:39.368 [main                     ] DEBUG Logger               - Configured Logger
05:02:39.402 [main                     ] DEBUG GameApplication      - Logging settings
Title: Simulador de Restaurante
Version: 1.0
Width: 2000
Height: 1000
Fullscreen: false
Intro: false
Profiling: false
Single step:false
App Mode: DEVELOPER
Menu Key: ESCAPE
Stage Style: DECORATED
Scene Factory: class com.almasb.fxgl.app.scene.SceneFactory

05:02:40.392 [JavaFX Application Thread] DEBUG FXGLApplication      - Initializing FXGL
05:02:40.401 [JavaFX Application Thread] INFO  Engine               - FXGL-17.2 (20.08.2022 16.50) on WINDOWS (J:17.0.5 FX:18)
05:02:40.401 [JavaFX Application Thread] DEBUG Engine               - JRE Vendor Name: Oracle Corporation
05:02:40.401 [JavaFX Application Thread] DEBUG Engine               - Running on OS: Windows 11 version 10.0
05:02:40.401 [JavaFX Application Thread] DEBUG Engine               - Architecture: amd64
05:02:40.401 [JavaFX Application Thread] INFO  Engine               - Source code and latest versions at: https://github.com/AlmasB/FXGL
05:02:40.401 [JavaFX Application Thread] INFO  Engine               -       Ask questions and discuss at: https://github.com/AlmasB/FXGL/discussions
05:02:40.403 [JavaFX Application Thread] INFO  Engine               -              Join the FXGL chat at: https://gitter.im/AlmasB/FXGL
05:02:40.569 [JavaFX Application Thread] DEBUG PrimaryStageWindow   - Creating a JavaFX scene
05:02:40.570 [JavaFX Application Thread] DEBUG PrimaryStageWindow   - Target size > screen size
05:02:40.629 [JavaFX Application Thread] DEBUG PrimaryStageWindow   - Target settings size: 2000.0 x 1000.0
05:02:40.629 [JavaFX Application Thread] DEBUG PrimaryStageWindow   - Scaled scene size:    1895.0 x 960.0
05:02:40.630 [JavaFX Application Thread] DEBUG PrimaryStageWindow   - Scaled ratio: (0.9475, 0.96)
05:02:40.630 [JavaFX Application Thread] DEBUG PrimaryStageWindow   - Set initial scene to FXGLStartupScene
05:02:40.639 [JavaFX Application Thread] DEBUG PrimaryStageWindow   - Opening main window
05:02:40.767 [JavaFX Application Thread] DEBUG PrimaryStageWindow   - Window border size: (16.0, 39.0)
05:02:40.767 [JavaFX Application Thread] DEBUG PrimaryStageWindow   - Scaled size: 1895.0 x 960.0
05:02:40.767 [JavaFX Application Thread] DEBUG PrimaryStageWindow   - Scaled ratio: (0.9475, 0.96)
05:02:40.767 [JavaFX Application Thread] DEBUG PrimaryStageWindow   - Scene size: 1895.0 x 960.0
05:02:40.768 [JavaFX Application Thread] DEBUG PrimaryStageWindow   - Stage size: 1911.0 x 999.0
05:02:40.778 [FXGL Background Thread 1 ] DEBUG Engine               - Initializing environment variables
05:02:40.832 [FXGL Background Thread 1 ] DEBUG FXGLAssetLoaderServi - User app class for loading assets: class org.example.Main
05:02:40.832 [FXGL Background Thread 1 ] DEBUG GameApplicationServi - Applying CSS: fxgl_dark.css
05:02:40.834 [FXGL Background Thread 1 ] DEBUG FXGLAssetLoaderServi - Loading from file system: jar:file:/C:/Users/deskr/.m2/repository/com/github/almasb/fxgl/17.2/fxgl-17.2.jar!/fxglassets/ui/css/fxgl_dark.css
05:02:40.887 [FXGL Background Thread 1 ] DEBUG GameApplicationServi - Initializing application scenes
05:02:40.940 [FXGL Background Thread 1 ] DEBUG GameWorld            - Game world initialized
05:02:41.009 [FXGL Background Thread 1 ] DEBUG PhysicsWorld         - Physics world initialized: appHeight=1000, physics.ppm=50.0
05:02:41.009 [FXGL Background Thread 1 ] DEBUG PhysicsWorld         - Using strategy: BRUTE_FORCE
05:02:41.014 [FXGL Background Thread 1 ] DEBUG GameScene            - Game scene initialized: 2000x1000
05:02:41.037 [FXGL Background Thread 1 ] DEBUG FXGL.DefaultMenu     - createMenuBodyGameMenu()
05:02:41.066 [FXGL Background Thread 1 ] DEBUG FXGL.DefaultMenu     - createOptionsMenu()
05:02:41.085 [FXGL Background Thread 1 ] DEBUG FXGLAssetLoaderServi - Loading from file system: jar:file:/C:/Users/deskr/.m2/repository/com/github/almasb/fxgl/17.2/fxgl-17.2.jar!/fxglassets/textures/particles/smoke.png
05:02:41.206 [FXGL Background Thread 1 ] DEBUG FXGLAssetLoaderServi - Loading from file system: jar:file:/C:/Users/deskr/.m2/repository/com/github/almasb/fxgl/17.2/fxgl-17.2.jar!/fxglassets/textures/particles/trace_horizontal.png
05:02:41.229 [FXGL Background Thread 1 ] DEBUG GameApplicationServi - Application scenes initialized
05:02:41.244 [FXGL Background Thread 1 ] DEBUG SystemBundleService  - Loading FXGL system data
05:02:41.251 [FXGL Background Thread 1 ] DEBUG FileSystemAccess     - Reading from: C:\Users\deskr\OneDrive\Documentos\7 cuatrimestre\Programacion Concurrente\fxl Simulador\system\fxgl.bundle
05:02:41.263 [FXGL Background Thread 1 ] DEBUG SystemBundleService  - Bundle FXGL: {}
05:02:41.264 [FXGL Background Thread 1 ] DEBUG UpdaterService       - Checking for updates
05:02:41.269 [FXGL Background Thread 4 ] DEBUG FXGLApplication      - Loading fonts
05:02:41.271 [FXGL Background Thread 4 ] DEBUG FXGLAssetLoaderServi - Loading from file system: jar:file:/C:/Users/deskr/.m2/repository/com/github/almasb/fxgl/17.2/fxgl-17.2.jar!/fxglassets/ui/fonts/VarelaRound-Regular.ttf
05:02:41.271 [FXGL Background Thread 1 ] DEBUG FXGLApplication      - Loading default localization
05:02:41.272 [FXGL Background Thread 1 ] DEBUG FXGLAssetLoaderServi - Loading from file system: jar:file:/C:/Users/deskr/.m2/repository/com/github/almasb/fxgl/17.2/fxgl-17.2.jar!/fxglassets/languages/english.lang
05:02:41.303 [FXGL Background Thread 1 ] INFO  FXGLApplication      - FXGL initialization took: 0.524 sec
05:02:41.305 [JavaFX Application Thread] DEBUG FXGLAssetLoaderServi - Loading from file system: jar:file:/C:/Users/deskr/.m2/repository/com/github/almasb/fxgl/17.2/fxgl-17.2.jar!/fxglassets/textures/fxgl_icon.png
05:02:41.349 [JavaFX Application Thread] DEBUG FXGLAssetLoaderServi - Loading from file system: jar:file:/C:/Users/deskr/.m2/repository/com/github/almasb/fxgl/17.2/fxgl-17.2.jar!/fxglassets/textures/fxgl_default_cursor.png
05:02:41.365 [FXGL Background Thread 4 ] DEBUG FXGLAssetLoaderServi - Loading from file system: jar:file:/C:/Users/deskr/.m2/repository/com/github/almasb/fxgl/17.2/fxgl-17.2.jar!/fxglassets/ui/fonts/Abel-Regular.ttf
05:02:41.372 [JavaFX Application Thread] DEBUG Input                - Registered new binding: Screenshot - CTRL+8
05:02:41.373 [FXGL Background Thread 4 ] DEBUG FXGLAssetLoaderServi - Loading from file system: jar:file:/C:/Users/deskr/.m2/repository/com/github/almasb/fxgl/17.2/fxgl-17.2.jar!/fxglassets/ui/fonts/TerminalLandMono-Regular.otf
05:02:41.373 [JavaFX Application Thread] DEBUG Input                - Registered new binding: System info dump - CTRL+9
05:02:41.374 [JavaFX Application Thread] DEBUG Input                - Registered new binding: Restart - CTRL+R
05:02:41.376 [JavaFX Application Thread] DEBUG Input                - Registered new binding: Toggle Debug Camera - CTRL+7
05:02:41.380 [FXGL Background Thread 4 ] DEBUG FXGLAssetLoaderServi - Loading from file system: jar:file:/C:/Users/deskr/.m2/repository/com/github/almasb/fxgl/17.2/fxgl-17.2.jar!/fxglassets/ui/fonts/Courier-Prime.ttf
05:02:41.382 [JavaFX Application Thread] DEBUG LoopRunner           - Starting loop
05:02:41.382 [JavaFX Application Thread] DEBUG LoopRunner           - Initializing JavaFX AnimationTimerLoop
05:02:41.385 [JavaFX Application Thread] DEBUG GameApplicationServi - Starting new game
05:02:41.386 [JavaFX Application Thread] DEBUG Input                - Clearing active input actions
05:02:41.399 [JavaFX Application Thread] DEBUG GameApplicationServi - Removing overlay from FXGLStartupScene and adding to FXGLLoadingScene
05:02:41.400 [JavaFX Application Thread] DEBUG PrimaryStageWindow   - FXGLStartupScene -> FXGLLoadingScene
05:02:41.400 [JavaFX Application Thread] DEBUG GameApplicationServi - Clearing previous game
05:02:41.400 [JavaFX Application Thread] DEBUG GameScene            - Clearing game scene
05:02:41.400 [JavaFX Application Thread] DEBUG GameWorld            - Clearing game world
05:02:41.400 [JavaFX Application Thread] DEBUG PhysicsWorld         - Clearing physics world
05:02:41.403 [FXGL Background Thread 4 ] DEBUG FXGLApplication      - Initializing game
05:02:41.407 [FXGL Background Thread 4 ] DEBUG FXGLAssetLoaderServi - Loading from file system: file:/C:/Users/deskr/OneDrive/Documentos/7%20cuatrimestre/Programacion%20Concurrente/fxl%20Simulador/target/classes/assets/textures/fondo.png
05:02:41.424 [FXGL Background Thread 4 ] DEBUG FXGLAssetLoaderServi - Loading from file system: file:/C:/Users/deskr/OneDrive/Documentos/7%20cuatrimestre/Programacion%20Concurrente/fxl%20Simulador/target/classes/assets/textures/recepcionista.png
05:02:41.444 [FXGL Background Thread 4 ] DEBUG FXGLAssetLoaderServi - Loading from file system: file:/C:/Users/deskr/OneDrive/Documentos/7%20cuatrimestre/Programacion%20Concurrente/fxl%20Simulador/target/classes/assets/textures/chef.png
05:02:41.449 [JavaFX Application Thread] DEBUG FXGLApplication      - Registering font factories with UI factory
05:02:41.455 [FXGL Background Thread 4 ] DEBUG FXGLAssetLoaderServi - Loading from file system: file:/C:/Users/deskr/OneDrive/Documentos/7%20cuatrimestre/Programacion%20Concurrente/fxl%20Simulador/target/classes/assets/textures/mesera.png
05:02:41.467 [FXGL Background Thread 4 ] DEBUG FXGLAssetLoaderServi - Loading from file system: file:/C:/Users/deskr/OneDrive/Documentos/7%20cuatrimestre/Programacion%20Concurrente/fxl%20Simulador/target/classes/assets/textures/mesa.png
05:02:41.494 [FXGL Background Thread 4 ] DEBUG FXGLAssetLoaderServi - Loading from file system: file:/C:/Users/deskr/OneDrive/Documentos/7%20cuatrimestre/Programacion%20Concurrente/fxl%20Simulador/target/classes/assets/textures/cliente.png
05:02:41.511 [pool-2-thread-1          ] INFO  LoggerDepuracionFXGL - Controller: El comensal Comensal1 fue asignado a la mesa 0
05:02:41.522 [FXGL Background Thread 4 ] INFO  FXGLApplication      - Game initialization took: 0.119 sec
05:02:41.541 [JavaFX Application Thread] DEBUG Input                - Clearing active input actions
05:02:41.555 [JavaFX Application Thread] DEBUG GameApplicationServi - Removing overlay from FXGLLoadingScene and adding to GameScene
05:02:41.556 [JavaFX Application Thread] DEBUG PrimaryStageWindow   - FXGLLoadingScene -> GameScene
05:02:42.129 [FXGL Background Thread 2 ] INFO  UpdaterService       - Your current version:  17.2
05:02:42.129 [FXGL Background Thread 2 ] INFO  UpdaterService       - Latest stable version: 21.1
05:02:43.836 [JavaFX Application Thread] DEBUG FXGLApplication      - Exiting FXGL
05:02:43.837 [JavaFX Application Thread] DEBUG LoopRunner           - Stopping loop
05:02:43.837 [JavaFX Application Thread] DEBUG SystemBundleService  - Saving FXGL system data
05:02:43.844 [JavaFX Application Thread] DEBUG FileSystemAccess     - Writing to: C:\Users\deskr\OneDrive\Documentos\7 cuatrimestre\Programacion Concurrente\fxl Simulador\system\fxgl.bundle
05:02:43.846 [JavaFX Application Thread] DEBUG Async                - Shutting down background threads
05:02:43.846 [JavaFX Application Thread] DEBUG PrimaryStageWindow   - Closing main window
05:02:43.874 [JavaFX Application Thread] DEBUG Logger               - Closing Logger
