20:20:07.410 [main                     ] DEBUG Logger               - Configured Logger
20:20:07.441 [main                     ] DEBUG GameApplication      - Logging settings
Title: Simulador de Restaurante
Version: 1.0
Width: 2000
Height: 1000
Fullscreen: false
Intro: false
Profiling: false
Single step:false
App Mode: DEVELOPER
Menu Key: ESCAPE
Stage Style: DECORATED
Scene Factory: class com.almasb.fxgl.app.scene.SceneFactory

20:20:08.264 [JavaFX Application Thread] DEBUG FXGLApplication      - Initializing FXGL
20:20:08.270 [JavaFX Application Thread] INFO  Engine               - FXGL-17.2 (20.08.2022 16.50) on WINDOWS (J:17.0.5 FX:18)
20:20:08.270 [JavaFX Application Thread] DEBUG Engine               - JRE Vendor Name: Oracle Corporation
20:20:08.271 [JavaFX Application Thread] DEBUG Engine               - Running on OS: Windows 11 version 10.0
20:20:08.271 [JavaFX Application Thread] DEBUG Engine               - Architecture: amd64
20:20:08.271 [JavaFX Application Thread] INFO  Engine               - Source code and latest versions at: https://github.com/AlmasB/FXGL
20:20:08.271 [JavaFX Application Thread] INFO  Engine               -       Ask questions and discuss at: https://github.com/AlmasB/FXGL/discussions
20:20:08.271 [JavaFX Application Thread] INFO  Engine               -              Join the FXGL chat at: https://gitter.im/AlmasB/FXGL
20:20:08.402 [JavaFX Application Thread] DEBUG PrimaryStageWindow   - Creating a JavaFX scene
20:20:08.402 [JavaFX Application Thread] DEBUG PrimaryStageWindow   - Target size > screen size
20:20:08.460 [JavaFX Application Thread] DEBUG PrimaryStageWindow   - Target settings size: 2000.0 x 1000.0
20:20:08.461 [JavaFX Application Thread] DEBUG PrimaryStageWindow   - Scaled scene size:    1895.0 x 960.0
20:20:08.461 [JavaFX Application Thread] DEBUG PrimaryStageWindow   - Scaled ratio: (0.9475, 0.96)
20:20:08.462 [JavaFX Application Thread] DEBUG PrimaryStageWindow   - Set initial scene to FXGLStartupScene
20:20:08.471 [JavaFX Application Thread] DEBUG PrimaryStageWindow   - Opening main window
20:20:08.585 [JavaFX Application Thread] DEBUG PrimaryStageWindow   - Window border size: (16.0, 39.0)
20:20:08.585 [JavaFX Application Thread] DEBUG PrimaryStageWindow   - Scaled size: 1895.0 x 960.0
20:20:08.585 [JavaFX Application Thread] DEBUG PrimaryStageWindow   - Scaled ratio: (0.9475, 0.96)
20:20:08.586 [JavaFX Application Thread] DEBUG PrimaryStageWindow   - Scene size: 1895.0 x 960.0
20:20:08.586 [JavaFX Application Thread] DEBUG PrimaryStageWindow   - Stage size: 1911.0 x 999.0
20:20:08.600 [FXGL Background Thread 1 ] DEBUG Engine               - Initializing environment variables
20:20:08.650 [FXGL Background Thread 1 ] DEBUG FXGLAssetLoaderServi - User app class for loading assets: class org.example.Main
20:20:08.651 [FXGL Background Thread 1 ] DEBUG GameApplicationServi - Applying CSS: fxgl_dark.css
20:20:08.653 [FXGL Background Thread 1 ] DEBUG FXGLAssetLoaderServi - Loading from file system: jar:file:/C:/Users/deskr/.m2/repository/com/github/almasb/fxgl/17.2/fxgl-17.2.jar!/fxglassets/ui/css/fxgl_dark.css
20:20:08.715 [FXGL Background Thread 1 ] DEBUG GameApplicationServi - Initializing application scenes
20:20:08.777 [FXGL Background Thread 1 ] DEBUG GameWorld            - Game world initialized
20:20:08.836 [FXGL Background Thread 1 ] DEBUG PhysicsWorld         - Physics world initialized: appHeight=1000, physics.ppm=50.0
20:20:08.836 [FXGL Background Thread 1 ] DEBUG PhysicsWorld         - Using strategy: BRUTE_FORCE
20:20:08.842 [FXGL Background Thread 1 ] DEBUG GameScene            - Game scene initialized: 2000x1000
20:20:08.861 [FXGL Background Thread 1 ] DEBUG FXGL.DefaultMenu     - createMenuBodyGameMenu()
20:20:08.883 [FXGL Background Thread 1 ] DEBUG FXGL.DefaultMenu     - createOptionsMenu()
20:20:08.904 [FXGL Background Thread 1 ] DEBUG FXGLAssetLoaderServi - Loading from file system: jar:file:/C:/Users/deskr/.m2/repository/com/github/almasb/fxgl/17.2/fxgl-17.2.jar!/fxglassets/textures/particles/smoke.png
20:20:09.036 [FXGL Background Thread 1 ] DEBUG FXGLAssetLoaderServi - Loading from file system: jar:file:/C:/Users/deskr/.m2/repository/com/github/almasb/fxgl/17.2/fxgl-17.2.jar!/fxglassets/textures/particles/trace_horizontal.png
20:20:09.069 [FXGL Background Thread 1 ] DEBUG GameApplicationServi - Application scenes initialized
20:20:09.088 [FXGL Background Thread 1 ] DEBUG SystemBundleService  - Loading FXGL system data
20:20:09.095 [FXGL Background Thread 1 ] DEBUG FileSystemAccess     - Reading from: C:\Users\deskr\OneDrive\Documentos\7 cuatrimestre\Programacion Concurrente\fxl Simulador\system\fxgl.bundle
20:20:09.105 [FXGL Background Thread 1 ] DEBUG SystemBundleService  - Bundle FXGL: {}
20:20:09.106 [FXGL Background Thread 1 ] DEBUG UpdaterService       - Checking for updates
20:20:09.110 [FXGL Background Thread 4 ] DEBUG FXGLApplication      - Loading fonts
20:20:09.111 [FXGL Background Thread 4 ] DEBUG FXGLAssetLoaderServi - Loading from file system: jar:file:/C:/Users/deskr/.m2/repository/com/github/almasb/fxgl/17.2/fxgl-17.2.jar!/fxglassets/ui/fonts/VarelaRound-Regular.ttf
20:20:09.112 [FXGL Background Thread 1 ] DEBUG FXGLApplication      - Loading default localization
20:20:09.113 [FXGL Background Thread 1 ] DEBUG FXGLAssetLoaderServi - Loading from file system: jar:file:/C:/Users/deskr/.m2/repository/com/github/almasb/fxgl/17.2/fxgl-17.2.jar!/fxglassets/languages/english.lang
20:20:09.139 [FXGL Background Thread 1 ] INFO  FXGLApplication      - FXGL initialization took: 0.540 sec
20:20:09.141 [JavaFX Application Thread] DEBUG FXGLAssetLoaderServi - Loading from file system: jar:file:/C:/Users/deskr/.m2/repository/com/github/almasb/fxgl/17.2/fxgl-17.2.jar!/fxglassets/textures/fxgl_icon.png
20:20:09.174 [JavaFX Application Thread] DEBUG FXGLAssetLoaderServi - Loading from file system: jar:file:/C:/Users/deskr/.m2/repository/com/github/almasb/fxgl/17.2/fxgl-17.2.jar!/fxglassets/textures/fxgl_default_cursor.png
20:20:09.189 [FXGL Background Thread 4 ] DEBUG FXGLAssetLoaderServi - Loading from file system: jar:file:/C:/Users/deskr/.m2/repository/com/github/almasb/fxgl/17.2/fxgl-17.2.jar!/fxglassets/ui/fonts/Abel-Regular.ttf
20:20:09.190 [JavaFX Application Thread] DEBUG Input                - Registered new binding: Screenshot - CTRL+8
20:20:09.191 [JavaFX Application Thread] DEBUG Input                - Registered new binding: System info dump - CTRL+9
20:20:09.191 [JavaFX Application Thread] DEBUG Input                - Registered new binding: Restart - CTRL+R
20:20:09.192 [JavaFX Application Thread] DEBUG Input                - Registered new binding: Toggle Debug Camera - CTRL+7
20:20:09.195 [FXGL Background Thread 4 ] DEBUG FXGLAssetLoaderServi - Loading from file system: jar:file:/C:/Users/deskr/.m2/repository/com/github/almasb/fxgl/17.2/fxgl-17.2.jar!/fxglassets/ui/fonts/TerminalLandMono-Regular.otf
20:20:09.195 [JavaFX Application Thread] DEBUG LoopRunner           - Starting loop
20:20:09.195 [JavaFX Application Thread] DEBUG LoopRunner           - Initializing JavaFX AnimationTimerLoop
20:20:09.198 [JavaFX Application Thread] DEBUG GameApplicationServi - Starting new game
20:20:09.199 [JavaFX Application Thread] DEBUG Input                - Clearing active input actions
20:20:09.200 [FXGL Background Thread 4 ] DEBUG FXGLAssetLoaderServi - Loading from file system: jar:file:/C:/Users/deskr/.m2/repository/com/github/almasb/fxgl/17.2/fxgl-17.2.jar!/fxglassets/ui/fonts/Courier-Prime.ttf
20:20:09.210 [JavaFX Application Thread] DEBUG GameApplicationServi - Removing overlay from FXGLStartupScene and adding to FXGLLoadingScene
20:20:09.211 [JavaFX Application Thread] DEBUG PrimaryStageWindow   - FXGLStartupScene -> FXGLLoadingScene
20:20:09.211 [JavaFX Application Thread] DEBUG GameApplicationServi - Clearing previous game
20:20:09.211 [JavaFX Application Thread] DEBUG GameScene            - Clearing game scene
20:20:09.211 [JavaFX Application Thread] DEBUG GameWorld            - Clearing game world
20:20:09.211 [JavaFX Application Thread] DEBUG PhysicsWorld         - Clearing physics world
20:20:09.213 [FXGL Background Thread 4 ] DEBUG FXGLApplication      - Initializing game
20:20:09.216 [FXGL Background Thread 4 ] DEBUG FXGLAssetLoaderServi - Loading from file system: file:/C:/Users/deskr/OneDrive/Documentos/7%20cuatrimestre/Programacion%20Concurrente/fxl%20Simulador/target/classes/assets/textures/fondo.png
20:20:09.227 [FXGL Background Thread 4 ] DEBUG FXGLAssetLoaderServi - Loading from file system: file:/C:/Users/deskr/OneDrive/Documentos/7%20cuatrimestre/Programacion%20Concurrente/fxl%20Simulador/target/classes/assets/music/soundtrack.mp3
20:20:09.264 [JavaFX Application Thread] DEBUG FXGLApplication      - Registering font factories with UI factory
20:20:09.820 [FXGL Background Thread 2 ] INFO  UpdaterService       - Your current version:  17.2
20:20:09.821 [FXGL Background Thread 2 ] INFO  UpdaterService       - Latest stable version: 21.1
20:20:09.863 [FXGL Background Thread 4 ] DEBUG AudioPlayer          - Playing music com.almasb.fxgl.audio.Music@484a1e36
20:20:09.871 [FXGL Background Thread 4 ] DEBUG FXGLAssetLoaderServi - Loading from file system: file:/C:/Users/deskr/OneDrive/Documentos/7%20cuatrimestre/Programacion%20Concurrente/fxl%20Simulador/target/classes/assets/textures/cliente.png
20:20:09.909 [FXGL Background Thread 4 ] INFO  FXGLApplication      - Game initialization took: 0.695 sec
20:20:09.923 [JavaFX Application Thread] DEBUG Input                - Clearing active input actions
20:20:09.929 [JavaFX Application Thread] DEBUG GameApplicationServi - Removing overlay from FXGLLoadingScene and adding to GameScene
20:20:09.929 [JavaFX Application Thread] DEBUG PrimaryStageWindow   - FXGLLoadingScene -> GameScene
20:20:12.110 [FXGL Background Thread 3 ] DEBUG Engine               - Logging environment variables
20:20:12.112 [FXGL Background Thread 3 ] DEBUG Engine               - achievements: []
20:20:12.112 [FXGL Background Thread 3 ] DEBUG Engine               - actualHeight: 960.0
20:20:12.113 [FXGL Background Thread 3 ] DEBUG Engine               - actualHeightProperty: ReadOnlyDoubleProperty [value: 960.0]
20:20:12.113 [FXGL Background Thread 3 ] DEBUG Engine               - actualWidth: 1895.0
20:20:12.113 [FXGL Background Thread 3 ] DEBUG Engine               - actualWidthProperty: ReadOnlyDoubleProperty [value: 1895.0]
20:20:12.113 [FXGL Background Thread 3 ] DEBUG Engine               - appIcon: fxgl_icon.png
20:20:12.113 [FXGL Background Thread 3 ] DEBUG Engine               - applicationMode: DEVELOPER
20:20:12.113 [FXGL Background Thread 3 ] DEBUG Engine               - cSSList: [fxgl_dark.css]
20:20:12.113 [FXGL Background Thread 3 ] DEBUG Engine               - collisionDetectionStrategy: BRUTE_FORCE
20:20:12.113 [FXGL Background Thread 3 ] DEBUG Engine               - configClass: Optional.empty
20:20:12.113 [FXGL Background Thread 3 ] DEBUG Engine               - credits: []
20:20:12.113 [FXGL Background Thread 3 ] DEBUG Engine               - defaultCursor: CursorInfo(imageName=fxgl_default_cursor.png, hotspotX=7.0, hotspotY=6.0)
20:20:12.113 [FXGL Background Thread 3 ] DEBUG Engine               - devBBoxColorProperty: ObjectProperty [value: 0xff0000ff]
20:20:12.113 [FXGL Background Thread 3 ] DEBUG Engine               - devEnableDebugCameraProperty: BooleanProperty [value: false]
20:20:12.113 [FXGL Background Thread 3 ] DEBUG Engine               - devSensorColorProperty: ObjectProperty [value: 0xffff00ff]
20:20:12.113 [FXGL Background Thread 3 ] DEBUG Engine               - devShowBBoxProperty: BooleanProperty [value: false]
20:20:12.113 [FXGL Background Thread 3 ] DEBUG Engine               - devShowPositionProperty: BooleanProperty [value: false]
20:20:12.114 [FXGL Background Thread 3 ] DEBUG Engine               - enabledMenuItems: []
20:20:12.114 [FXGL Background Thread 3 ] DEBUG Engine               - engineServices: [class com.almasb.fxgl.app.services.FXGLAssetLoaderService, class com.almasb.fxgl.app.FXGLApplication$GameApplicationService, class com.almasb.fxgl.app.services.FXGLDialogService, class com.almasb.fxgl.app.services.IOTaskExecutorService, class com.almasb.fxgl.io.FileSystemService, class com.almasb.fxgl.localization.LocalizationService, class com.almasb.fxgl.app.services.SystemBundleService, class com.almasb.fxgl.profile.SaveLoadService, class com.almasb.fxgl.ui.FXGLUIFactoryServiceProvider, class com.almasb.fxgl.ui.FXGLDialogFactoryServiceProvider, class com.almasb.fxgl.audio.AudioPlayer, class com.almasb.fxgl.notification.impl.NotificationServiceProvider, class com.almasb.fxgl.achievement.AchievementService, class com.almasb.fxgl.cutscene.CutsceneService, class com.almasb.fxgl.minigames.MiniGameService, class com.almasb.fxgl.net.NetService, class com.almasb.fxgl.app.services.UpdaterService, class com.almasb.fxgl.dev.DevService]
20:20:12.114 [FXGL Background Thread 3 ] DEBUG Engine               - fontGame: Abel-Regular.ttf
20:20:12.114 [FXGL Background Thread 3 ] DEBUG Engine               - fontMono: TerminalLandMono-Regular.otf
20:20:12.114 [FXGL Background Thread 3 ] DEBUG Engine               - fontText: Courier-Prime.ttf
20:20:12.114 [FXGL Background Thread 3 ] DEBUG Engine               - fontUI: VarelaRound-Regular.ttf
20:20:12.114 [FXGL Background Thread 3 ] DEBUG Engine               - fullScreen: BooleanProperty [value: false]
20:20:12.114 [FXGL Background Thread 3 ] DEBUG Engine               - gameDifficulty: MEDIUM
20:20:12.114 [FXGL Background Thread 3 ] DEBUG Engine               - gameDifficultyProperty: ObjectProperty [value: MEDIUM]
20:20:12.114 [FXGL Background Thread 3 ] DEBUG Engine               - globalMusicVolume: 0.5
20:20:12.114 [FXGL Background Thread 3 ] DEBUG Engine               - globalMusicVolumeProperty: DoubleProperty [value: 0.5]
20:20:12.114 [FXGL Background Thread 3 ] DEBUG Engine               - globalSoundVolume: 0.5
20:20:12.114 [FXGL Background Thread 3 ] DEBUG Engine               - globalSoundVolumeProperty: DoubleProperty [value: 0.5]
20:20:12.114 [FXGL Background Thread 3 ] DEBUG Engine               - height: 1000
20:20:12.115 [FXGL Background Thread 3 ] DEBUG Engine               - is3D: false
20:20:12.115 [FXGL Background Thread 3 ] DEBUG Engine               - isAndroid: false
20:20:12.115 [FXGL Background Thread 3 ] DEBUG Engine               - isBrowser: false
20:20:12.115 [FXGL Background Thread 3 ] DEBUG Engine               - isClickFeedbackEnabled: false
20:20:12.115 [FXGL Background Thread 3 ] DEBUG Engine               - isCloseConfirmation: false
20:20:12.115 [FXGL Background Thread 3 ] DEBUG Engine               - isDesktop: true
20:20:12.115 [FXGL Background Thread 3 ] DEBUG Engine               - isDeveloperMenuEnabled: false
20:20:12.115 [FXGL Background Thread 3 ] DEBUG Engine               - isEmbedded: false
20:20:12.115 [FXGL Background Thread 3 ] DEBUG Engine               - isEntityPreloadEnabled: true
20:20:12.115 [FXGL Background Thread 3 ] DEBUG Engine               - isExperimentalTiledLargeMap: false
20:20:12.115 [FXGL Background Thread 3 ] DEBUG Engine               - isFileSystemWriteAllowed: true
20:20:12.115 [FXGL Background Thread 3 ] DEBUG Engine               - isFullScreenAllowed: false
20:20:12.115 [FXGL Background Thread 3 ] DEBUG Engine               - isFullScreenFromStart: false
20:20:12.115 [FXGL Background Thread 3 ] DEBUG Engine               - isGameMenuEnabled: true
20:20:12.115 [FXGL Background Thread 3 ] DEBUG Engine               - isIOS: false
20:20:12.115 [FXGL Background Thread 3 ] DEBUG Engine               - isIntroEnabled: false
20:20:12.116 [FXGL Background Thread 3 ] DEBUG Engine               - isLinux: false
20:20:12.116 [FXGL Background Thread 3 ] DEBUG Engine               - isMac: false
20:20:12.116 [FXGL Background Thread 3 ] DEBUG Engine               - isMainMenuEnabled: false
20:20:12.116 [FXGL Background Thread 3 ] DEBUG Engine               - isManualResizeEnabled: false
20:20:12.116 [FXGL Background Thread 3 ] DEBUG Engine               - isMobile: false
20:20:12.116 [FXGL Background Thread 3 ] DEBUG Engine               - isNative: false
20:20:12.116 [FXGL Background Thread 3 ] DEBUG Engine               - isPauseMusicWhenMinimized: true
20:20:12.116 [FXGL Background Thread 3 ] DEBUG Engine               - isPreserveResizeRatio: false
20:20:12.116 [FXGL Background Thread 3 ] DEBUG Engine               - isProfilingEnabled: false
20:20:12.116 [FXGL Background Thread 3 ] DEBUG Engine               - isScaleAffectedOnResize: true
20:20:12.116 [FXGL Background Thread 3 ] DEBUG Engine               - isSingleStep: false
20:20:12.116 [FXGL Background Thread 3 ] DEBUG Engine               - isUserProfileEnabled: false
20:20:12.116 [FXGL Background Thread 3 ] DEBUG Engine               - isWindows: true
20:20:12.116 [FXGL Background Thread 3 ] DEBUG Engine               - language: ObjectProperty [value: ENGLISH]
20:20:12.116 [FXGL Background Thread 3 ] DEBUG Engine               - menuKey: ESCAPE
20:20:12.116 [FXGL Background Thread 3 ] DEBUG Engine               - mouseSensitivity: 0.2
20:20:12.117 [FXGL Background Thread 3 ] DEBUG Engine               - notificationViewClass: class com.almasb.fxgl.notification.view.XboxNotificationView
20:20:12.117 [FXGL Background Thread 3 ] DEBUG Engine               - pixelsPerMeter: 50.0
20:20:12.117 [FXGL Background Thread 3 ] DEBUG Engine               - platform: WINDOWS
20:20:12.117 [FXGL Background Thread 3 ] DEBUG Engine               - prefHeightProperty: ReadOnlyDoubleProperty [value: 1000.0]
20:20:12.117 [FXGL Background Thread 3 ] DEBUG Engine               - prefWidthProperty: ReadOnlyDoubleProperty [value: 2000.0]
20:20:12.117 [FXGL Background Thread 3 ] DEBUG Engine               - profileDir: profiles/
20:20:12.117 [FXGL Background Thread 3 ] DEBUG Engine               - profileName: StringProperty [value: DEFAULT]
20:20:12.117 [FXGL Background Thread 3 ] DEBUG Engine               - randomSeed: -1
20:20:12.117 [FXGL Background Thread 3 ] DEBUG Engine               - runtimeInfo: RuntimeInfo(platform=WINDOWS, version=17.2, build=20.08.2022 16.50)
20:20:12.118 [FXGL Background Thread 3 ] DEBUG Engine               - saveFileExt: sav
20:20:12.118 [FXGL Background Thread 3 ] DEBUG Engine               - scaledHeightProp$fxgl: DoubleProperty [bound, value: 960.0]
20:20:12.118 [FXGL Background Thread 3 ] DEBUG Engine               - scaledWidthProp$fxgl: DoubleProperty [bound, value: 1895.0]
20:20:12.118 [FXGL Background Thread 3 ] DEBUG Engine               - sceneFactory: com.almasb.fxgl.app.scene.SceneFactory@3f974aad
20:20:12.118 [FXGL Background Thread 3 ] DEBUG Engine               - secondsIn24h: 60
20:20:12.118 [FXGL Background Thread 3 ] DEBUG Engine               - soundMenuBack: menu/back.wav
20:20:12.118 [FXGL Background Thread 3 ] DEBUG Engine               - soundMenuPress: menu/press.wav
20:20:12.118 [FXGL Background Thread 3 ] DEBUG Engine               - soundMenuSelect: menu/select.wav
20:20:12.118 [FXGL Background Thread 3 ] DEBUG Engine               - soundNotification: core/notification.wav
20:20:12.118 [FXGL Background Thread 3 ] DEBUG Engine               - stageStyle: DECORATED
20:20:12.118 [FXGL Background Thread 3 ] DEBUG Engine               - supportedLanguages: [ENGLISH, FRENCH, GERMAN, HUNGARIAN, RUSSIAN]
20:20:12.118 [FXGL Background Thread 3 ] DEBUG Engine               - ticksPerSecond: -1
20:20:12.118 [FXGL Background Thread 3 ] DEBUG Engine               - title: Simulador de Restaurante
20:20:12.118 [FXGL Background Thread 3 ] DEBUG Engine               - urlGithub: https://github.com/AlmasB/FXGL
20:20:12.118 [FXGL Background Thread 3 ] DEBUG Engine               - urlLeaderboard: http://fxgl-top.herokuapp.com/
20:20:12.118 [FXGL Background Thread 3 ] DEBUG Engine               - urlPOM: https://raw.githubusercontent.com/AlmasB/FXGL/release/README.md
20:20:12.118 [FXGL Background Thread 3 ] DEBUG Engine               - userAppClass: class org.example.Main
20:20:12.118 [FXGL Background Thread 3 ] DEBUG Engine               - version: 1.0
20:20:12.118 [FXGL Background Thread 3 ] DEBUG Engine               - versionCheckDays: 7
20:20:12.118 [FXGL Background Thread 3 ] DEBUG Engine               - width: 2000
20:20:12.118 [FXGL Background Thread 3 ] DEBUG Engine               - Logging services
20:20:12.118 [FXGL Background Thread 3 ] DEBUG Engine               - class com.almasb.fxgl.app.services.FXGLAssetLoaderService
20:20:12.118 [FXGL Background Thread 3 ] DEBUG Engine               - class com.almasb.fxgl.app.FXGLApplication$GameApplicationService
20:20:12.118 [FXGL Background Thread 3 ] DEBUG Engine               - class com.almasb.fxgl.app.services.FXGLDialogService
20:20:12.118 [FXGL Background Thread 3 ] DEBUG Engine               - class com.almasb.fxgl.app.services.IOTaskExecutorService
20:20:12.120 [FXGL Background Thread 3 ] DEBUG Engine               - class com.almasb.fxgl.io.FileSystemService
20:20:12.120 [FXGL Background Thread 3 ] DEBUG Engine               - class com.almasb.fxgl.localization.LocalizationService
20:20:12.120 [FXGL Background Thread 3 ] DEBUG Engine               - class com.almasb.fxgl.app.services.SystemBundleService
20:20:12.120 [FXGL Background Thread 3 ] DEBUG Engine               - class com.almasb.fxgl.profile.SaveLoadService
20:20:12.120 [FXGL Background Thread 3 ] DEBUG Engine               - class com.almasb.fxgl.ui.FXGLUIFactoryServiceProvider
20:20:12.120 [FXGL Background Thread 3 ] DEBUG Engine               - class com.almasb.fxgl.ui.FXGLDialogFactoryServiceProvider
20:20:12.120 [FXGL Background Thread 3 ] DEBUG Engine               - class com.almasb.fxgl.audio.AudioPlayer
20:20:12.120 [FXGL Background Thread 3 ] DEBUG Engine               - class com.almasb.fxgl.notification.impl.NotificationServiceProvider
20:20:12.120 [FXGL Background Thread 3 ] DEBUG Engine               - class com.almasb.fxgl.achievement.AchievementService
20:20:12.120 [FXGL Background Thread 3 ] DEBUG Engine               - class com.almasb.fxgl.cutscene.CutsceneService
20:20:12.120 [FXGL Background Thread 3 ] DEBUG Engine               - class com.almasb.fxgl.minigames.MiniGameService
20:20:12.120 [FXGL Background Thread 3 ] DEBUG Engine               - class com.almasb.fxgl.net.NetService
20:20:12.120 [FXGL Background Thread 3 ] DEBUG Engine               - class com.almasb.fxgl.app.services.UpdaterService
20:20:12.120 [FXGL Background Thread 3 ] DEBUG Engine               - class com.almasb.fxgl.dev.DevService
20:28:37.034 [JavaFX Application Thread] DEBUG FXGLApplication      - Exiting FXGL
20:28:37.059 [JavaFX Application Thread] DEBUG LoopRunner           - Stopping loop
20:28:37.063 [JavaFX Application Thread] DEBUG SystemBundleService  - Saving FXGL system data
20:28:37.142 [JavaFX Application Thread] DEBUG FileSystemAccess     - Writing to: C:\Users\deskr\OneDrive\Documentos\7 cuatrimestre\Programacion Concurrente\fxl Simulador\system\fxgl.bundle
20:28:37.164 [JavaFX Application Thread] DEBUG Async                - Shutting down background threads
20:28:37.165 [JavaFX Application Thread] DEBUG PrimaryStageWindow   - Closing main window
20:28:37.204 [JavaFX Application Thread] DEBUG Logger               - Closing Logger
