03:18:11.153 [main                     ] DEBUG Logger               - Configured Logger
03:18:11.192 [main                     ] DEBUG GameApplication      - Logging settings
Title: Simulador de Restaurante
Version: 1.0
Width: 2000
Height: 1000
Fullscreen: false
Intro: false
Profiling: false
Single step:false
App Mode: DEVELOPER
Menu Key: ESCAPE
Stage Style: DECORATED
Scene Factory: class com.almasb.fxgl.app.scene.SceneFactory

03:18:12.276 [JavaFX Application Thread] DEBUG FXGLApplication      - Initializing FXGL
03:18:12.284 [JavaFX Application Thread] INFO  Engine               - FXGL-17.2 (20.08.2022 16.50) on WINDOWS (J:17.0.5 FX:18)
03:18:12.284 [JavaFX Application Thread] DEBUG Engine               - JRE Vendor Name: Oracle Corporation
03:18:12.284 [JavaFX Application Thread] DEBUG Engine               - Running on OS: Windows 11 version 10.0
03:18:12.285 [JavaFX Application Thread] DEBUG Engine               - Architecture: amd64
03:18:12.285 [JavaFX Application Thread] INFO  Engine               - Source code and latest versions at: https://github.com/AlmasB/FXGL
03:18:12.285 [JavaFX Application Thread] INFO  Engine               -       Ask questions and discuss at: https://github.com/AlmasB/FXGL/discussions
03:18:12.285 [JavaFX Application Thread] INFO  Engine               -              Join the FXGL chat at: https://gitter.im/AlmasB/FXGL
03:18:12.425 [JavaFX Application Thread] DEBUG PrimaryStageWindow   - Creating a JavaFX scene
03:18:12.425 [JavaFX Application Thread] DEBUG PrimaryStageWindow   - Target size > screen size
03:18:12.485 [JavaFX Application Thread] DEBUG PrimaryStageWindow   - Target settings size: 2000.0 x 1000.0
03:18:12.485 [JavaFX Application Thread] DEBUG PrimaryStageWindow   - Scaled scene size:    1895.0 x 960.0
03:18:12.486 [JavaFX Application Thread] DEBUG PrimaryStageWindow   - Scaled ratio: (0.9475, 0.96)
03:18:12.487 [JavaFX Application Thread] DEBUG PrimaryStageWindow   - Set initial scene to FXGLStartupScene
03:18:12.495 [JavaFX Application Thread] DEBUG PrimaryStageWindow   - Opening main window
03:18:12.626 [JavaFX Application Thread] DEBUG PrimaryStageWindow   - Window border size: (16.0, 39.0)
03:18:12.626 [JavaFX Application Thread] DEBUG PrimaryStageWindow   - Scaled size: 1895.0 x 960.0
03:18:12.626 [JavaFX Application Thread] DEBUG PrimaryStageWindow   - Scaled ratio: (0.9475, 0.96)
03:18:12.627 [JavaFX Application Thread] DEBUG PrimaryStageWindow   - Scene size: 1895.0 x 960.0
03:18:12.627 [JavaFX Application Thread] DEBUG PrimaryStageWindow   - Stage size: 1911.0 x 999.0
03:18:12.639 [FXGL Background Thread 1 ] DEBUG Engine               - Initializing environment variables
03:18:12.692 [FXGL Background Thread 1 ] DEBUG FXGLAssetLoaderServi - User app class for loading assets: class org.example.Main
03:18:12.692 [FXGL Background Thread 1 ] DEBUG GameApplicationServi - Applying CSS: fxgl_dark.css
03:18:12.695 [FXGL Background Thread 1 ] DEBUG FXGLAssetLoaderServi - Loading from file system: jar:file:/C:/Users/deskr/.m2/repository/com/github/almasb/fxgl/17.2/fxgl-17.2.jar!/fxglassets/ui/css/fxgl_dark.css
03:18:12.747 [FXGL Background Thread 1 ] DEBUG GameApplicationServi - Initializing application scenes
03:18:12.791 [FXGL Background Thread 1 ] DEBUG GameWorld            - Game world initialized
03:18:12.853 [FXGL Background Thread 1 ] DEBUG PhysicsWorld         - Physics world initialized: appHeight=1000, physics.ppm=50.0
03:18:12.853 [FXGL Background Thread 1 ] DEBUG PhysicsWorld         - Using strategy: BRUTE_FORCE
03:18:12.857 [FXGL Background Thread 1 ] DEBUG GameScene            - Game scene initialized: 2000x1000
03:18:12.873 [FXGL Background Thread 1 ] DEBUG FXGL.DefaultMenu     - createMenuBodyGameMenu()
03:18:12.894 [FXGL Background Thread 1 ] DEBUG FXGL.DefaultMenu     - createOptionsMenu()
03:18:12.907 [FXGL Background Thread 1 ] DEBUG FXGLAssetLoaderServi - Loading from file system: jar:file:/C:/Users/deskr/.m2/repository/com/github/almasb/fxgl/17.2/fxgl-17.2.jar!/fxglassets/textures/particles/smoke.png
03:18:13.032 [FXGL Background Thread 1 ] DEBUG FXGLAssetLoaderServi - Loading from file system: jar:file:/C:/Users/deskr/.m2/repository/com/github/almasb/fxgl/17.2/fxgl-17.2.jar!/fxglassets/textures/particles/trace_horizontal.png
03:18:13.065 [FXGL Background Thread 1 ] DEBUG GameApplicationServi - Application scenes initialized
03:18:13.080 [FXGL Background Thread 1 ] DEBUG SystemBundleService  - Loading FXGL system data
03:18:13.087 [FXGL Background Thread 1 ] DEBUG FileSystemAccess     - Reading from: C:\Users\deskr\OneDrive\Documentos\7 cuatrimestre\Programacion Concurrente\fxl Simulador\system\fxgl.bundle
03:18:13.098 [FXGL Background Thread 1 ] DEBUG SystemBundleService  - Bundle FXGL: {}
03:18:13.098 [FXGL Background Thread 1 ] DEBUG UpdaterService       - Checking for updates
03:18:13.103 [FXGL Background Thread 4 ] DEBUG FXGLApplication      - Loading fonts
03:18:13.103 [FXGL Background Thread 1 ] DEBUG FXGLApplication      - Loading default localization
03:18:13.103 [FXGL Background Thread 4 ] DEBUG FXGLAssetLoaderServi - Loading from file system: jar:file:/C:/Users/deskr/.m2/repository/com/github/almasb/fxgl/17.2/fxgl-17.2.jar!/fxglassets/ui/fonts/VarelaRound-Regular.ttf
03:18:13.104 [FXGL Background Thread 1 ] DEBUG FXGLAssetLoaderServi - Loading from file system: jar:file:/C:/Users/deskr/.m2/repository/com/github/almasb/fxgl/17.2/fxgl-17.2.jar!/fxglassets/languages/english.lang
03:18:13.130 [FXGL Background Thread 1 ] INFO  FXGLApplication      - FXGL initialization took: 0.491 sec
03:18:13.132 [JavaFX Application Thread] DEBUG FXGLAssetLoaderServi - Loading from file system: jar:file:/C:/Users/deskr/.m2/repository/com/github/almasb/fxgl/17.2/fxgl-17.2.jar!/fxglassets/textures/fxgl_icon.png
03:18:13.166 [JavaFX Application Thread] DEBUG FXGLAssetLoaderServi - Loading from file system: jar:file:/C:/Users/deskr/.m2/repository/com/github/almasb/fxgl/17.2/fxgl-17.2.jar!/fxglassets/textures/fxgl_default_cursor.png
03:18:13.181 [FXGL Background Thread 4 ] DEBUG FXGLAssetLoaderServi - Loading from file system: jar:file:/C:/Users/deskr/.m2/repository/com/github/almasb/fxgl/17.2/fxgl-17.2.jar!/fxglassets/ui/fonts/Abel-Regular.ttf
03:18:13.186 [FXGL Background Thread 4 ] DEBUG FXGLAssetLoaderServi - Loading from file system: jar:file:/C:/Users/deskr/.m2/repository/com/github/almasb/fxgl/17.2/fxgl-17.2.jar!/fxglassets/ui/fonts/TerminalLandMono-Regular.otf
03:18:13.188 [JavaFX Application Thread] DEBUG Input                - Registered new binding: Screenshot - CTRL+8
03:18:13.189 [JavaFX Application Thread] DEBUG Input                - Registered new binding: System info dump - CTRL+9
03:18:13.190 [JavaFX Application Thread] DEBUG Input                - Registered new binding: Restart - CTRL+R
03:18:13.192 [JavaFX Application Thread] DEBUG Input                - Registered new binding: Toggle Debug Camera - CTRL+7
03:18:13.193 [FXGL Background Thread 4 ] DEBUG FXGLAssetLoaderServi - Loading from file system: jar:file:/C:/Users/deskr/.m2/repository/com/github/almasb/fxgl/17.2/fxgl-17.2.jar!/fxglassets/ui/fonts/Courier-Prime.ttf
03:18:13.196 [JavaFX Application Thread] DEBUG LoopRunner           - Starting loop
03:18:13.196 [JavaFX Application Thread] DEBUG LoopRunner           - Initializing JavaFX AnimationTimerLoop
03:18:13.199 [JavaFX Application Thread] DEBUG GameApplicationServi - Starting new game
03:18:13.200 [JavaFX Application Thread] DEBUG Input                - Clearing active input actions
03:18:13.217 [JavaFX Application Thread] DEBUG GameApplicationServi - Removing overlay from FXGLStartupScene and adding to FXGLLoadingScene
03:18:13.218 [JavaFX Application Thread] DEBUG PrimaryStageWindow   - FXGLStartupScene -> FXGLLoadingScene
03:18:13.218 [JavaFX Application Thread] DEBUG GameApplicationServi - Clearing previous game
03:18:13.218 [JavaFX Application Thread] DEBUG GameScene            - Clearing game scene
03:18:13.218 [JavaFX Application Thread] DEBUG GameWorld            - Clearing game world
03:18:13.218 [JavaFX Application Thread] DEBUG PhysicsWorld         - Clearing physics world
03:18:13.222 [FXGL Background Thread 4 ] DEBUG FXGLApplication      - Initializing game
03:18:13.225 [JavaFX Application Thread] DEBUG FXGLApplication      - Registering font factories with UI factory
03:18:13.226 [FXGL Background Thread 4 ] DEBUG FXGLAssetLoaderServi - Loading from file system: file:/C:/Users/deskr/OneDrive/Documentos/7%20cuatrimestre/Programacion%20Concurrente/fxl%20Simulador/target/classes/assets/textures/fondo.png
03:18:13.246 [FXGL Background Thread 4 ] DEBUG FXGLAssetLoaderServi - Loading from file system: file:/C:/Users/deskr/OneDrive/Documentos/7%20cuatrimestre/Programacion%20Concurrente/fxl%20Simulador/target/classes/assets/textures/recepcionista.png
03:18:13.277 [FXGL Background Thread 4 ] DEBUG FXGLAssetLoaderServi - Loading from file system: file:/C:/Users/deskr/OneDrive/Documentos/7%20cuatrimestre/Programacion%20Concurrente/fxl%20Simulador/target/classes/assets/textures/chef.png
03:18:13.299 [FXGL Background Thread 4 ] DEBUG FXGLAssetLoaderServi - Loading from file system: file:/C:/Users/deskr/OneDrive/Documentos/7%20cuatrimestre/Programacion%20Concurrente/fxl%20Simulador/target/classes/assets/textures/mesera.png
03:18:13.315 [FXGL Background Thread 4 ] DEBUG FXGLAssetLoaderServi - Loading from file system: file:/C:/Users/deskr/OneDrive/Documentos/7%20cuatrimestre/Programacion%20Concurrente/fxl%20Simulador/target/classes/assets/textures/mesa.png
03:18:13.350 [FXGL Background Thread 4 ] DEBUG FXGLAssetLoaderServi - Loading from file system: file:/C:/Users/deskr/OneDrive/Documentos/7%20cuatrimestre/Programacion%20Concurrente/fxl%20Simulador/target/classes/assets/textures/cliente.png
03:18:13.378 [FXGL Background Thread 4 ] INFO  FXGLApplication      - Game initialization took: 0.157 sec
03:18:13.390 [JavaFX Application Thread] DEBUG Input                - Clearing active input actions
03:18:13.406 [JavaFX Application Thread] DEBUG GameApplicationServi - Removing overlay from FXGLLoadingScene and adding to GameScene
03:18:13.407 [JavaFX Application Thread] DEBUG PrimaryStageWindow   - FXGLLoadingScene -> GameScene
03:18:13.856 [FXGL Background Thread 2 ] INFO  UpdaterService       - Your current version:  17.2
03:18:13.856 [FXGL Background Thread 2 ] INFO  UpdaterService       - Latest stable version: 21.1
03:18:16.104 [FXGL Background Thread 3 ] DEBUG Engine               - Logging environment variables
03:18:16.105 [FXGL Background Thread 3 ] DEBUG Engine               - achievements: []
03:18:16.105 [FXGL Background Thread 3 ] DEBUG Engine               - actualHeight: 960.0
03:18:16.105 [FXGL Background Thread 3 ] DEBUG Engine               - actualHeightProperty: ReadOnlyDoubleProperty [value: 960.0]
03:18:16.105 [FXGL Background Thread 3 ] DEBUG Engine               - actualWidth: 1895.0
03:18:16.105 [FXGL Background Thread 3 ] DEBUG Engine               - actualWidthProperty: ReadOnlyDoubleProperty [value: 1895.0]
03:18:16.105 [FXGL Background Thread 3 ] DEBUG Engine               - appIcon: fxgl_icon.png
03:18:16.105 [FXGL Background Thread 3 ] DEBUG Engine               - applicationMode: DEVELOPER
03:18:16.105 [FXGL Background Thread 3 ] DEBUG Engine               - cSSList: [fxgl_dark.css]
03:18:16.105 [FXGL Background Thread 3 ] DEBUG Engine               - collisionDetectionStrategy: BRUTE_FORCE
03:18:16.105 [FXGL Background Thread 3 ] DEBUG Engine               - configClass: Optional.empty
03:18:16.105 [FXGL Background Thread 3 ] DEBUG Engine               - credits: []
03:18:16.106 [FXGL Background Thread 3 ] DEBUG Engine               - defaultCursor: CursorInfo(imageName=fxgl_default_cursor.png, hotspotX=7.0, hotspotY=6.0)
03:18:16.106 [FXGL Background Thread 3 ] DEBUG Engine               - devBBoxColorProperty: ObjectProperty [value: 0xff0000ff]
03:18:16.106 [FXGL Background Thread 3 ] DEBUG Engine               - devEnableDebugCameraProperty: BooleanProperty [value: false]
03:18:16.106 [FXGL Background Thread 3 ] DEBUG Engine               - devSensorColorProperty: ObjectProperty [value: 0xffff00ff]
03:18:16.106 [FXGL Background Thread 3 ] DEBUG Engine               - devShowBBoxProperty: BooleanProperty [value: false]
03:18:16.106 [FXGL Background Thread 3 ] DEBUG Engine               - devShowPositionProperty: BooleanProperty [value: false]
03:18:16.106 [FXGL Background Thread 3 ] DEBUG Engine               - enabledMenuItems: []
03:18:16.106 [FXGL Background Thread 3 ] DEBUG Engine               - engineServices: [class com.almasb.fxgl.app.services.FXGLAssetLoaderService, class com.almasb.fxgl.app.FXGLApplication$GameApplicationService, class com.almasb.fxgl.app.services.FXGLDialogService, class com.almasb.fxgl.app.services.IOTaskExecutorService, class com.almasb.fxgl.io.FileSystemService, class com.almasb.fxgl.localization.LocalizationService, class com.almasb.fxgl.app.services.SystemBundleService, class com.almasb.fxgl.profile.SaveLoadService, class com.almasb.fxgl.ui.FXGLUIFactoryServiceProvider, class com.almasb.fxgl.ui.FXGLDialogFactoryServiceProvider, class com.almasb.fxgl.audio.AudioPlayer, class com.almasb.fxgl.notification.impl.NotificationServiceProvider, class com.almasb.fxgl.achievement.AchievementService, class com.almasb.fxgl.cutscene.CutsceneService, class com.almasb.fxgl.minigames.MiniGameService, class com.almasb.fxgl.net.NetService, class com.almasb.fxgl.app.services.UpdaterService, class com.almasb.fxgl.dev.DevService]
03:18:16.106 [FXGL Background Thread 3 ] DEBUG Engine               - fontGame: Abel-Regular.ttf
03:18:16.106 [FXGL Background Thread 3 ] DEBUG Engine               - fontMono: TerminalLandMono-Regular.otf
03:18:16.106 [FXGL Background Thread 3 ] DEBUG Engine               - fontText: Courier-Prime.ttf
03:18:16.106 [FXGL Background Thread 3 ] DEBUG Engine               - fontUI: VarelaRound-Regular.ttf
03:18:16.106 [FXGL Background Thread 3 ] DEBUG Engine               - fullScreen: BooleanProperty [value: false]
03:18:16.106 [FXGL Background Thread 3 ] DEBUG Engine               - gameDifficulty: MEDIUM
03:18:16.107 [FXGL Background Thread 3 ] DEBUG Engine               - gameDifficultyProperty: ObjectProperty [value: MEDIUM]
03:18:16.107 [FXGL Background Thread 3 ] DEBUG Engine               - globalMusicVolume: 0.5
03:18:16.107 [FXGL Background Thread 3 ] DEBUG Engine               - globalMusicVolumeProperty: DoubleProperty [value: 0.5]
03:18:16.107 [FXGL Background Thread 3 ] DEBUG Engine               - globalSoundVolume: 0.5
03:18:16.107 [FXGL Background Thread 3 ] DEBUG Engine               - globalSoundVolumeProperty: DoubleProperty [value: 0.5]
03:18:16.107 [FXGL Background Thread 3 ] DEBUG Engine               - height: 1000
03:18:16.107 [FXGL Background Thread 3 ] DEBUG Engine               - is3D: false
03:18:16.107 [FXGL Background Thread 3 ] DEBUG Engine               - isAndroid: false
03:18:16.107 [FXGL Background Thread 3 ] DEBUG Engine               - isBrowser: false
03:18:16.107 [FXGL Background Thread 3 ] DEBUG Engine               - isClickFeedbackEnabled: false
03:18:16.107 [FXGL Background Thread 3 ] DEBUG Engine               - isCloseConfirmation: false
03:18:16.107 [FXGL Background Thread 3 ] DEBUG Engine               - isDesktop: true
03:18:16.107 [FXGL Background Thread 3 ] DEBUG Engine               - isDeveloperMenuEnabled: false
03:18:16.107 [FXGL Background Thread 3 ] DEBUG Engine               - isEmbedded: false
03:18:16.107 [FXGL Background Thread 3 ] DEBUG Engine               - isEntityPreloadEnabled: true
03:18:16.107 [FXGL Background Thread 3 ] DEBUG Engine               - isExperimentalTiledLargeMap: false
03:18:16.107 [FXGL Background Thread 3 ] DEBUG Engine               - isFileSystemWriteAllowed: true
03:18:16.107 [FXGL Background Thread 3 ] DEBUG Engine               - isFullScreenAllowed: false
03:18:16.107 [FXGL Background Thread 3 ] DEBUG Engine               - isFullScreenFromStart: false
03:18:16.108 [FXGL Background Thread 3 ] DEBUG Engine               - isGameMenuEnabled: true
03:18:16.108 [FXGL Background Thread 3 ] DEBUG Engine               - isIOS: false
03:18:16.108 [FXGL Background Thread 3 ] DEBUG Engine               - isIntroEnabled: false
03:18:16.108 [FXGL Background Thread 3 ] DEBUG Engine               - isLinux: false
03:18:16.108 [FXGL Background Thread 3 ] DEBUG Engine               - isMac: false
03:18:16.108 [FXGL Background Thread 3 ] DEBUG Engine               - isMainMenuEnabled: false
03:18:16.108 [FXGL Background Thread 3 ] DEBUG Engine               - isManualResizeEnabled: false
03:18:16.108 [FXGL Background Thread 3 ] DEBUG Engine               - isMobile: false
03:18:16.108 [FXGL Background Thread 3 ] DEBUG Engine               - isNative: false
03:18:16.108 [FXGL Background Thread 3 ] DEBUG Engine               - isPauseMusicWhenMinimized: true
03:18:16.108 [FXGL Background Thread 3 ] DEBUG Engine               - isPreserveResizeRatio: false
03:18:16.108 [FXGL Background Thread 3 ] DEBUG Engine               - isProfilingEnabled: false
03:18:16.108 [FXGL Background Thread 3 ] DEBUG Engine               - isScaleAffectedOnResize: true
03:18:16.108 [FXGL Background Thread 3 ] DEBUG Engine               - isSingleStep: false
03:18:16.108 [FXGL Background Thread 3 ] DEBUG Engine               - isUserProfileEnabled: false
03:18:16.108 [FXGL Background Thread 3 ] DEBUG Engine               - isWindows: true
03:18:16.108 [FXGL Background Thread 3 ] DEBUG Engine               - language: ObjectProperty [value: ENGLISH]
03:18:16.108 [FXGL Background Thread 3 ] DEBUG Engine               - menuKey: ESCAPE
03:18:16.108 [FXGL Background Thread 3 ] DEBUG Engine               - mouseSensitivity: 0.2
03:18:16.109 [FXGL Background Thread 3 ] DEBUG Engine               - notificationViewClass: class com.almasb.fxgl.notification.view.XboxNotificationView
03:18:16.109 [FXGL Background Thread 3 ] DEBUG Engine               - pixelsPerMeter: 50.0
03:18:16.109 [FXGL Background Thread 3 ] DEBUG Engine               - platform: WINDOWS
03:18:16.109 [FXGL Background Thread 3 ] DEBUG Engine               - prefHeightProperty: ReadOnlyDoubleProperty [value: 1000.0]
03:18:16.109 [FXGL Background Thread 3 ] DEBUG Engine               - prefWidthProperty: ReadOnlyDoubleProperty [value: 2000.0]
03:18:16.109 [FXGL Background Thread 3 ] DEBUG Engine               - profileDir: profiles/
03:18:16.109 [FXGL Background Thread 3 ] DEBUG Engine               - profileName: StringProperty [value: DEFAULT]
03:18:16.109 [FXGL Background Thread 3 ] DEBUG Engine               - randomSeed: -1
03:18:16.109 [FXGL Background Thread 3 ] DEBUG Engine               - runtimeInfo: RuntimeInfo(platform=WINDOWS, version=17.2, build=20.08.2022 16.50)
03:18:16.109 [FXGL Background Thread 3 ] DEBUG Engine               - saveFileExt: sav
03:18:16.109 [FXGL Background Thread 3 ] DEBUG Engine               - scaledHeightProp$fxgl: DoubleProperty [bound, value: 960.0]
03:18:16.110 [FXGL Background Thread 3 ] DEBUG Engine               - scaledWidthProp$fxgl: DoubleProperty [bound, value: 1895.0]
03:18:16.110 [FXGL Background Thread 3 ] DEBUG Engine               - sceneFactory: com.almasb.fxgl.app.scene.SceneFactory@1e599b75
03:18:16.110 [FXGL Background Thread 3 ] DEBUG Engine               - secondsIn24h: 60
03:18:16.110 [FXGL Background Thread 3 ] DEBUG Engine               - soundMenuBack: menu/back.wav
03:18:16.110 [FXGL Background Thread 3 ] DEBUG Engine               - soundMenuPress: menu/press.wav
03:18:16.110 [FXGL Background Thread 3 ] DEBUG Engine               - soundMenuSelect: menu/select.wav
03:18:16.110 [FXGL Background Thread 3 ] DEBUG Engine               - soundNotification: core/notification.wav
03:18:16.110 [FXGL Background Thread 3 ] DEBUG Engine               - stageStyle: DECORATED
03:18:16.110 [FXGL Background Thread 3 ] DEBUG Engine               - supportedLanguages: [ENGLISH, FRENCH, GERMAN, HUNGARIAN, RUSSIAN]
03:18:16.110 [FXGL Background Thread 3 ] DEBUG Engine               - ticksPerSecond: -1
03:18:16.110 [FXGL Background Thread 3 ] DEBUG Engine               - title: Simulador de Restaurante
03:18:16.110 [FXGL Background Thread 3 ] DEBUG Engine               - urlGithub: https://github.com/AlmasB/FXGL
03:18:16.110 [FXGL Background Thread 3 ] DEBUG Engine               - urlLeaderboard: http://fxgl-top.herokuapp.com/
03:18:16.110 [FXGL Background Thread 3 ] DEBUG Engine               - urlPOM: https://raw.githubusercontent.com/AlmasB/FXGL/release/README.md
03:18:16.110 [FXGL Background Thread 3 ] DEBUG Engine               - userAppClass: class org.example.Main
03:18:16.110 [FXGL Background Thread 3 ] DEBUG Engine               - version: 1.0
03:18:16.111 [FXGL Background Thread 3 ] DEBUG Engine               - versionCheckDays: 7
03:18:16.111 [FXGL Background Thread 3 ] DEBUG Engine               - width: 2000
03:18:16.111 [FXGL Background Thread 3 ] DEBUG Engine               - Logging services
03:18:16.111 [FXGL Background Thread 3 ] DEBUG Engine               - class com.almasb.fxgl.app.services.FXGLAssetLoaderService
03:18:16.111 [FXGL Background Thread 3 ] DEBUG Engine               - class com.almasb.fxgl.app.FXGLApplication$GameApplicationService
03:18:16.111 [FXGL Background Thread 3 ] DEBUG Engine               - class com.almasb.fxgl.app.services.FXGLDialogService
03:18:16.111 [FXGL Background Thread 3 ] DEBUG Engine               - class com.almasb.fxgl.app.services.IOTaskExecutorService
03:18:16.111 [FXGL Background Thread 3 ] DEBUG Engine               - class com.almasb.fxgl.io.FileSystemService
03:18:16.111 [FXGL Background Thread 3 ] DEBUG Engine               - class com.almasb.fxgl.localization.LocalizationService
03:18:16.111 [FXGL Background Thread 3 ] DEBUG Engine               - class com.almasb.fxgl.app.services.SystemBundleService
03:18:16.111 [FXGL Background Thread 3 ] DEBUG Engine               - class com.almasb.fxgl.profile.SaveLoadService
03:18:16.111 [FXGL Background Thread 3 ] DEBUG Engine               - class com.almasb.fxgl.ui.FXGLUIFactoryServiceProvider
03:18:16.111 [FXGL Background Thread 3 ] DEBUG Engine               - class com.almasb.fxgl.ui.FXGLDialogFactoryServiceProvider
03:18:16.111 [FXGL Background Thread 3 ] DEBUG Engine               - class com.almasb.fxgl.audio.AudioPlayer
03:18:16.111 [FXGL Background Thread 3 ] DEBUG Engine               - class com.almasb.fxgl.notification.impl.NotificationServiceProvider
03:18:16.111 [FXGL Background Thread 3 ] DEBUG Engine               - class com.almasb.fxgl.achievement.AchievementService
03:18:16.111 [FXGL Background Thread 3 ] DEBUG Engine               - class com.almasb.fxgl.cutscene.CutsceneService
03:18:16.111 [FXGL Background Thread 3 ] DEBUG Engine               - class com.almasb.fxgl.minigames.MiniGameService
03:18:16.112 [FXGL Background Thread 3 ] DEBUG Engine               - class com.almasb.fxgl.net.NetService
03:18:16.112 [FXGL Background Thread 3 ] DEBUG Engine               - class com.almasb.fxgl.app.services.UpdaterService
03:18:16.112 [FXGL Background Thread 3 ] DEBUG Engine               - class com.almasb.fxgl.dev.DevService
03:18:19.068 [JavaFX Application Thread] DEBUG FXGLApplication      - Exiting FXGL
03:18:19.068 [JavaFX Application Thread] DEBUG LoopRunner           - Stopping loop
03:18:19.068 [JavaFX Application Thread] DEBUG SystemBundleService  - Saving FXGL system data
03:18:19.083 [JavaFX Application Thread] DEBUG FileSystemAccess     - Writing to: C:\Users\deskr\OneDrive\Documentos\7 cuatrimestre\Programacion Concurrente\fxl Simulador\system\fxgl.bundle
03:18:19.086 [JavaFX Application Thread] DEBUG Async                - Shutting down background threads
03:18:19.086 [JavaFX Application Thread] DEBUG PrimaryStageWindow   - Closing main window
03:18:19.109 [JavaFX Application Thread] DEBUG Logger               - Closing Logger
