03:14:45.609 [main                     ] DEBUG Logger               - Configured Logger
03:14:45.644 [main                     ] DEBUG GameApplication      - Logging settings
Title: Simulador de Restaurante
Version: 1.0
Width: 2000
Height: 1000
Fullscreen: false
Intro: false
Profiling: false
Single step:false
App Mode: DEVELOPER
Menu Key: ESCAPE
Stage Style: DECORATED
Scene Factory: class com.almasb.fxgl.app.scene.SceneFactory

03:14:46.431 [JavaFX Application Thread] DEBUG FXGLApplication      - Initializing FXGL
03:14:46.437 [JavaFX Application Thread] INFO  Engine               - FXGL-17.2 (20.08.2022 16.50) on WINDOWS (J:17.0.5 FX:18)
03:14:46.438 [JavaFX Application Thread] DEBUG Engine               - JRE Vendor Name: Oracle Corporation
03:14:46.438 [JavaFX Application Thread] DEBUG Engine               - Running on OS: Windows 11 version 10.0
03:14:46.438 [JavaFX Application Thread] DEBUG Engine               - Architecture: amd64
03:14:46.438 [JavaFX Application Thread] INFO  Engine               - Source code and latest versions at: https://github.com/AlmasB/FXGL
03:14:46.438 [JavaFX Application Thread] INFO  Engine               -       Ask questions and discuss at: https://github.com/AlmasB/FXGL/discussions
03:14:46.438 [JavaFX Application Thread] INFO  Engine               -              Join the FXGL chat at: https://gitter.im/AlmasB/FXGL
03:14:46.557 [JavaFX Application Thread] DEBUG PrimaryStageWindow   - Creating a JavaFX scene
03:14:46.558 [JavaFX Application Thread] DEBUG PrimaryStageWindow   - Target size > screen size
03:14:46.603 [JavaFX Application Thread] DEBUG PrimaryStageWindow   - Target settings size: 2000.0 x 1000.0
03:14:46.603 [JavaFX Application Thread] DEBUG PrimaryStageWindow   - Scaled scene size:    1895.0 x 960.0
03:14:46.604 [JavaFX Application Thread] DEBUG PrimaryStageWindow   - Scaled ratio: (0.9475, 0.96)
03:14:46.605 [JavaFX Application Thread] DEBUG PrimaryStageWindow   - Set initial scene to FXGLStartupScene
03:14:46.613 [JavaFX Application Thread] DEBUG PrimaryStageWindow   - Opening main window
03:14:46.716 [JavaFX Application Thread] DEBUG PrimaryStageWindow   - Window border size: (16.0, 39.0)
03:14:46.717 [JavaFX Application Thread] DEBUG PrimaryStageWindow   - Scaled size: 1895.0 x 960.0
03:14:46.717 [JavaFX Application Thread] DEBUG PrimaryStageWindow   - Scaled ratio: (0.9475, 0.96)
03:14:46.718 [JavaFX Application Thread] DEBUG PrimaryStageWindow   - Scene size: 1895.0 x 960.0
03:14:46.718 [JavaFX Application Thread] DEBUG PrimaryStageWindow   - Stage size: 1911.0 x 999.0
03:14:46.730 [FXGL Background Thread 1 ] DEBUG Engine               - Initializing environment variables
03:14:46.772 [FXGL Background Thread 1 ] DEBUG FXGLAssetLoaderServi - User app class for loading assets: class org.example.Main
03:14:46.773 [FXGL Background Thread 1 ] DEBUG GameApplicationServi - Applying CSS: fxgl_dark.css
03:14:46.774 [FXGL Background Thread 1 ] DEBUG FXGLAssetLoaderServi - Loading from file system: jar:file:/C:/Users/deskr/.m2/repository/com/github/almasb/fxgl/17.2/fxgl-17.2.jar!/fxglassets/ui/css/fxgl_dark.css
03:14:46.822 [FXGL Background Thread 1 ] DEBUG GameApplicationServi - Initializing application scenes
03:14:46.866 [FXGL Background Thread 1 ] DEBUG GameWorld            - Game world initialized
03:14:46.933 [FXGL Background Thread 1 ] DEBUG PhysicsWorld         - Physics world initialized: appHeight=1000, physics.ppm=50.0
03:14:46.934 [FXGL Background Thread 1 ] DEBUG PhysicsWorld         - Using strategy: BRUTE_FORCE
03:14:46.939 [FXGL Background Thread 1 ] DEBUG GameScene            - Game scene initialized: 2000x1000
03:14:46.957 [FXGL Background Thread 1 ] DEBUG FXGL.DefaultMenu     - createMenuBodyGameMenu()
03:14:46.979 [FXGL Background Thread 1 ] DEBUG FXGL.DefaultMenu     - createOptionsMenu()
03:14:46.994 [FXGL Background Thread 1 ] DEBUG FXGLAssetLoaderServi - Loading from file system: jar:file:/C:/Users/deskr/.m2/repository/com/github/almasb/fxgl/17.2/fxgl-17.2.jar!/fxglassets/textures/particles/smoke.png
03:14:47.149 [FXGL Background Thread 1 ] DEBUG FXGLAssetLoaderServi - Loading from file system: jar:file:/C:/Users/deskr/.m2/repository/com/github/almasb/fxgl/17.2/fxgl-17.2.jar!/fxglassets/textures/particles/trace_horizontal.png
03:14:47.186 [FXGL Background Thread 1 ] DEBUG GameApplicationServi - Application scenes initialized
03:14:47.201 [FXGL Background Thread 1 ] DEBUG SystemBundleService  - Loading FXGL system data
03:14:47.206 [FXGL Background Thread 1 ] DEBUG FileSystemAccess     - Reading from: C:\Users\deskr\OneDrive\Documentos\7 cuatrimestre\Programacion Concurrente\fxl Simulador\system\fxgl.bundle
03:14:47.213 [FXGL Background Thread 1 ] DEBUG SystemBundleService  - Bundle FXGL: {}
03:14:47.213 [FXGL Background Thread 1 ] DEBUG UpdaterService       - Checking for updates
03:14:47.219 [FXGL Background Thread 4 ] DEBUG FXGLApplication      - Loading fonts
03:14:47.219 [FXGL Background Thread 4 ] DEBUG FXGLAssetLoaderServi - Loading from file system: jar:file:/C:/Users/deskr/.m2/repository/com/github/almasb/fxgl/17.2/fxgl-17.2.jar!/fxglassets/ui/fonts/VarelaRound-Regular.ttf
03:14:47.220 [FXGL Background Thread 1 ] DEBUG FXGLApplication      - Loading default localization
03:14:47.220 [FXGL Background Thread 1 ] DEBUG FXGLAssetLoaderServi - Loading from file system: jar:file:/C:/Users/deskr/.m2/repository/com/github/almasb/fxgl/17.2/fxgl-17.2.jar!/fxglassets/languages/english.lang
03:14:47.260 [FXGL Background Thread 1 ] INFO  FXGLApplication      - FXGL initialization took: 0.531 sec
03:14:47.262 [JavaFX Application Thread] DEBUG FXGLAssetLoaderServi - Loading from file system: jar:file:/C:/Users/deskr/.m2/repository/com/github/almasb/fxgl/17.2/fxgl-17.2.jar!/fxglassets/textures/fxgl_icon.png
03:14:47.294 [JavaFX Application Thread] DEBUG FXGLAssetLoaderServi - Loading from file system: jar:file:/C:/Users/deskr/.m2/repository/com/github/almasb/fxgl/17.2/fxgl-17.2.jar!/fxglassets/textures/fxgl_default_cursor.png
03:14:47.316 [JavaFX Application Thread] DEBUG Input                - Registered new binding: Screenshot - CTRL+8
03:14:47.317 [JavaFX Application Thread] DEBUG Input                - Registered new binding: System info dump - CTRL+9
03:14:47.317 [JavaFX Application Thread] DEBUG Input                - Registered new binding: Restart - CTRL+R
03:14:47.318 [JavaFX Application Thread] DEBUG Input                - Registered new binding: Toggle Debug Camera - CTRL+7
03:14:47.320 [FXGL Background Thread 4 ] DEBUG FXGLAssetLoaderServi - Loading from file system: jar:file:/C:/Users/deskr/.m2/repository/com/github/almasb/fxgl/17.2/fxgl-17.2.jar!/fxglassets/ui/fonts/Abel-Regular.ttf
03:14:47.322 [JavaFX Application Thread] DEBUG LoopRunner           - Starting loop
03:14:47.323 [JavaFX Application Thread] DEBUG LoopRunner           - Initializing JavaFX AnimationTimerLoop
03:14:47.326 [FXGL Background Thread 4 ] DEBUG FXGLAssetLoaderServi - Loading from file system: jar:file:/C:/Users/deskr/.m2/repository/com/github/almasb/fxgl/17.2/fxgl-17.2.jar!/fxglassets/ui/fonts/TerminalLandMono-Regular.otf
03:14:47.326 [JavaFX Application Thread] DEBUG GameApplicationServi - Starting new game
03:14:47.328 [JavaFX Application Thread] DEBUG Input                - Clearing active input actions
03:14:47.335 [FXGL Background Thread 4 ] DEBUG FXGLAssetLoaderServi - Loading from file system: jar:file:/C:/Users/deskr/.m2/repository/com/github/almasb/fxgl/17.2/fxgl-17.2.jar!/fxglassets/ui/fonts/Courier-Prime.ttf
03:14:47.347 [JavaFX Application Thread] DEBUG GameApplicationServi - Removing overlay from FXGLStartupScene and adding to FXGLLoadingScene
03:14:47.347 [JavaFX Application Thread] DEBUG PrimaryStageWindow   - FXGLStartupScene -> FXGLLoadingScene
03:14:47.348 [JavaFX Application Thread] DEBUG GameApplicationServi - Clearing previous game
03:14:47.348 [JavaFX Application Thread] DEBUG GameScene            - Clearing game scene
03:14:47.348 [JavaFX Application Thread] DEBUG GameWorld            - Clearing game world
03:14:47.348 [JavaFX Application Thread] DEBUG PhysicsWorld         - Clearing physics world
03:14:47.352 [FXGL Background Thread 1 ] DEBUG FXGLApplication      - Initializing game
03:14:47.358 [FXGL Background Thread 1 ] DEBUG FXGLAssetLoaderServi - Loading from file system: file:/C:/Users/deskr/OneDrive/Documentos/7%20cuatrimestre/Programacion%20Concurrente/fxl%20Simulador/target/classes/assets/textures/fondo.png
03:14:47.398 [FXGL Background Thread 1 ] DEBUG FXGLAssetLoaderServi - Loading from file system: file:/C:/Users/deskr/OneDrive/Documentos/7%20cuatrimestre/Programacion%20Concurrente/fxl%20Simulador/target/classes/assets/textures/recepcionista.png
03:14:47.424 [FXGL Background Thread 1 ] DEBUG FXGLAssetLoaderServi - Loading from file system: file:/C:/Users/deskr/OneDrive/Documentos/7%20cuatrimestre/Programacion%20Concurrente/fxl%20Simulador/target/classes/assets/textures/chef.png
03:14:47.432 [JavaFX Application Thread] DEBUG FXGLApplication      - Registering font factories with UI factory
03:14:47.444 [FXGL Background Thread 1 ] DEBUG FXGLAssetLoaderServi - Loading from file system: file:/C:/Users/deskr/OneDrive/Documentos/7%20cuatrimestre/Programacion%20Concurrente/fxl%20Simulador/target/classes/assets/textures/mesa.png
03:14:47.482 [FXGL Background Thread 1 ] DEBUG FXGLAssetLoaderServi - Loading from file system: file:/C:/Users/deskr/OneDrive/Documentos/7%20cuatrimestre/Programacion%20Concurrente/fxl%20Simulador/target/classes/assets/textures/mesera.png
03:14:47.504 [FXGL Background Thread 1 ] DEBUG FXGLAssetLoaderServi - Loading from file system: file:/C:/Users/deskr/OneDrive/Documentos/7%20cuatrimestre/Programacion%20Concurrente/fxl%20Simulador/target/classes/assets/textures/cliente.png
03:14:47.524 [FXGL Background Thread 1 ] INFO  FXGLApplication      - Game initialization took: 0.172 sec
03:14:47.527 [JavaFX Application Thread] DEBUG Input                - Clearing active input actions
03:14:47.541 [JavaFX Application Thread] DEBUG GameApplicationServi - Removing overlay from FXGLLoadingScene and adding to GameScene
03:14:47.542 [JavaFX Application Thread] DEBUG PrimaryStageWindow   - FXGLLoadingScene -> GameScene
03:14:47.938 [FXGL Background Thread 2 ] INFO  UpdaterService       - Your current version:  17.2
03:14:47.938 [FXGL Background Thread 2 ] INFO  UpdaterService       - Latest stable version: 21.1
03:14:50.218 [FXGL Background Thread 3 ] DEBUG Engine               - Logging environment variables
03:14:50.218 [FXGL Background Thread 3 ] DEBUG Engine               - achievements: []
03:14:50.218 [FXGL Background Thread 3 ] DEBUG Engine               - actualHeight: 960.0
03:14:50.219 [FXGL Background Thread 3 ] DEBUG Engine               - actualHeightProperty: ReadOnlyDoubleProperty [value: 960.0]
03:14:50.219 [FXGL Background Thread 3 ] DEBUG Engine               - actualWidth: 1895.0
03:14:50.219 [FXGL Background Thread 3 ] DEBUG Engine               - actualWidthProperty: ReadOnlyDoubleProperty [value: 1895.0]
03:14:50.219 [FXGL Background Thread 3 ] DEBUG Engine               - appIcon: fxgl_icon.png
03:14:50.219 [FXGL Background Thread 3 ] DEBUG Engine               - applicationMode: DEVELOPER
03:14:50.219 [FXGL Background Thread 3 ] DEBUG Engine               - cSSList: [fxgl_dark.css]
03:14:50.219 [FXGL Background Thread 3 ] DEBUG Engine               - collisionDetectionStrategy: BRUTE_FORCE
03:14:50.219 [FXGL Background Thread 3 ] DEBUG Engine               - configClass: Optional.empty
03:14:50.219 [FXGL Background Thread 3 ] DEBUG Engine               - credits: []
03:14:50.219 [FXGL Background Thread 3 ] DEBUG Engine               - defaultCursor: CursorInfo(imageName=fxgl_default_cursor.png, hotspotX=7.0, hotspotY=6.0)
03:14:50.219 [FXGL Background Thread 3 ] DEBUG Engine               - devBBoxColorProperty: ObjectProperty [value: 0xff0000ff]
03:14:50.220 [FXGL Background Thread 3 ] DEBUG Engine               - devEnableDebugCameraProperty: BooleanProperty [value: false]
03:14:50.220 [FXGL Background Thread 3 ] DEBUG Engine               - devSensorColorProperty: ObjectProperty [value: 0xffff00ff]
03:14:50.220 [FXGL Background Thread 3 ] DEBUG Engine               - devShowBBoxProperty: BooleanProperty [value: false]
03:14:50.220 [FXGL Background Thread 3 ] DEBUG Engine               - devShowPositionProperty: BooleanProperty [value: false]
03:14:50.220 [FXGL Background Thread 3 ] DEBUG Engine               - enabledMenuItems: []
03:14:50.220 [FXGL Background Thread 3 ] DEBUG Engine               - engineServices: [class com.almasb.fxgl.app.services.FXGLAssetLoaderService, class com.almasb.fxgl.app.FXGLApplication$GameApplicationService, class com.almasb.fxgl.app.services.FXGLDialogService, class com.almasb.fxgl.app.services.IOTaskExecutorService, class com.almasb.fxgl.io.FileSystemService, class com.almasb.fxgl.localization.LocalizationService, class com.almasb.fxgl.app.services.SystemBundleService, class com.almasb.fxgl.profile.SaveLoadService, class com.almasb.fxgl.ui.FXGLUIFactoryServiceProvider, class com.almasb.fxgl.ui.FXGLDialogFactoryServiceProvider, class com.almasb.fxgl.audio.AudioPlayer, class com.almasb.fxgl.notification.impl.NotificationServiceProvider, class com.almasb.fxgl.achievement.AchievementService, class com.almasb.fxgl.cutscene.CutsceneService, class com.almasb.fxgl.minigames.MiniGameService, class com.almasb.fxgl.net.NetService, class com.almasb.fxgl.app.services.UpdaterService, class com.almasb.fxgl.dev.DevService]
03:14:50.220 [FXGL Background Thread 3 ] DEBUG Engine               - fontGame: Abel-Regular.ttf
03:14:50.220 [FXGL Background Thread 3 ] DEBUG Engine               - fontMono: TerminalLandMono-Regular.otf
03:14:50.220 [FXGL Background Thread 3 ] DEBUG Engine               - fontText: Courier-Prime.ttf
03:14:50.220 [FXGL Background Thread 3 ] DEBUG Engine               - fontUI: VarelaRound-Regular.ttf
03:14:50.220 [FXGL Background Thread 3 ] DEBUG Engine               - fullScreen: BooleanProperty [value: false]
03:14:50.220 [FXGL Background Thread 3 ] DEBUG Engine               - gameDifficulty: MEDIUM
03:14:50.220 [FXGL Background Thread 3 ] DEBUG Engine               - gameDifficultyProperty: ObjectProperty [value: MEDIUM]
03:14:50.220 [FXGL Background Thread 3 ] DEBUG Engine               - globalMusicVolume: 0.5
03:14:50.220 [FXGL Background Thread 3 ] DEBUG Engine               - globalMusicVolumeProperty: DoubleProperty [value: 0.5]
03:14:50.221 [FXGL Background Thread 3 ] DEBUG Engine               - globalSoundVolume: 0.5
03:14:50.221 [FXGL Background Thread 3 ] DEBUG Engine               - globalSoundVolumeProperty: DoubleProperty [value: 0.5]
03:14:50.221 [FXGL Background Thread 3 ] DEBUG Engine               - height: 1000
03:14:50.221 [FXGL Background Thread 3 ] DEBUG Engine               - is3D: false
03:14:50.221 [FXGL Background Thread 3 ] DEBUG Engine               - isAndroid: false
03:14:50.221 [FXGL Background Thread 3 ] DEBUG Engine               - isBrowser: false
03:14:50.221 [FXGL Background Thread 3 ] DEBUG Engine               - isClickFeedbackEnabled: false
03:14:50.221 [FXGL Background Thread 3 ] DEBUG Engine               - isCloseConfirmation: false
03:14:50.221 [FXGL Background Thread 3 ] DEBUG Engine               - isDesktop: true
03:14:50.221 [FXGL Background Thread 3 ] DEBUG Engine               - isDeveloperMenuEnabled: false
03:14:50.221 [FXGL Background Thread 3 ] DEBUG Engine               - isEmbedded: false
03:14:50.221 [FXGL Background Thread 3 ] DEBUG Engine               - isEntityPreloadEnabled: true
03:14:50.221 [FXGL Background Thread 3 ] DEBUG Engine               - isExperimentalTiledLargeMap: false
03:14:50.221 [FXGL Background Thread 3 ] DEBUG Engine               - isFileSystemWriteAllowed: true
03:14:50.221 [FXGL Background Thread 3 ] DEBUG Engine               - isFullScreenAllowed: false
03:14:50.221 [FXGL Background Thread 3 ] DEBUG Engine               - isFullScreenFromStart: false
03:14:50.221 [FXGL Background Thread 3 ] DEBUG Engine               - isGameMenuEnabled: true
03:14:50.222 [FXGL Background Thread 3 ] DEBUG Engine               - isIOS: false
03:14:50.222 [FXGL Background Thread 3 ] DEBUG Engine               - isIntroEnabled: false
03:14:50.222 [FXGL Background Thread 3 ] DEBUG Engine               - isLinux: false
03:14:50.222 [FXGL Background Thread 3 ] DEBUG Engine               - isMac: false
03:14:50.222 [FXGL Background Thread 3 ] DEBUG Engine               - isMainMenuEnabled: false
03:14:50.222 [FXGL Background Thread 3 ] DEBUG Engine               - isManualResizeEnabled: false
03:14:50.222 [FXGL Background Thread 3 ] DEBUG Engine               - isMobile: false
03:14:50.222 [FXGL Background Thread 3 ] DEBUG Engine               - isNative: false
03:14:50.222 [FXGL Background Thread 3 ] DEBUG Engine               - isPauseMusicWhenMinimized: true
03:14:50.222 [FXGL Background Thread 3 ] DEBUG Engine               - isPreserveResizeRatio: false
03:14:50.222 [FXGL Background Thread 3 ] DEBUG Engine               - isProfilingEnabled: false
03:14:50.222 [FXGL Background Thread 3 ] DEBUG Engine               - isScaleAffectedOnResize: true
03:14:50.222 [FXGL Background Thread 3 ] DEBUG Engine               - isSingleStep: false
03:14:50.222 [FXGL Background Thread 3 ] DEBUG Engine               - isUserProfileEnabled: false
03:14:50.222 [FXGL Background Thread 3 ] DEBUG Engine               - isWindows: true
03:14:50.223 [FXGL Background Thread 3 ] DEBUG Engine               - language: ObjectProperty [value: ENGLISH]
03:14:50.223 [FXGL Background Thread 3 ] DEBUG Engine               - menuKey: ESCAPE
03:14:50.223 [FXGL Background Thread 3 ] DEBUG Engine               - mouseSensitivity: 0.2
03:14:50.223 [FXGL Background Thread 3 ] DEBUG Engine               - notificationViewClass: class com.almasb.fxgl.notification.view.XboxNotificationView
03:14:50.223 [FXGL Background Thread 3 ] DEBUG Engine               - pixelsPerMeter: 50.0
03:14:50.223 [FXGL Background Thread 3 ] DEBUG Engine               - platform: WINDOWS
03:14:50.223 [FXGL Background Thread 3 ] DEBUG Engine               - prefHeightProperty: ReadOnlyDoubleProperty [value: 1000.0]
03:14:50.223 [FXGL Background Thread 3 ] DEBUG Engine               - prefWidthProperty: ReadOnlyDoubleProperty [value: 2000.0]
03:14:50.223 [FXGL Background Thread 3 ] DEBUG Engine               - profileDir: profiles/
03:14:50.223 [FXGL Background Thread 3 ] DEBUG Engine               - profileName: StringProperty [value: DEFAULT]
03:14:50.224 [FXGL Background Thread 3 ] DEBUG Engine               - randomSeed: -1
03:14:50.224 [FXGL Background Thread 3 ] DEBUG Engine               - runtimeInfo: RuntimeInfo(platform=WINDOWS, version=17.2, build=20.08.2022 16.50)
03:14:50.224 [FXGL Background Thread 3 ] DEBUG Engine               - saveFileExt: sav
03:14:50.224 [FXGL Background Thread 3 ] DEBUG Engine               - scaledHeightProp$fxgl: DoubleProperty [bound, value: 960.0]
03:14:50.224 [FXGL Background Thread 3 ] DEBUG Engine               - scaledWidthProp$fxgl: DoubleProperty [bound, value: 1895.0]
03:14:50.224 [FXGL Background Thread 3 ] DEBUG Engine               - sceneFactory: com.almasb.fxgl.app.scene.SceneFactory@3f974aad
03:14:50.224 [FXGL Background Thread 3 ] DEBUG Engine               - secondsIn24h: 60
03:14:50.224 [FXGL Background Thread 3 ] DEBUG Engine               - soundMenuBack: menu/back.wav
03:14:50.224 [FXGL Background Thread 3 ] DEBUG Engine               - soundMenuPress: menu/press.wav
03:14:50.225 [FXGL Background Thread 3 ] DEBUG Engine               - soundMenuSelect: menu/select.wav
03:14:50.225 [FXGL Background Thread 3 ] DEBUG Engine               - soundNotification: core/notification.wav
03:14:50.225 [FXGL Background Thread 3 ] DEBUG Engine               - stageStyle: DECORATED
03:14:50.225 [FXGL Background Thread 3 ] DEBUG Engine               - supportedLanguages: [ENGLISH, FRENCH, GERMAN, HUNGARIAN, RUSSIAN]
03:14:50.225 [FXGL Background Thread 3 ] DEBUG Engine               - ticksPerSecond: -1
03:14:50.225 [FXGL Background Thread 3 ] DEBUG Engine               - title: Simulador de Restaurante
03:14:50.225 [FXGL Background Thread 3 ] DEBUG Engine               - urlGithub: https://github.com/AlmasB/FXGL
03:14:50.225 [FXGL Background Thread 3 ] DEBUG Engine               - urlLeaderboard: http://fxgl-top.herokuapp.com/
03:14:50.225 [FXGL Background Thread 3 ] DEBUG Engine               - urlPOM: https://raw.githubusercontent.com/AlmasB/FXGL/release/README.md
03:14:50.225 [FXGL Background Thread 3 ] DEBUG Engine               - userAppClass: class org.example.Main
03:14:50.225 [FXGL Background Thread 3 ] DEBUG Engine               - version: 1.0
03:14:50.225 [FXGL Background Thread 3 ] DEBUG Engine               - versionCheckDays: 7
03:14:50.225 [FXGL Background Thread 3 ] DEBUG Engine               - width: 2000
03:14:50.225 [FXGL Background Thread 3 ] DEBUG Engine               - Logging services
03:14:50.225 [FXGL Background Thread 3 ] DEBUG Engine               - class com.almasb.fxgl.app.services.FXGLAssetLoaderService
03:14:50.225 [FXGL Background Thread 3 ] DEBUG Engine               - class com.almasb.fxgl.app.FXGLApplication$GameApplicationService
03:14:50.226 [FXGL Background Thread 3 ] DEBUG Engine               - class com.almasb.fxgl.app.services.FXGLDialogService
03:14:50.226 [FXGL Background Thread 3 ] DEBUG Engine               - class com.almasb.fxgl.app.services.IOTaskExecutorService
03:14:50.226 [FXGL Background Thread 3 ] DEBUG Engine               - class com.almasb.fxgl.io.FileSystemService
03:14:50.226 [FXGL Background Thread 3 ] DEBUG Engine               - class com.almasb.fxgl.localization.LocalizationService
03:14:50.226 [FXGL Background Thread 3 ] DEBUG Engine               - class com.almasb.fxgl.app.services.SystemBundleService
03:14:50.226 [FXGL Background Thread 3 ] DEBUG Engine               - class com.almasb.fxgl.profile.SaveLoadService
03:14:50.226 [FXGL Background Thread 3 ] DEBUG Engine               - class com.almasb.fxgl.ui.FXGLUIFactoryServiceProvider
03:14:50.226 [FXGL Background Thread 3 ] DEBUG Engine               - class com.almasb.fxgl.ui.FXGLDialogFactoryServiceProvider
03:14:50.226 [FXGL Background Thread 3 ] DEBUG Engine               - class com.almasb.fxgl.audio.AudioPlayer
03:14:50.226 [FXGL Background Thread 3 ] DEBUG Engine               - class com.almasb.fxgl.notification.impl.NotificationServiceProvider
03:14:50.226 [FXGL Background Thread 3 ] DEBUG Engine               - class com.almasb.fxgl.achievement.AchievementService
03:14:50.226 [FXGL Background Thread 3 ] DEBUG Engine               - class com.almasb.fxgl.cutscene.CutsceneService
03:14:50.226 [FXGL Background Thread 3 ] DEBUG Engine               - class com.almasb.fxgl.minigames.MiniGameService
03:14:50.226 [FXGL Background Thread 3 ] DEBUG Engine               - class com.almasb.fxgl.net.NetService
03:14:50.226 [FXGL Background Thread 3 ] DEBUG Engine               - class com.almasb.fxgl.app.services.UpdaterService
03:14:50.226 [FXGL Background Thread 3 ] DEBUG Engine               - class com.almasb.fxgl.dev.DevService
03:14:53.657 [pool-3-thread-1          ] INFO  LoggerDepuracionFXGL - Comensal lleg贸 a la mesa
03:14:58.372 [pool-4-thread-1          ] INFO  LoggerDepuracionFXGL - Comensal lleg贸 a la mesa
03:15:02.560 [pool-6-thread-1          ] INFO  LoggerDepuracionFXGL - Comensal lleg贸 a la mesa
03:15:03.579 [pool-5-thread-1          ] INFO  LoggerDepuracionFXGL - Comensal lleg贸 a la mesa
03:15:41.565 [JavaFX Application Thread] DEBUG FXGLApplication      - Exiting FXGL
03:15:41.565 [JavaFX Application Thread] DEBUG LoopRunner           - Stopping loop
03:15:41.565 [JavaFX Application Thread] DEBUG SystemBundleService  - Saving FXGL system data
03:15:41.567 [JavaFX Application Thread] DEBUG FileSystemAccess     - Writing to: C:\Users\deskr\OneDrive\Documentos\7 cuatrimestre\Programacion Concurrente\fxl Simulador\system\fxgl.bundle
03:15:41.569 [JavaFX Application Thread] DEBUG Async                - Shutting down background threads
03:15:41.569 [JavaFX Application Thread] DEBUG PrimaryStageWindow   - Closing main window
03:15:41.591 [JavaFX Application Thread] DEBUG Logger               - Closing Logger
