22:31:54.075 [main                     ] DEBUG Logger               - Configured Logger
22:31:54.112 [main                     ] DEBUG GameApplication      - Logging settings
Title: Simulador de Restaurante
Version: 1.0
Width: 2000
Height: 1000
Fullscreen: false
Intro: false
Profiling: false
Single step:false
App Mode: DEVELOPER
Menu Key: ESCAPE
Stage Style: DECORATED
Scene Factory: class com.almasb.fxgl.app.scene.SceneFactory

22:31:55.283 [JavaFX Application Thread] DEBUG FXGLApplication      - Initializing FXGL
22:31:55.293 [JavaFX Application Thread] INFO  Engine               - FXGL-17.2 (20.08.2022 16.50) on WINDOWS (J:17.0.5 FX:18)
22:31:55.293 [JavaFX Application Thread] DEBUG Engine               - JRE Vendor Name: Oracle Corporation
22:31:55.295 [JavaFX Application Thread] DEBUG Engine               - Running on OS: Windows 11 version 10.0
22:31:55.295 [JavaFX Application Thread] DEBUG Engine               - Architecture: amd64
22:31:55.295 [JavaFX Application Thread] INFO  Engine               - Source code and latest versions at: https://github.com/AlmasB/FXGL
22:31:55.295 [JavaFX Application Thread] INFO  Engine               -       Ask questions and discuss at: https://github.com/AlmasB/FXGL/discussions
22:31:55.296 [JavaFX Application Thread] INFO  Engine               -              Join the FXGL chat at: https://gitter.im/AlmasB/FXGL
22:31:55.628 [JavaFX Application Thread] DEBUG PrimaryStageWindow   - Creating a JavaFX scene
22:31:55.628 [JavaFX Application Thread] DEBUG PrimaryStageWindow   - Target size > screen size
22:31:55.718 [JavaFX Application Thread] DEBUG PrimaryStageWindow   - Target settings size: 2000.0 x 1000.0
22:31:55.718 [JavaFX Application Thread] DEBUG PrimaryStageWindow   - Scaled scene size:    1895.0 x 960.0
22:31:55.719 [JavaFX Application Thread] DEBUG PrimaryStageWindow   - Scaled ratio: (0.9475, 0.96)
22:31:55.720 [JavaFX Application Thread] DEBUG PrimaryStageWindow   - Set initial scene to FXGLStartupScene
22:31:55.733 [JavaFX Application Thread] DEBUG PrimaryStageWindow   - Opening main window
22:31:55.919 [JavaFX Application Thread] DEBUG PrimaryStageWindow   - Window border size: (16.0, 39.0)
22:31:55.920 [JavaFX Application Thread] DEBUG PrimaryStageWindow   - Scaled size: 1895.0 x 960.0
22:31:55.921 [JavaFX Application Thread] DEBUG PrimaryStageWindow   - Scaled ratio: (0.9475, 0.96)
22:31:55.921 [JavaFX Application Thread] DEBUG PrimaryStageWindow   - Scene size: 1895.0 x 960.0
22:31:55.922 [JavaFX Application Thread] DEBUG PrimaryStageWindow   - Stage size: 1911.0 x 999.0
22:31:55.940 [FXGL Background Thread 1 ] DEBUG Engine               - Initializing environment variables
22:31:56.082 [FXGL Background Thread 1 ] DEBUG FXGLAssetLoaderServi - User app class for loading assets: class org.example.Main
22:31:56.083 [FXGL Background Thread 1 ] DEBUG GameApplicationServi - Applying CSS: fxgl_dark.css
22:31:56.088 [FXGL Background Thread 1 ] DEBUG FXGLAssetLoaderServi - Loading from file system: jar:file:/C:/Users/deskr/.m2/repository/com/github/almasb/fxgl/17.2/fxgl-17.2.jar!/fxglassets/ui/css/fxgl_dark.css
22:31:56.161 [FXGL Background Thread 1 ] DEBUG GameApplicationServi - Initializing application scenes
22:31:56.280 [FXGL Background Thread 1 ] DEBUG GameWorld            - Game world initialized
22:31:56.353 [FXGL Background Thread 1 ] DEBUG PhysicsWorld         - Physics world initialized: appHeight=1000, physics.ppm=50.0
22:31:56.355 [FXGL Background Thread 1 ] DEBUG PhysicsWorld         - Using strategy: BRUTE_FORCE
22:31:56.363 [FXGL Background Thread 1 ] DEBUG GameScene            - Game scene initialized: 2000x1000
22:31:56.384 [FXGL Background Thread 1 ] DEBUG FXGL.DefaultMenu     - createMenuBodyGameMenu()
22:31:56.409 [FXGL Background Thread 1 ] DEBUG FXGL.DefaultMenu     - createOptionsMenu()
22:31:56.424 [FXGL Background Thread 1 ] DEBUG FXGLAssetLoaderServi - Loading from file system: jar:file:/C:/Users/deskr/.m2/repository/com/github/almasb/fxgl/17.2/fxgl-17.2.jar!/fxglassets/textures/particles/smoke.png
22:31:56.546 [FXGL Background Thread 1 ] DEBUG FXGLAssetLoaderServi - Loading from file system: jar:file:/C:/Users/deskr/.m2/repository/com/github/almasb/fxgl/17.2/fxgl-17.2.jar!/fxglassets/textures/particles/trace_horizontal.png
22:31:56.595 [FXGL Background Thread 1 ] DEBUG GameApplicationServi - Application scenes initialized
22:31:56.618 [FXGL Background Thread 1 ] DEBUG SystemBundleService  - Loading FXGL system data
22:31:56.628 [FXGL Background Thread 1 ] DEBUG FileSystemAccess     - Reading from: C:\Users\deskr\OneDrive\Documentos\7 cuatrimestre\Programacion Concurrente\fxl Simulador\system\fxgl.bundle
22:31:56.644 [FXGL Background Thread 1 ] DEBUG SystemBundleService  - Bundle FXGL: {}
22:31:56.644 [FXGL Background Thread 1 ] DEBUG UpdaterService       - Checking for updates
22:31:56.648 [FXGL Background Thread 4 ] DEBUG FXGLApplication      - Loading fonts
22:31:56.649 [FXGL Background Thread 4 ] DEBUG FXGLAssetLoaderServi - Loading from file system: jar:file:/C:/Users/deskr/.m2/repository/com/github/almasb/fxgl/17.2/fxgl-17.2.jar!/fxglassets/ui/fonts/VarelaRound-Regular.ttf
22:31:56.649 [FXGL Background Thread 1 ] DEBUG FXGLApplication      - Loading default localization
22:31:56.650 [FXGL Background Thread 1 ] DEBUG FXGLAssetLoaderServi - Loading from file system: jar:file:/C:/Users/deskr/.m2/repository/com/github/almasb/fxgl/17.2/fxgl-17.2.jar!/fxglassets/languages/english.lang
22:31:56.682 [FXGL Background Thread 1 ] INFO  FXGLApplication      - FXGL initialization took: 0.742 sec
22:31:56.684 [JavaFX Application Thread] DEBUG FXGLAssetLoaderServi - Loading from file system: jar:file:/C:/Users/deskr/.m2/repository/com/github/almasb/fxgl/17.2/fxgl-17.2.jar!/fxglassets/textures/fxgl_icon.png
22:31:56.718 [JavaFX Application Thread] DEBUG FXGLAssetLoaderServi - Loading from file system: jar:file:/C:/Users/deskr/.m2/repository/com/github/almasb/fxgl/17.2/fxgl-17.2.jar!/fxglassets/textures/fxgl_default_cursor.png
22:31:56.736 [JavaFX Application Thread] DEBUG Input                - Registered new binding: Screenshot - CTRL+8
22:31:56.737 [JavaFX Application Thread] DEBUG Input                - Registered new binding: System info dump - CTRL+9
22:31:56.737 [JavaFX Application Thread] DEBUG Input                - Registered new binding: Restart - CTRL+R
22:31:56.738 [JavaFX Application Thread] DEBUG Input                - Registered new binding: Toggle Debug Camera - CTRL+7
22:31:56.741 [FXGL Background Thread 4 ] DEBUG FXGLAssetLoaderServi - Loading from file system: jar:file:/C:/Users/deskr/.m2/repository/com/github/almasb/fxgl/17.2/fxgl-17.2.jar!/fxglassets/ui/fonts/Abel-Regular.ttf
22:31:56.742 [JavaFX Application Thread] DEBUG LoopRunner           - Starting loop
22:31:56.742 [JavaFX Application Thread] DEBUG LoopRunner           - Initializing JavaFX AnimationTimerLoop
22:31:56.744 [JavaFX Application Thread] DEBUG GameApplicationServi - Starting new game
22:31:56.745 [JavaFX Application Thread] DEBUG Input                - Clearing active input actions
22:31:56.749 [FXGL Background Thread 4 ] DEBUG FXGLAssetLoaderServi - Loading from file system: jar:file:/C:/Users/deskr/.m2/repository/com/github/almasb/fxgl/17.2/fxgl-17.2.jar!/fxglassets/ui/fonts/TerminalLandMono-Regular.otf
22:31:56.756 [FXGL Background Thread 4 ] DEBUG FXGLAssetLoaderServi - Loading from file system: jar:file:/C:/Users/deskr/.m2/repository/com/github/almasb/fxgl/17.2/fxgl-17.2.jar!/fxglassets/ui/fonts/Courier-Prime.ttf
22:31:56.760 [JavaFX Application Thread] DEBUG GameApplicationServi - Removing overlay from FXGLStartupScene and adding to FXGLLoadingScene
22:31:56.761 [JavaFX Application Thread] DEBUG PrimaryStageWindow   - FXGLStartupScene -> FXGLLoadingScene
22:31:56.761 [JavaFX Application Thread] DEBUG GameApplicationServi - Clearing previous game
22:31:56.761 [JavaFX Application Thread] DEBUG GameScene            - Clearing game scene
22:31:56.761 [JavaFX Application Thread] DEBUG GameWorld            - Clearing game world
22:31:56.761 [JavaFX Application Thread] DEBUG PhysicsWorld         - Clearing physics world
22:31:56.763 [FXGL Background Thread 1 ] DEBUG FXGLApplication      - Initializing game
22:31:56.768 [FXGL Background Thread 1 ] DEBUG FXGLAssetLoaderServi - Loading from file system: file:/C:/Users/deskr/OneDrive/Documentos/7%20cuatrimestre/Programacion%20Concurrente/fxl%20Simulador/target/classes/assets/textures/fondo.png
22:31:56.789 [FXGL Background Thread 1 ] DEBUG FXGLAssetLoaderServi - Loading from file system: file:/C:/Users/deskr/OneDrive/Documentos/7%20cuatrimestre/Programacion%20Concurrente/fxl%20Simulador/target/classes/assets/textures/cliente.png
22:31:56.821 [Thread-5                 ] INFO  LoggerDepuracionFXGL - Comensal Comensal2 está esperando una mesa.
22:31:56.821 [Thread-4                 ] INFO  LoggerDepuracionFXGL - Comensal Comensal1 está esperando una mesa.
22:31:56.822 [Thread-6                 ] INFO  LoggerDepuracionFXGL - Comensal Comensal3 está esperando una mesa.
22:31:56.822 [Thread-7                 ] INFO  LoggerDepuracionFXGL - Comensal Comensal4 está esperando una mesa.
22:31:56.823 [Thread-8                 ] INFO  LoggerDepuracionFXGL - Comensal Comensal5 está esperando una mesa.
22:31:56.823 [Thread-9                 ] INFO  LoggerDepuracionFXGL - Comensal Comensal6 está esperando una mesa.
22:31:56.825 [Thread-10                ] INFO  LoggerDepuracionFXGL - Comensal Comensal7 está esperando una mesa.
22:31:56.826 [Thread-11                ] INFO  LoggerDepuracionFXGL - Comensal Comensal8 está esperando una mesa.
22:31:56.826 [Thread-12                ] INFO  LoggerDepuracionFXGL - Comensal Comensal9 está esperando una mesa.
22:31:56.827 [Thread-13                ] INFO  LoggerDepuracionFXGL - Comensal Comensal10 está esperando una mesa.
22:31:56.827 [FXGL Background Thread 1 ] INFO  FXGLApplication      - Game initialization took: 0.063 sec
22:31:56.828 [JavaFX Application Thread] DEBUG FXGLApplication      - Registering font factories with UI factory
22:31:56.832 [JavaFX Application Thread] DEBUG Input                - Clearing active input actions
22:31:56.841 [JavaFX Application Thread] DEBUG GameApplicationServi - Removing overlay from FXGLLoadingScene and adding to GameScene
22:31:56.841 [JavaFX Application Thread] DEBUG PrimaryStageWindow   - FXGLLoadingScene -> GameScene
22:31:57.422 [FXGL Background Thread 2 ] INFO  UpdaterService       - Your current version:  17.2
22:31:57.422 [FXGL Background Thread 2 ] INFO  UpdaterService       - Latest stable version: 21.1
22:31:59.647 [FXGL Background Thread 3 ] DEBUG Engine               - Logging environment variables
22:31:59.648 [FXGL Background Thread 3 ] DEBUG Engine               - achievements: []
22:31:59.648 [FXGL Background Thread 3 ] DEBUG Engine               - actualHeight: 960.0
22:31:59.648 [FXGL Background Thread 3 ] DEBUG Engine               - actualHeightProperty: ReadOnlyDoubleProperty [value: 960.0]
22:31:59.648 [FXGL Background Thread 3 ] DEBUG Engine               - actualWidth: 1895.0
22:31:59.648 [FXGL Background Thread 3 ] DEBUG Engine               - actualWidthProperty: ReadOnlyDoubleProperty [value: 1895.0]
22:31:59.648 [FXGL Background Thread 3 ] DEBUG Engine               - appIcon: fxgl_icon.png
22:31:59.648 [FXGL Background Thread 3 ] DEBUG Engine               - applicationMode: DEVELOPER
22:31:59.648 [FXGL Background Thread 3 ] DEBUG Engine               - cSSList: [fxgl_dark.css]
22:31:59.648 [FXGL Background Thread 3 ] DEBUG Engine               - collisionDetectionStrategy: BRUTE_FORCE
22:31:59.648 [FXGL Background Thread 3 ] DEBUG Engine               - configClass: Optional.empty
22:31:59.648 [FXGL Background Thread 3 ] DEBUG Engine               - credits: []
22:31:59.649 [FXGL Background Thread 3 ] DEBUG Engine               - defaultCursor: CursorInfo(imageName=fxgl_default_cursor.png, hotspotX=7.0, hotspotY=6.0)
22:31:59.649 [FXGL Background Thread 3 ] DEBUG Engine               - devBBoxColorProperty: ObjectProperty [value: 0xff0000ff]
22:31:59.649 [FXGL Background Thread 3 ] DEBUG Engine               - devEnableDebugCameraProperty: BooleanProperty [value: false]
22:31:59.649 [FXGL Background Thread 3 ] DEBUG Engine               - devSensorColorProperty: ObjectProperty [value: 0xffff00ff]
22:31:59.649 [FXGL Background Thread 3 ] DEBUG Engine               - devShowBBoxProperty: BooleanProperty [value: false]
22:31:59.649 [FXGL Background Thread 3 ] DEBUG Engine               - devShowPositionProperty: BooleanProperty [value: false]
22:31:59.649 [FXGL Background Thread 3 ] DEBUG Engine               - enabledMenuItems: []
22:31:59.649 [FXGL Background Thread 3 ] DEBUG Engine               - engineServices: [class com.almasb.fxgl.app.services.FXGLAssetLoaderService, class com.almasb.fxgl.app.FXGLApplication$GameApplicationService, class com.almasb.fxgl.app.services.FXGLDialogService, class com.almasb.fxgl.app.services.IOTaskExecutorService, class com.almasb.fxgl.io.FileSystemService, class com.almasb.fxgl.localization.LocalizationService, class com.almasb.fxgl.app.services.SystemBundleService, class com.almasb.fxgl.profile.SaveLoadService, class com.almasb.fxgl.ui.FXGLUIFactoryServiceProvider, class com.almasb.fxgl.ui.FXGLDialogFactoryServiceProvider, class com.almasb.fxgl.audio.AudioPlayer, class com.almasb.fxgl.notification.impl.NotificationServiceProvider, class com.almasb.fxgl.achievement.AchievementService, class com.almasb.fxgl.cutscene.CutsceneService, class com.almasb.fxgl.minigames.MiniGameService, class com.almasb.fxgl.net.NetService, class com.almasb.fxgl.app.services.UpdaterService, class com.almasb.fxgl.dev.DevService]
22:31:59.649 [FXGL Background Thread 3 ] DEBUG Engine               - fontGame: Abel-Regular.ttf
22:31:59.649 [FXGL Background Thread 3 ] DEBUG Engine               - fontMono: TerminalLandMono-Regular.otf
22:31:59.649 [FXGL Background Thread 3 ] DEBUG Engine               - fontText: Courier-Prime.ttf
22:31:59.650 [FXGL Background Thread 3 ] DEBUG Engine               - fontUI: VarelaRound-Regular.ttf
22:31:59.650 [FXGL Background Thread 3 ] DEBUG Engine               - fullScreen: BooleanProperty [value: false]
22:31:59.650 [FXGL Background Thread 3 ] DEBUG Engine               - gameDifficulty: MEDIUM
22:31:59.650 [FXGL Background Thread 3 ] DEBUG Engine               - gameDifficultyProperty: ObjectProperty [value: MEDIUM]
22:31:59.650 [FXGL Background Thread 3 ] DEBUG Engine               - globalMusicVolume: 0.5
22:31:59.650 [FXGL Background Thread 3 ] DEBUG Engine               - globalMusicVolumeProperty: DoubleProperty [value: 0.5]
22:31:59.650 [FXGL Background Thread 3 ] DEBUG Engine               - globalSoundVolume: 0.5
22:31:59.650 [FXGL Background Thread 3 ] DEBUG Engine               - globalSoundVolumeProperty: DoubleProperty [value: 0.5]
22:31:59.650 [FXGL Background Thread 3 ] DEBUG Engine               - height: 1000
22:31:59.650 [FXGL Background Thread 3 ] DEBUG Engine               - is3D: false
22:31:59.650 [FXGL Background Thread 3 ] DEBUG Engine               - isAndroid: false
22:31:59.650 [FXGL Background Thread 3 ] DEBUG Engine               - isBrowser: false
22:31:59.650 [FXGL Background Thread 3 ] DEBUG Engine               - isClickFeedbackEnabled: false
22:31:59.650 [FXGL Background Thread 3 ] DEBUG Engine               - isCloseConfirmation: false
22:31:59.650 [FXGL Background Thread 3 ] DEBUG Engine               - isDesktop: true
22:31:59.650 [FXGL Background Thread 3 ] DEBUG Engine               - isDeveloperMenuEnabled: false
22:31:59.650 [FXGL Background Thread 3 ] DEBUG Engine               - isEmbedded: false
22:31:59.650 [FXGL Background Thread 3 ] DEBUG Engine               - isEntityPreloadEnabled: true
22:31:59.651 [FXGL Background Thread 3 ] DEBUG Engine               - isExperimentalTiledLargeMap: false
22:31:59.651 [FXGL Background Thread 3 ] DEBUG Engine               - isFileSystemWriteAllowed: true
22:31:59.651 [FXGL Background Thread 3 ] DEBUG Engine               - isFullScreenAllowed: false
22:31:59.651 [FXGL Background Thread 3 ] DEBUG Engine               - isFullScreenFromStart: false
22:31:59.651 [FXGL Background Thread 3 ] DEBUG Engine               - isGameMenuEnabled: true
22:31:59.651 [FXGL Background Thread 3 ] DEBUG Engine               - isIOS: false
22:31:59.651 [FXGL Background Thread 3 ] DEBUG Engine               - isIntroEnabled: false
22:31:59.651 [FXGL Background Thread 3 ] DEBUG Engine               - isLinux: false
22:31:59.651 [FXGL Background Thread 3 ] DEBUG Engine               - isMac: false
22:31:59.651 [FXGL Background Thread 3 ] DEBUG Engine               - isMainMenuEnabled: false
22:31:59.651 [FXGL Background Thread 3 ] DEBUG Engine               - isManualResizeEnabled: false
22:31:59.651 [FXGL Background Thread 3 ] DEBUG Engine               - isMobile: false
22:31:59.651 [FXGL Background Thread 3 ] DEBUG Engine               - isNative: false
22:31:59.651 [FXGL Background Thread 3 ] DEBUG Engine               - isPauseMusicWhenMinimized: true
22:31:59.651 [FXGL Background Thread 3 ] DEBUG Engine               - isPreserveResizeRatio: false
22:31:59.651 [FXGL Background Thread 3 ] DEBUG Engine               - isProfilingEnabled: false
22:31:59.652 [FXGL Background Thread 3 ] DEBUG Engine               - isScaleAffectedOnResize: true
22:31:59.652 [FXGL Background Thread 3 ] DEBUG Engine               - isSingleStep: false
22:31:59.652 [FXGL Background Thread 3 ] DEBUG Engine               - isUserProfileEnabled: false
22:31:59.652 [FXGL Background Thread 3 ] DEBUG Engine               - isWindows: true
22:31:59.652 [FXGL Background Thread 3 ] DEBUG Engine               - language: ObjectProperty [value: ENGLISH]
22:31:59.652 [FXGL Background Thread 3 ] DEBUG Engine               - menuKey: ESCAPE
22:31:59.652 [FXGL Background Thread 3 ] DEBUG Engine               - mouseSensitivity: 0.2
22:31:59.652 [FXGL Background Thread 3 ] DEBUG Engine               - notificationViewClass: class com.almasb.fxgl.notification.view.XboxNotificationView
22:31:59.652 [FXGL Background Thread 3 ] DEBUG Engine               - pixelsPerMeter: 50.0
22:31:59.652 [FXGL Background Thread 3 ] DEBUG Engine               - platform: WINDOWS
22:31:59.652 [FXGL Background Thread 3 ] DEBUG Engine               - prefHeightProperty: ReadOnlyDoubleProperty [value: 1000.0]
22:31:59.652 [FXGL Background Thread 3 ] DEBUG Engine               - prefWidthProperty: ReadOnlyDoubleProperty [value: 2000.0]
22:31:59.652 [FXGL Background Thread 3 ] DEBUG Engine               - profileDir: profiles/
22:31:59.652 [FXGL Background Thread 3 ] DEBUG Engine               - profileName: StringProperty [value: DEFAULT]
22:31:59.652 [FXGL Background Thread 3 ] DEBUG Engine               - randomSeed: -1
22:31:59.653 [FXGL Background Thread 3 ] DEBUG Engine               - runtimeInfo: RuntimeInfo(platform=WINDOWS, version=17.2, build=20.08.2022 16.50)
22:31:59.653 [FXGL Background Thread 3 ] DEBUG Engine               - saveFileExt: sav
22:31:59.653 [FXGL Background Thread 3 ] DEBUG Engine               - scaledHeightProp$fxgl: DoubleProperty [bound, value: 960.0]
22:31:59.653 [FXGL Background Thread 3 ] DEBUG Engine               - scaledWidthProp$fxgl: DoubleProperty [bound, value: 1895.0]
22:31:59.653 [FXGL Background Thread 3 ] DEBUG Engine               - sceneFactory: com.almasb.fxgl.app.scene.SceneFactory@19b00f2b
22:31:59.653 [FXGL Background Thread 3 ] DEBUG Engine               - secondsIn24h: 60
22:31:59.653 [FXGL Background Thread 3 ] DEBUG Engine               - soundMenuBack: menu/back.wav
22:31:59.653 [FXGL Background Thread 3 ] DEBUG Engine               - soundMenuPress: menu/press.wav
22:31:59.653 [FXGL Background Thread 3 ] DEBUG Engine               - soundMenuSelect: menu/select.wav
22:31:59.653 [FXGL Background Thread 3 ] DEBUG Engine               - soundNotification: core/notification.wav
22:31:59.653 [FXGL Background Thread 3 ] DEBUG Engine               - stageStyle: DECORATED
22:31:59.653 [FXGL Background Thread 3 ] DEBUG Engine               - supportedLanguages: [ENGLISH, FRENCH, GERMAN, HUNGARIAN, RUSSIAN]
22:31:59.653 [FXGL Background Thread 3 ] DEBUG Engine               - ticksPerSecond: -1
22:31:59.653 [FXGL Background Thread 3 ] DEBUG Engine               - title: Simulador de Restaurante
22:31:59.653 [FXGL Background Thread 3 ] DEBUG Engine               - urlGithub: https://github.com/AlmasB/FXGL
22:31:59.653 [FXGL Background Thread 3 ] DEBUG Engine               - urlLeaderboard: http://fxgl-top.herokuapp.com/
22:31:59.654 [FXGL Background Thread 3 ] DEBUG Engine               - urlPOM: https://raw.githubusercontent.com/AlmasB/FXGL/release/README.md
22:31:59.654 [FXGL Background Thread 3 ] DEBUG Engine               - userAppClass: class org.example.Main
22:31:59.654 [FXGL Background Thread 3 ] DEBUG Engine               - version: 1.0
22:31:59.654 [FXGL Background Thread 3 ] DEBUG Engine               - versionCheckDays: 7
22:31:59.654 [FXGL Background Thread 3 ] DEBUG Engine               - width: 2000
22:31:59.654 [FXGL Background Thread 3 ] DEBUG Engine               - Logging services
22:31:59.654 [FXGL Background Thread 3 ] DEBUG Engine               - class com.almasb.fxgl.app.services.FXGLAssetLoaderService
22:31:59.654 [FXGL Background Thread 3 ] DEBUG Engine               - class com.almasb.fxgl.app.FXGLApplication$GameApplicationService
22:31:59.654 [FXGL Background Thread 3 ] DEBUG Engine               - class com.almasb.fxgl.app.services.FXGLDialogService
22:31:59.654 [FXGL Background Thread 3 ] DEBUG Engine               - class com.almasb.fxgl.app.services.IOTaskExecutorService
22:31:59.654 [FXGL Background Thread 3 ] DEBUG Engine               - class com.almasb.fxgl.io.FileSystemService
22:31:59.654 [FXGL Background Thread 3 ] DEBUG Engine               - class com.almasb.fxgl.localization.LocalizationService
22:31:59.654 [FXGL Background Thread 3 ] DEBUG Engine               - class com.almasb.fxgl.app.services.SystemBundleService
22:31:59.654 [FXGL Background Thread 3 ] DEBUG Engine               - class com.almasb.fxgl.profile.SaveLoadService
22:31:59.654 [FXGL Background Thread 3 ] DEBUG Engine               - class com.almasb.fxgl.ui.FXGLUIFactoryServiceProvider
22:31:59.654 [FXGL Background Thread 3 ] DEBUG Engine               - class com.almasb.fxgl.ui.FXGLDialogFactoryServiceProvider
22:31:59.654 [FXGL Background Thread 3 ] DEBUG Engine               - class com.almasb.fxgl.audio.AudioPlayer
22:31:59.654 [FXGL Background Thread 3 ] DEBUG Engine               - class com.almasb.fxgl.notification.impl.NotificationServiceProvider
22:31:59.654 [FXGL Background Thread 3 ] DEBUG Engine               - class com.almasb.fxgl.achievement.AchievementService
22:31:59.654 [FXGL Background Thread 3 ] DEBUG Engine               - class com.almasb.fxgl.cutscene.CutsceneService
22:31:59.654 [FXGL Background Thread 3 ] DEBUG Engine               - class com.almasb.fxgl.minigames.MiniGameService
22:31:59.654 [FXGL Background Thread 3 ] DEBUG Engine               - class com.almasb.fxgl.net.NetService
22:31:59.655 [FXGL Background Thread 3 ] DEBUG Engine               - class com.almasb.fxgl.app.services.UpdaterService
22:31:59.655 [FXGL Background Thread 3 ] DEBUG Engine               - class com.almasb.fxgl.dev.DevService
22:32:06.560 [JavaFX Application Thread] DEBUG FXGLApplication      - Exiting FXGL
22:32:06.560 [JavaFX Application Thread] DEBUG LoopRunner           - Stopping loop
22:32:06.561 [JavaFX Application Thread] DEBUG SystemBundleService  - Saving FXGL system data
22:32:06.567 [JavaFX Application Thread] DEBUG FileSystemAccess     - Writing to: C:\Users\deskr\OneDrive\Documentos\7 cuatrimestre\Programacion Concurrente\fxl Simulador\system\fxgl.bundle
22:32:06.570 [JavaFX Application Thread] DEBUG Async                - Shutting down background threads
22:32:06.570 [JavaFX Application Thread] DEBUG PrimaryStageWindow   - Closing main window
22:32:06.596 [JavaFX Application Thread] DEBUG Logger               - Closing Logger
